  = = = = = = BIGSTICK run log file = = = = = = 
  Code and run information 
  BIGSTICK Version 7.9.11 Feb 2021
  Run date: 2021-02-24
  Menu choice: d  
 
 Running on NERSC_HOST: none
 scratch_dir (*.wfn,...): .
 Number of MPI processors =          32 , with # OpenMP threads =            1
  
  Information on defaults/flags (found in module flagger in file bmodules_flags.
 f90):
  Limits on storage (found in module flagger in file bmodules_flags.f90):
  maxjumpmemory_default =    32.50000      Gb 
  maxlanczosstorage1 =    16.00000      Gb 
  flag iffulluseph (if full, use particle-hole transformation ) =  T
  
  ........................... 
  No jumpstart file found     
  ........................... 
  
  Many-body system information 
  Single particle space found in sdpf                                    
  Isospin formalism for single-particle space
  Proton-neutron formalism is not yet fully implemented...is it?
 Valence Z =           10 , valence N =           14
  M =            0 , parity = +
  Max W excitations =            8
  
 there are          278  sectors            1
 there are          278  sectors            2
  Total basis dimension:              502175110
  # Slater determinants: proton                1265350 , neutron 
               5723076
  # sectors: protons          278 , neutrons          278
  # fragments =            3
  Fragment size min =              167249808 , max =              167497873
  Average fragment size =              167391703  +/-                 104375
  Note: after fragmentation there are          279 
  proton sectors (neutrons do not fragment)
   1 max # 2-body jumps in a sector jump         8111504 =>     0.203 Gb storage
   2 max # 2-body jumps in a sector jump        78827699 =>     1.971 Gb storage
   1 max # 1-body jumps in a sector jump          801204 =>     0.017 Gb storage
   2 max # 1-body jumps in a sector jump         6446284 =>     0.135 Gb storage
  Time to compute jumps :    403.372459411621     
 WEIGHTS for PP, NN, PN    1.660000       2.690000       3.370000    
  avg storage per operation available    1.43340087190054       bytes
  avg storage per weighted operation avail:   0.454968370555933       bytes/ns
  Total amount of greedy opbundle memory =    46.5164070044261       Gb
          10  greedy opbundles 
  Note there should be about    1040.000      Gb total across all processes 
  # of fragments            3
  fragment label     /       dim 
           1             167249808
           2             167497873
           3             167427429
 opfragstat(           1 ,            1 )%nnodes =            7
  frags            1 ->           1  on procs            0           6
 opfragstat(           1 ,            2 )%nnodes =            2
  frags            1 ->           2  on procs            7           8
 opfragstat(           1 ,            3 )%nnodes =            2
  frags            1 ->           3  on procs            9          10
 opfragstat(           2 ,            1 )%nnodes =            2
  frags            2 ->           1  on procs           11          12
 opfragstat(           2 ,            2 )%nnodes =            7
  frags            2 ->           2  on procs           13          19
 opfragstat(           2 ,            3 )%nnodes =            2
  frags            2 ->           3  on procs           20          21
 opfragstat(           3 ,            1 )%nnodes =            1
  frags            3 ->           1  on procs           22          22
 opfragstat(           3 ,            2 )%nnodes =            2
  frags            3 ->           2  on procs           23          24
 opfragstat(           3 ,            3 )%nnodes =            7
  frags            3 ->           3  on procs           25          31
  max local storage of jumps =    13943.11      Mb, on process            0
  avg storage of jumps is    3377.007      Mb 
 RAM for 2 lanczos vector fragments (max)         :     1339.983 Mb 
 Note: if using block lanczos, must multiply by # vectors/block 
 RAM for jumps in storage    (total)          :       61161.547 Mb 
 Max RAM for local storage of jumps           :       13943.113 Mb 
 RAM for uncoupled two-body matrix elements   :        0.309 Mb 
  total # operations           725547224760  ~ ops/jump =    286.8561    
  Effective storage per operation =   8.429712624044743E-002  bytes 
 Total nonzero matrix (including indices, assuming hermitian) would require    2902.     Gb storage 
  
  Interactions read in: 
  opening OXBASH/NuSHELL-style isospin formatted file sdpfunew.int
 !SP ORB  N  L  J                                                      
 !SP   1  1  0  1/2                                                    
 !SP   2  0  2  3/2                                                    
 !SP   3  0  2  5/2                                                    
 !SP   4  1  1  1/2                                                    
 !SP   5  1  1  3/2                                                    
 !SP   6  0  3  5/2                                                    
 !SP   7  0  3  7/2                                                    
  Autoscaling  TBMEs by (   18.00000     /   40.00000     )^  0.3333330      = 
  0.7663096    
         696  two-body matrix elements in this file 
  As a check, first two-body matrix element in list is   -2.791700    
  No one-body potential beyond single-particle energies 
  Time to compute jumps :    309.882095098495     
 
          30  iterations 
  ( total =          130  ) 
  Average time per processor is    9301.20484229922       max 
   14019.1494417191     
  Overall efficiency is   0.663464276557330     
  Time to run after lanczos:    16357.3180050850     
  Time to run after lanczos:    16493.7347712517     
  Total time to run :    16493.7373092175     
  Time to compute basis :   0.348577260971069     
  Time to count up jumps :    256.267009973526     
  Time to create descendents :    305.533149957657     
  Time to setup for matrix elements :   5.598068237304688E-004
  Time to decouple matrix elements :   2.602696418762207E-002
  Time to compute jumps :    309.882095098495     
  Time to calculate distribution :   0.000000000000000E+000
  Time to sort 1b-jumps :    4.75618386268616     
  Time to compute and delete unused jump storage :    50.2152502536774     
  Time to set up pivot :   0.000000000000000E+000
  Time to compute lanczos :    14774.1654303074     
  Time total in H mat-vec multiply  :    9421.60658645630     
  Time to apply sp energies :   0.000000000000000E+000
  Time in pn :   9.508132934570312E-004
  Time in pn(back) :   4.444122314453125E-004
  Time in 2-body (pp) :    3225.92127895355     
  Time in 2-body (nn) :    6195.67773938179     
  Time in reorthogonalization :    1253.41232585907     
  Time in reduce (in applyh only) :    140.932861804962     
  Time spent diagonalizing. :   2.592086791992188E-003
  Time to build eigenvectors. :    3.19814133644104     
  Time to compute J^2, T^2 :    155.303452253342     
  Time to compute 1b densities:    136.416705369949     
  Time to write 1b densities :   1.906871795654297E-003
  
  *** END OF LOG *** END OF LOG *** END OF LOG *** 
