This is pdfTeX, Version 3.14159265-2.6-1.40.21 (TeX Live 2020) (preloaded format=pdflatex 2020.4.7)  18 MAR 2021 11:27
entering extended mode
 restricted \write18 enabled.
 file:line:error style messages enabled.
 %&-line parsing enabled.
**hw.tex
(./hw.tex
LaTeX2e <2020-02-02> patch level 5
L3 programming layer <2020-03-06> (/usr/local/texlive/2020/texmf-dist/tex/latex/base/article.cls
Document Class: article 2019/12/20 v1.4l Standard LaTeX document class
(/usr/local/texlive/2020/texmf-dist/tex/latex/base/size10.clo
File: size10.clo 2019/12/20 v1.4l Standard LaTeX file (size option)
)
\c@part=\count167
\c@section=\count168
\c@subsection=\count169
\c@subsubsection=\count170
\c@paragraph=\count171
\c@subparagraph=\count172
\c@figure=\count173
\c@table=\count174
\abovecaptionskip=\skip47
\belowcaptionskip=\skip48
\bibindent=\dimen134
) (/usr/local/texlive/2020/texmf-dist/tex/latex/base/inputenc.sty
Package: inputenc 2018/08/11 v1.3c Input encoding file
\inpenc@prehook=\toks15
\inpenc@posthook=\toks16
) (/usr/local/texlive/2020/texmf-dist/tex/latex/geometry/geometry.sty
Package: geometry 2020/01/02 v5.9 Page Geometry
 (/usr/local/texlive/2020/texmf-dist/tex/latex/graphics/keyval.sty
Package: keyval 2014/10/28 v1.15 key=value parser (DPC)
\KV@toks@=\toks17
) (/usr/local/texlive/2020/texmf-dist/tex/generic/iftex/ifvtex.sty
Package: ifvtex 2019/10/25 v1.7 ifvtex legacy package. Use iftex instead.
 (/usr/local/texlive/2020/texmf-dist/tex/generic/iftex/iftex.sty
Package: iftex 2020/03/06 v1.0d TeX engine tests
))
\Gm@cnth=\count175
\Gm@cntv=\count176
\c@Gm@tempcnt=\count177
\Gm@bindingoffset=\dimen135
\Gm@wd@mp=\dimen136
\Gm@odd@mp=\dimen137
\Gm@even@mp=\dimen138
\Gm@layoutwidth=\dimen139
\Gm@layoutheight=\dimen140
\Gm@layouthoffset=\dimen141
\Gm@layoutvoffset=\dimen142
\Gm@dimlist=\toks18
) (/usr/local/texlive/2020/texmf-dist/tex/latex/graphics/graphicx.sty
Package: graphicx 2019/11/30 v1.2a Enhanced LaTeX Graphics (DPC,SPQR)
 (/usr/local/texlive/2020/texmf-dist/tex/latex/graphics/graphics.sty
Package: graphics 2019/11/30 v1.4a Standard LaTeX Graphics (DPC,SPQR)
 (/usr/local/texlive/2020/texmf-dist/tex/latex/graphics/trig.sty
Package: trig 2016/01/03 v1.10 sin cos tan (DPC)
) (/usr/local/texlive/2020/texmf-dist/tex/latex/graphics-cfg/graphics.cfg
File: graphics.cfg 2016/06/04 v1.11 sample graphics configuration
)
Package graphics Info: Driver file: pdftex.def on input line 105.
 (/usr/local/texlive/2020/texmf-dist/tex/latex/graphics-def/pdftex.def
File: pdftex.def 2018/01/08 v1.0l Graphics/color driver for pdftex
))
\Gin@req@height=\dimen143
\Gin@req@width=\dimen144
) (/usr/local/texlive/2020/texmf-dist/tex/latex/l3backend/l3backend-pdfmode.def
File: l3backend-pdfmode.def 2020-03-12 L3 backend support: PDF mode
\l__kernel_color_stack_int=\count178
\l__pdf_internal_box=\box45
) (./hw.aux)
\openout1 = `hw.aux'.

LaTeX Font Info:    Checking defaults for OML/cmm/m/it on input line 10.
LaTeX Font Info:    ... okay on input line 10.
LaTeX Font Info:    Checking defaults for OMS/cmsy/m/n on input line 10.
LaTeX Font Info:    ... okay on input line 10.
LaTeX Font Info:    Checking defaults for OT1/cmr/m/n on input line 10.
LaTeX Font Info:    ... okay on input line 10.
LaTeX Font Info:    Checking defaults for T1/cmr/m/n on input line 10.
LaTeX Font Info:    ... okay on input line 10.
LaTeX Font Info:    Checking defaults for TS1/cmr/m/n on input line 10.
LaTeX Font Info:    ... okay on input line 10.
LaTeX Font Info:    Checking defaults for OMX/cmex/m/n on input line 10.
LaTeX Font Info:    ... okay on input line 10.
LaTeX Font Info:    Checking defaults for U/cmr/m/n on input line 10.
LaTeX Font Info:    ... okay on input line 10.

*geometry* driver: auto-detecting
*geometry* detected driver: pdftex
*geometry* verbose mode - [ preamble ] result:
* driver: pdftex
* paper: <default>
* layout: <same size as paper>
* layoutoffset:(h,v)=(0.0pt,0.0pt)
* modes: 
* h-part:(L,W,R)=(36.135pt, 542.02501pt, 36.135pt)
* v-part:(T,H,B)=(36.135pt, 722.7pt, 36.135pt)
* \paperwidth=614.295pt
* \paperheight=794.96999pt
* \textwidth=542.02501pt
* \textheight=722.7pt
* \oddsidemargin=-36.135pt
* \evensidemargin=-36.135pt
* \topmargin=-73.135pt
* \headheight=12.0pt
* \headsep=25.0pt
* \topskip=10.0pt
* \footskip=30.0pt
* \marginparwidth=65.0pt
* \marginparsep=11.0pt
* \columnsep=10.0pt
* \skip\footins=9.0pt plus 4.0pt minus 2.0pt
* \hoffset=0.0pt
* \voffset=0.0pt
* \mag=1000
* \@twocolumnfalse
* \@twosidefalse
* \@mparswitchfalse
* \@reversemarginfalse
* (1in=72.27pt=25.4mm, 1cm=28.453pt)

(/usr/local/texlive/2020/texmf-dist/tex/context/base/mkii/supp-pdf.mkii
[Loading MPS to PDF converter (version 2006.09.02).]
\scratchcounter=\count179
\scratchdimen=\dimen145
\scratchbox=\box46
\nofMPsegments=\count180
\nofMParguments=\count181
\everyMPshowfont=\toks19
\MPscratchCnt=\count182
\MPscratchDim=\dimen146
\MPnumerator=\count183
\makeMPintoPDFobject=\count184
\everyMPtoPDFconversion=\toks20
) (/usr/local/texlive/2020/texmf-dist/tex/latex/epstopdf-pkg/epstopdf-base.sty
Package: epstopdf-base 2020-01-24 v2.11 Base part for package epstopdf
Package epstopdf-base Info: Redefining graphics rule for `.eps' on input line 485.
 (/usr/local/texlive/2020/texmf-dist/tex/latex/latexconfig/epstopdf-sys.cfg
File: epstopdf-sys.cfg 2010/07/13 v1.3 Configuration of (r)epstopdf for TeX Live
))
<c12-hw-o1.pdf, id=1, 578.16pt x 433.62pt>
File: c12-hw-o1.pdf Graphic file (type pdf)
<use c12-hw-o1.pdf>
Package pdftex.def Info: c12-hw-o1.pdf  used on input line 12.
(pdftex.def)             Requested size: 271.0125pt x 203.25887pt.
<c12-hw-o1-relerr.pdf, id=2, 578.16pt x 433.62pt>
File: c12-hw-o1-relerr.pdf Graphic file (type pdf)
<use c12-hw-o1-relerr.pdf>
Package pdftex.def Info: c12-hw-o1-relerr.pdf  used on input line 13.
(pdftex.def)             Requested size: 271.0125pt x 203.25887pt.

Overfull \hbox (17.2222pt too wide) in paragraph at lines 12--14
[][] [] 
 []

<c12-hw-o3.pdf, id=3, 578.16pt x 433.62pt>
File: c12-hw-o3.pdf Graphic file (type pdf)
<use c12-hw-o3.pdf>
Package pdftex.def Info: c12-hw-o3.pdf  used on input line 15.
(pdftex.def)             Requested size: 271.0125pt x 203.25887pt.
<c12-hw-o3-relerr.pdf, id=4, 578.16pt x 433.62pt>
File: c12-hw-o3-relerr.pdf Graphic file (type pdf)
<use c12-hw-o3-relerr.pdf>
Package pdftex.def Info: c12-hw-o3-relerr.pdf  used on input line 16.
(pdftex.def)             Requested size: 271.0125pt x 203.25887pt.

Overfull \hbox (17.2222pt too wide) in paragraph at lines 15--17
[][] [] 
 []

<c12-hw-o4.pdf, id=5, 578.16pt x 433.62pt>
File: c12-hw-o4.pdf Graphic file (type pdf)
<use c12-hw-o4.pdf>
Package pdftex.def Info: c12-hw-o4.pdf  used on input line 18.
(pdftex.def)             Requested size: 271.0125pt x 203.25887pt.
<c12-hw-o5.pdf, id=6, 578.16pt x 433.62pt>
File: c12-hw-o5.pdf Graphic file (type pdf)
<use c12-hw-o5.pdf>
Package pdftex.def Info: c12-hw-o5.pdf  used on input line 20.
(pdftex.def)             Requested size: 271.0125pt x 203.25887pt.
<c12-hw-o5-relerr.pdf, id=7, 578.16pt x 433.62pt>
File: c12-hw-o5-relerr.pdf Graphic file (type pdf)
<use c12-hw-o5-relerr.pdf>
Package pdftex.def Info: c12-hw-o5-relerr.pdf  used on input line 21.
(pdftex.def)             Requested size: 271.0125pt x 203.25887pt.

Overfull \hbox (17.2222pt too wide) in paragraph at lines 20--22
[][] [] 
 []

[1

{/usr/local/texlive/2020/texmf-var/fonts/map/pdftex/updmap/pdftex.map} <./c12-hw-o1.pdf> <./c12-hw-o1-relerr.pdf

pdfTeX warning: pdflatex (file ./c12-hw-o1-relerr.pdf): PDF inclusion: multiple pdfs with page group included in a single page
> <./c12-hw-o3.pdf

pdfTeX warning: pdflatex (file ./c12-hw-o3.pdf): PDF inclusion: multiple pdfs with page group included in a single page
> <./c12-hw-o3-relerr.pdf

pdfTeX warning: pdflatex (file ./c12-hw-o3-relerr.pdf): PDF inclusion: multiple pdfs with page group included in a single page
> <./c12-hw-o4.pdf

pdfTeX warning: pdflatex (file ./c12-hw-o4.pdf): PDF inclusion: multiple pdfs with page group included in a single page
>]
<c12-hw-o6.pdf, id=300, 578.16pt x 433.62pt>
File: c12-hw-o6.pdf Graphic file (type pdf)
<use c12-hw-o6.pdf>
Package pdftex.def Info: c12-hw-o6.pdf  used on input line 23.
(pdftex.def)             Requested size: 271.0125pt x 203.25887pt.
<c12-hw-o7.pdf, id=301, 578.16pt x 433.62pt>
File: c12-hw-o7.pdf Graphic file (type pdf)
<use c12-hw-o7.pdf>
Package pdftex.def Info: c12-hw-o7.pdf  used on input line 25.
(pdftex.def)             Requested size: 271.0125pt x 203.25887pt.
<c12-hw-o8.pdf, id=302, 578.16pt x 433.62pt>
File: c12-hw-o8.pdf Graphic file (type pdf)
<use c12-hw-o8.pdf>
Package pdftex.def Info: c12-hw-o8.pdf  used on input line 27.
(pdftex.def)             Requested size: 271.0125pt x 203.25887pt.
<c12-hw-o8-relerr.pdf, id=303, 578.16pt x 433.62pt>
File: c12-hw-o8-relerr.pdf Graphic file (type pdf)
<use c12-hw-o8-relerr.pdf>
Package pdftex.def Info: c12-hw-o8-relerr.pdf  used on input line 28.
(pdftex.def)             Requested size: 271.0125pt x 203.25887pt.

Overfull \hbox (17.2222pt too wide) in paragraph at lines 27--29
[][] [] 
 []

[2 <./c12-hw-o5.pdf> <./c12-hw-o5-relerr.pdf

pdfTeX warning: pdflatex (file ./c12-hw-o5-relerr.pdf): PDF inclusion: multiple pdfs with page group included in a single page
> <./c12-hw-o6.pdf

pdfTeX warning: pdflatex (file ./c12-hw-o6.pdf): PDF inclusion: multiple pdfs with page group included in a single page
> <./c12-hw-o7.pdf

pdfTeX warning: pdflatex (file ./c12-hw-o7.pdf): PDF inclusion: multiple pdfs with page group included in a single page
>]
<c12-hw-o9.pdf, id=536, 578.16pt x 433.62pt>
File: c12-hw-o9.pdf Graphic file (type pdf)
<use c12-hw-o9.pdf>
Package pdftex.def Info: c12-hw-o9.pdf  used on input line 30.
(pdftex.def)             Requested size: 271.0125pt x 203.25887pt.
<c12-hw-o10.pdf, id=537, 578.16pt x 433.62pt>
File: c12-hw-o10.pdf Graphic file (type pdf)
<use c12-hw-o10.pdf>
Package pdftex.def Info: c12-hw-o10.pdf  used on input line 32.
(pdftex.def)             Requested size: 271.0125pt x 203.25887pt.
<c12-hw-o11.pdf, id=538, 578.16pt x 433.62pt>
File: c12-hw-o11.pdf Graphic file (type pdf)
<use c12-hw-o11.pdf>
Package pdftex.def Info: c12-hw-o11.pdf  used on input line 34.
(pdftex.def)             Requested size: 271.0125pt x 203.25887pt.
<c12-hw-o11-relerr.pdf, id=539, 578.16pt x 433.62pt>
File: c12-hw-o11-relerr.pdf Graphic file (type pdf)
<use c12-hw-o11-relerr.pdf>
Package pdftex.def Info: c12-hw-o11-relerr.pdf  used on input line 35.
(pdftex.def)             Requested size: 271.0125pt x 203.25887pt.

Overfull \hbox (17.2222pt too wide) in paragraph at lines 34--36
[][] [] 
 []

[3 <./c12-hw-o8.pdf> <./c12-hw-o8-relerr.pdf

pdfTeX warning: pdflatex (file ./c12-hw-o8-relerr.pdf): PDF inclusion: multiple pdfs with page group included in a single page
> <./c12-hw-o9.pdf

pdfTeX warning: pdflatex (file ./c12-hw-o9.pdf): PDF inclusion: multiple pdfs with page group included in a single page
> <./c12-hw-o10.pdf

pdfTeX warning: pdflatex (file ./c12-hw-o10.pdf): PDF inclusion: multiple pdfs with page group included in a single page
>]
<c12-hw-o12.pdf, id=773, 578.16pt x 433.62pt>
File: c12-hw-o12.pdf Graphic file (type pdf)
<use c12-hw-o12.pdf>
Package pdftex.def Info: c12-hw-o12.pdf  used on input line 37.
(pdftex.def)             Requested size: 271.0125pt x 203.25887pt.
<c12-hw-o12-relerr.pdf, id=774, 578.16pt x 433.62pt>
File: c12-hw-o12-relerr.pdf Graphic file (type pdf)
<use c12-hw-o12-relerr.pdf>
Package pdftex.def Info: c12-hw-o12-relerr.pdf  used on input line 38.
(pdftex.def)             Requested size: 271.0125pt x 203.25887pt.

Overfull \hbox (17.2222pt too wide) in paragraph at lines 37--39
[][] [] 
 []

<c12-hw-o13.pdf, id=775, 578.16pt x 433.62pt>
File: c12-hw-o13.pdf Graphic file (type pdf)
<use c12-hw-o13.pdf>
Package pdftex.def Info: c12-hw-o13.pdf  used on input line 40.
(pdftex.def)             Requested size: 271.0125pt x 203.25887pt.
<c12-hw-o14.pdf, id=776, 578.16pt x 433.62pt>
File: c12-hw-o14.pdf Graphic file (type pdf)
<use c12-hw-o14.pdf>
Package pdftex.def Info: c12-hw-o14.pdf  used on input line 42.
(pdftex.def)             Requested size: 271.0125pt x 203.25887pt.
[4 <./c12-hw-o11.pdf> <./c12-hw-o11-relerr.pdf

pdfTeX warning: pdflatex (file ./c12-hw-o11-relerr.pdf): PDF inclusion: multiple pdfs with page group included in a single page
> <./c12-hw-o12.pdf

pdfTeX warning: pdflatex (file ./c12-hw-o12.pdf): PDF inclusion: multiple pdfs with page group included in a single page
> <./c12-hw-o12-relerr.pdf

pdfTeX warning: pdflatex (file ./c12-hw-o12-relerr.pdf): PDF inclusion: multiple pdfs with page group included in a single page
> <./c12-hw-o13.pdf

pdfTeX warning: pdflatex (file ./c12-hw-o13.pdf): PDF inclusion: multiple pdfs with page group included in a single page
>]
<c12-hw-o15.pdf, id=1066, 578.16pt x 433.62pt>
File: c12-hw-o15.pdf Graphic file (type pdf)
<use c12-hw-o15.pdf>
Package pdftex.def Info: c12-hw-o15.pdf  used on input line 44.
(pdftex.def)             Requested size: 271.0125pt x 203.25887pt.
<c12-hw-o15-relerr.pdf, id=1067, 578.16pt x 433.62pt>
File: c12-hw-o15-relerr.pdf Graphic file (type pdf)
<use c12-hw-o15-relerr.pdf>
Package pdftex.def Info: c12-hw-o15-relerr.pdf  used on input line 45.
(pdftex.def)             Requested size: 271.0125pt x 203.25887pt.

Overfull \hbox (17.2222pt too wide) in paragraph at lines 44--46
[][] [] 
 []

[5 <./c12-hw-o14.pdf> <./c12-hw-o15.pdf

pdfTeX warning: pdflatex (file ./c12-hw-o15.pdf): PDF inclusion: multiple pdfs with page group included in a single page
> <./c12-hw-o15-relerr.pdf

pdfTeX warning: pdflatex (file ./c12-hw-o15-relerr.pdf): PDF inclusion: multiple pdfs with page group included in a single page
>] (./hw.aux) ) 
Here is how much of TeX's memory you used:
 1783 strings out of 480608
 27338 string characters out of 5903631
 266031 words of memory out of 5000000
 17710 multiletter control sequences out of 15000+600000
 532338 words of font info for 24 fonts, out of 8000000 for 9000
 1141 hyphenation exceptions out of 8191
 30i,5n,34p,179b,117s stack positions out of 5000i,500n,10000p,200000b,80000s
</usr/local/texlive/2020/texmf-dist/fonts/type1/public/amsfonts/cm/cmr10.pfb>
Output written on hw.pdf (5 pages, 380457 bytes).
PDF statistics:
 1249 PDF objects out of 1440 (max. 8388607)
 209 compressed objects within 3 object streams
 0 named destinations out of 1000 (max. 500000)
 106 words of extra memory for PDF output out of 10000 (max. 10000000)

