 %%%%%%%%%%%%%%%%%%%%%%%%%%%%%%%%%%%%%%%%%%%%%%%%%%%%%%%%%%%%%%%%%%%%%%%%%%%%%%%
 Welcome to our FORTAN 90 implementation of the WIMP-nucleon scattering code.
 Based on the Mathematica script described in arXiv:1308.6288 (2003).
   VERSION 1.4 UPDATED: 2021.01.15 @ SDSU
   Dev. contact: cjohnson@sdsu.edu
                  ogorton@sdsu.edu
 %%%%%%%%%%%%%%%%%%%%%%%%%%%%%%%%%%%%%%%%%%%%%%%%%%%%%%%%%%%%%%%%%%%%%%%%%%%%%%%
 
 Select an option:
 [1] Event rate per unit recoil energy (spectra)
 [2] Differential cross section per recoil energy
 [3] Scattering probability
 [4] (*) Total cross section
 [5] Total scattering events per detector (does not produce spectra data)
 [6] Nuclear response function test
  
 (*) Not available in this release.
  
 Enter the target proton number 
  
 Enter the target neutron number 
 Setting default parameter values.
  
 Enter name of control file (.control):
 %%%%%%%%%%%%%%%%%%%%%%%%%%%%%%%%%%%%%%%%%%%%%%%%%%%%%%%%%%%%%%%%%%%%%%%%%%%%%%%
 Reading control file.
 # Coefficient matrix (non-relativistic)
 # Ommitted values are assumed to be 0.0.
 # c_i^t
 # i = 1,...,16
 # t: p=proton n=neutron s=scaler v=vector
 #control name	 i	coupling	c_i^t
 n          12   4.8000000000000001E-004
 wimpmass: Set dark matter particle mass to   500.00000000000000     
 vearth: Set velocity of earth in galactic frame set to   232.00000000000000     
 maxwellv0: Set velocity distribution scaling to   220.00000000000000     
 vescape: Set escape velocity to   550.00000000000000     
 dmdens: Set local dark matter density to  0.29999999999999999     
 Invalid keyword "intpoints". Ignoring.
 ntscale: Set target nuclei mass density scaling to   2500.0000000000000     
 Problem reading in control command. This command will be ignored:
 hofrequency na                                                                                      
 End of control file.
 
 Converting EFT coefficients isospin <=> proton-neutron formalism.
 s          12   4.8000000000000001E-004
 v          12  -4.8000000000000001E-004
 p          12   0.0000000000000000     
 n          12   4.8000000000000001E-004
 Normalizing EFT coefficients.
  
  Enter name of one-body density file (.dres) 
 c12ck.dres
 Valence Z, N:
           4           4
 Looking for orbitals.
 Found single particle state quantum numbers.
 Valence orbitals:
 ORBIT      N      L      2 x J
           1           0           1           1
           2           0           1           3
 Number of valence orbitals:
           2
 Max. valence occupancy:
           6
 Corrected valence particles Z, N:
           4           4
 Inert core inferred from valence particles:
 He-4 core.
 Number of core orbitals:
           1
 Core orbitals:
 ORBIT      N      L      2 x J
           3           0           0           1
 Density matrix allocated, size:         198
 Density matrix is in explicit proton-neutron format.
 Filling core orbitals.
 Orbital           3   1.41421354    
 %%%%%%%%%%%%%%%%%%%%%%%%%%%%%%%%%%%%%%%%%%%%%%%%%%%%%%%%%%%%%%%%%%%%%%%%%%%%%%%
 Control file settings used:
wimpmass                      500.0000000000
vearth                        232.0000000000
maxwellv0                     220.0000000000
vescape                       550.0000000000
dmdens                          0.3000000000
intpoints                    1000.0000000000
usemomentum                     0.0000000000
useenergyfile                   0.0000000000
ntscale                      2500.0000000000
 
 Parameters used in this calculation:
femtometer =                   5.067700
GeV =                          1.000000
kev =                          0.000001
b (fm)                         1.669028
b (1/GeV)                      8.458131
Nucleon mass (GeV)             0.938272
WIMP spin                      0.500000
WIMP mass (GeV)              500.000000
Target J                      0
Target T                      0
Target Mt                     0
Target Z,N                    6   6
Target atomic mass            12.000000
System reduced mass           11.011306
Target mass density (1/GeV)    0.088816
Local WIMP density (GeV/cm^3)  0.300000
v0 (km/s)                    220.000000
ve (km/s)                    232.000000
v escape (km/s)                   550.000000
 
 EFT coupling coefficients:
i          p           n           s           v
12  0.0000E+00 0.1486E-04 0.1486E-04-0.1486E-04
 %%%%%%%%%%%%%%%%%%%%%%%%%%%%%%%%%%%%%%%%%%%%%%%%%%%%%%%%%%%%%%%%%%%%%%%%%%%%%%%
--------------------------------------------------------------------------------
 Generating Wigner six-J look-up table
min Jx2:   -2
max Jx2:   12
--------------------------------------------------------------------------------
 Table max 2J:          12
 Jx2=          -2
 Jx2=          -1
 Jx2=           0
 Jx2=           1
 Jx2=           2
 Jx2=           3
 Jx2=           4
 Jx2=           5
 Jx2=           6
 Jx2=           7
 Jx2=           8
 Jx2=           9
 Jx2=          10
 Jx2=          11
 Jx2=          12
 Tables have been saved to memory. Mem. used (MB):   38.6144714    
 Time:  0.257688999    
 Computing differential event rate spectra
 What is the range of recoil energies in kev?
 Enter starting energy, stoping energy, step size:
 E min  (kev)   1.0000000000000000     
 E max  (kev)   100.00000000000000     
 E step (kev)  0.50000000000000000     
 Number of event rates to compute:         199
 E-recoil (kev)              q-transfer (gev/c)        Eventrate (events/gev)
   1.0000000000000000        4.7453691110386767E-003   4.6706536664403016E-006
   1.5000000000000000        5.8118664816046830E-003   6.8615399070722658E-006
   2.0000000000000000        6.7109653552972536E-003   8.9585952298913409E-006
   2.5000000000000000        7.5030873645453439E-003   1.0963710951165957E-005
   3.0000000000000000        8.2192204009869443E-003   1.2878807157918665E-005
   3.5000000000000000        8.8777726936433779E-003   1.4705827602036116E-005
   4.0000000000000000        9.4907382220773533E-003   1.6446734911799098E-005
   4.5000000000000000        1.0066448032945881E-002   1.8103506106187506E-005
   5.0000000000000000        1.0610967910610229E-002   1.9678128397865640E-005
   5.5000000000000000        1.1128877032297554E-002   2.1172595271287191E-005
   6.0000000000000000        1.1623732963209366E-002   2.2588902822878060E-005
   6.5000000000000000        1.2098364848193328E-002   2.3929046350757224E-005
   7.0000000000000000        1.2555066547015988E-002   2.5195017181942387E-005
   7.5000000000000000        1.2995728529020603E-002   2.6388799725460624E-005
   8.0000000000000000        1.3421930710594507E-002   2.7512368740238620E-005
   8.5000000000000000        1.3835009504875664E-002   2.8567686807092138E-005
   9.0000000000000000        1.4236107333116031E-002   2.9556701994560917E-005
   9.5000000000000000        1.4626209898671631E-002   3.0481345708749766E-005
   10.000000000000000        1.5006174729090688E-002   3.1343530717737824E-005
   10.500000000000000        1.5376753363437941E-002   3.2145149341504513E-005
   11.000000000000000        1.5738608833057641E-002   3.2888071798696330E-005
   11.500000000000000        1.6092329601397060E-002   3.3574144701918444E-005
   12.000000000000000        1.6438440801973889E-002   3.4205189693587351E-005
   12.500000000000000        1.6777413388243137E-002   3.4783002214714715E-005
   13.000000000000000        1.7109671650852917E-002   3.5309350399321731E-005
   13.500000000000000        1.7435599444814050E-002   3.5785974087494541E-005
   14.000000000000000        1.7755545387286756E-002   3.6214583950397276E-005
   14.500000000000000        1.8069827226622839E-002   3.6596860720848503E-005
   15.000000000000000        1.8378735538659888E-002   3.6934454523351705E-005
   15.500000000000000        1.8682536872705484E-002   3.7228984297740302E-005
   16.000000000000000        1.8981476444154707E-002   3.7482037310859458E-005
   16.500000000000000        1.9275780451125706E-002   3.7695168750959865E-005
   17.000000000000000        1.9565658077355844E-002   3.7869901399720910E-005
   17.500000000000000        1.9851303231778007E-002   3.8007725377053695E-005
   18.000000000000000        2.0132896065891762E-002   3.8110097954060295E-005
   18.500000000000000        2.0410604302665808E-002   3.8178443429741195E-005
   19.000000000000000        2.0684584404817033E-002   3.8214153067250685E-005
   19.500000000000000        2.0954982605576173E-002   3.8218585085700848E-005
   20.000000000000000        2.1221935821220457E-002   3.8193064703705249E-005
   20.500000000000000        2.1485572461537997E-002   3.8138884231040072E-005
   21.000000000000000        2.1746013151840042E-002   3.8057303204976729E-005
   21.500000000000000        2.2003371378041137E-002   3.7949548568009518E-005
   22.000000000000000        2.2257754064595108E-002   3.7816814883867122E-005
   22.500000000000000        2.2509262093636032E-002   3.7660264588851915E-005
   23.000000000000000        2.2757990772473743E-002   3.7481028275702779E-005
   23.500000000000000        2.3004030255587823E-002   3.7280205007320604E-005
   24.000000000000000        2.3247465926418732E-002   3.7058862657833666E-005
   24.500000000000000        2.3488378743540390E-002   3.6818038278614272E-005
   25.000000000000000        2.3726845555193384E-002   3.6558738486983009E-005
   25.500000000000000        2.3962939385642985E-002   3.6281939875459829E-005
   26.000000000000000        2.4196729696386657E-002   3.5988589439537600E-005
   26.500000000000000        2.4428282624859243E-002   3.5679605022064114E-005
   27.000000000000000        2.4657661202960836E-002   3.5355875772427135E-005
   27.500000000000000        2.4884925557453450E-002   3.5018262618836694E-005
   28.000000000000000        2.5110133094031976E-002   3.4667598752098309E-005
   28.500000000000000        2.5333338666666105E-002   3.4304690119362971E-005
   29.000000000000000        2.5554594733628630E-002   3.3930315926428419E-005
   29.500000000000000        2.5773951501467524E-002   3.3545229147252996E-005
   30.000000000000000        2.5991457058041206E-002   3.3150157039422122E-005
   30.500000000000000        2.6207157495615582E-002   3.2745801664386132E-005
   31.000000000000000        2.6421097024915526E-002   3.2332840411363353E-005
   31.500000000000000        2.6633318080930134E-002   3.1911926523869420E-005
   32.000000000000000        2.6843861421189014E-002   3.1483689627904366E-005
   32.500000000000000        2.7052766217154207E-002   3.1048736260891059E-005
   33.000000000000000        2.7260070139308149E-002   3.0607650400519751E-005
   33.500000000000000        2.7465809436461180E-002   3.0160993992711761E-005
   34.000000000000000        2.7670019009751329E-002   2.9709307477970846E-005
   34.500000000000000        2.7872732481764324E-002   2.9253110315441558E-005
   35.000000000000000        2.8073982261161312E-002   2.8792901504046528E-005
   35.500000000000000        2.8273799603166179E-002   2.8329160100118810E-005
   36.000000000000000        2.8472214666232062E-002   2.7862345730993325E-005
   36.500000000000000        2.8669256565177968E-002   2.7392899104061752E-005
   37.000000000000000        2.8864953421060633E-002   2.6921242510837189E-005
   37.500000000000000        2.9059332408023414E-002   2.6447780325612743E-005
   38.000000000000000        2.9252419797343263E-002   2.5972899498334562E-005
   38.500000000000000        2.9444240998877862E-002   2.5496970041344222E-005
   39.000000000000000        2.9634820600098120E-002   2.5020345509678184E-005
   39.500000000000000        2.9824182402875689E-002   2.4543363474642408E-005
   40.000000000000000        3.0012349458181375E-002   2.4066345990409859E-005
   40.500000000000000        3.0199344098837642E-002   2.3589600053415885E-005
   41.000000000000000        3.0385187970456921E-002   2.3113418054351770E-005
   41.500000000000000        3.0569902060687076E-002   2.2638078222582490E-005
   42.000000000000000        3.0753506726875882E-002   2.2163845062836800E-005
   42.500000000000000        3.0936021722257692E-002   2.1690969784039427E-005
   43.000000000000000        3.1117466220757756E-002   2.1219690720175762E-005
   43.500000000000000        3.1297858840502173E-002   2.0750233743099535E-005
   44.000000000000000        3.1477217666115283E-002   2.0282812667209416E-005
   44.500000000000000        3.1655560269879916E-002   1.9817629645940770E-005
   45.000000000000000        3.1832903731830682E-002   1.9354875560031068E-005
   45.500000000000000        3.2009264658845259E-002   1.8894730397535303E-005
   46.000000000000000        3.2184659202794119E-002   1.8437363625579310E-005
   46.500000000000000        3.2359103077804860E-002   1.7982934553852967E-005
   47.000000000000000        3.2532611576693321E-002   1.7531592689856726E-005
   47.500000000000000        3.2705199586610077E-002   1.7083478085926610E-005
   48.000000000000000        3.2876881603947777E-002   1.6638721678072315E-005
   48.500000000000000        3.3047671748551367E-002   1.6197445616673479E-005
   49.000000000000000        3.3217583777270736E-002   1.5759763589087732E-005
   49.500000000000000        3.3386631096892661E-002   1.5325781134232150E-005
   50.000000000000000        3.3554826776486274E-002   1.4895595949207704E-005
   50.500000000000000        3.3722183559194388E-002   1.4469298188042712E-005
   51.000000000000000        3.3888713873500717E-002   1.4046970752638367E-005
   51.500000000000000        3.4054429844001199E-002   1.3628689576004366E-005
   52.000000000000000        3.4219343301705833E-002   1.3214523897878573E-005
   52.500000000000000        3.4383465793895764E-002   1.2804536532829373E-005
   53.000000000000000        3.4546808593558971E-002   1.2398784130943183E-005
   53.500000000000000        3.4709382708426259E-002   1.1997317431204220E-005
   54.000000000000000        3.4871198889628099E-002   1.1600181507676370E-005
   54.500000000000000        3.5032267639991566E-002   1.1207416008600521E-005
   55.000000000000000        3.5192599221995524E-002   1.0819055388523411E-005
   55.500000000000000        3.5352203665401115E-002   1.0435129133575839E-005
   56.000000000000000        3.5511090774573512E-002   1.0055661980021033E-005
   56.500000000000000        3.5669270135510203E-002   9.6806741261946828E-006
   57.000000000000000        3.5826751122589949E-002   9.3101814379602903E-006
   57.500000000000000        3.5983542905055919E-002   8.9441956478041602E-006
   58.000000000000000        3.6139654453245677E-002   8.5827245476956836E-006
   58.500000000000000        3.6295094544579985E-002   8.2257721758385919E-006
   59.000000000000000        3.6449871769321768E-002   7.8733389974399290E-006
   59.500000000000000        3.6603994536115861E-002   7.5254220796232741E-006
   60.000000000000000        3.6757471077319775E-002   7.1820152606128003E-006
   60.500000000000000        3.6910309454134899E-002   6.8431093133148074E-006
   61.000000000000000        3.7062517561547277E-002   6.5086921034226880E-006
   61.500000000000000        3.7214103133086519E-002   6.1787487421712436E-006
   62.000000000000000        3.7365073745410968E-002   5.8532617338648108E-006
   62.500000000000000        3.7515436822726719E-002   5.5322111183042246E-006
   63.000000000000000        3.7665199641047968E-002   5.2155746082349499E-006
   63.500000000000000        3.7814369332305406E-002   4.9033277219394868E-006
   64.000000000000000        3.7962952888309413E-002   4.5954439110945710E-006
   64.500000000000000        3.8110957164574071E-002   4.2918946840135789E-006
   65.000000000000000        3.8258388884008170E-002   3.9926497243922026E-006
   65.500000000000000        3.8405254640478559E-002   3.6976770056751006E-006
   66.000000000000000        3.8551560902251411E-002   3.4069429011588835E-006
   66.500000000000000        3.8697314015316356E-002   3.1204122899456926E-006
   67.000000000000000        3.8842520206598334E-002   2.8380486588600958E-006
   67.500000000000000        3.8987185587061809E-002   2.5598142004400805E-006
   68.000000000000000        3.9131316154711687E-002   2.2856699071113439E-006
   68.500000000000000        3.9274917797495132E-002   2.0155756616524749E-006
   69.000000000000000        3.9417996296108204E-002   1.7494903240567836E-006
   69.500000000000000        3.9560557326711161E-002   1.4873718148944058E-006
   70.000000000000000        3.9702606463556014E-002   1.2291771952771170E-006
   70.500000000000000        3.9844149181529773E-002   9.7486274352567101E-007
   71.000000000000000        3.9985190858616640E-002   7.2438402863837991E-007
   71.500000000000000        4.0125736778282337E-002   4.7769598065707133E-007
   72.000000000000000        4.0265792131783523E-002   2.3475295802504421E-007
   72.500000000000000        4.0405362020405164E-002   0.0000000000000000     
   73.000000000000000        4.0544451457628576E-002   0.0000000000000000     
   73.500000000000000        4.0683065371232778E-002   0.0000000000000000     
   74.000000000000000        4.0821208605331616E-002   0.0000000000000000     
   74.500000000000000        4.0958885922349010E-002   0.0000000000000000     
   75.000000000000000        4.1096102004934722E-002   0.0000000000000000     
   75.500000000000000        4.1232861457822692E-002   0.0000000000000000     
   76.000000000000000        4.1369168809634066E-002   0.0000000000000000     
   76.500000000000000        4.1505028514626993E-002   0.0000000000000000     
   77.000000000000000        4.1640444954394999E-002   0.0000000000000000     
   77.500000000000000        4.1775422439515791E-002   0.0000000000000000     
   78.000000000000000        4.1909965211152346E-002   0.0000000000000000     
   78.500000000000000        4.2044077442607776E-002   0.0000000000000000     
   79.000000000000000        4.2177763240835803E-002   0.0000000000000000     
   79.500000000000000        4.2311026647908229E-002   0.0000000000000000     
   80.000000000000000        4.2443871642440914E-002   0.0000000000000000     
   80.500000000000000        4.2576302140979787E-002   0.0000000000000000     
   81.000000000000000        4.2708321999348091E-002   0.0000000000000000     
   81.500000000000000        4.2839935013956311E-002   0.0000000000000000     
   82.000000000000000        4.2971144923075993E-002   0.0000000000000000     
   82.500000000000000        4.3101955408078645E-002   0.0000000000000000     
   83.000000000000000        4.3232370094640891E-002   0.0000000000000000     
   83.500000000000000        4.3362392553917044E-002   0.0000000000000000     
   84.000000000000000        4.3492026303680084E-002   0.0000000000000000     
   84.500000000000000        4.3621274809432148E-002   0.0000000000000000     
   85.000000000000000        4.3750141485485505E-002   0.0000000000000000     
   85.500000000000000        4.3878629696014887E-002   0.0000000000000000     
   86.000000000000000        4.4006742756082275E-002   0.0000000000000000     
   86.500000000000000        4.4134483932634805E-002   0.0000000000000000     
   87.000000000000000        4.4261856445476845E-002   0.0000000000000000     
   87.500000000000000        4.4388863468216889E-002   0.0000000000000000     
   88.000000000000000        4.4515508129190216E-002   0.0000000000000000     
   88.500000000000000        4.4641793512357898E-002   0.0000000000000000     
   89.000000000000000        4.4767722658183094E-002   0.0000000000000000     
   89.500000000000000        4.4893298564485103E-002   0.0000000000000000     
   90.000000000000000        4.5018524187272063E-002   0.0000000000000000     
   90.500000000000000        4.5143402441552849E-002   0.0000000000000000     
   91.000000000000000        4.5267936202128767E-002   0.0000000000000000     
   91.500000000000000        4.5392128304365724E-002   0.0000000000000000     
   92.000000000000000        4.5515981544947487E-002   0.0000000000000000     
   92.500000000000000        4.5639498682610434E-002   0.0000000000000000     
   93.000000000000000        4.5762682438860600E-002   0.0000000000000000     
   93.500000000000000        4.5885535498673219E-002   0.0000000000000000     
   94.000000000000000        4.6008060511175647E-002   0.0000000000000000     
   94.500000000000000        4.6130260090313818E-002   0.0000000000000000     
   95.000000000000000        4.6252136815502914E-002   0.0000000000000000     
   95.500000000000000        4.6373693232262619E-002   0.0000000000000000     
   96.000000000000000        4.6494931852837464E-002   0.0000000000000000     
   96.500000000000000        4.6615855156802603E-002   0.0000000000000000     
   97.000000000000000        4.6736465591655514E-002   0.0000000000000000     
   97.500000000000000        4.6856765573393994E-002   0.0000000000000000     
   98.000000000000000        4.6976757487080779E-002   0.0000000000000000     
   98.500000000000000        4.7096443687395337E-002   0.0000000000000000     
   99.000000000000000        4.7215826499172928E-002   0.0000000000000000     
   99.500000000000000        4.7334908217931508E-002   0.0000000000000000     
   100.00000000000000        4.7453691110386768E-002   0.0000000000000000     
 Total integrated eventrate (events)   1.5382095427048872E-009 pm   6.0966646003005476E-017
 Event rate spectra written to eventrate_spectra.dat
 Compute time (s)   8.54699966E-03
 6-J Table Lookup min/max requested:           0           4
