 %%%%%%%%%%%%%%%%%%%%%%%%%%%%%%%%%%%%%%%%%%%%%%%%%%%%%%%%%%%%%%%%%%%%%%%%%%%%%%%
 Welcome to our FORTAN 90 implementation of the WIMP-nucleon scattering code.
 Based on the Mathematica script described in arXiv:1308.6288 (2003).
   VERSION 1.4 UPDATED: 2021.01.15 @ SDSU
   Dev. contact: cjohnson@sdsu.edu
                  ogorton@sdsu.edu
 %%%%%%%%%%%%%%%%%%%%%%%%%%%%%%%%%%%%%%%%%%%%%%%%%%%%%%%%%%%%%%%%%%%%%%%%%%%%%%%
 
 Select an option:
 [1] Event rate per unit recoil energy (spectra)
 [2] Differential cross section per recoil energy
 [3] Scattering probability
 [4] (*) Total cross section
 [5] Total scattering events per detector (does not produce spectra data)
 [6] Nuclear response function test
  
 (*) Not available in this release.
  
 Enter the target proton number 
  
 Enter the target neutron number 
 Setting default parameter values.
  
 Enter name of control file (.control):
 %%%%%%%%%%%%%%%%%%%%%%%%%%%%%%%%%%%%%%%%%%%%%%%%%%%%%%%%%%%%%%%%%%%%%%%%%%%%%%%
 Reading control file.
 # Coefficient matrix (non-relativistic)
 # Ommitted values are assumed to be 0.0.
 # c_i^t
 # i = 1,...,16
 # t: p=proton n=neutron s=scaler v=vector
 #control name	 i	coupling	c_i^t
 n          11   4.8000000000000001E-004
 wimpmass: Set dark matter particle mass to   500.00000000000000     
 vearth: Set velocity of earth in galactic frame set to   232.00000000000000     
 maxwellv0: Set velocity distribution scaling to   220.00000000000000     
 vescape: Set escape velocity to   550.00000000000000     
 dmdens: Set local dark matter density to  0.29999999999999999     
 Invalid keyword "intpoints". Ignoring.
 ntscale: Set target nuclei mass density scaling to   2500.0000000000000     
 Problem reading in control command. This command will be ignored:
 hofrequency na                                                                                      
 End of control file.
 
 Converting EFT coefficients isospin <=> proton-neutron formalism.
 s          11   4.8000000000000001E-004
 v          11  -4.8000000000000001E-004
 p          11   0.0000000000000000     
 n          11   4.8000000000000001E-004
 Normalizing EFT coefficients.
  
  Enter name of one-body density file (.dres) 
 c12ck.dres
 Valence Z, N:
           4           4
 Looking for orbitals.
 Found single particle state quantum numbers.
 Valence orbitals:
 ORBIT      N      L      2 x J
           1           0           1           1
           2           0           1           3
 Number of valence orbitals:
           2
 Max. valence occupancy:
           6
 Corrected valence particles Z, N:
           4           4
 Inert core inferred from valence particles:
 He-4 core.
 Number of core orbitals:
           1
 Core orbitals:
 ORBIT      N      L      2 x J
           3           0           0           1
 Density matrix allocated, size:         198
 Density matrix is in explicit proton-neutron format.
 Filling core orbitals.
 Orbital           3   1.41421354    
 %%%%%%%%%%%%%%%%%%%%%%%%%%%%%%%%%%%%%%%%%%%%%%%%%%%%%%%%%%%%%%%%%%%%%%%%%%%%%%%
 Control file settings used:
wimpmass                      500.0000000000
vearth                        232.0000000000
maxwellv0                     220.0000000000
vescape                       550.0000000000
dmdens                          0.3000000000
intpoints                    1000.0000000000
usemomentum                     0.0000000000
useenergyfile                   0.0000000000
ntscale                      2500.0000000000
 
 Parameters used in this calculation:
femtometer =                   5.067700
GeV =                          1.000000
kev =                          0.000001
b (fm)                         1.669028
b (1/GeV)                      8.458131
Nucleon mass (GeV)             0.938272
WIMP spin                      0.500000
WIMP mass (GeV)              500.000000
Target J                      0
Target T                      0
Target Mt                     0
Target Z,N                    6   6
Target atomic mass            12.000000
System reduced mass           11.011306
Target mass density (1/GeV)    0.088816
Local WIMP density (GeV/cm^3)  0.300000
v0 (km/s)                    220.000000
ve (km/s)                    232.000000
v escape (km/s)                   550.000000
 
 EFT coupling coefficients:
i          p           n           s           v
11  0.0000E+00 0.1584E-04 0.1584E-04-0.1584E-04
 %%%%%%%%%%%%%%%%%%%%%%%%%%%%%%%%%%%%%%%%%%%%%%%%%%%%%%%%%%%%%%%%%%%%%%%%%%%%%%%
--------------------------------------------------------------------------------
 Generating Wigner six-J look-up table
min Jx2:   -2
max Jx2:   12
--------------------------------------------------------------------------------
 Table max 2J:          12
 Jx2=          -2
 Jx2=          -1
 Jx2=           0
 Jx2=           1
 Jx2=           2
 Jx2=           3
 Jx2=           4
 Jx2=           5
 Jx2=           6
 Jx2=           7
 Jx2=           8
 Jx2=           9
 Jx2=          10
 Jx2=          11
 Jx2=          12
 Tables have been saved to memory. Mem. used (MB):   38.6144714    
 Time:  0.260479003    
 Computing differential event rate spectra
 What is the range of recoil energies in kev?
 Enter starting energy, stoping energy, step size:
 E min  (kev)   1.0000000000000000     
 E max  (kev)   100.00000000000000     
 E step (kev)  0.50000000000000000     
 Number of event rates to compute:         199
 E-recoil (kev)              q-transfer (gev/c)        Eventrate (events/gev)
   1.0000000000000000        4.7453691110386767E-003   2.0393271902701951E-003
   1.5000000000000000        5.8118664816046830E-003   2.9953879841940071E-003
   2.0000000000000000        6.7109653552972536E-003   3.9101520218613557E-003
   2.5000000000000000        7.5030873645453439E-003   4.7844667019903168E-003
   3.0000000000000000        8.2192204009869443E-003   5.6191913812328707E-003
   3.5000000000000000        8.8777726936433779E-003   6.4151951356995031E-003
   4.0000000000000000        9.4907382220773533E-003   7.1733546633252895E-003
   4.5000000000000000        1.0066448032945881E-002   7.8945523205167355E-003
   5.0000000000000000        1.0610967910610229E-002   8.5796742867676849E-003
   5.5000000000000000        1.1128877032297554E-002   9.2296088511746900E-003
   6.0000000000000000        1.1623732963209366E-002   9.8452448150163248E-003
   6.5000000000000000        1.2098364848193328E-002   1.0427470004788273E-002
   7.0000000000000000        1.2555066547015988E-002   1.0977169890305987E-002
   7.5000000000000000        1.2995728529020603E-002   1.1495226302699864E-002
   8.0000000000000000        1.3421930710594507E-002   1.1982516247334138E-002
   8.5000000000000000        1.3835009504875664E-002   1.2439910806880434E-002
   9.0000000000000000        1.4236107333116031E-002   1.2868274129969942E-002
   9.5000000000000000        1.4626209898671631E-002   1.3268462501034996E-002
   10.000000000000000        1.5006174729090688E-002   1.3641323487131440E-002
   10.500000000000000        1.5376753363437941E-002   1.3987695157707657E-002
   11.000000000000000        1.5738608833057641E-002   1.4308405373454585E-002
   11.500000000000000        1.6092329601397060E-002   1.4604271140534093E-002
   12.000000000000000        1.6438440801973889E-002   1.4876098026640043E-002
   12.500000000000000        1.6777413388243137E-002   1.5124679635498186E-002
   13.000000000000000        1.7109671650852917E-002   1.5350797136557494E-002
   13.500000000000000        1.7435599444814050E-002   1.5555218846766489E-002
   14.000000000000000        1.7755545387286756E-002   1.5738699861464558E-002
   14.500000000000000        1.8069827226622839E-002   1.5901981731549133E-002
   15.000000000000000        1.8378735538659888E-002   1.6045792184206466E-002
   15.500000000000000        1.8682536872705484E-002   1.6170844884615163E-002
   16.000000000000000        1.8981476444154707E-002   1.6277839236149227E-002
   16.500000000000000        1.9275780451125706E-002   1.6367460216720121E-002
   17.000000000000000        1.9565658077355844E-002   1.6440378249006286E-002
   17.500000000000000        1.9851303231778007E-002   1.6497249102422826E-002
   18.000000000000000        2.0132896065891762E-002   1.6538713824785022E-002
   18.500000000000000        2.0410604302665808E-002   1.6565398701715701E-002
   19.000000000000000        2.0684584404817033E-002   1.6577915241939838E-002
   19.500000000000000        2.0954982605576173E-002   1.6576860186698836E-002
   20.000000000000000        2.1221935821220457E-002   1.6562815541602868E-002
   20.500000000000000        2.1485572461537997E-002   1.6536348629322122E-002
   21.000000000000000        2.1746013151840042E-002   1.6498012161596961E-002
   21.500000000000000        2.2003371378041137E-002   1.6448344329122837E-002
   22.000000000000000        2.2257754064595108E-002   1.6387868907938787E-002
   22.500000000000000        2.2509262093636032E-002   1.6317095381018307E-002
   23.000000000000000        2.2757990772473743E-002   1.6236519073828028E-002
   23.500000000000000        2.3004030255587823E-002   1.6146621302684735E-002
   24.000000000000000        2.3247465926418732E-002   1.6047869534801532E-002
   24.500000000000000        2.3488378743540390E-002   1.5940717558974204E-002
   25.000000000000000        2.3726845555193384E-002   1.5825605665914639E-002
   25.500000000000000        2.3962939385642985E-002   1.5702960837292064E-002
   26.000000000000000        2.4196729696386657E-002   1.5573196942595130E-002
   26.500000000000000        2.4428282624859243E-002   1.5436714942976996E-002
   27.000000000000000        2.4657661202960836E-002   1.5293903101292829E-002
   27.500000000000000        2.4884925557453450E-002   1.5145137197584641E-002
   28.000000000000000        2.5110133094031976E-002   1.4990780749311422E-002
   28.500000000000000        2.5333338666666105E-002   1.4831185235663772E-002
   29.000000000000000        2.5554594733628630E-002   1.4666690325341762E-002
   29.500000000000000        2.5773951501467524E-002   1.4497624107212437E-002
   30.000000000000000        2.5991457058041206E-002   1.4324303323299077E-002
   30.500000000000000        2.6207157495615582E-002   1.4147033603588675E-002
   31.000000000000000        2.6421097024915526E-002   1.3966109702176837E-002
   31.500000000000000        2.6633318080930134E-002   1.3781815734300248E-002
   32.000000000000000        2.6843861421189014E-002   1.3594425413836599E-002
   32.500000000000000        2.7052766217154207E-002   1.3404202290879899E-002
   33.000000000000000        2.7260070139308149E-002   1.3211399989026368E-002
   33.500000000000000        2.7465809436461180E-002   1.3016262442030944E-002
   34.000000000000000        2.7670019009751329E-002   1.2819024129519603E-002
   34.500000000000000        2.7872732481764324E-002   1.2619910311464928E-002
   35.000000000000000        2.8073982261161312E-002   1.2419137261154910E-002
   35.500000000000000        2.8273799603166179E-002   1.2216912496405384E-002
   36.000000000000000        2.8472214666232062E-002   1.2013435008786507E-002
   36.500000000000000        2.8669256565177968E-002   1.1808895490652281E-002
   37.000000000000000        2.8864953421060633E-002   1.1603476559779856E-002
   37.500000000000000        2.9059332408023414E-002   1.1397352981442311E-002
   38.000000000000000        2.9252419797343263E-002   1.1190691887754371E-002
   38.500000000000000        2.9444240998877862E-002   1.0983652994145712E-002
   39.000000000000000        2.9634820600098120E-002   1.0776388812830596E-002
   39.500000000000000        2.9824182402875689E-002   1.0569044863156169E-002
   40.000000000000000        3.0012349458181375E-002   1.0361759878724477E-002
   40.500000000000000        3.0199344098837642E-002   1.0154666011195076E-002
   41.000000000000000        3.0385187970456921E-002   9.9478890306866023E-003
   41.500000000000000        3.0569902060687076E-002   9.7415485227060564E-003
   42.000000000000000        3.0753506726875882E-002   9.5357580815450260E-003
   42.500000000000000        3.0936021722257692E-002   9.3306255000909413E-003
   43.000000000000000        3.1117466220757756E-002   9.1262529560105603E-003
   43.500000000000000        3.1297858840502173E-002   8.9227371942715711E-003
   44.000000000000000        3.1477217666115283E-002   8.7201697059750144E-003
   44.500000000000000        3.1655560269879916E-002   8.5186369034796101E-003
   45.000000000000000        3.1832903731830682E-002   8.3182202918050969E-003
   45.500000000000000        3.2009264658845259E-002   8.1189966363085023E-003
   46.000000000000000        3.2184659202794119E-002   7.9210381266329472E-003
   46.500000000000000        3.2359103077804860E-002   7.7244125369343181E-003
   47.000000000000000        3.2532611576693321E-002   7.5291833823960567E-003
   47.500000000000000        3.2705199586610077E-002   7.3354100720475048E-003
   48.000000000000000        3.2876881603947777E-002   7.1431480579049944E-003
   48.500000000000000        3.3047671748551367E-002   6.9524489804597750E-003
   49.000000000000000        3.3217583777270736E-002   6.7633608105401068E-003
   49.500000000000000        3.3386631096892661E-002   6.5759279875782419E-003
   50.000000000000000        3.3554826776486274E-002   6.3901915543169603E-003
   50.500000000000000        3.3722183559194388E-002   6.2061892879922325E-003
   51.000000000000000        3.3888713873500717E-002   6.0239558280320961E-003
   51.500000000000000        3.4054429844001199E-002   5.8435228003138381E-003
   52.000000000000000        3.4219343301705833E-002   5.6649189380238805E-003
   52.500000000000000        3.4383465793895764E-002   5.4881701991668025E-003
   53.000000000000000        3.4546808593558971E-002   5.3132998807716445E-003
   53.500000000000000        3.4709382708426259E-002   5.1403287298452637E-003
   54.000000000000000        3.4871198889628099E-002   4.9692750511240039E-003
   54.500000000000000        3.5032267639991566E-002   4.8001548116760225E-003
   55.000000000000000        3.5192599221995524E-002   4.6329817424078526E-003
   55.500000000000000        3.5352203665401115E-002   4.4677674365295565E-003
   56.000000000000000        3.5511090774573512E-002   4.3045214450338470E-003
   56.500000000000000        3.5669270135510203E-002   4.1432513692448861E-003
   57.000000000000000        3.5826751122589949E-002   3.9839629504932776E-003
   57.500000000000000        3.5983542905055919E-002   3.8266601569740231E-003
   58.000000000000000        3.6139654453245677E-002   3.6713452678445845E-003
   58.500000000000000        3.6295094544579985E-002   3.5180189546203350E-003
   59.000000000000000        3.6449871769321768E-002   3.3666803599247635E-003
   59.500000000000000        3.6603994536115861E-002   3.2173271736519802E-003
   60.000000000000000        3.6757471077319775E-002   3.0699557065986872E-003
   60.500000000000000        3.6910309454134899E-002   2.9245609616229342E-003
   61.000000000000000        3.7062517561547277E-002   2.7811367023865235E-003
   61.500000000000000        3.7214103133086519E-002   2.6396755197378189E-003
   62.000000000000000        3.7365073745410968E-002   2.5001688957911055E-003
   62.500000000000000        3.7515436822726719E-002   2.3626072657586595E-003
   63.000000000000000        3.7665199641047968E-002   2.2269800775906248E-003
   63.500000000000000        3.7814369332305406E-002   2.0932758494779146E-003
   64.000000000000000        3.7962952888309413E-002   1.9614822252722345E-003
   64.500000000000000        3.8110957164574071E-002   1.8315860278772253E-003
   65.000000000000000        3.8258388884008170E-002   1.7035733106635798E-003
   65.500000000000000        3.8405254640478559E-002   1.5774294069607943E-003
   66.000000000000000        3.8551560902251411E-002   1.4531389776772023E-003
   66.500000000000000        3.8697314015316356E-002   1.3306860570992530E-003
   67.000000000000000        3.8842520206598334E-002   1.2100540969204254E-003
   67.500000000000000        3.8987185587061809E-002   1.0912260085491718E-003
   68.000000000000000        3.9131316154711687E-002   9.7418420374455661E-004
   68.500000000000000        3.9274917797495132E-002   8.5891063362756226E-004
   69.000000000000000        3.9417996296108204E-002   7.4538682611508715E-004
   69.500000000000000        3.9560557326711161E-002   6.3359392182278521E-004
   70.000000000000000        3.9702606463556014E-002   5.2351270848223800E-004
   70.500000000000000        3.9844149181529773E-002   4.1512365391685636E-004
   71.000000000000000        3.9985190858616640E-002   3.0840693762028675E-004
   71.500000000000000        4.0125736778282337E-002   2.0334248098001915E-004
   72.000000000000000        4.0265792131783523E-002   9.9909976188142658E-005
   72.500000000000000        4.0405362020405164E-002   0.0000000000000000     
   73.000000000000000        4.0544451457628576E-002   0.0000000000000000     
   73.500000000000000        4.0683065371232778E-002   0.0000000000000000     
   74.000000000000000        4.0821208605331616E-002   0.0000000000000000     
   74.500000000000000        4.0958885922349010E-002   0.0000000000000000     
   75.000000000000000        4.1096102004934722E-002   0.0000000000000000     
   75.500000000000000        4.1232861457822692E-002   0.0000000000000000     
   76.000000000000000        4.1369168809634066E-002   0.0000000000000000     
   76.500000000000000        4.1505028514626993E-002   0.0000000000000000     
   77.000000000000000        4.1640444954394999E-002   0.0000000000000000     
   77.500000000000000        4.1775422439515791E-002   0.0000000000000000     
   78.000000000000000        4.1909965211152346E-002   0.0000000000000000     
   78.500000000000000        4.2044077442607776E-002   0.0000000000000000     
   79.000000000000000        4.2177763240835803E-002   0.0000000000000000     
   79.500000000000000        4.2311026647908229E-002   0.0000000000000000     
   80.000000000000000        4.2443871642440914E-002   0.0000000000000000     
   80.500000000000000        4.2576302140979787E-002   0.0000000000000000     
   81.000000000000000        4.2708321999348091E-002   0.0000000000000000     
   81.500000000000000        4.2839935013956311E-002   0.0000000000000000     
   82.000000000000000        4.2971144923075993E-002   0.0000000000000000     
   82.500000000000000        4.3101955408078645E-002   0.0000000000000000     
   83.000000000000000        4.3232370094640891E-002   0.0000000000000000     
   83.500000000000000        4.3362392553917044E-002   0.0000000000000000     
   84.000000000000000        4.3492026303680084E-002   0.0000000000000000     
   84.500000000000000        4.3621274809432148E-002   0.0000000000000000     
   85.000000000000000        4.3750141485485505E-002   0.0000000000000000     
   85.500000000000000        4.3878629696014887E-002   0.0000000000000000     
   86.000000000000000        4.4006742756082275E-002   0.0000000000000000     
   86.500000000000000        4.4134483932634805E-002   0.0000000000000000     
   87.000000000000000        4.4261856445476845E-002   0.0000000000000000     
   87.500000000000000        4.4388863468216889E-002   0.0000000000000000     
   88.000000000000000        4.4515508129190216E-002   0.0000000000000000     
   88.500000000000000        4.4641793512357898E-002   0.0000000000000000     
   89.000000000000000        4.4767722658183094E-002   0.0000000000000000     
   89.500000000000000        4.4893298564485103E-002   0.0000000000000000     
   90.000000000000000        4.5018524187272063E-002   0.0000000000000000     
   90.500000000000000        4.5143402441552849E-002   0.0000000000000000     
   91.000000000000000        4.5267936202128767E-002   0.0000000000000000     
   91.500000000000000        4.5392128304365724E-002   0.0000000000000000     
   92.000000000000000        4.5515981544947487E-002   0.0000000000000000     
   92.500000000000000        4.5639498682610434E-002   0.0000000000000000     
   93.000000000000000        4.5762682438860600E-002   0.0000000000000000     
   93.500000000000000        4.5885535498673219E-002   0.0000000000000000     
   94.000000000000000        4.6008060511175647E-002   0.0000000000000000     
   94.500000000000000        4.6130260090313818E-002   0.0000000000000000     
   95.000000000000000        4.6252136815502914E-002   0.0000000000000000     
   95.500000000000000        4.6373693232262619E-002   0.0000000000000000     
   96.000000000000000        4.6494931852837464E-002   0.0000000000000000     
   96.500000000000000        4.6615855156802603E-002   0.0000000000000000     
   97.000000000000000        4.6736465591655514E-002   0.0000000000000000     
   97.500000000000000        4.6856765573393994E-002   0.0000000000000000     
   98.000000000000000        4.6976757487080779E-002   0.0000000000000000     
   98.500000000000000        4.7096443687395337E-002   0.0000000000000000     
   99.000000000000000        4.7215826499172928E-002   0.0000000000000000     
   99.500000000000000        4.7334908217931508E-002   0.0000000000000000     
   100.00000000000000        4.7453691110386768E-002   0.0000000000000000     
 Total integrated eventrate (events)   6.6516931931421660E-007 pm   2.7422478781563478E-014
 Event rate spectra written to eventrate_spectra.dat
 Compute time (s)   4.50799987E-03
 6-J Table Lookup min/max requested:           0           3
