 %%%%%%%%%%%%%%%%%%%%%%%%%%%%%%%%%%%%%%%%%%%%%%%%%%%%%%%%%%%%%%%%%%%%%%%%%%%%%%%
 Welcome to our FORTAN 90 implementation of the WIMP-nucleon scattering code.
 Based on the Mathematica script described in arXiv:1308.6288 (2003).
   VERSION 1.4 UPDATED: 2021.01.15 @ SDSU
   Dev. contact: cjohnson@sdsu.edu
                  ogorton@sdsu.edu
 %%%%%%%%%%%%%%%%%%%%%%%%%%%%%%%%%%%%%%%%%%%%%%%%%%%%%%%%%%%%%%%%%%%%%%%%%%%%%%%
 
 Select an option:
 [1] Event rate per unit recoil energy (spectra)
 [2] Differential cross section per recoil energy
 [3] Scattering probability
 [4] (*) Total cross section
 [5] Total scattering events per detector (does not produce spectra data)
 [6] Nuclear response function test
  
 (*) Not available in this release.
  
 Enter the target proton number 
  
 Enter the target neutron number 
 Setting default parameter values.
  
 Enter name of control file (.control):
 %%%%%%%%%%%%%%%%%%%%%%%%%%%%%%%%%%%%%%%%%%%%%%%%%%%%%%%%%%%%%%%%%%%%%%%%%%%%%%%
 Reading control file.
 # Coefficient matrix (non-relativistic)
 # Ommitted values are assumed to be 0.0.
 # c_i^t
 # i = 1,...,16
 # t: p=proton n=neutron s=scaler v=vector
 #control name	 i	coupling	c_i^t
 n          15   4.8000000000000001E-004
 wimpmass: Set dark matter particle mass to   500.00000000000000     
 vearth: Set velocity of earth in galactic frame set to   232.00000000000000     
 maxwellv0: Set velocity distribution scaling to   220.00000000000000     
 vescape: Set escape velocity to   550.00000000000000     
 dmdens: Set local dark matter density to  0.29999999999999999     
 Invalid keyword "intpoints". Ignoring.
 ntscale: Set target nuclei mass density scaling to   2500.0000000000000     
 Problem reading in control command. This command will be ignored:
 hofrequency na                                                                                      
 End of control file.
 
 Converting EFT coefficients isospin <=> proton-neutron formalism.
 s          15   4.8000000000000001E-004
 v          15  -4.8000000000000001E-004
 p          15   0.0000000000000000     
 n          15   4.8000000000000001E-004
 Normalizing EFT coefficients.
  
  Enter name of one-body density file (.dres) 
 c12ck.dres
 Valence Z, N:
           4           4
 Looking for orbitals.
 Found single particle state quantum numbers.
 Valence orbitals:
 ORBIT      N      L      2 x J
           1           0           1           1
           2           0           1           3
 Number of valence orbitals:
           2
 Max. valence occupancy:
           6
 Corrected valence particles Z, N:
           4           4
 Inert core inferred from valence particles:
 He-4 core.
 Number of core orbitals:
           1
 Core orbitals:
 ORBIT      N      L      2 x J
           3           0           0           1
 Density matrix allocated, size:         198
 Density matrix is in explicit proton-neutron format.
 Filling core orbitals.
 Orbital           3   1.41421354    
 %%%%%%%%%%%%%%%%%%%%%%%%%%%%%%%%%%%%%%%%%%%%%%%%%%%%%%%%%%%%%%%%%%%%%%%%%%%%%%%
 Control file settings used:
wimpmass                      500.0000000000
vearth                        232.0000000000
maxwellv0                     220.0000000000
vescape                       550.0000000000
dmdens                          0.3000000000
intpoints                    1000.0000000000
usemomentum                     0.0000000000
useenergyfile                   0.0000000000
ntscale                      2500.0000000000
 
 Parameters used in this calculation:
femtometer =                   5.067700
GeV =                          1.000000
kev =                          0.000001
b (fm)                         1.669028
b (1/GeV)                      8.458131
Nucleon mass (GeV)             0.938272
WIMP spin                      0.500000
WIMP mass (GeV)              500.000000
Target J                      0
Target T                      0
Target Mt                     0
Target Z,N                    6   6
Target atomic mass            12.000000
System reduced mass           11.011306
Target mass density (1/GeV)    0.088816
Local WIMP density (GeV/cm^3)  0.300000
v0 (km/s)                    220.000000
ve (km/s)                    232.000000
v escape (km/s)                   550.000000
 
 EFT coupling coefficients:
i          p           n           s           v
15  0.0000E+00 0.1688E-04 0.1688E-04-0.1688E-04
 %%%%%%%%%%%%%%%%%%%%%%%%%%%%%%%%%%%%%%%%%%%%%%%%%%%%%%%%%%%%%%%%%%%%%%%%%%%%%%%
--------------------------------------------------------------------------------
 Generating Wigner six-J look-up table
min Jx2:   -2
max Jx2:   12
--------------------------------------------------------------------------------
 Table max 2J:          12
 Jx2=          -2
 Jx2=          -1
 Jx2=           0
 Jx2=           1
 Jx2=           2
 Jx2=           3
 Jx2=           4
 Jx2=           5
 Jx2=           6
 Jx2=           7
 Jx2=           8
 Jx2=           9
 Jx2=          10
 Jx2=          11
 Jx2=          12
 Tables have been saved to memory. Mem. used (MB):   38.6144714    
 Time:  0.286287010    
 Computing differential event rate spectra
 What is the range of recoil energies in kev?
 Enter starting energy, stoping energy, step size:
 E min  (kev)   1.0000000000000000     
 E max  (kev)   100.00000000000000     
 E step (kev)  0.50000000000000000     
 Number of event rates to compute:         199
 E-recoil (kev)              q-transfer (gev/c)        Eventrate (events/gev)
   1.0000000000000000        4.7453691110386767E-003   3.0559246105187160E-015
   1.5000000000000000        5.8118664816046830E-003   1.0101109581762970E-014
   2.0000000000000000        6.7109653552972536E-003   2.3445790327301657E-014
   2.5000000000000000        7.5030873645453439E-003   4.4833491882273048E-014
   3.0000000000000000        8.2192204009869443E-003   7.5837345054537602E-014
   3.5000000000000000        8.8777726936433779E-003   1.1786653866516233E-013
   4.0000000000000000        9.4907382220773533E-003   1.7217284112765125E-013
   4.5000000000000000        1.0066448032945881E-002   2.3985716227316574E-013
   5.0000000000000000        1.0610967910610229E-002   3.2187612888142115E-013
   5.5000000000000000        1.1128877032297554E-002   4.1904864977359111E-013
   6.0000000000000000        1.1623732963209366E-002   5.3206244857194402E-013
   6.5000000000000000        1.2098364848193328E-002   6.6148054433823551E-013
   7.0000000000000000        1.2555066547015988E-002   8.0774766227605542E-013
   7.5000000000000000        1.2995728529020603E-002   9.7119655852810869E-013
   8.0000000000000000        1.3421930710594507E-002   1.1520542448240370E-012
   8.5000000000000000        1.3835009504875664E-002   1.3504481003443053E-012
   9.0000000000000000        1.4236107333116031E-002   1.5664118596664454E-012
   9.5000000000000000        1.4626209898671631E-002   1.7998914670575688E-012
   10.000000000000000        1.5006174729090688E-002   2.0507507886767569E-012
   10.500000000000000        1.5376753363437941E-002   2.3187771754579417E-012
   11.000000000000000        1.5738608833057641E-002   2.6036868705633663E-012
   11.500000000000000        1.6092329601397060E-002   2.9051302563341043E-012
   12.000000000000000        1.6438440801973889E-002   3.2226969366224642E-012
   12.500000000000000        1.6777413388243137E-002   3.5559206512751401E-012
   13.000000000000000        1.7109671650852917E-002   3.9042840203506443E-012
   13.500000000000000        1.7435599444814050E-002   4.2672231164030665E-012
   14.000000000000000        1.7755545387286756E-002   4.6441318638510547E-012
   14.500000000000000        1.8069827226622839E-002   5.0343662650791152E-012
   15.000000000000000        1.8378735538659888E-002   5.4372484534919042E-012
   15.500000000000000        1.8682536872705484E-002   5.8520705742641122E-012
   16.000000000000000        1.8981476444154707E-002   6.2780984940018032E-012
   16.500000000000000        1.9275780451125706E-002   6.7145753409593012E-012
   17.000000000000000        1.9565658077355844E-002   7.1607248778410796E-012
   17.500000000000000        1.9851303231778007E-002   7.6157547095634135E-012
   18.000000000000000        2.0132896065891762E-002   8.0788593286592461E-012
   18.500000000000000        2.0410604302665808E-002   8.5492230012825430E-012
   19.000000000000000        2.0684584404817033E-002   9.0260224970096966E-012
   19.500000000000000        2.0954982605576173E-002   9.5084296658458025E-012
   20.000000000000000        2.1221935821220457E-002   9.9956138660257348E-012
   20.500000000000000        2.1485572461537997E-002   1.0486744246356308E-011
   21.000000000000000        2.1746013151840042E-002   1.0980991886977141E-011
   21.500000000000000        2.2003371378041137E-002   1.1477531802526683E-011
   22.000000000000000        2.2257754064595108E-002   1.1975544811788342E-011
   22.500000000000000        2.2509262093636032E-002   1.2474219277959699E-011
   23.000000000000000        2.2757990772473743E-002   1.2972752723739383E-011
   23.500000000000000        2.3004030255587823E-002   1.3470353325459900E-011
   24.000000000000000        2.3247465926418732E-002   1.3966241290514264E-011
   24.500000000000000        2.3488378743540390E-002   1.4459650122329911E-011
   25.000000000000000        2.3726845555193384E-002   1.4949827777135867E-011
   25.500000000000000        2.3962939385642985E-002   1.5436037716750479E-011
   26.000000000000000        2.4196729696386657E-002   1.5917559861587902E-011
   26.500000000000000        2.4428282624859243E-002   1.6393691448042388E-011
   27.000000000000000        2.4657661202960836E-002   1.6863747794362647E-011
   27.500000000000000        2.4884925557453450E-002   1.7327062979072852E-011
   28.000000000000000        2.5110133094031976E-002   1.7782990435935314E-011
   28.500000000000000        2.5333338666666105E-002   1.8230903469381379E-011
   29.000000000000000        2.5554594733628630E-002   1.8670195694263630E-011
   29.500000000000000        2.5773951501467524E-002   1.9100281403704498E-011
   30.000000000000000        2.5991457058041206E-002   1.9520595868733024E-011
   30.500000000000000        2.6207157495615582E-002   1.9930595573315804E-011
   31.000000000000000        2.6421097024915526E-002   2.0329758388299813E-011
   31.500000000000000        2.6633318080930134E-002   2.0717583687691276E-011
   32.000000000000000        2.6843861421189014E-002   2.1093592410602531E-011
   32.500000000000000        2.7052766217154207E-002   2.1457327072103115E-011
   33.000000000000000        2.7260070139308149E-002   2.1808351726113412E-011
   33.500000000000000        2.7465809436461180E-002   2.2146251883383221E-011
   34.000000000000000        2.7670019009751329E-002   2.2470634387498411E-011
   34.500000000000000        2.7872732481764324E-002   2.2781127251760267E-011
   35.000000000000000        2.8073982261161312E-002   2.3077379459684592E-011
   35.500000000000000        2.8273799603166179E-002   2.3359060731768574E-011
   36.000000000000000        2.8472214666232062E-002   2.3625861261076362E-011
   36.500000000000000        2.8669256565177968E-002   2.3877491420097479E-011
   37.000000000000000        2.8864953421060633E-002   2.4113681441235729E-011
   37.500000000000000        2.9059332408023414E-002   2.4334181073192160E-011
   38.000000000000000        2.9252419797343263E-002   2.4538759215411882E-011
   38.500000000000000        2.9444240998877862E-002   2.4727203532671989E-011
   39.000000000000000        2.9634820600098120E-002   2.4899320051798106E-011
   39.500000000000000        2.9824182402875689E-002   2.5054932742407241E-011
   40.000000000000000        3.0012349458181375E-002   2.5193883083488326E-011
   40.500000000000000        3.0199344098837642E-002   2.5316029617546221E-011
   41.000000000000000        3.0385187970456921E-002   2.5421247493950771E-011
   41.500000000000000        3.0569902060687076E-002   2.5509428003052701E-011
   42.000000000000000        3.0753506726875882E-002   2.5580478102547466E-011
   42.500000000000000        3.0936021722257692E-002   2.5634319937491117E-011
   43.000000000000000        3.1117466220757756E-002   2.5670890355297011E-011
   43.500000000000000        3.1297858840502173E-002   2.5690140416970202E-011
   44.000000000000000        3.1477217666115283E-002   2.5692034905763183E-011
   44.500000000000000        3.1655560269879916E-002   2.5676551834370520E-011
   45.000000000000000        3.1832903731830682E-002   2.5643681951710967E-011
   45.500000000000000        3.2009264658845259E-002   2.5593428250283250E-011
   46.000000000000000        3.2184659202794119E-002   2.5525805475017776E-011
   46.500000000000000        3.2359103077804860E-002   2.5440839634487992E-011
   47.000000000000000        3.2532611576693321E-002   2.5338567515285581E-011
   47.500000000000000        3.2705199586610077E-002   2.5219036200309421E-011
   48.000000000000000        3.2876881603947777E-002   2.5082302591663241E-011
   48.500000000000000        3.3047671748551367E-002   2.4928432938805865E-011
   49.000000000000000        3.3217583777270736E-002   2.4757502372548421E-011
   49.500000000000000        3.3386631096892661E-002   2.4569594445444880E-011
   50.000000000000000        3.3554826776486274E-002   2.4364800679076721E-011
   50.500000000000000        3.3722183559194388E-002   2.4143220118689023E-011
   51.000000000000000        3.3888713873500717E-002   2.3904958895593644E-011
   51.500000000000000        3.4054429844001199E-002   2.3650129797714378E-011
   52.000000000000000        3.4219343301705833E-002   2.3378851848611793E-011
   52.500000000000000        3.4383465793895764E-002   2.3091249895288608E-011
   53.000000000000000        3.4546808593558971E-002   2.2787454205041863E-011
   53.500000000000000        3.4709382708426259E-002   2.2467600071595363E-011
   54.000000000000000        3.4871198889628099E-002   2.2131827430714435E-011
   54.500000000000000        3.5032267639991566E-002   2.1780280485474891E-011
   55.000000000000000        3.5192599221995524E-002   2.1413107341331621E-011
   55.500000000000000        3.5352203665401115E-002   2.1030459651102748E-011
   56.000000000000000        3.5511090774573512E-002   2.0632492269963064E-011
   56.500000000000000        3.5669270135510203E-002   2.0219362920514528E-011
   57.000000000000000        3.5826751122589949E-002   1.9791231867980194E-011
   57.500000000000000        3.5983542905055919E-002   1.9348261605546531E-011
   58.000000000000000        3.6139654453245677E-002   1.8890616549859639E-011
   58.500000000000000        3.6295094544579985E-002   1.8418462746661485E-011
   59.000000000000000        3.6449871769321768E-002   1.7931967586535692E-011
   59.500000000000000        3.6603994536115861E-002   1.7431299530715793E-011
   60.000000000000000        3.6757471077319775E-002   1.6916627846893567E-011
   60.500000000000000        3.6910309454134899E-002   1.6388122354951233E-011
   61.000000000000000        3.7062517561547277E-002   1.5845953182527912E-011
   61.500000000000000        3.7214103133086519E-002   1.5290290530319148E-011
   62.000000000000000        3.7365073745410968E-002   1.4721304446995836E-011
   62.500000000000000        3.7515436822726719E-002   1.4139164613621080E-011
   63.000000000000000        3.7665199641047968E-002   1.3544040137430514E-011
   63.500000000000000        3.7814369332305406E-002   1.2936099354836714E-011
   64.000000000000000        3.7962952888309413E-002   1.2315509643507605E-011
   64.500000000000000        3.8110957164574071E-002   1.1682437243363585E-011
   65.000000000000000        3.8258388884008170E-002   1.1037047086330231E-011
   65.500000000000000        3.8405254640478559E-002   1.0379502634679199E-011
   66.000000000000000        3.8551560902251411E-002   9.7099657277837294E-012
   66.500000000000000        3.8697314015316356E-002   9.0285964371109728E-012
   67.000000000000000        3.8842520206598334E-002   8.3355529292703664E-012
   67.500000000000000        3.8987185587061809E-002   7.6309913369326894E-012
   68.000000000000000        3.9131316154711687E-002   6.9150656374322752E-012
   68.500000000000000        3.9274917797495132E-002   6.1879275388628217E-012
   69.000000000000000        3.9417996296108204E-002   5.4497263734752775E-012
   69.500000000000000        3.9560557326711161E-002   4.7006089981839936E-012
   70.000000000000000        3.9702606463556014E-002   3.9407197019882546E-012
   70.500000000000000        3.9844149181529773E-002   3.1702001201134516E-012
   71.000000000000000        3.9985190858616640E-002   2.3891891546782744E-012
   71.500000000000000        4.0125736778282337E-002   1.5978229016924667E-012
   72.000000000000000        4.0265792131783523E-002   7.9623458419116300E-013
   72.500000000000000        4.0405362020405164E-002   0.0000000000000000     
   73.000000000000000        4.0544451457628576E-002   0.0000000000000000     
   73.500000000000000        4.0683065371232778E-002   0.0000000000000000     
   74.000000000000000        4.0821208605331616E-002   0.0000000000000000     
   74.500000000000000        4.0958885922349010E-002   0.0000000000000000     
   75.000000000000000        4.1096102004934722E-002   0.0000000000000000     
   75.500000000000000        4.1232861457822692E-002   0.0000000000000000     
   76.000000000000000        4.1369168809634066E-002   0.0000000000000000     
   76.500000000000000        4.1505028514626993E-002   0.0000000000000000     
   77.000000000000000        4.1640444954394999E-002   0.0000000000000000     
   77.500000000000000        4.1775422439515791E-002   0.0000000000000000     
   78.000000000000000        4.1909965211152346E-002   0.0000000000000000     
   78.500000000000000        4.2044077442607776E-002   0.0000000000000000     
   79.000000000000000        4.2177763240835803E-002   0.0000000000000000     
   79.500000000000000        4.2311026647908229E-002   0.0000000000000000     
   80.000000000000000        4.2443871642440914E-002   0.0000000000000000     
   80.500000000000000        4.2576302140979787E-002   0.0000000000000000     
   81.000000000000000        4.2708321999348091E-002   0.0000000000000000     
   81.500000000000000        4.2839935013956311E-002   0.0000000000000000     
   82.000000000000000        4.2971144923075993E-002   0.0000000000000000     
   82.500000000000000        4.3101955408078645E-002   0.0000000000000000     
   83.000000000000000        4.3232370094640891E-002   0.0000000000000000     
   83.500000000000000        4.3362392553917044E-002   0.0000000000000000     
   84.000000000000000        4.3492026303680084E-002   0.0000000000000000     
   84.500000000000000        4.3621274809432148E-002   0.0000000000000000     
   85.000000000000000        4.3750141485485505E-002   0.0000000000000000     
   85.500000000000000        4.3878629696014887E-002   0.0000000000000000     
   86.000000000000000        4.4006742756082275E-002   0.0000000000000000     
   86.500000000000000        4.4134483932634805E-002   0.0000000000000000     
   87.000000000000000        4.4261856445476845E-002   0.0000000000000000     
   87.500000000000000        4.4388863468216889E-002   0.0000000000000000     
   88.000000000000000        4.4515508129190216E-002   0.0000000000000000     
   88.500000000000000        4.4641793512357898E-002   0.0000000000000000     
   89.000000000000000        4.4767722658183094E-002   0.0000000000000000     
   89.500000000000000        4.4893298564485103E-002   0.0000000000000000     
   90.000000000000000        4.5018524187272063E-002   0.0000000000000000     
   90.500000000000000        4.5143402441552849E-002   0.0000000000000000     
   91.000000000000000        4.5267936202128767E-002   0.0000000000000000     
   91.500000000000000        4.5392128304365724E-002   0.0000000000000000     
   92.000000000000000        4.5515981544947487E-002   0.0000000000000000     
   92.500000000000000        4.5639498682610434E-002   0.0000000000000000     
   93.000000000000000        4.5762682438860600E-002   0.0000000000000000     
   93.500000000000000        4.5885535498673219E-002   0.0000000000000000     
   94.000000000000000        4.6008060511175647E-002   0.0000000000000000     
   94.500000000000000        4.6130260090313818E-002   0.0000000000000000     
   95.000000000000000        4.6252136815502914E-002   0.0000000000000000     
   95.500000000000000        4.6373693232262619E-002   0.0000000000000000     
   96.000000000000000        4.6494931852837464E-002   0.0000000000000000     
   96.500000000000000        4.6615855156802603E-002   0.0000000000000000     
   97.000000000000000        4.6736465591655514E-002   0.0000000000000000     
   97.500000000000000        4.6856765573393994E-002   0.0000000000000000     
   98.000000000000000        4.6976757487080779E-002   0.0000000000000000     
   98.500000000000000        4.7096443687395337E-002   0.0000000000000000     
   99.000000000000000        4.7215826499172928E-002   0.0000000000000000     
   99.500000000000000        4.7334908217931508E-002   0.0000000000000000     
   100.00000000000000        4.7453691110386768E-002   0.0000000000000000     
 Total integrated eventrate (events)   1.0175661559452543E-015 pm   9.6173243005490788E-024
 Event rate spectra written to eventrate_spectra.dat
 Compute time (s)   9.48499981E-03
 6-J Table Lookup min/max requested:           0           4
