 %%%%%%%%%%%%%%%%%%%%%%%%%%%%%%%%%%%%%%%%%%%%%%%%%%%%%%%%%%%%%%%%%%%%%%%%%%%%%%%
 Welcome to our FORTAN 90 implementation of the WIMP-nucleon scattering code.
 Based on the Mathematica script described in arXiv:1308.6288 (2003).
   VERSION 1.4 UPDATED: 2021.01.15 @ SDSU
   Dev. contact: cjohnson@sdsu.edu
                  ogorton@sdsu.edu
 %%%%%%%%%%%%%%%%%%%%%%%%%%%%%%%%%%%%%%%%%%%%%%%%%%%%%%%%%%%%%%%%%%%%%%%%%%%%%%%
 
 Select an option:
 [1] Event rate per unit recoil energy (spectra)
 [2] Differential cross section per recoil energy
 [3] Scattering probability
 [4] (*) Total cross section
 [5] Total scattering events per detector (does not produce spectra data)
 [6] Nuclear response function test
  
 (*) Not available in this release.
  
 Enter the target proton number 
  
 Enter the target neutron number 
 Setting default parameter values.
  
 Enter name of control file (.control):
 %%%%%%%%%%%%%%%%%%%%%%%%%%%%%%%%%%%%%%%%%%%%%%%%%%%%%%%%%%%%%%%%%%%%%%%%%%%%%%%
 Reading control file.
 # Coefficient matrix (non-relativistic)
 # Ommitted values are assumed to be 0.0.
 # c_i^t
 # i = 1,...,16
 # t: p=proton n=neutron s=scaler v=vector
 #control name	 i	coupling	c_i^t
 n           5   4.8000000000000001E-004
 wimpmass: Set dark matter particle mass to   500.00000000000000     
 vearth: Set velocity of earth in galactic frame set to   232.00000000000000     
 maxwellv0: Set velocity distribution scaling to   220.00000000000000     
 vescape: Set escape velocity to   550.00000000000000     
 dmdens: Set local dark matter density to  0.29999999999999999     
 Invalid keyword "intpoints". Ignoring.
 ntscale: Set target nuclei mass density scaling to   2500.0000000000000     
 Problem reading in control command. This command will be ignored:
 hofrequency na                                                                                      
 End of control file.
 
 Converting EFT coefficients isospin <=> proton-neutron formalism.
 s           5   4.8000000000000001E-004
 v           5  -4.8000000000000001E-004
 p           5   0.0000000000000000     
 n           5   4.8000000000000001E-004
 Normalizing EFT coefficients.
  
  Enter name of one-body density file (.dres) 
 c12ck.dres
 Valence Z, N:
           4           4
 Looking for orbitals.
 Found single particle state quantum numbers.
 Valence orbitals:
 ORBIT      N      L      2 x J
           1           0           1           1
           2           0           1           3
 Number of valence orbitals:
           2
 Max. valence occupancy:
           6
 Corrected valence particles Z, N:
           4           4
 Inert core inferred from valence particles:
 He-4 core.
 Number of core orbitals:
           1
 Core orbitals:
 ORBIT      N      L      2 x J
           3           0           0           1
 Density matrix allocated, size:         198
 Density matrix is in explicit proton-neutron format.
 Filling core orbitals.
 Orbital           3   1.41421354    
 %%%%%%%%%%%%%%%%%%%%%%%%%%%%%%%%%%%%%%%%%%%%%%%%%%%%%%%%%%%%%%%%%%%%%%%%%%%%%%%
 Control file settings used:
wimpmass                      500.0000000000
vearth                        232.0000000000
maxwellv0                     220.0000000000
vescape                       550.0000000000
dmdens                          0.3000000000
intpoints                    1000.0000000000
usemomentum                     0.0000000000
useenergyfile                   0.0000000000
ntscale                      2500.0000000000
 
 Parameters used in this calculation:
femtometer =                   5.067700
GeV =                          1.000000
kev =                          0.000001
b (fm)                         1.669028
b (1/GeV)                      8.458131
Nucleon mass (GeV)             0.938272
WIMP spin                      0.500000
WIMP mass (GeV)              500.000000
Target J                      0
Target T                      0
Target Mt                     0
Target Z,N                    6   6
Target atomic mass            12.000000
System reduced mass           11.011306
Target mass density (1/GeV)    0.088816
Local WIMP density (GeV/cm^3)  0.300000
v0 (km/s)                    220.000000
ve (km/s)                    232.000000
v escape (km/s)                   550.000000
 
 EFT coupling coefficients:
i          p           n           s           v
 5  0.0000E+00 0.1584E-04 0.1584E-04-0.1584E-04
 %%%%%%%%%%%%%%%%%%%%%%%%%%%%%%%%%%%%%%%%%%%%%%%%%%%%%%%%%%%%%%%%%%%%%%%%%%%%%%%
--------------------------------------------------------------------------------
 Generating Wigner six-J look-up table
min Jx2:   -2
max Jx2:   12
--------------------------------------------------------------------------------
 Table max 2J:          12
 Jx2=          -2
 Jx2=          -1
 Jx2=           0
 Jx2=           1
 Jx2=           2
 Jx2=           3
 Jx2=           4
 Jx2=           5
 Jx2=           6
 Jx2=           7
 Jx2=           8
 Jx2=           9
 Jx2=          10
 Jx2=          11
 Jx2=          12
 Tables have been saved to memory. Mem. used (MB):   38.6144714    
 Time:  0.257815987    
 Computing differential event rate spectra
 What is the range of recoil energies in kev?
 Enter starting energy, stoping energy, step size:
 E min  (kev)   1.0000000000000000     
 E max  (kev)   100.00000000000000     
 E step (kev)  0.50000000000000000     
 Number of event rates to compute:         199
 E-recoil (kev)              q-transfer (gev/c)        Eventrate (events/gev)
   1.0000000000000000        4.7453691110386767E-003   1.8436599228819923E-009
   1.5000000000000000        5.8118664816046830E-003   2.6936267461990494E-009
   2.0000000000000000        6.7109653552972536E-003   3.4976958508698660E-009
   2.5000000000000000        7.5030873645453439E-003   4.2573417784855677E-009
   3.0000000000000000        8.2192204009869443E-003   4.9740116200912898E-009
   3.5000000000000000        8.8777726936433779E-003   5.6491247097116594E-009
   4.0000000000000000        9.4907382220773533E-003   6.2840723790216923E-009
   4.5000000000000000        1.0066448032945881E-002   6.8802177693769815E-009
   5.0000000000000000        1.0610967910610229E-002   7.4388956975909633E-009
   5.5000000000000000        1.1128877032297554E-002   7.9614125720143144E-009
   6.0000000000000000        1.1623732963209366E-002   8.4490463556325366E-009
   6.5000000000000000        1.2098364848193328E-002   8.9030465730525239E-009
   7.0000000000000000        1.2555066547015988E-002   9.3246343583977518E-009
   7.5000000000000000        1.2995728529020603E-002   9.7150025412749415E-009
   8.0000000000000000        1.3421930710594507E-002   1.0075315768112327E-008
   8.5000000000000000        1.3835009504875664E-002   1.0406710656301827E-008
   9.0000000000000000        1.4236107333116031E-002   1.0710295978704233E-008
   9.5000000000000000        1.4626209898671631E-002   1.0987152876198250E-008
   10.000000000000000        1.5006174729090688E-002   1.1238335096071053E-008
   10.500000000000000        1.5376753363437941E-002   1.1464869254160129E-008
   11.000000000000000        1.5738608833057641E-002   1.1667755118763693E-008
   11.500000000000000        1.6092329601397060E-002   1.1847965914440001E-008
   12.000000000000000        1.6438440801973889E-002   1.2006448643914670E-008
   12.500000000000000        1.6777413388243137E-002   1.2144124426409871E-008
   13.000000000000000        1.7109671650852917E-002   1.2261888850799739E-008
   13.500000000000000        1.7435599444814050E-002   1.2360612342083286E-008
   14.000000000000000        1.7755545387286756E-002   1.2441140539749293E-008
   14.500000000000000        1.8069827226622839E-002   1.2504294686686763E-008
   15.000000000000000        1.8378735538659888E-002   1.2550872027371084E-008
   15.500000000000000        1.8682536872705484E-002   1.2581646214128403E-008
   16.000000000000000        1.8981476444154707E-002   1.2597367720350251E-008
   16.500000000000000        1.9275780451125706E-002   1.2598764259597065E-008
   17.000000000000000        1.9565658077355844E-002   1.2586541209592425E-008
   17.500000000000000        1.9851303231778007E-002   1.2561382040170541E-008
   18.000000000000000        2.0132896065891762E-002   1.2523948744297244E-008
   18.500000000000000        2.0410604302665808E-002   1.2474882271339876E-008
   19.000000000000000        2.0684584404817033E-002   1.2414802961814035E-008
   19.500000000000000        2.0954982605576173E-002   1.2344310982885300E-008
   20.000000000000000        2.1221935821220457E-002   1.2263986763951703E-008
   20.500000000000000        2.1485572461537997E-002   1.2174391431678292E-008
   21.000000000000000        2.1746013151840042E-002   1.2076067243898313E-008
   21.500000000000000        2.2003371378041137E-002   1.1969538021836894E-008
   22.000000000000000        2.2257754064595108E-002   1.1855309580151972E-008
   22.500000000000000        2.2509262093636032E-002   1.1733870154324975E-008
   23.000000000000000        2.2757990772473743E-002   1.1605690824968386E-008
   23.500000000000000        2.3004030255587823E-002   1.1471225938651849E-008
   24.000000000000000        2.3247465926418732E-002   1.1330913524879473E-008
   24.500000000000000        2.3488378743540390E-002   1.1185175708881796E-008
   25.000000000000000        2.3726845555193384E-002   1.1034419119914584E-008
   25.500000000000000        2.3962939385642985E-002   1.0879035294783272E-008
   26.000000000000000        2.4196729696386657E-002   1.0719401076338272E-008
   26.500000000000000        2.4428282624859243E-002   1.0555879006710319E-008
   27.000000000000000        2.4657661202960836E-002   1.0388817715078063E-008
   27.500000000000000        2.4884925557453450E-002   1.0218552299782124E-008
   28.000000000000000        2.5110133094031976E-002   1.0045404704620187E-008
   28.500000000000000        2.5333338666666105E-002   9.8696840891770864E-009
   29.000000000000000        2.5554594733628630E-002   9.6916871930623713E-009
   29.500000000000000        2.5773951501467524E-002   9.5116986939448089E-009
   30.000000000000000        2.5991457058041206E-002   9.3299915592896035E-009
   30.500000000000000        2.6207157495615582E-002   9.1468273917195072E-009
   31.000000000000000        2.6421097024915526E-002   8.9624567679350875E-009
   31.500000000000000        2.6633318080930134E-002   8.7771195711431408E-009
   32.000000000000000        2.6843861421189014E-002   8.5910453169546666E-009
   32.500000000000000        2.7052766217154207E-002   8.4044534727257171E-009
   33.000000000000000        2.7260070139308149E-002   8.2175537703255982E-009
   33.500000000000000        2.7465809436461180E-002   8.0305465123269733E-009
   34.000000000000000        2.7670019009751329E-002   7.8436228716224387E-009
   34.500000000000000        2.7872732481764324E-002   7.6569651844807475E-009
   35.000000000000000        2.8073982261161312E-002   7.4707472370645074E-009
   35.500000000000000        2.8273799603166179E-002   7.2851345454388048E-009
   36.000000000000000        2.8472214666232062E-002   7.1002846291074067E-009
   36.500000000000000        2.8669256565177968E-002   6.9163472781199259E-009
   37.000000000000000        2.8864953421060633E-002   6.7334648137994115E-009
   37.500000000000000        2.9059332408023414E-002   6.5517723431456100E-009
   38.000000000000000        2.9252419797343263E-002   6.3713980069740647E-009
   38.500000000000000        2.9444240998877862E-002   6.1924632218564797E-009
   39.000000000000000        2.9634820600098120E-002   6.0150829159315188E-009
   39.500000000000000        2.9824182402875689E-002   5.8393657586597664E-009
   40.000000000000000        3.0012349458181375E-002   5.6654143845997213E-009
   40.500000000000000        3.0199344098837642E-002   5.4933256112851866E-009
   41.000000000000000        3.0385187970456921E-002   5.3231906512872786E-009
   41.500000000000000        3.0569902060687076E-002   5.1550953185467205E-009
   42.000000000000000        3.0753506726875882E-002   4.9891202290647315E-009
   42.500000000000000        3.0936021722257692E-002   4.8253409960424409E-009
   43.000000000000000        3.1117466220757756E-002   4.6638284195607630E-009
   43.500000000000000        3.1297858840502173E-002   4.5046486708942888E-009
   44.000000000000000        3.1477217666115283E-002   4.3478634715535613E-009
   44.500000000000000        3.1655560269879916E-002   4.1935302671517688E-009
   45.000000000000000        3.1832903731830682E-002   4.0417023961922628E-009
   45.500000000000000        3.2009264658845259E-002   3.8924292538742589E-009
   46.000000000000000        3.2184659202794119E-002   3.7457564510143859E-009
   46.500000000000000        3.2359103077804860E-002   3.6017259681822149E-009
   47.000000000000000        3.2532611576693321E-002   3.4603763051478494E-009
   47.500000000000000        3.2705199586610077E-002   3.3217426257399686E-009
   48.000000000000000        3.2876881603947777E-002   3.1858568982121838E-009
   48.500000000000000        3.3047671748551367E-002   3.0527480312157776E-009
   49.000000000000000        3.3217583777270736E-002   2.9224420054760505E-009
   49.500000000000000        3.3386631096892661E-002   2.7949620012693519E-009
   50.000000000000000        3.3554826776486274E-002   2.6703285217971333E-009
   50.500000000000000        3.3722183559194388E-002   2.5485595125527201E-009
   51.000000000000000        3.3888713873500717E-002   2.4296704767756314E-009
   51.500000000000000        3.4054429844001199E-002   2.3136745870876111E-009
   52.000000000000000        3.4219343301705833E-002   2.2005827934033987E-009
   52.500000000000000        3.4383465793895764E-002   2.0904039272084533E-009
   53.000000000000000        3.4546808593558971E-002   1.9831448022945917E-009
   53.500000000000000        3.4709382708426259E-002   1.8788103120436183E-009
   54.000000000000000        3.4871198889628099E-002   1.7774035233476515E-009
   54.500000000000000        3.5032267639991566E-002   1.6789257672538279E-009
   55.000000000000000        3.5192599221995524E-002   1.5833767264196123E-009
   55.500000000000000        3.5352203665401115E-002   1.4907545194638307E-009
   56.000000000000000        3.5511090774573512E-002   1.4010557822972100E-009
   56.500000000000000        3.5669270135510203E-002   1.3142757465146716E-009
   57.000000000000000        3.5826751122589949E-002   1.2304083149305755E-009
   57.500000000000000        3.5983542905055919E-002   1.1494461343363690E-009
   58.000000000000000        3.6139654453245677E-002   1.0713806655590132E-009
   58.500000000000000        3.6295094544579985E-002   9.9620225089686420E-010
   59.000000000000000        3.6449871769321768E-002   9.2390017900846414E-010
   59.500000000000000        3.6603994536115861E-002   8.5446274732809662E-010
   60.000000000000000        3.6757471077319775E-002   7.8787732208062521E-010
   60.500000000000000        3.6910309454134899E-002   7.2413039596659876E-010
   61.000000000000000        3.7062517561547277E-002   6.6320764358723257E-010
   61.500000000000000        3.7214103133086519E-002   6.0509397467733210E-010
   62.000000000000000        3.7365073745410968E-002   5.4977358521285177E-010
   62.500000000000000        3.7515436822726719E-002   4.9723000645832146E-010
   63.000000000000000        3.7665199641047968E-002   4.4744615201787774E-010
   63.500000000000000        3.7814369332305406E-002   4.0040436295228465E-010
   64.000000000000000        3.7962952888309413E-002   3.5608645102284710E-010
   64.500000000000000        3.8110957164574071E-002   3.1447374012175635E-010
   65.000000000000000        3.8258388884008170E-002   2.7554710594694072E-010
   65.500000000000000        3.8405254640478559E-002   2.3928701397820090E-010
   66.000000000000000        3.8551560902251411E-002   2.0567355580994180E-010
   66.500000000000000        3.8697314015316356E-002   1.7468648389451238E-010
   67.000000000000000        3.8842520206598334E-002   1.4630524474882924E-010
   67.500000000000000        3.8987185587061809E-002   1.2050901067557646E-010
   68.000000000000000        3.9131316154711687E-002   9.7276710049035771E-011
   68.500000000000000        3.9274917797495132E-002   7.6587056214257496E-011
   69.000000000000000        3.9417996296108204E-002   5.8418575047054197E-011
   69.500000000000000        3.9560557326711161E-002   4.2749631221009523E-011
   70.000000000000000        3.9702606463556014E-002   2.9558453226480893E-011
   70.500000000000000        3.9844149181529773E-002   1.8823157185368661E-011
   71.000000000000000        3.9985190858616640E-002   1.0521769504212429E-011
   71.500000000000000        4.0125736778282337E-002   4.6322484070208635E-012
   72.000000000000000        4.0265792131783523E-002   1.1325043880756430E-012
   72.500000000000000        4.0405362020405164E-002   0.0000000000000000     
   73.000000000000000        4.0544451457628576E-002   0.0000000000000000     
   73.500000000000000        4.0683065371232778E-002   0.0000000000000000     
   74.000000000000000        4.0821208605331616E-002   0.0000000000000000     
   74.500000000000000        4.0958885922349010E-002   0.0000000000000000     
   75.000000000000000        4.1096102004934722E-002   0.0000000000000000     
   75.500000000000000        4.1232861457822692E-002   0.0000000000000000     
   76.000000000000000        4.1369168809634066E-002   0.0000000000000000     
   76.500000000000000        4.1505028514626993E-002   0.0000000000000000     
   77.000000000000000        4.1640444954394999E-002   0.0000000000000000     
   77.500000000000000        4.1775422439515791E-002   0.0000000000000000     
   78.000000000000000        4.1909965211152346E-002   0.0000000000000000     
   78.500000000000000        4.2044077442607776E-002   0.0000000000000000     
   79.000000000000000        4.2177763240835803E-002   0.0000000000000000     
   79.500000000000000        4.2311026647908229E-002   0.0000000000000000     
   80.000000000000000        4.2443871642440914E-002   0.0000000000000000     
   80.500000000000000        4.2576302140979787E-002   0.0000000000000000     
   81.000000000000000        4.2708321999348091E-002   0.0000000000000000     
   81.500000000000000        4.2839935013956311E-002   0.0000000000000000     
   82.000000000000000        4.2971144923075993E-002   0.0000000000000000     
   82.500000000000000        4.3101955408078645E-002   0.0000000000000000     
   83.000000000000000        4.3232370094640891E-002   0.0000000000000000     
   83.500000000000000        4.3362392553917044E-002   0.0000000000000000     
   84.000000000000000        4.3492026303680084E-002   0.0000000000000000     
   84.500000000000000        4.3621274809432148E-002   0.0000000000000000     
   85.000000000000000        4.3750141485485505E-002   0.0000000000000000     
   85.500000000000000        4.3878629696014887E-002   0.0000000000000000     
   86.000000000000000        4.4006742756082275E-002   0.0000000000000000     
   86.500000000000000        4.4134483932634805E-002   0.0000000000000000     
   87.000000000000000        4.4261856445476845E-002   0.0000000000000000     
   87.500000000000000        4.4388863468216889E-002   0.0000000000000000     
   88.000000000000000        4.4515508129190216E-002   0.0000000000000000     
   88.500000000000000        4.4641793512357898E-002   0.0000000000000000     
   89.000000000000000        4.4767722658183094E-002   0.0000000000000000     
   89.500000000000000        4.4893298564485103E-002   0.0000000000000000     
   90.000000000000000        4.5018524187272063E-002   0.0000000000000000     
   90.500000000000000        4.5143402441552849E-002   0.0000000000000000     
   91.000000000000000        4.5267936202128767E-002   0.0000000000000000     
   91.500000000000000        4.5392128304365724E-002   0.0000000000000000     
   92.000000000000000        4.5515981544947487E-002   0.0000000000000000     
   92.500000000000000        4.5639498682610434E-002   0.0000000000000000     
   93.000000000000000        4.5762682438860600E-002   0.0000000000000000     
   93.500000000000000        4.5885535498673219E-002   0.0000000000000000     
   94.000000000000000        4.6008060511175647E-002   0.0000000000000000     
   94.500000000000000        4.6130260090313818E-002   0.0000000000000000     
   95.000000000000000        4.6252136815502914E-002   0.0000000000000000     
   95.500000000000000        4.6373693232262619E-002   0.0000000000000000     
   96.000000000000000        4.6494931852837464E-002   0.0000000000000000     
   96.500000000000000        4.6615855156802603E-002   0.0000000000000000     
   97.000000000000000        4.6736465591655514E-002   0.0000000000000000     
   97.500000000000000        4.6856765573393994E-002   0.0000000000000000     
   98.000000000000000        4.6976757487080779E-002   0.0000000000000000     
   98.500000000000000        4.7096443687395337E-002   0.0000000000000000     
   99.000000000000000        4.7215826499172928E-002   0.0000000000000000     
   99.500000000000000        4.7334908217931508E-002   0.0000000000000000     
   100.00000000000000        4.7453691110386768E-002   0.0000000000000000     
 Total integrated eventrate (events)   4.3500339411660207E-013 pm   4.5011813203305001E-020
 Event rate spectra written to eventrate_spectra.dat
 Compute time (s)   5.07100020E-03
 6-J Table Lookup min/max requested:           0           3
