 %%%%%%%%%%%%%%%%%%%%%%%%%%%%%%%%%%%%%%%%%%%%%%%%%%%%%%%%%%%%%%%%%%%%%%%%%%%%%%%
 Welcome to our FORTAN 90 implementation of the WIMP-nucleon scattering code.
 Based on the Mathematica script described in arXiv:1308.6288 (2003).
   VERSION 1.4 UPDATED: 2021.01.15 @ SDSU
   Dev. contact: cjohnson@sdsu.edu
                  ogorton@sdsu.edu
 %%%%%%%%%%%%%%%%%%%%%%%%%%%%%%%%%%%%%%%%%%%%%%%%%%%%%%%%%%%%%%%%%%%%%%%%%%%%%%%
 
 Select an option:
 [1] Event rate per unit recoil energy (spectra)
 [2] (*) Scattering probability
 [3] (*) Differential cross section per recoil energy
 [4] (*) Total cross section
 [5] Total scattering events per detector (does not produce spectra data)
  
 (*) Not available in this release.
  
 Enter the target proton number 
  
 Enter the target neutron number 
 Setting default parameter values.
  
 Enter name of control file (.control):
 %%%%%%%%%%%%%%%%%%%%%%%%%%%%%%%%%%%%%%%%%%%%%%%%%%%%%%%%%%%%%%%%%%%%%%%%%%%%%%%
 Reading control file.
 Possible keywords:
 coefnonrel
 vearth
 dmdens
 quadtype
 intpoints
 gev
 femtometer
 wimpmass
 vescape
 ntarget
 weakmscale
 vscale
 mnucleon
 dmspin
 
 # Coefficient matrix (non-relativistic)
 # Ommitted values are assumed to be 0.0.
 # c_i^t
 # i = 1,...,16
 # t: p=proton n=neutron s=scaler v=vector
 #control name	 i	coupling	c_i^t
 n          15   4.8000000000000001E-004
 wimpmass: Set dark matter particle mass to   500.00000000000000     
 vearth: Set velocity of earth in galactic frame set to   232.00000000000000     
 maxwellv0: Set velocity distribution scaling to   220.00000000000000     
 vescape: Set escape velocity to   550.00000000000000     
 dmdens: Set local dark matter density to  0.29999999999999999     
 intpoints: Set number of integral lattice points to        1000
 ntscale: Set target nuclei mass density scaling to   2500.0000000000000     
 End of control file.
 
 Converting EFT coefficients isospin <=> proton-neutron formalism.
 s          15   4.8000000000000001E-004
 v          15  -4.8000000000000001E-004
 p          15   0.0000000000000000     
 n          15   4.8000000000000001E-004
 Normalizing EFT coefficients.
  
  Enter name of one-body density file (.dres) 
 c12ck.dres
 Valence Z, N:
           4           4
 Looking for orbitals.
 Found single particle state quantum numbers.
 Valence orbitals:
 ORBIT      N      L      2 x J
           1           0           1           1
           2           0           1           3
 Number of valence orbitals:
           2
 Max. valence occupancy:
           6
 Inert core inferred from valence particles:
 He-4 core.
 Number of core orbitals:
           1
 Core orbitals:
 ORBIT      N      L      2 x J
           3           0           0           1
 Density matrix allocated, size:         198
 Density matrix is in explicit proton-neutron format.
 Filling core orbitals.
 %%%%%%%%%%%%%%%%%%%%%%%%%%%%%%%%%%%%%%%%%%%%%%%%%%%%%%%%%%%%%%%%%%%%%%%%%%%%%%%
 Parameters used in this calculation:
 femtometer =   5.0677000000000003     
 GeV =    1.0000000000000000     
 kev =    9.9999999999999995E-007
 b (dimless)   1.6690275306058171     
 b (fm)   8.4581308168510994     
 Nucleon mass (GeV)  0.93827199999999999     
 WIMP spin  0.50000000000000000     
 WIMP mass (GeV)   500.00000000000000     
 Target J           0
 Target T           0
 Target Mt           0
 Target Z,N           6           6
 Target atomic mass   12.000000000000000     
 System reduced mass   11.011305606386038     
 Target mass density (1/GeV)   8.8815752077578067E-002
 Local WIMP density (GeV/cm^3)  0.29999999999999999     
 v0 (km/s)   220.00000000000000     
 ve (km/s)   232.00000000000000     
 v escape (km/s)   550.00000000000000     
 Integral lattice size =         1000
 EFT coupling coefficients:
 i    p    n    s    v
i          p           n           s           v
15  0.0000E+00 0.1688E-04 0.1688E-04-0.1688E-04
 %%%%%%%%%%%%%%%%%%%%%%%%%%%%%%%%%%%%%%%%%%%%%%%%%%%%%%%%%%%%%%%%%%%%%%%%%%%%%%%
 Computing differential event rate spectra
 What is the range of recoil energies in kev?
 Enter starting energy, stoping energy, step size:
 E min  (kev)   1.0000000000000000     
 E max  (kev)   100.00000000000000     
 E step (kev)  0.10000000000000001     
 Number of event rates to compute:         991
 E-recoil (kev)              q-transfer (gev/c)        Eventrate (events/gev)
   1.0000000000000000        4.7453691110386767E-003   3.0553417254075072E-015
   1.1000000000000001        4.9769851114906906E-003   4.0498085046409015E-015
   1.2000000000000000        5.1982914116082413E-003   5.2359299671010623E-015
   1.3000000000000000        5.4105532434308417E-003   6.6293482727785084E-015
   1.3999999999999999        5.6147964522322621E-003   8.2454167998653379E-015
   1.5000000000000000        5.8118664816046830E-003   1.0099202134193388E-014
   1.6000000000000001        6.0024698916362751E-003   1.2205486068463182E-014
   1.7000000000000000        6.1872043444515393E-003   1.4578767610754204E-014
   1.8000000000000000        6.3665807463661375E-003   1.7233265001823312E-014
   1.9000000000000001        6.5410399173220155E-003   2.0182917740711294E-014
   2.0000000000000000        6.7109653552972536E-003   2.3441388618189114E-014
   2.1000000000000001        6.8766931587791527E-003   2.7022065757586781E-014
   2.2000000000000002        7.0385198443991054E-003   3.0938064662558147E-014
   2.3000000000000003        7.1967085810111832E-003   3.5202230271342435E-014
   2.3999999999999999        7.3514942154639558E-003   3.9827139017096348E-014
   2.5000000000000000        7.5030873645453439E-003   4.4825100893871584E-014
   2.6000000000000001        7.6516777768016343E-003   5.0208161527830919E-014
   2.7000000000000002        7.7974371174123619E-003   5.5988104253295692E-014
   2.8000000000000003        7.9405212927112032E-003   6.2176452193226886E-014
   2.8999999999999999        8.0810724040810324E-003   6.8784470343754383E-014
   3.0000000000000000        8.2192204009869443E-003   7.5823167662368438E-014
   3.1000000000000001        8.3550844879031593E-003   8.3303299159403522E-014
   3.2000000000000002        8.4887743284881821E-003   9.1235367992441172E-014
   3.3000000000000003        8.6203910816157296E-003   9.9629627563276737E-014
   3.4000000000000004        8.7500282970971004E-003   1.0849608361709221E-013
   3.5000000000000000        8.8777726936433779E-003   1.1784449634349039E-013
   3.6000000000000001        9.0037048374544144E-003   1.2768438247904685E-013
   3.7000000000000002        9.1278997365220882E-003   1.3802501741104886E-013
   3.8000000000000003        9.2504273631005829E-003   1.4887543728209101E-013
   3.9000000000000004        9.3713531146787984E-003   1.6024444109520663E-013
   4.0000000000000000        9.4907382220773533E-003   1.7214059281921716E-013
   4.1000000000000005        9.6086401118992901E-003   1.8457222349399651E-013
   4.2000000000000002        9.7251127294237568E-003   1.9754743333533849E-013
   4.2999999999999998        9.8402068270946417E-003   2.1107409383913592E-013
   4.4000000000000004        9.9539702229813811E-003   2.2515984988457802E-013
   4.5000000000000000        1.0066448032945881E-002   2.3981212183607392E-013
   4.6000000000000005        1.0177682879712848E-002   2.5503810764364031E-013
   4.7000000000000002        1.0287715081591247E-002   2.7084478494145042E-013
   4.7999999999999998        1.0396582823216483E-002   2.8723891314430248E-013
   4.9000000000000004        1.0504322310363481E-002   3.0422703554172307E-013
   5.0000000000000000        1.0610967910610229E-002   3.2181548138946198E-013
   5.1000000000000005        1.0716552281400955E-002   3.4001036799811498E-013
   5.2000000000000002        1.0821106486861683E-002   3.5881760281863344E-013
   5.2999999999999998        1.0924660104552453E-002   3.7824288552447067E-013
   5.4000000000000004        1.1027241323195934E-002   3.9829171009013247E-013
   5.5000000000000000        1.1128877032297554E-002   4.1896936686590331E-013
   5.6000000000000005        1.1229592904464524E-002   4.4028094464850975E-013
   5.7000000000000002        1.1329413471137860E-002   4.6223133274750034E-013
   5.8000000000000007        1.1428362192370348E-002   4.8482522304713506E-013
   5.9000000000000004        1.1526461521212830E-002   5.0806711206355825E-013
   6.0000000000000000        1.1623732963209366E-002   5.3196130299704795E-013
   6.1000000000000005        1.1720197131447918E-002   5.5651190777914445E-013
   6.2000000000000002        1.1815873797565714E-002   5.8172284911445398E-013
   6.3000000000000007        1.1910781939066806E-002   6.0759786251692119E-013
   6.4000000000000004        1.2004939783272550E-002   6.3414049834042118E-013
   6.5000000000000000        1.2098364848193328E-002   6.6135412380341010E-013
   6.6000000000000005        1.2191073980581038E-002   6.8924192500752742E-013
   6.7000000000000002        1.2283083391396478E-002   7.1780690894994850E-013
   6.8000000000000007        1.2374408688903079E-002   7.4705190552927661E-013
   6.9000000000000004        1.2465064909578289E-002   7.7697956954484912E-013
   7.0000000000000000        1.2555066547015988E-002   8.0759238268928645E-013
   7.1000000000000005        1.2644427578977230E-002   8.3889265553410728E-013
   7.2000000000000002        1.2733161492732275E-002   8.7088252950825174E-013
   7.3000000000000007        1.2821281308824014E-002   9.0356397886937815E-013
   7.4000000000000004        1.2908799603371338E-002   9.3693881266776374E-013
   7.5000000000000000        1.2995728529020603E-002   9.7100867670267633E-013
   7.6000000000000005        1.3082079834644031E-002   1.0057750554710721E-012
   7.7000000000000002        1.3167864883875441E-002   1.0412392741084599E-012
   7.8000000000000007        1.3253094672566103E-002   1.0774025003218529E-012
   7.9000000000000004        1.3337779845236613E-002   1.1142657463145907E-012
   8.0000000000000000        1.3421930710594507E-002   1.1518298707030056E-012
   8.0999999999999996        1.3505557256181619E-002   1.1900955804247105E-012
   8.2000000000000011        1.3588669162210109E-002   1.2290634326384554E-012
   8.3000000000000007        1.3671275814641441E-002   1.2687338366154089E-012
   8.4000000000000004        1.3753386317558305E-002   1.3091070556217583E-012
   8.5000000000000000        1.3835009504875664E-002   1.3501832087924974E-012
   8.5999999999999996        1.3916153951433563E-002   1.3919622729963280E-012
   8.7000000000000011        1.3996827983511121E-002   1.4344440846915403E-012
   8.8000000000000007        1.4077039688798211E-002   1.4776283417727929E-012
   8.9000000000000004        1.4156796925858616E-002   1.5215146054086623E-012
   9.0000000000000000        1.4236107333116031E-002   1.5661023018699265E-012
   9.0999999999999996        1.4314978337391922E-002   1.6113907243484253E-012
   9.2000000000000011        1.4393417162022366E-002   1.6573790347664048E-012
   9.3000000000000007        1.4471430834578868E-002   1.7040662655763882E-012
   9.4000000000000004        1.4549026194216573E-002   1.7514513215512626E-012
   9.5000000000000000        1.4626209898671631E-002   1.7995329815647434E-012
   9.5999999999999996        1.4702988430927912E-002   1.8483099003619563E-012
   9.7000000000000011        1.4779368105572038E-002   1.8977806103201428E-012
   9.8000000000000007        1.4855355074854320E-002   1.9479435231994200E-012
   9.9000000000000004        1.4930955334472071E-002   1.9987969318834935E-012
   10.000000000000000        1.5006174729090688E-002   2.0503390121102822E-012
   10.100000000000000        1.5081018957616888E-002   2.1025678241923659E-012
   10.200000000000001        1.5155493578237563E-002   2.1554813147272128E-012
   10.300000000000001        1.5229604013236852E-002   2.2090773182971541E-012
   10.400000000000000        1.5303355553603269E-002   2.2633535591589352E-012
   10.500000000000000        1.5376753363437941E-002   2.3183076529229327E-012
   10.600000000000001        1.5449802484174354E-002   2.3739371082219514E-012
   10.700000000000001        1.5522507838619377E-002   2.4302393283694039E-012
   10.800000000000001        1.5594874234824724E-002   2.4872116130070948E-012
   10.900000000000000        1.5666906369797451E-002   2.5448511597422463E-012
   11.000000000000000        1.5738608833057641E-002   2.6031550657740572E-012
   11.100000000000001        1.5809986110050824E-002   2.6621203295094383E-012
   11.200000000000001        1.5881042585422406E-002   2.7217438521680936E-012
   11.300000000000001        1.5951782546160791E-002   2.7820224393769072E-012
   11.400000000000000        1.6022210184615606E-002   2.8429528027534093E-012
   11.500000000000000        1.6092329601397060E-002   2.9045315614785071E-012
   11.600000000000001        1.6162144808162065E-002   2.9667552438583906E-012
   11.700000000000001        1.6231659730292523E-002   3.0296202888754486E-012
   11.800000000000001        1.6300878209470800E-002   3.0931230477284197E-012
   11.900000000000000        1.6369804006157191E-002   3.1572597853614527E-012
   12.000000000000000        1.6438440801973889E-002   3.2220266819823409E-012
   12.100000000000001        1.6506792201999760E-002   3.2874198345697495E-012
   12.200000000000001        1.6574861736979890E-002   3.3534352583693892E-012
   12.300000000000001        1.6642652865453873E-002   3.4200688883792297E-012
   12.400000000000000        1.6710168975806319E-002   3.4873165808236687E-012
   12.500000000000000        1.6777413388243137E-002   3.5551741146166886E-012
   12.600000000000001        1.6844389356696788E-002   3.6236371928138734E-012
   12.700000000000001        1.6911100070663647E-002   3.6927014440534804E-012
   12.800000000000001        1.6977548656976364E-002   3.7623624239863196E-012
   12.900000000000000        1.7043738181514053E-002   3.8326156166945951E-012
   13.000000000000000        1.7109671650852917E-002   3.9034564360997355E-012
   13.100000000000001        1.7175352013859863E-002   3.9748802273589776E-012
   13.200000000000001        1.7240782163231459E-002   4.0468822682509800E-012
   13.300000000000001        1.7305964936980545E-002   4.1194577705502803E-012
   13.400000000000000        1.7370903119872612E-002   4.1926018813906682E-012
   13.500000000000000        1.7435599444814050E-002   4.2663096846174877E-012
   13.600000000000001        1.7500056594194201E-002   4.3405762021288053E-012
   13.700000000000001        1.7564277201183087E-002   4.4153963952055072E-012
   13.800000000000001        1.7628263850986575E-002   4.4907651658303114E-012
   13.900000000000000        1.7692019082060702E-002   4.5666773579957222E-012
   14.000000000000000        1.7755545387286756E-002   4.6431277590009074E-012
   14.100000000000001        1.7818845215108639E-002   4.7201111007375394E-012
   14.200000000000001        1.7881920970633999E-002   4.7976220609644239E-012
   14.300000000000001        1.7944775016700543E-002   4.8756552645714791E-012
   14.400000000000000        1.8007409674908829E-002   4.9542052848322305E-012
   14.500000000000000        1.8069827226622839E-002   5.0332666446456733E-012
   14.600000000000001        1.8132029913939585E-002   5.1128338177668475E-012
   14.700000000000001        1.8194019940628844E-002   5.1929012300267375E-012
   14.800000000000001        1.8255799473044176E-002   5.2734632605409127E-012
   14.900000000000000        1.8317370641006310E-002   5.3545142429075075E-012
   15.000000000000000        1.8378735538659888E-002   5.4360484663940973E-012
   15.100000000000001        1.8439896225304526E-002   5.5180601771137362E-012
   15.200000000000001        1.8500854726201166E-002   5.6005435791900866E-012
   15.300000000000001        1.8561613033354619E-002   5.6834928359118476E-012
   15.400000000000000        1.8622173106273069E-002   5.7669020708761387E-012
   15.500000000000000        1.8682536872705484E-002   5.8507653691212996E-012
   15.600000000000001        1.8742706229357597E-002   5.9350767782486557E-012
   15.700000000000001        1.8802683042587299E-002   6.0198303095337974E-012
   15.800000000000001        1.8862469149080137E-002   6.1050199390270458E-012
   15.900000000000000        1.8922066356505569E-002   6.1906396086431587E-012
   16.000000000000000        1.8981476444154707E-002   6.2766832272404119E-012
   16.100000000000001        1.9040701163560131E-002   6.3631446716891375E-012
   16.199999999999999        1.9099742239098411E-002   6.4500177879295131E-012
   16.300000000000001        1.9158601368575945E-002   6.5372963920189422E-012
   16.400000000000002        1.9217280223798580E-002   6.6249742711687969E-012
   16.500000000000000        1.9275780451125706E-002   6.7130451847706489E-012
   16.600000000000001        1.9334103672009210E-002   6.8015028654120890E-012
   16.699999999999999        1.9392251483517843E-002   6.8903410198821371E-012
   16.800000000000001        1.9450225458847514E-002   6.9795533301661569E-012
   16.900000000000002        1.9508027147817898E-002   7.0691334544305395E-012
   17.000000000000000        1.9565658077355844E-002   7.1590750279969515E-012
   17.100000000000001        1.9623119751966046E-002   7.2493716643063762E-012
   17.199999999999999        1.9680413654189283E-002   7.3400169558728894E-012
   17.300000000000001        1.9737541245048736E-002   7.4310044752271688E-012
   17.400000000000002        1.9794503964484688E-002   7.5223277758500160E-012
   17.500000000000000        1.9851303231778007E-002   7.6139803930954528E-012
   17.600000000000001        1.9907940445962762E-002   7.7059558451041329E-012
   17.699999999999999        1.9964416986228271E-002   7.7982476337062832E-012
   17.800000000000001        2.0020734212310997E-002   7.8908492453150110E-012
   17.900000000000002        2.0076893464876483E-002   7.9837541518094012E-012
   18.000000000000000        2.0132896065891762E-002   8.0769558114078659E-012
   18.100000000000001        2.0188743318988431E-002   8.1704476695314444E-012
   18.199999999999999        2.0244436509816714E-002   8.2642231596575525E-012
   18.300000000000001        2.0299976906390804E-002   8.3582757041636206E-012
   18.400000000000002        2.0355365759425696E-002   8.4525987151612365E-012
   18.500000000000000        2.0410604302665808E-002   8.5471855953206113E-012
   18.600000000000001        2.0465693753205633E-002   8.6420297386850650E-012
   18.699999999999999        2.0520635311802603E-002   8.7371245314763609E-012
   18.800000000000001        2.0575430163182494E-002   8.8324633528903391E-012
   18.900000000000002        2.0630079476337458E-002   8.9280395758827053E-012
   19.000000000000000        2.0684584404817033E-002   9.0238465679459086E-012
   19.100000000000001        2.0738946087012232E-002   9.1198776918763792E-012
   19.199999999999999        2.0793165646432965E-002   9.2161263065321238E-012
   19.300000000000001        2.0847244191978948E-002   9.3125857675815102E-012
   19.400000000000002        2.0901182818204331E-002   9.4092494282423608E-012
   19.500000000000000        2.0954982605576173E-002   9.5061106400123339E-012
   19.600000000000001        2.1008644620726963E-002   9.6031627533893463E-012
   19.699999999999999        2.1062169916701363E-002   9.7003991185837971E-012
   19.800000000000001        2.1115559533197315E-002   9.7978130862210471E-012
   19.900000000000002        2.1168814496801660E-002   9.8953980080353460E-012
   20.000000000000000        2.1221935821220457E-002   9.9931472375542422E-012
   20.100000000000001        2.1274924507504133E-002   1.0091054130774812E-011
   20.200000000000003        2.1327781544267562E-002   1.0189112046830393E-011
   20.300000000000001        2.1380507907905275E-002   1.0287314348648918E-011
   20.400000000000002        2.1433104562801911E-002   1.0385654403602189E-011
   20.500000000000000        2.1485572461537997E-002   1.0484125584146679E-011
   20.600000000000001        2.1537912545091274E-002   1.0582721268455691E-011
   20.700000000000003        2.1590125743033553E-002   1.0681434841042657E-011
   20.800000000000001        2.1642212973723367E-002   1.0780259693376083E-011
   20.900000000000002        2.1694175144494430E-002   1.0879189224486148E-011
   21.000000000000000        2.1746013151840042E-002   1.0978216841562490E-011
   21.100000000000001        2.1797727881593530E-002   1.1077335960544007E-011
   21.200000000000003        2.1849320209104905E-002   1.1176540006699875E-011
   21.300000000000001        2.1900790999413697E-002   1.1275822415202844E-011
   21.400000000000002        2.1952141107418201E-002   1.1375176631693649E-011
   21.500000000000000        2.2003371378041137E-002   1.1474596112837978E-011
   21.600000000000001        2.2054482646391867E-002   1.1574074326874633E-011
   21.700000000000003        2.2105475737925206E-002   1.1673604754156038E-011
   21.800000000000001        2.2156351468596989E-002   1.1773180887680690E-011
   21.900000000000002        2.2207110645016386E-002   1.1872796233617502E-011
   22.000000000000000        2.2257754064595108E-002   1.1972444311822362E-011
   22.100000000000001        2.2308282515693584E-002   1.2072118656346820E-011
   22.200000000000003        2.2358696777764128E-002   1.2171812815939019E-011
   22.300000000000001        2.2408997621491240E-002   1.2271520354536742E-011
   22.400000000000002        2.2459185808929048E-002   1.2371234851752822E-011
   22.500000000000000        2.2509262093636032E-002   1.2470949903353223E-011
   22.600000000000001        2.2559227220807013E-002   1.2570659121726919E-011
   22.700000000000003        2.2609081927402536E-002   1.2670356136348956E-011
   22.800000000000001        2.2658826942275719E-002   1.2770034594235569E-011
   22.900000000000002        2.2708462986296540E-002   1.2869688160391826E-011
   23.000000000000000        2.2757990772473743E-002   1.2969310518252479E-011
   23.100000000000001        2.2807411006074321E-002   1.3068895370114847E-011
   23.200000000000003        2.2856724384740696E-002   1.3168436437564799E-011
   23.300000000000001        2.2905931598605635E-002   1.3267927461895609E-011
   23.400000000000002        2.2955033330404901E-002   1.3367362204519350E-011
   23.500000000000000        2.3004030255587823E-002   1.3466734447371525E-011
   23.600000000000001        2.3052923042425660E-002   1.3566037993308397E-011
   23.700000000000003        2.3101712352117970E-002   1.3665266666497661E-011
   23.800000000000001        2.3150398838896923E-002   1.3764414312801731E-011
   23.900000000000002        2.3198983150129662E-002   1.3863474800154788E-011
   24.000000000000000        2.3247465926418732E-002   1.3962442018932257E-011
   24.100000000000001        2.3295847801700627E-002   1.4061309882314153E-011
   24.200000000000003        2.3344129403342503E-002   1.4160072326641500E-011
   24.300000000000001        2.3392311352237082E-002   1.4258723311765945E-011
   24.400000000000002        2.3440394262895837E-002   1.4357256821392879E-011
   24.500000000000000        2.3488378743540390E-002   1.4455666863418289E-011
   24.600000000000001        2.3536265396192319E-002   1.4553947470258506E-011
   24.700000000000003        2.3584054816761263E-002   1.4652092699174211E-011
   24.800000000000001        2.3631747595131428E-002   1.4750096632587489E-011
   24.900000000000002        2.3679344315246570E-002   1.4847953378392750E-011
   25.000000000000000        2.3726845555193384E-002   1.4945657070261750E-011
   25.100000000000001        2.3774251887283437E-002   1.5043201867941611E-011
   25.200000000000003        2.3821563878133611E-002   1.5140581957547183E-011
   25.300000000000001        2.3868782088745124E-002   1.5237791551847550E-011
   25.400000000000002        2.3915907074581137E-002   1.5334824890545697E-011
   25.500000000000000        2.3962939385642985E-002   1.5431676240552762E-011
   25.600000000000001        2.4009879566545100E-002   1.5528339896256108E-011
   25.700000000000003        2.4056728156588544E-002   1.5624810179781717E-011
   25.800000000000001        2.4103485689833327E-002   1.5721081441250081E-011
   25.900000000000002        2.4150152695169444E-002   1.5817148059027416E-011
   26.000000000000000        2.4196729696386657E-002   1.5913004439969851E-011
   26.100000000000001        2.4243217212243099E-002   1.6008645019662828E-011
   26.200000000000003        2.4289615756532670E-002   1.6104064262654539E-011
   26.300000000000001        2.4335925838151300E-002   1.6199256662683702E-011
   26.400000000000002        2.4382147961162077E-002   1.6294216742901868E-011
   26.500000000000000        2.4428282624859243E-002   1.6388939056090403E-011
   26.600000000000001        2.4474330323831131E-002   1.6483418184871587E-011
   26.700000000000003        2.4520291548022020E-002   1.6577648741914827E-011
   26.800000000000001        2.4566166782792956E-002   1.6671625370137245E-011
   26.900000000000002        2.4611956508981566E-002   1.6765342742898867E-011
   27.000000000000000        2.4657661202960836E-002   1.6858795564193035E-011
   27.100000000000001        2.4703281336696952E-002   1.6951978568831064E-011
   27.200000000000003        2.4748817377806157E-002   1.7044886522622243E-011
   27.300000000000001        2.4794269789610662E-002   1.7137514222548270E-011
   27.400000000000002        2.4839639031193669E-002   1.7229856496933308E-011
   27.500000000000000        2.4884925557453450E-002   1.7321908205608130E-011
   27.600000000000001        2.4930129819156578E-002   1.7413664240070490E-011
   27.700000000000003        2.4975252262990258E-002   1.7505119523639200E-011
   27.800000000000001        2.5020293331613840E-002   1.7596269011604870E-011
   27.900000000000002        2.5065253463709476E-002   1.7687107691374632E-011
   28.000000000000000        2.5110133094031976E-002   1.7777630582612687E-011
   28.100000000000001        2.5154932653457852E-002   1.7867832737376316E-011
   28.200000000000003        2.5199652569033566E-002   1.7957709240246558E-011
   28.300000000000001        2.5244293264023058E-002   1.8047255208455140E-011
   28.400000000000002        2.5288855157954461E-002   1.8136465792006214E-011
   28.500000000000000        2.5333338666666105E-002   1.8225336173793820E-011
   28.600000000000001        2.5377744202351792E-002   1.8313861569715010E-011
   28.700000000000003        2.5422072173605363E-002   1.8402037228778330E-011
   28.800000000000001        2.5466322985464550E-002   1.8489858433207865E-011
   28.900000000000002        2.5510497039454169E-002   1.8577320498543635E-011
   29.000000000000000        2.5554594733628630E-002   1.8664418773736687E-011
   29.100000000000001        2.5598616462613754E-002   1.8751148641240896E-011
   29.200000000000003        2.5642562617648027E-002   1.8837505517099947E-011
   29.300000000000001        2.5686433586623113E-002   1.8923484851030694E-011
   29.400000000000002        2.5730229754123844E-002   1.9009082126501743E-011
   29.500000000000000        2.5773951501467524E-002   1.9094292860808821E-011
   29.600000000000001        2.5817599206742675E-002   1.9179112605145758E-011
   29.700000000000003        2.5861173244847189E-002   1.9263536944670942E-011
   29.800000000000001        2.5904673987525880E-002   1.9347561498571208E-011
   29.900000000000002        2.5948101803407508E-002   1.9431181920120511E-011
   30.000000000000000        2.5991457058041206E-002   1.9514393896735592E-011
   30.100000000000001        2.6034740113932385E-002   1.9597193150027574E-011
   30.200000000000003        2.6077951330578098E-002   1.9679575435849818E-011
   30.300000000000001        2.6121091064501879E-002   1.9761536544342261E-011
   30.400000000000002        2.6164159669288062E-002   1.9843072299972037E-011
   30.500000000000000        2.6207157495615582E-002   1.9924178561570102E-011
   30.600000000000001        2.6250084891291305E-002   2.0004851222365100E-011
   30.700000000000003        2.6292942201282837E-002   2.0085086210013169E-011
   30.800000000000001        2.6335729767750882E-002   2.0164879486623912E-011
   30.900000000000002        2.6378447930081102E-002   2.0244227048784130E-011
   31.000000000000000        2.6421097024915526E-002   2.0323124927576911E-011
   31.100000000000001        2.6463677386183500E-002   2.0401569188597729E-011
   31.200000000000003        2.6506189345132207E-002   2.0479555931968061E-011
   31.300000000000001        2.6548633230356698E-002   2.0557081292344337E-011
   31.400000000000002        2.6591009367829571E-002   2.0634141438924962E-011
   31.500000000000000        2.6633318080930134E-002   2.0710732575453026E-011
   31.600000000000001        2.6675559690473225E-002   2.0786850940216738E-011
   31.700000000000003        2.6717734514737586E-002   2.0862492806046604E-011
   31.800000000000001        2.6759842869493834E-002   2.0937654480308860E-011
   31.900000000000002        2.6801885068032064E-002   2.1012332304896750E-011
   32.000000000000000        2.6843861421189014E-002   2.1086522656218223E-011
   32.100000000000001        2.6885772237374921E-002   2.1160221945181267E-011
   32.200000000000003        2.6927617822599906E-002   2.1233426617175292E-011
   32.300000000000004        2.6969398480500079E-002   2.1306133152051079E-011
   32.399999999999999        2.7011114512363238E-002   2.1378338064096618E-011
   32.500000000000000        2.7052766217154207E-002   2.1450037902010741E-011
   32.600000000000001        2.7094353891539840E-002   2.1521229248874059E-011
   32.700000000000003        2.7135877829913665E-002   2.1591908722116829E-011
   32.800000000000004        2.7177338324420219E-002   2.1662072973484619E-011
   32.899999999999999        2.7218735664979003E-002   2.1731718689000688E-011
   33.000000000000000        2.7260070139308149E-002   2.1800842588926381E-011
   33.100000000000001        2.7301342032947758E-002   2.1869441427718614E-011
   33.200000000000003        2.7342551629282882E-002   2.1937511993984625E-011
   33.300000000000004        2.7383699209566265E-002   2.2005051110435145E-011
   33.399999999999999        2.7424785052940704E-002   2.2072055633833531E-011
   33.500000000000000        2.7465809436461180E-002   2.2138522454944248E-011
   33.600000000000001        2.7506772635116611E-002   2.2204448498477436E-011
   33.700000000000003        2.7547674921851392E-002   2.2269830723032134E-011
   33.800000000000004        2.7588516567586596E-002   2.2334666121036525E-011
   33.899999999999999        2.7629297841240914E-002   2.2398951718686495E-011
   34.000000000000000        2.7670019009751329E-002   2.2462684575881298E-011
   34.100000000000001        2.7710680338093471E-002   2.2525861786157715E-011
   34.200000000000003        2.7751282089301749E-002   2.2588480476620934E-011
   34.300000000000004        2.7791824524489212E-002   2.2650537807874628E-011
   34.399999999999999        2.7832307902867125E-002   2.2712030973947938E-011
   34.500000000000000        2.7872732481764324E-002   2.2772957202220699E-011
   34.600000000000001        2.7913098516646265E-002   2.2833313753346461E-011
   34.700000000000003        2.7953406261133903E-002   2.2893097921173684E-011
   34.800000000000004        2.7993655967022243E-002   2.2952307032664945E-011
   34.899999999999999        2.8033847884298722E-002   2.3010938447814079E-011
   35.000000000000000        2.8073982261161312E-002   2.3068989559560842E-011
   35.100000000000001        2.8114059344036390E-002   2.3126457793705326E-011
   35.200000000000003        2.8154079377596421E-002   2.3183340608818263E-011
   35.300000000000004        2.8194042604777345E-002   2.3239635496151301E-011
   35.399999999999999        2.8233949266795812E-002   2.3295339979544742E-011
   35.500000000000000        2.8273799603166179E-002   2.3350451615333390E-011
   35.600000000000001        2.8313593851717233E-002   2.3404967992250930E-011
   35.700000000000003        2.8353332248608806E-002   2.3458886731332493E-011
   35.800000000000004        2.8393015028348081E-002   2.3512205485815421E-011
   35.899999999999999        2.8432642423805776E-002   2.3564921941038797E-011
   36.000000000000000        2.8472214666232062E-002   2.3617033814340648E-011
   36.100000000000001        2.8511731985272307E-002   2.3668538854954346E-011
   36.200000000000003        2.8551194608982654E-002   2.3719434843902624E-011
   36.300000000000004        2.8590602763845327E-002   2.3769719593890831E-011
   36.399999999999999        2.8629956674783845E-002   2.3819390949197955E-011
   36.500000000000000        2.8669256565177968E-002   2.3868446785566886E-011
   36.600000000000001        2.8708502656878500E-002   2.3916885010092607E-011
   36.700000000000003        2.8747695170221910E-002   2.3964703561109210E-011
   36.800000000000004        2.8786834324044733E-002   2.4011900408075601E-011
   36.899999999999999        2.8825920335697870E-002   2.4058473551459617E-011
   37.000000000000000        2.8864953421060633E-002   2.4104421022620881E-011
   37.100000000000001        2.8903933794554679E-002   2.4149740883692487E-011
   37.200000000000003        2.8942861669157736E-002   2.4194431227461364E-011
   37.300000000000004        2.8981737256417187E-002   2.4238490177246703E-011
   37.399999999999999        2.9020560766463491E-002   2.4281915886778542E-011
   37.500000000000000        2.9059332408023414E-002   2.4324706540073394E-011
   37.600000000000001        2.9098052388433146E-002   2.4366860351310452E-011
   37.700000000000003        2.9136720913651215E-002   2.4408375564704936E-011
   37.800000000000004        2.9175338188271272E-002   2.4449250454381807E-011
   37.899999999999999        2.9213904415534737E-002   2.4489483324247281E-011
   38.000000000000000        2.9252419797343263E-002   2.4529072507859831E-011
   38.100000000000001        2.9290884534271068E-002   2.4568016368299509E-011
   38.200000000000003        2.9329298825577128E-002   2.4606313298037447E-011
   38.300000000000004        2.9367662869217225E-002   2.4643961718802902E-011
   38.399999999999999        2.9405976861855823E-002   2.4680960081449907E-011
   38.500000000000000        2.9444240998877862E-002   2.4717306865823491E-011
   38.600000000000001        2.9482455474400364E-002   2.4753000580623913E-011
   38.700000000000003        2.9520620481283927E-002   2.4788039763270653E-011
   38.800000000000004        2.9558736211144077E-002   2.4822422979765674E-011
   38.899999999999999        2.9596802854362492E-002   2.4856148824554978E-011
   39.000000000000000        2.9634820600098120E-002   2.4889215920390006E-011
   39.100000000000001        2.9672789636298103E-002   2.4921622918187879E-011
   39.200000000000003        2.9710710149708639E-002   2.4953368496891408E-011
   39.300000000000004        2.9748582325885717E-002   2.4984451363326917E-011
   39.400000000000006        2.9786406349205673E-002   2.5014870252062851E-011
   39.500000000000000        2.9824182402875689E-002   2.5044623925267129E-011
   39.600000000000001        2.9861910668944142E-002   2.5073711172563105E-011
   39.700000000000003        2.9899591328310826E-002   2.5102130810885669E-011
   39.800000000000004        2.9937224560737091E-002   2.5129881684336069E-011
   39.900000000000006        2.9974810544855825E-002   2.5156962664036554E-011
   40.000000000000000        3.0012349458181375E-002   2.5183372647984255E-011
   40.100000000000001        3.0049841477119310E-002   2.5209110560903867E-011
   40.200000000000003        3.0087286776976085E-002   2.5234175354100507E-011
   40.300000000000004        3.0124685531968631E-002   2.5258566005311431E-011
   40.400000000000006        3.0162037915233780E-002   2.5282281518557875E-011
   40.500000000000000        3.0199344098837642E-002   2.5305320923995070E-011
   40.600000000000001        3.0236604253784848E-002   2.5327683277763241E-011
   40.700000000000003        3.0273818550027681E-002   2.5349367661837026E-011
   40.800000000000004        3.0310987156475126E-002   2.5370373183874719E-011
   40.900000000000006        3.0348110241001827E-002   2.5390698977067411E-011
   41.000000000000000        3.0385187970456921E-002   2.5410344199986650E-011
   41.100000000000001        3.0422220510672785E-002   2.5429308036433100E-011
   41.200000000000003        3.0459208026473703E-002   2.5447589695283634E-011
   41.300000000000004        3.0496150681684403E-002   2.5465188410338118E-011
   41.400000000000006        3.0533048639138544E-002   2.5482103440166751E-011
   41.500000000000000        3.0569902060687076E-002   2.5498334067955951E-011
   41.600000000000001        3.0606711107206537E-002   2.5513879601354248E-011
   41.700000000000003        3.0643475938607227E-002   2.5528739372317978E-011
   41.800000000000004        3.0680196713841323E-002   2.5542912736956951E-011
   41.900000000000006        3.0716873590910909E-002   2.5556399075378929E-011
   42.000000000000000        3.0753506726875882E-002   2.5569197791534437E-011
   42.100000000000001        3.0790096277861816E-002   2.5581308313061414E-011
   42.200000000000003        3.0826642399067725E-002   2.5592730091129323E-011
   42.300000000000004        3.0863145244773741E-002   2.5603462600282953E-011
   42.400000000000006        3.0899604968348707E-002   2.5613505338286181E-011
   42.500000000000000        3.0936021722257692E-002   2.5622857825965671E-011
   42.600000000000001        3.0972395658069460E-002   2.5631519607053997E-011
   42.700000000000003        3.1008726926463785E-002   2.5639490248032615E-011
   42.800000000000004        3.1045015677238753E-002   2.5646769337975406E-011
   42.900000000000006        3.1081262059317993E-002   2.5653356488390742E-011
   43.000000000000000        3.1117466220757756E-002   2.5659251333064812E-011
   43.100000000000001        3.1153628308754022E-002   2.5664453527904021E-011
   43.200000000000003        3.1189748469649448E-002   2.5668962750776950E-011
   43.300000000000004        3.1225826848940288E-002   2.5672778701357525E-011
   43.400000000000006        3.1261863591283232E-002   2.5675901100966898E-011
   43.500000000000000        3.1297858840502173E-002   2.5678329692415452E-011
   43.600000000000001        3.1333812739594902E-002   2.5680064239845339E-011
   43.700000000000003        3.1369725430739751E-002   2.5681104528572595E-011
   43.800000000000004        3.1405597055302104E-002   2.5681450364929089E-011
   43.900000000000006        3.1441427753840949E-002   2.5681101576104453E-011
   44.000000000000000        3.1477217666115283E-002   2.5680058009988681E-011
   44.100000000000001        3.1512966931090444E-002   2.5678319535013917E-011
   44.200000000000003        3.1548675686944451E-002   2.5675886039996472E-011
   44.300000000000004        3.1584344071074202E-002   2.5672757433979225E-011
   44.400000000000006        3.1619972220101648E-002   2.5668933646073678E-011
   44.500000000000000        3.1655560269879916E-002   2.5664414625302570E-011
   44.600000000000001        3.1691108355499341E-002   2.5659200340441803E-011
   44.700000000000003        3.1726616611293425E-002   2.5653290779863092E-011
   44.800000000000004        3.1762085170844813E-002   2.5646685951376520E-011
   44.900000000000006        3.1797514166991107E-002   2.5639385882073186E-011
   45.000000000000000        3.1832903731830682E-002   2.5631390618167873E-011
   45.100000000000001        3.1868253996728470E-002   2.5622700224842013E-011
   45.200000000000003        3.1903565092321583E-002   2.5613314786086757E-011
   45.300000000000004        3.1938837148524989E-002   2.5603234404546059E-011
   45.400000000000006        3.1974070294537103E-002   2.5592459201360350E-011
   45.500000000000000        3.2009264658845259E-002   2.5580989316009437E-011
   45.600000000000001        3.2044420369231212E-002   2.5568824906156850E-011
   45.700000000000003        3.2079537552776538E-002   2.5555966147493329E-011
   45.800000000000004        3.2114616335868006E-002   2.5542413233581191E-011
   45.900000000000006        3.2149656844202866E-002   2.5528166375698499E-011
   46.000000000000000        3.2184659202794119E-002   2.5513225802683663E-011
   46.100000000000001        3.2219623535975711E-002   2.5497591760780121E-011
   46.200000000000003        3.2254549967407703E-002   2.5481264513481553E-011
   46.300000000000004        3.2289438620081337E-002   2.5464244341376895E-011
   46.400000000000006        3.2324289616324130E-002   2.5446531541995922E-011
   46.500000000000000        3.2359103077804860E-002   2.5428126429655573E-011
   46.600000000000001        3.2393879125538518E-002   2.5409029335304891E-011
   46.700000000000003        3.2428617879891208E-002   2.5389240606372619E-011
   46.800000000000004        3.2463319460585047E-002   2.5368760606613129E-011
   46.900000000000006        3.2497983986702929E-002   2.5347589715953406E-011
   47.000000000000000        3.2532611576693321E-002   2.5325728330340711E-011
   47.100000000000001        3.2567202348374964E-002   2.5303176861589850E-011
   47.200000000000003        3.2601756418941599E-002   2.5279935737231138E-011
   47.300000000000004        3.2636273904966540E-002   2.5256005400358763E-011
   47.400000000000006        3.2670754922407286E-002   2.5231386309479605E-011
   47.500000000000000        3.2705199586610077E-002   2.5206078938361394E-011
   47.600000000000001        3.2739608012314382E-002   2.5180083775883023E-011
   47.700000000000003        3.2773980313657358E-002   2.5153401325883749E-011
   47.800000000000004        3.2808316604178274E-002   2.5126032107013072E-011
   47.900000000000006        3.2842616996822893E-002   2.5097976652581530E-011
   48.000000000000000        3.2876881603947777E-002   2.5069235510411540E-011
   48.100000000000001        3.2911110537324630E-002   2.5039809242688321E-011
   48.200000000000003        3.2945303908144478E-002   2.5009698425811651E-011
   48.300000000000004        3.2979461827021980E-002   2.4978903650248150E-011
   48.400000000000006        3.3013584403999520E-002   2.4947425520383425E-011
   48.500000000000000        3.3047671748551367E-002   2.4915264654375286E-011
   48.600000000000001        3.3081723969587799E-002   2.4882421684006435E-011
   48.700000000000003        3.3115741175459137E-002   2.4848897254538997E-011
   48.800000000000004        3.3149723473959780E-002   2.4814692024568266E-011
   48.900000000000006        3.3183670972332165E-002   2.4779806665877238E-011
   49.000000000000000        3.3217583777270736E-002   2.4744241863292173E-011
   49.100000000000001        3.3251461994925874E-002   2.4707998314537685E-011
   49.200000000000003        3.3285305730907745E-002   2.4671076730092975E-011
   49.300000000000004        3.3319115090290140E-002   2.4633477833048212E-011
   49.400000000000006        3.3352890177614294E-002   2.4595202358961606E-011
   49.500000000000000        3.3386631096892661E-002   2.4556251055716968E-011
   49.600000000000001        3.3420337951612637E-002   2.4516624683381195E-011
   49.700000000000003        3.3454010844740277E-002   2.4476324014063298E-011
   49.800000000000004        3.3487649878723949E-002   2.4435349831772763E-011
   49.900000000000006        3.3521255155497982E-002   2.4393702932279455E-011
   50.000000000000000        3.3554826776486274E-002   2.4351384122973132E-011
   50.100000000000001        3.3588364842605842E-002   2.4308394222724223E-011
   50.200000000000003        3.3621869454270384E-002   2.4264734061744685E-011
   50.300000000000004        3.3655340711393783E-002   2.4220404481449469E-011
   50.400000000000006        3.3688778713393576E-002   2.4175406334318339E-011
   50.500000000000000        3.3722183559194388E-002   2.4129740483758952E-011
   50.600000000000001        3.3755555347231368E-002   2.4083407803969328E-011
   50.700000000000003        3.3788894175453568E-002   2.4036409179801823E-011
   50.800000000000004        3.3822200141327294E-002   2.3988745506627208E-011
   50.900000000000006        3.3855473341839429E-002   2.3940417690199356E-011
   51.000000000000000        3.3888713873500717E-002   2.3891426646520616E-011
   51.100000000000001        3.3921921832349058E-002   2.3841773301707367E-011
   51.200000000000003        3.3955097313952728E-002   2.3791458591856631E-011
   51.300000000000004        3.3988240413413577E-002   2.3740483462912910E-011
   51.400000000000006        3.4021351225370228E-002   2.3688848870535826E-011
   51.500000000000000        3.4054429844001199E-002   2.3636555779967812E-011
   51.600000000000001        3.4087476363028106E-002   2.3583605165903351E-011
   51.700000000000003        3.4120490875718654E-002   2.3529998012357568E-011
   51.800000000000004        3.4153473474889784E-002   2.3475735312536662E-011
   51.900000000000006        3.4186424252910692E-002   2.3420818068707482E-011
   52.000000000000000        3.4219343301705833E-002   2.3365247292069476E-011
   52.100000000000001        3.4252230712757965E-002   2.3309024002625384E-011
   52.200000000000003        3.4285086577111046E-002   2.3252149229053802E-011
   52.300000000000004        3.4317910985373221E-002   2.3194624008582041E-011
   52.400000000000006        3.4350704027719725E-002   2.3136449386859243E-011
   52.500000000000000        3.4383465793895764E-002   2.3077626417830194E-011
   52.600000000000001        3.4416196373219396E-002   2.3018156163610164E-011
   52.700000000000003        3.4448895854584369E-002   2.2958039694359947E-011
   52.800000000000004        3.4481564326462918E-002   2.2897278088161642E-011
   52.900000000000006        3.4514201876908589E-002   2.2835872430894951E-011
   53.000000000000000        3.4546808593558971E-002   2.2773823816114134E-011
   53.100000000000001        3.4579384563638495E-002   2.2711133344925643E-011
   53.200000000000003        3.4611929873961091E-002   2.2647802125866492E-011
   53.300000000000004        3.4644444610932940E-002   2.2583831274782678E-011
   53.400000000000006        3.4676928860555109E-002   2.2519221914709178E-011
   53.500000000000000        3.4709382708426259E-002   2.2453975175749405E-011
   53.600000000000001        3.4741806239745224E-002   2.2388092194956476E-011
   53.700000000000003        3.4774199539313627E-002   2.2321574116214124E-011
   53.800000000000004        3.4806562691538506E-002   2.2254422090118857E-011
   53.900000000000006        3.4838895780434830E-002   2.2186637273862318E-011
   54.000000000000000        3.4871198889628099E-002   2.2118220831114897E-011
   54.100000000000001        3.4903472102356808E-002   2.2049173931908966E-011
   54.200000000000003        3.4935715501474993E-002   2.1979497752524003E-011
   54.300000000000004        3.4967929169454688E-002   2.1909193475371245E-011
   54.400000000000006        3.5000113188388401E-002   2.1838262288879537E-011
   54.500000000000000        3.5032267639991566E-002   2.1766705387381848E-011
   54.600000000000001        3.5064392605604906E-002   2.1694523971002191E-011
   54.700000000000003        3.5096488166196912E-002   2.1621719245543094E-011
   54.800000000000004        3.5128554402366174E-002   2.1548292422374369E-011
   54.900000000000006        3.5160591394343750E-002   2.1474244718321449E-011
   55.000000000000000        3.5192599221995524E-002   2.1399577355555709E-011
   55.100000000000001        3.5224577964824505E-002   2.1324291561483940E-011
   55.200000000000003        3.5256527701973149E-002   2.1248388568639620E-011
   55.300000000000004        3.5288448512225637E-002   2.1171869614574567E-011
   55.400000000000006        3.5320340474010156E-002   2.1094735941750661E-011
   55.500000000000000        3.5352203665401115E-002   2.1016988797433161E-011
   55.600000000000001        3.5384038164121404E-002   2.0938629433583638E-011
   55.700000000000003        3.5415844047544595E-002   2.0859659106754589E-011
   55.800000000000004        3.5447621392697137E-002   2.0780079077983915E-011
   55.900000000000006        3.5479370276260538E-002   2.0699890612690235E-011
   56.000000000000000        3.5511090774573512E-002   2.0619094980569153E-011
   56.100000000000001        3.5542782963634119E-002   2.0537693455489981E-011
   56.200000000000003        3.5574446919101922E-002   2.0455687315392708E-011
   56.300000000000004        3.5606082716300030E-002   2.0373077842186669E-011
   56.400000000000006        3.5637690430217278E-002   2.0289866321648385E-011
   56.500000000000000        3.5669270135510203E-002   2.0206054043321630E-011
   56.600000000000001        3.5700821906505177E-002   2.0121642300416849E-011
   56.700000000000003        3.5732345817200417E-002   2.0036632389712026E-011
   56.800000000000004        3.5763841941267999E-002   1.9951025611453793E-011
   56.900000000000006        3.5795310352055895E-002   1.9864823269259460E-011
   57.000000000000000        3.5826751122589949E-002   1.9778026670019336E-011
   57.100000000000001        3.5858164325575842E-002   1.9690637123800395E-011
   57.200000000000003        3.5889550033401087E-002   1.9602655943749554E-011
   57.300000000000004        3.5920908318136949E-002   1.9514084445998614E-011
   57.400000000000006        3.5952239251540369E-002   1.9424923949569242E-011
   57.500000000000000        3.5983542905055919E-002   1.9335175776278639E-011
   57.600000000000001        3.6014819349817657E-002   1.9244841250646103E-011
   57.700000000000003        3.6046068656651033E-002   1.9153921699800373E-011
   57.800000000000004        3.6077290896074775E-002   1.9062418453386919E-011
   57.900000000000006        3.6108486138302726E-002   1.8970332843476560E-011
   58.000000000000000        3.6139654453245677E-002   1.8877666204474560E-011
   58.100000000000001        3.6170795910513226E-002   1.8784419873030152E-011
   58.200000000000003        3.6201910579415554E-002   1.8690595187947100E-011
   58.300000000000004        3.6232998528965277E-002   1.8596193490094262E-011
   58.400000000000006        3.6264059827879169E-002   1.8501216122317590E-011
   58.500000000000000        3.6295094544579985E-002   1.8405664429352248E-011
   58.600000000000001        3.6326102747198191E-002   1.8309539757735412E-011
   58.700000000000003        3.6357084503573715E-002   1.8212843455720024E-011
   58.800000000000004        3.6388039881257689E-002   1.8115576873188712E-011
   58.900000000000006        3.6418968947514153E-002   1.8017741361568867E-011
   59.000000000000000        3.6449871769321768E-002   1.7919338273747795E-011
   59.100000000000001        3.6480748413375515E-002   1.7820368963989250E-011
   59.200000000000003        3.6511598946088353E-002   1.7720834787849549E-011
   59.300000000000004        3.6542423433592909E-002   1.7620737102095716E-011
   59.400000000000006        3.6573221941743117E-002   1.7520077264622568E-011
   59.500000000000000        3.6603994536115861E-002   1.7418856634372332E-011
   59.600000000000001        3.6634741282012620E-002   1.7317076571253067E-011
   59.700000000000003        3.6665462244461065E-002   1.7214738436058883E-011
   59.800000000000004        3.6696157488216662E-002   1.7111843590390734E-011
   59.900000000000006        3.6726827077764285E-002   1.7008393396577144E-011
   60.000000000000000        3.6757471077319775E-002   1.6904389217596211E-011
   60.100000000000001        3.6788089550831529E-002   1.6799832416997944E-011
   60.200000000000003        3.6818682561982036E-002   1.6694724358827369E-011
   60.300000000000004        3.6849250174189434E-002   1.6589066407548096E-011
   60.400000000000006        3.6879792450609052E-002   1.6482859927966586E-011
   60.500000000000000        3.6910309454134899E-002   1.6376106285157230E-011
   60.600000000000001        3.6940801247401227E-002   1.6268806844387480E-011
   60.700000000000003        3.6971267892783988E-002   1.6160962971044464E-011
   60.800000000000004        3.7001709452402332E-002   1.6052576030561438E-011
   60.900000000000006        3.7032125988120099E-002   1.5943647388345061E-011
   61.000000000000000        3.7062517561547277E-002   1.5834178409703607E-011
   61.100000000000001        3.7092884234041439E-002   1.5724170459775556E-011
   61.200000000000003        3.7123226066709238E-002   1.5613624903458520E-011
   61.300000000000004        3.7153543120407778E-002   1.5502543105339347E-011
   61.400000000000006        3.7183835455746092E-002   1.5390926429624233E-011
   61.500000000000000        3.7214103133086519E-002   1.5278776240070163E-011
   61.600000000000001        3.7244346212546138E-002   1.5166093899915955E-011
   61.700000000000003        3.7274564753998131E-002   1.5052880771815066E-011
   61.800000000000004        3.7304758817073187E-002   1.4939138217767965E-011
   61.900000000000006        3.7334928461160870E-002   1.4824867599055740E-011
   62.000000000000000        3.7365073745410968E-002   1.4710070276174169E-011
   62.100000000000001        3.7395194728734864E-002   1.4594747608768191E-011
   62.200000000000003        3.7425291469806887E-002   1.4478900955567123E-011
   62.300000000000004        3.7455364027065605E-002   1.4362531674320592E-011
   62.400000000000006        3.7485412458715194E-002   1.4245641121734712E-011
   62.500000000000000        3.7515436822726719E-002   1.4128230653409196E-011
   62.600000000000001        3.7545437176839475E-002   1.4010301623774706E-011
   62.700000000000003        3.7575413578562242E-002   1.3891855386031314E-011
   62.800000000000004        3.7605366085174598E-002   1.3772893292087007E-011
   62.900000000000006        3.7635294753728184E-002   1.3653416692496778E-011
   63.000000000000000        3.7665199641047968E-002   1.3533426936403009E-011
   63.100000000000001        3.7695080803733530E-002   1.3412925371475467E-011
   63.200000000000003        3.7724938298160274E-002   1.3291913343852448E-011
   63.300000000000004        3.7754772180480706E-002   1.3170392198082453E-011
   63.400000000000006        3.7784582506625634E-002   1.3048363277066223E-011
   63.500000000000000        3.7814369332305406E-002   1.2925827921999595E-011
   63.600000000000001        3.7844132713011139E-002   1.2802787472316627E-011
   63.700000000000003        3.7873872704015890E-002   1.2679243265633619E-011
   63.800000000000004        3.7903589360375883E-002   1.2555196637693313E-011
   63.900000000000006        3.7933282736931695E-002   1.2430648922310001E-011
   64.000000000000000        3.7962952888309413E-002   1.2305601451315307E-011
   64.100000000000009        3.7992599868921846E-002   1.2180055554503533E-011
   64.200000000000003        3.8022223732969644E-002   1.2054012559579156E-011
   64.299999999999997        3.8051824534442495E-002   1.1927473792103324E-011
   64.400000000000006        3.8081402327120262E-002   1.1800440575441964E-011
   64.500000000000000        3.8110957164574071E-002   1.1672914230714099E-011
   64.600000000000009        3.8140489100167554E-002   1.1544896076740137E-011
   64.700000000000003        3.8169998187057859E-002   1.1416387429992061E-011
   64.799999999999997        3.8199484478196821E-002   1.1287389604542557E-011
   64.900000000000006        3.8228948026332088E-002   1.1157903912015833E-011
   65.000000000000000        3.8258388884008170E-002   1.1027931661538621E-011
   65.100000000000009        3.8287807103567578E-002   1.0897474159691400E-011
   65.200000000000003        3.8317202737151890E-002   1.0766532710460716E-011
   65.299999999999997        3.8346575836702812E-002   1.0635108615191587E-011
   65.400000000000006        3.8375926453963295E-002   1.0503203172540652E-011
   65.500000000000000        3.8405254640478559E-002   1.0370817678429571E-011
   65.600000000000009        3.8434560447597160E-002   1.0237953425999427E-011
   65.700000000000003        3.8463843926472036E-002   1.0104611705565304E-011
   65.799999999999997        3.8493105128061568E-002   9.9707938045712924E-012
   65.900000000000006        3.8522344103130587E-002   9.8365010075461891E-012
   66.000000000000000        3.8551560902251411E-002   9.7017345960599165E-012
   66.100000000000009        3.8580755575804891E-002   9.5664958486798623E-012
   66.200000000000003        3.8609928173981366E-002   9.4307860409284069E-012
   66.299999999999997        3.8639078746781734E-002   9.2946064452403730E-012
   66.400000000000006        3.8668207344018421E-002   9.1579583309213035E-012
   66.500000000000000        3.8697314015316356E-002   9.0208429641062780E-012
   66.600000000000009        3.8726398810114013E-002   8.8832616077187906E-012
   66.700000000000003        3.8755461777664320E-002   8.7452155214309148E-012
   66.799999999999997        3.8784502967035686E-002   8.6067059616230879E-012
   66.900000000000006        3.8813522427112952E-002   8.4677341813448492E-012
   67.000000000000000        3.8842520206598334E-002   8.3283014302763084E-012
   67.100000000000009        3.8871496354012408E-002   8.1884089546893197E-012
   67.200000000000003        3.8900450917695027E-002   8.0480579974099303E-012
   67.299999999999997        3.8929383945806278E-002   7.9072497977808801E-012
   67.400000000000006        3.8958295486327427E-002   7.7659855916246481E-012
   67.500000000000000        3.8987185587061809E-002   7.6242666112071868E-012
   67.600000000000009        3.9016054295635795E-002   7.4820940852016791E-012
   67.700000000000003        3.9044901659499670E-002   7.3394692386533305E-012
   67.799999999999997        3.9073727725928577E-002   7.1963932929439899E-012
   67.900000000000006        3.9102532542023415E-002   7.0528674657578458E-012
   68.000000000000000        3.9131316154711687E-002   6.9088929710473798E-012
   68.100000000000009        3.9160078610748474E-002   6.7644710189993462E-012
   68.200000000000003        3.9188819956717247E-002   6.6196028160021052E-012
   68.299999999999997        3.9217540239030797E-002   6.4742895646123539E-012
   68.400000000000006        3.9246239503932093E-002   6.3285324635232084E-012
   68.500000000000000        3.9274917797495132E-002   6.1823327075322137E-012
   68.600000000000009        3.9303575165625840E-002   6.0356914875100859E-012
   68.700000000000003        3.9332211654062886E-002   5.8886099903696861E-012
   68.799999999999997        3.9360827308378567E-002   5.7410893990354652E-012
   68.900000000000006        3.9389422173979650E-002   5.5931308924134522E-012
   69.000000000000000        3.9417996296108204E-002   5.4447356453616926E-012
   69.100000000000009        3.9446549719842419E-002   5.2959048286610513E-012
   69.200000000000003        3.9475082490097471E-002   5.1466396089864919E-012
   69.299999999999997        3.9503594651626325E-002   4.9969411488785618E-012
   69.400000000000006        3.9532086249020555E-002   4.8468106067156770E-012
   69.500000000000000        3.9560557326711161E-002   4.6962491366867052E-012
   69.600000000000009        3.9589007928969376E-002   4.5452578887637805E-012
   69.700000000000003        3.9617438099907469E-002   4.3938380086756418E-012
   69.799999999999997        3.9645847883479551E-002   4.2419906378815837E-012
   69.900000000000006        3.9674237323482353E-002   4.0897169135456071E-012
   70.000000000000000        3.9702606463556014E-002   3.9370179685110708E-012
   70.100000000000009        3.9730955347184897E-002   3.7838949312754299E-012
   70.200000000000003        3.9759284017698307E-002   3.6303489259662224E-012
   70.299999999999997        3.9787592518271318E-002   3.4763810723163991E-012
   70.400000000000006        3.9815880891925524E-002   3.3219924856408343E-012
   70.500000000000000        3.9844149181529773E-002   3.1671842768129669E-012
   70.600000000000009        3.9872397429800983E-002   3.0119575522416274E-012
   70.700000000000003        3.9900625679304830E-002   2.8563134138488593E-012
   70.799999999999997        3.9928833972456543E-002   2.7002529590473849E-012
   70.900000000000006        3.9957022351521640E-002   2.5437772807189449E-012
   71.000000000000000        3.9985190858616640E-002   2.3868874671930370E-012
   71.100000000000009        4.0013339535709840E-002   2.2295846022256883E-012
   71.200000000000003        4.0041468424621994E-002   2.0718697649791096E-012
   71.299999999999997        4.0069577567027080E-002   1.9137440300011418E-012
   71.400000000000006        4.0097667004453018E-002   1.7552084672056353E-012
   71.500000000000000        4.0125736778282337E-002   1.5962641418528276E-012
   71.600000000000009        4.0153786929752966E-002   1.4369121145302249E-012
   71.700000000000003        4.0181817499958861E-002   1.2771534411340718E-012
   71.799999999999997        4.0209828529850757E-002   1.1169891728505960E-012
   71.900000000000006        4.0237820060236865E-002   9.5642035613831798E-013
   72.000000000000000        4.0265792131783523E-002   7.9544803271031082E-013
   72.100000000000009        4.0293744785015947E-002   6.3407323951682678E-013
   72.200000000000003        4.0321678060318868E-002   4.7229700872842144E-013
   72.299999999999997        4.0349591997937230E-002   3.1012036771945807E-013
   72.400000000000006        4.0377486637976863E-002   1.4754433905180108E-013
   72.500000000000000        4.0405362020405164E-002   0.0000000000000000     
   72.600000000000009        4.0433218185051759E-002   0.0000000000000000     
   72.700000000000003        4.0461055171609153E-002   0.0000000000000000     
   72.799999999999997        4.0488873019633428E-002   0.0000000000000000     
   72.900000000000006        4.0516671768544857E-002   0.0000000000000000     
   73.000000000000000        4.0544451457628576E-002   0.0000000000000000     
   73.100000000000009        4.0572212126035227E-002   0.0000000000000000     
   73.200000000000003        4.0599953812781607E-002   0.0000000000000000     
   73.299999999999997        4.0627676556751313E-002   0.0000000000000000     
   73.400000000000006        4.0655380396695341E-002   0.0000000000000000     
   73.500000000000000        4.0683065371232778E-002   0.0000000000000000     
   73.600000000000009        4.0710731518851392E-002   0.0000000000000000     
   73.700000000000003        4.0738378877908238E-002   0.0000000000000000     
   73.799999999999997        4.0766007486630326E-002   0.0000000000000000     
   73.900000000000006        4.0793617383115217E-002   0.0000000000000000     
   74.000000000000000        4.0821208605331616E-002   0.0000000000000000     
   74.100000000000009        4.0848781191120009E-002   0.0000000000000000     
   74.200000000000003        4.0876335178193259E-002   0.0000000000000000     
   74.299999999999997        4.0903870604137207E-002   0.0000000000000000     
   74.400000000000006        4.0931387506411267E-002   0.0000000000000000     
   74.500000000000000        4.0958885922349010E-002   0.0000000000000000     
   74.600000000000009        4.0986365889158799E-002   0.0000000000000000     
   74.700000000000003        4.1013827443924324E-002   0.0000000000000000     
   74.799999999999997        4.1041270623605207E-002   0.0000000000000000     
   74.900000000000006        4.1068695465037601E-002   0.0000000000000000     
   75.000000000000000        4.1096102004934722E-002   0.0000000000000000     
   75.100000000000009        4.1123490279887480E-002   0.0000000000000000     
   75.200000000000003        4.1150860326364988E-002   0.0000000000000000     
   75.299999999999997        4.1178212180715178E-002   0.0000000000000000     
   75.400000000000006        4.1205545879165348E-002   0.0000000000000000     
   75.500000000000000        4.1232861457822692E-002   0.0000000000000000     
   75.600000000000009        4.1260158952674916E-002   0.0000000000000000     
   75.700000000000003        4.1287438399590738E-002   0.0000000000000000     
   75.799999999999997        4.1314699834320470E-002   0.0000000000000000     
   75.900000000000006        4.1341943292496547E-002   0.0000000000000000     
   76.000000000000000        4.1369168809634066E-002   0.0000000000000000     
   76.100000000000009        4.1396376421131358E-002   0.0000000000000000     
   76.200000000000003        4.1423566162270484E-002   0.0000000000000000     
   76.299999999999997        4.1450738068217793E-002   0.0000000000000000     
   76.400000000000006        4.1477892174024464E-002   0.0000000000000000     
   76.500000000000000        4.1505028514626993E-002   0.0000000000000000     
   76.600000000000009        4.1532147124847762E-002   0.0000000000000000     
   76.700000000000003        4.1559248039395515E-002   0.0000000000000000     
   76.799999999999997        4.1586331292865930E-002   0.0000000000000000     
   76.900000000000006        4.1613396919742085E-002   0.0000000000000000     
   77.000000000000000        4.1640444954394999E-002   0.0000000000000000     
   77.100000000000009        4.1667475431084136E-002   0.0000000000000000     
   77.200000000000003        4.1694488383957895E-002   0.0000000000000000     
   77.299999999999997        4.1721483847054146E-002   0.0000000000000000     
   77.400000000000006        4.1748461854300693E-002   0.0000000000000000     
   77.500000000000000        4.1775422439515791E-002   0.0000000000000000     
   77.600000000000009        4.1802365636408663E-002   0.0000000000000000     
   77.700000000000003        4.1829291478579937E-002   0.0000000000000000     
   77.800000000000011        4.1856199999522177E-002   0.0000000000000000     
   77.900000000000006        4.1883091232620351E-002   0.0000000000000000     
   78.000000000000000        4.1909965211152346E-002   0.0000000000000000     
   78.100000000000009        4.1936821968289399E-002   0.0000000000000000     
   78.200000000000003        4.1963661537096596E-002   0.0000000000000000     
   78.300000000000011        4.1990483950533362E-002   0.0000000000000000     
   78.400000000000006        4.2017289241453926E-002   0.0000000000000000     
   78.500000000000000        4.2044077442607776E-002   0.0000000000000000     
   78.600000000000009        4.2070848586640133E-002   0.0000000000000000     
   78.700000000000003        4.2097602706092425E-002   0.0000000000000000     
   78.800000000000011        4.2124339833402732E-002   0.0000000000000000     
   78.900000000000006        4.2151060000906265E-002   0.0000000000000000     
   79.000000000000000        4.2177763240835803E-002   0.0000000000000000     
   79.100000000000009        4.2204449585322164E-002   0.0000000000000000     
   79.200000000000003        4.2231119066394630E-002   0.0000000000000000     
   79.300000000000011        4.2257771715981426E-002   0.0000000000000000     
   79.400000000000006        4.2284407565910155E-002   0.0000000000000000     
   79.500000000000000        4.2311026647908229E-002   0.0000000000000000     
   79.600000000000009        4.2337628993603320E-002   0.0000000000000000     
   79.700000000000003        4.2364214634523799E-002   0.0000000000000000     
   79.800000000000011        4.2390783602099170E-002   0.0000000000000000     
   79.900000000000006        4.2417335927660525E-002   0.0000000000000000     
   80.000000000000000        4.2443871642440914E-002   0.0000000000000000     
   80.100000000000009        4.2470390777575855E-002   0.0000000000000000     
   80.200000000000003        4.2496893364103686E-002   0.0000000000000000     
   80.300000000000011        4.2523379432966052E-002   0.0000000000000000     
   80.400000000000006        4.2549849015008266E-002   0.0000000000000000     
   80.500000000000000        4.2576302140979787E-002   0.0000000000000000     
   80.600000000000009        4.2602738841534593E-002   0.0000000000000000     
   80.700000000000003        4.2629159147231602E-002   0.0000000000000000     
   80.800000000000011        4.2655563088535124E-002   0.0000000000000000     
   80.900000000000006        4.2681950695815207E-002   0.0000000000000000     
   81.000000000000000        4.2708321999348091E-002   0.0000000000000000     
   81.100000000000009        4.2734677029316603E-002   0.0000000000000000     
   81.200000000000003        4.2761015815810550E-002   0.0000000000000000     
   81.300000000000011        4.2787338388827131E-002   0.0000000000000000     
   81.400000000000006        4.2813644778271334E-002   0.0000000000000000     
   81.500000000000000        4.2839935013956311E-002   0.0000000000000000     
   81.600000000000009        4.2866209125603821E-002   0.0000000000000000     
   81.700000000000003        4.2892467142844559E-002   0.0000000000000000     
   81.800000000000011        4.2918709095218603E-002   0.0000000000000000     
   81.900000000000006        4.2944935012175764E-002   0.0000000000000000     
   82.000000000000000        4.2971144923075993E-002   0.0000000000000000     
   82.100000000000009        4.2997338857189760E-002   0.0000000000000000     
   82.200000000000003        4.3023516843698401E-002   0.0000000000000000     
   82.300000000000011        4.3049678911694568E-002   0.0000000000000000     
   82.400000000000006        4.3075825090182547E-002   0.0000000000000000     
   82.500000000000000        4.3101955408078645E-002   0.0000000000000000     
   82.600000000000009        4.3128069894211592E-002   0.0000000000000000     
   82.700000000000003        4.3154168577322863E-002   0.0000000000000000     
   82.800000000000011        4.3180251486067106E-002   0.0000000000000000     
   82.900000000000006        4.3206318649012442E-002   0.0000000000000000     
   83.000000000000000        4.3232370094640891E-002   0.0000000000000000     
   83.100000000000009        4.3258405851348707E-002   0.0000000000000000     
   83.200000000000003        4.3284425947446734E-002   0.0000000000000000     
   83.300000000000011        4.3310430411160776E-002   0.0000000000000000     
   83.400000000000006        4.3336419270631948E-002   0.0000000000000000     
   83.500000000000000        4.3362392553917044E-002   0.0000000000000000     
   83.600000000000009        4.3388350288988860E-002   0.0000000000000000     
   83.700000000000003        4.3414292503736601E-002   0.0000000000000000     
   83.800000000000011        4.3440219225966165E-002   0.0000000000000000     
   83.900000000000006        4.3466130483400520E-002   0.0000000000000000     
   84.000000000000000        4.3492026303680084E-002   0.0000000000000000     
   84.100000000000009        4.3517906714362994E-002   0.0000000000000000     
   84.200000000000003        4.3543771742925536E-002   0.0000000000000000     
   84.300000000000011        4.3569621416762391E-002   0.0000000000000000     
   84.400000000000006        4.3595455763187060E-002   0.0000000000000000     
   84.500000000000000        4.3621274809432148E-002   0.0000000000000000     
   84.600000000000009        4.3647078582649719E-002   0.0000000000000000     
   84.700000000000003        4.3672867109911619E-002   0.0000000000000000     
   84.800000000000011        4.3698640418209811E-002   0.0000000000000000     
   84.900000000000006        4.3724398534456713E-002   0.0000000000000000     
   85.000000000000000        4.3750141485485505E-002   0.0000000000000000     
   85.100000000000009        4.3775869298050496E-002   0.0000000000000000     
   85.200000000000003        4.3801581998827395E-002   0.0000000000000000     
   85.300000000000011        4.3827279614413669E-002   0.0000000000000000     
   85.400000000000006        4.3852962171328863E-002   0.0000000000000000     
   85.500000000000000        4.3878629696014887E-002   0.0000000000000000     
   85.600000000000009        4.3904282214836401E-002   0.0000000000000000     
   85.700000000000003        4.3929919754081045E-002   0.0000000000000000     
   85.800000000000011        4.3955542339959817E-002   0.0000000000000000     
   85.900000000000006        4.3981149998607361E-002   0.0000000000000000     
   86.000000000000000        4.4006742756082275E-002   0.0000000000000000     
   86.100000000000009        4.4032320638367449E-002   0.0000000000000000     
   86.200000000000003        4.4057883671370326E-002   0.0000000000000000     
   86.300000000000011        4.4083431880923250E-002   0.0000000000000000     
   86.400000000000006        4.4108965292783735E-002   0.0000000000000000     
   86.500000000000000        4.4134483932634805E-002   0.0000000000000000     
   86.600000000000009        4.4159987826085281E-002   0.0000000000000000     
   86.700000000000003        4.4185476998670051E-002   0.0000000000000000     
   86.800000000000011        4.4210951475850413E-002   0.0000000000000000     
   86.900000000000006        4.4236411283014358E-002   0.0000000000000000     
   87.000000000000000        4.4261856445476845E-002   0.0000000000000000     
   87.100000000000009        4.4287286988480119E-002   0.0000000000000000     
   87.200000000000003        4.4312702937193978E-002   0.0000000000000000     
   87.300000000000011        4.4338104316716115E-002   0.0000000000000000     
   87.400000000000006        4.4363491152072332E-002   0.0000000000000000     
   87.500000000000000        4.4388863468216889E-002   0.0000000000000000     
   87.600000000000009        4.4414221290032772E-002   0.0000000000000000     
   87.700000000000003        4.4439564642331952E-002   0.0000000000000000     
   87.800000000000011        4.4464893549855708E-002   0.0000000000000000     
   87.900000000000006        4.4490208037274895E-002   0.0000000000000000     
   88.000000000000000        4.4515508129190216E-002   0.0000000000000000     
   88.100000000000009        4.4540793850132487E-002   0.0000000000000000     
   88.200000000000003        4.4566065224562960E-002   0.0000000000000000     
   88.300000000000011        4.4591322276873561E-002   0.0000000000000000     
   88.400000000000006        4.4616565031387168E-002   0.0000000000000000     
   88.500000000000000        4.4641793512357898E-002   0.0000000000000000     
   88.600000000000009        4.4667007743971386E-002   0.0000000000000000     
   88.700000000000003        4.4692207750345020E-002   0.0000000000000000     
   88.800000000000011        4.4717393555528256E-002   0.0000000000000000     
   88.900000000000006        4.4742565183502836E-002   0.0000000000000000     
   89.000000000000000        4.4767722658183094E-002   0.0000000000000000     
   89.100000000000009        4.4792866003416212E-002   0.0000000000000000     
   89.200000000000003        4.4817995242982481E-002   0.0000000000000000     
   89.300000000000011        4.4843110400595541E-002   0.0000000000000000     
   89.400000000000006        4.4868211499902694E-002   0.0000000000000000     
   89.500000000000000        4.4893298564485103E-002   0.0000000000000000     
   89.600000000000009        4.4918371617858097E-002   0.0000000000000000     
   89.700000000000003        4.4943430683471418E-002   0.0000000000000000     
   89.800000000000011        4.4968475784709451E-002   0.0000000000000000     
   89.900000000000006        4.4993506944891501E-002   0.0000000000000000     
   90.000000000000000        4.5018524187272063E-002   0.0000000000000000     
   90.100000000000009        4.5043527535041039E-002   0.0000000000000000     
   90.200000000000003        4.5068517011323993E-002   0.0000000000000000     
   90.300000000000011        4.5093492639182435E-002   0.0000000000000000     
   90.400000000000006        4.5118454441614025E-002   0.0000000000000000     
   90.500000000000000        4.5143402441552849E-002   0.0000000000000000     
   90.600000000000009        4.5168336661869674E-002   0.0000000000000000     
   90.700000000000003        4.5193257125372144E-002   0.0000000000000000     
   90.800000000000011        4.5218163854805073E-002   0.0000000000000000     
   90.900000000000006        4.5243056872850670E-002   0.0000000000000000     
   91.000000000000000        4.5267936202128767E-002   0.0000000000000000     
   91.100000000000009        4.5292801865197074E-002   0.0000000000000000     
   91.200000000000003        4.5317653884551438E-002   0.0000000000000000     
   91.300000000000011        4.5342492282626018E-002   0.0000000000000000     
   91.400000000000006        4.5367317081793590E-002   0.0000000000000000     
   91.500000000000000        4.5392128304365724E-002   0.0000000000000000     
   91.600000000000009        4.5416925972593079E-002   0.0000000000000000     
   91.700000000000003        4.5441710108665587E-002   0.0000000000000000     
   91.800000000000011        4.5466480734712690E-002   0.0000000000000000     
   91.900000000000006        4.5491237872803597E-002   0.0000000000000000     
   92.000000000000000        4.5515981544947487E-002   0.0000000000000000     
   92.100000000000009        4.5540711773093753E-002   0.0000000000000000     
   92.200000000000003        4.5565428579132233E-002   0.0000000000000000     
   92.300000000000011        4.5590131984893402E-002   0.0000000000000000     
   92.400000000000006        4.5614822012148643E-002   0.0000000000000000     
   92.500000000000000        4.5639498682610434E-002   0.0000000000000000     
   92.600000000000009        4.5664162017932622E-002   0.0000000000000000     
   92.700000000000003        4.5688812039710557E-002   0.0000000000000000     
   92.800000000000011        4.5713448769481392E-002   0.0000000000000000     
   92.900000000000006        4.5738072228724287E-002   0.0000000000000000     
   93.000000000000000        4.5762682438860600E-002   0.0000000000000000     
   93.100000000000009        4.5787279421254108E-002   0.0000000000000000     
   93.200000000000003        4.5811863197211269E-002   0.0000000000000000     
   93.300000000000011        4.5836433787981370E-002   0.0000000000000000     
   93.400000000000006        4.5860991214756792E-002   0.0000000000000000     
   93.500000000000000        4.5885535498673219E-002   0.0000000000000000     
   93.600000000000009        4.5910066660809802E-002   0.0000000000000000     
   93.700000000000003        4.5934584722189448E-002   0.0000000000000000     
   93.800000000000011        4.5959089703778946E-002   0.0000000000000000     
   93.900000000000006        4.5983581626489252E-002   0.0000000000000000     
   94.000000000000000        4.6008060511175647E-002   0.0000000000000000     
   94.100000000000009        4.6032526378637965E-002   0.0000000000000000     
   94.200000000000003        4.6056979249620787E-002   0.0000000000000000     
   94.300000000000011        4.6081419144813673E-002   0.0000000000000000     
   94.400000000000006        4.6105846084851319E-002   0.0000000000000000     
   94.500000000000000        4.6130260090313818E-002   0.0000000000000000     
   94.600000000000009        4.6154661181726814E-002   0.0000000000000000     
   94.700000000000003        4.6179049379561729E-002   0.0000000000000000     
   94.800000000000011        4.6203424704235940E-002   0.0000000000000000     
   94.900000000000006        4.6227787176113026E-002   0.0000000000000000     
   95.000000000000000        4.6252136815502914E-002   0.0000000000000000     
   95.100000000000009        4.6276473642662103E-002   0.0000000000000000     
   95.200000000000003        4.6300797677793847E-002   0.0000000000000000     
   95.300000000000011        4.6325108941048375E-002   0.0000000000000000     
   95.400000000000006        4.6349407452523056E-002   0.0000000000000000     
   95.500000000000000        4.6373693232262619E-002   0.0000000000000000     
   95.600000000000009        4.6397966300259323E-002   0.0000000000000000     
   95.700000000000003        4.6422226676453168E-002   0.0000000000000000     
   95.800000000000011        4.6446474380732065E-002   0.0000000000000000     
   95.900000000000006        4.6470709432932050E-002   0.0000000000000000     
   96.000000000000000        4.6494931852837464E-002   0.0000000000000000     
   96.100000000000009        4.6519141660181139E-002   0.0000000000000000     
   96.200000000000003        4.6543338874644569E-002   0.0000000000000000     
   96.300000000000011        4.6567523515858134E-002   0.0000000000000000     
   96.400000000000006        4.6591695603401255E-002   0.0000000000000000     
   96.500000000000000        4.6615855156802603E-002   0.0000000000000000     
   96.600000000000009        4.6640002195540257E-002   0.0000000000000000     
   96.700000000000003        4.6664136739041906E-002   0.0000000000000000     
   96.800000000000011        4.6688258806685007E-002   0.0000000000000000     
   96.900000000000006        4.6712368417797016E-002   0.0000000000000000     
   97.000000000000000        4.6736465591655514E-002   0.0000000000000000     
   97.100000000000009        4.6760550347488425E-002   0.0000000000000000     
   97.200000000000003        4.6784622704474164E-002   0.0000000000000000     
   97.300000000000011        4.6808682681741855E-002   0.0000000000000000     
   97.400000000000006        4.6832730298371456E-002   0.0000000000000000     
   97.500000000000000        4.6856765573393994E-002   0.0000000000000000     
   97.600000000000009        4.6880788525791674E-002   0.0000000000000000     
   97.700000000000003        4.6904799174498121E-002   0.0000000000000000     
   97.800000000000011        4.6928797538398535E-002   0.0000000000000000     
   97.900000000000006        4.6952783636329806E-002   0.0000000000000000     
   98.000000000000000        4.6976757487080779E-002   0.0000000000000000     
   98.100000000000009        4.7000719109392360E-002   0.0000000000000000     
   98.200000000000003        4.7024668521957705E-002   0.0000000000000000     
   98.300000000000011        4.7048605743422407E-002   0.0000000000000000     
   98.400000000000006        4.7072530792384638E-002   0.0000000000000000     
   98.500000000000000        4.7096443687395337E-002   0.0000000000000000     
   98.600000000000009        4.7120344446958368E-002   0.0000000000000000     
   98.700000000000003        4.7144233089530682E-002   0.0000000000000000     
   98.800000000000011        4.7168109633522526E-002   0.0000000000000000     
   98.900000000000006        4.7191974097297515E-002   0.0000000000000000     
   99.000000000000000        4.7215826499172928E-002   0.0000000000000000     
   99.100000000000009        4.7239666857419732E-002   0.0000000000000000     
   99.200000000000003        4.7263495190262857E-002   0.0000000000000000     
   99.300000000000011        4.7287311515881301E-002   0.0000000000000000     
   99.400000000000006        4.7311115852408304E-002   0.0000000000000000     
   99.500000000000000        4.7334908217931508E-002   0.0000000000000000     
   99.600000000000009        4.7358688630493140E-002   0.0000000000000000     
   99.700000000000003        4.7382457108090116E-002   0.0000000000000000     
   99.800000000000011        4.7406213668674285E-002   0.0000000000000000     
   99.900000000000006        4.7429958330152469E-002   0.0000000000000000     
   100.00000000000000        4.7453691110386768E-002   0.0000000000000000     
 Total integrated eventrate (events)   1.0171089377733009E-015 pm   2.2569073747059831E-025
 Event rate spectra written to eventrate_spectra.dat
 Compute time (s)   8.34906769    
