 %%%%%%%%%%%%%%%%%%%%%%%%%%%%%%%%%%%%%%%%%%%%%%%%%%%%%%%%%%%%%%%%%%%%%%%%%%%%%%%
 Welcome to our FORTAN 90 implementation of the WIMP-nucleon scattering code.
 Based on the Mathematica script described in arXiv:1308.6288 (2003).
   VERSION 1.4 UPDATED: 2021.01.15 @ SDSU
   Dev. contact: cjohnson@sdsu.edu
                  ogorton@sdsu.edu
 %%%%%%%%%%%%%%%%%%%%%%%%%%%%%%%%%%%%%%%%%%%%%%%%%%%%%%%%%%%%%%%%%%%%%%%%%%%%%%%
 
 Select an option:
 [1] Event rate per unit recoil energy (spectra)
 [2] Scattering probability
 [3] Differential cross section per recoil energy
 [4] (*) Total cross section
 [5] Total scattering events per detector (does not produce spectra data)
 [6] Nuclear response function test
  
 (*) Not available in this release.
  
 Enter the target proton number 
  
 Enter the target neutron number 
 Setting default parameter values.
  
 Enter name of control file (.control):
 %%%%%%%%%%%%%%%%%%%%%%%%%%%%%%%%%%%%%%%%%%%%%%%%%%%%%%%%%%%%%%%%%%%%%%%%%%%%%%%
 Reading control file.
 # Coefficient matrix (non-relativistic)
 # Ommitted values are assumed to be 0.0.
 # c_i^t
 # i = 1,...,16
 # t: p=proton n=neutron s=scaler v=vector
 #control name	 i	coupling	c_i^t
 n           3   1.0000000000000000     
 n           5   6.1232339957367660E-017
 wimpmass: Set dark matter particle mass to   500.00000000000000     
 vearth: Set velocity of earth in galactic frame set to   232.00000000000000     
 maxwellv0: Set velocity distribution scaling to   220.00000000000000     
 vescape: Set escape velocity to   550.00000000000000     
 dmdens: Set local dark matter density to  0.29999999999999999     
 intpoints: Set number of integral lattice points to        1000
 ntscale: Set target nuclei mass density scaling to   2500.0000000000000     
 End of control file.
 
 Converting EFT coefficients isospin <=> proton-neutron formalism.
 s           3   1.0000000000000000     
 v           3  -1.0000000000000000     
 s           5   6.1232339957367660E-017
 v           5  -6.1232339957367660E-017
 p           3   0.0000000000000000     
 n           3   1.0000000000000000     
 p           5   0.0000000000000000     
 n           5   6.1232339957367660E-017
 Normalizing EFT coefficients.
  
  Enter name of one-body density file (.dres) 
 xe131gcn.dres
 Valence Z, N:
           4          -5
 Looking for orbitals.
 Found single particle state quantum numbers.
 Valence orbitals:
 ORBIT      N      L      2 x J
           1           0           4           7
           2           1           2           5
           3           1           2           3
           4           2           0           1
           5           0           5          11
 Number of valence orbitals:
           5
 Max. valence occupancy:
          32
 Corrected valence particles Z, N:
           4          27
 Inert core inferred from valence particles:
 Sn-100 core.
 Number of core orbitals:
          11
 Core orbitals:
 ORBIT      N      L      2 x J
           6           0           0           1
           7           0           1           3
           8           0           1           1
           9           1           0           1
          10           0           2           5
          11           0           2           3
          12           0           3           7
          13           1           1           3
          14           0           3           5
          15           1           1           1
          16           0           4           9
 Density matrix allocated, size:        5632
 Density matrix is in explicit proton-neutron format.
 Density matrix is in explicit proton-neutron format.
 Density matrix is in explicit proton-neutron format.
 Density matrix is in explicit proton-neutron format.
 Filling core orbitals.
 Orbital           6   3.16227770    
 Orbital           7   4.47213602    
 Orbital           8   3.16227770    
 Orbital           9   3.16227770    
 Orbital          10   5.47722578    
 Orbital          11   4.47213602    
 Orbital          12   6.32455540    
 Orbital          13   4.47213602    
 Orbital          14   5.47722578    
 Orbital          15   3.16227770    
 Orbital          16   7.07106781    
 %%%%%%%%%%%%%%%%%%%%%%%%%%%%%%%%%%%%%%%%%%%%%%%%%%%%%%%%%%%%%%%%%%%%%%%%%%%%%%%
 Control file settings used:
wimpmass                      500.0000000000
vearth                        232.0000000000
maxwellv0                     220.0000000000
vescape                       550.0000000000
dmdens                          0.3000000000
intpoints                    1000.0000000000
usemomentum                     0.0000000000
useenergyfile                   0.0000000000
ntscale                      2500.0000000000
 
 Parameters used in this calculation:
femtometer =                   5.067700
GeV =                          1.000000
kev =                          0.000001
b (fm)                         2.292342
b (1/GeV)                     11.616901
Nucleon mass (GeV)             0.938272
WIMP spin                      0.500000
WIMP mass (GeV)              500.000000
Target J                      4
Target T                     24
Target Mt                    23
Target Z,N                   54  77
Target atomic mass           131.000000
System reduced mass           98.660252
Target mass density (1/GeV)    0.008136
Local WIMP density (GeV/cm^3)  0.300000
v0 (km/s)                    220.000000
ve (km/s)                    232.000000
v escape (km/s)                   550.000000
 Integral lattice size =         1000
 
 EFT coupling coefficients:
i          p           n           s           v
 3  0.0000E+00 0.3300E-01 0.3300E-01-0.3300E-01
 5  0.0000E+00 0.2020E-17 0.2020E-17-0.2020E-17
 %%%%%%%%%%%%%%%%%%%%%%%%%%%%%%%%%%%%%%%%%%%%%%%%%%%%%%%%%%%%%%%%%%%%%%%%%%%%%%%
--------------------------------------------------------------------------------
 Generating Wigner six-J look-up table
--------------------------------------------------------------------------------
 Table max 2J:          12
 Jx2=           0
 Jx2=           4
 Jx2=          12
 Jx2=          10
 Jx2=          -2
 Jx2=           6
 Jx2=           2
 Jx2=           8
 Jx2=           1
 Jx2=          -1
 Jx2=           3
 Jx2=           5
 Jx2=          11
 Jx2=           7
 Jx2=           9
 Tables have been saved to memory. Mem. used (MB):   38.6144714    
 Time:   8.88070017E-02
 Computing differential event rate spectra
 What is the range of recoil energies in kev?
 Enter starting energy, stoping energy, step size:
 E min  (kev)   1.0000000000000000     
 E max  (kev)   1000.0000000000000     
 E step (kev)   1.0000000000000000     
 Number of event rates to compute:        1000
 E-recoil (kev)              q-transfer (gev/c)        Eventrate (events/gev)
   1.0000000000000000        1.5678879551804713E-002   216.32479212643935     
   2.0000000000000000        2.2173284104976421E-002   825.03152853458710     
   3.0000000000000000        2.7156615989478512E-002   1769.6517772488564     
   4.0000000000000000        3.1357759103609426E-002   2998.6755350565813     
   5.0000000000000000        3.5059040488866773E-002   4465.2128821974093     
   6.0000000000000000        3.8405254640478559E-002   6126.6751367407696     
   7.0000000000000000        4.1482416130211121E-002   7944.4745220902814     
   8.0000000000000000        4.4346568209952843E-002   9883.7414057000624     
   9.0000000000000000        4.7036638655414138E-002   11913.058209916529     
   10.000000000000000        4.9580970543142859E-002   14004.209136936044     
   11.000000000000000        5.2000960606511874E-002   16131.944889258657     
   12.000000000000000        5.4313231978957023E-002   18273.761604781928     
   13.000000000000000        5.6531004165855742E-002   20409.693261876666     
   14.000000000000000        5.8664995491349008E-002   22522.116844477874     
   15.000000000000000        6.0724039391331662E-002   24595.569590462710     
   16.000000000000000        6.2715518207218851E-002   26616.577678429298     
   17.000000000000000        6.4645676483427728E-002   28573.495738488458     
   18.000000000000000        6.6519852314929254E-002   30456.356601883279     
   19.000000000000000        6.8342651514263039E-002   32256.730732211854     
   20.000000000000000        7.0118080977733546E-002   33967.594807789690     
   21.000000000000000        7.1849652358240396E-002   35583.208950299864     
   22.000000000000000        7.3540463746158136E-002   37099.002119384124     
   23.000000000000000        7.5193264804768248E-002   38511.465216267141     
   24.000000000000000        7.6810509280957118E-002   39818.051461925810     
   25.000000000000000        7.8394397759023571E-002   41017.083636749041     
   26.000000000000000        7.9946912785923127E-002   42107.667789128835     
   27.000000000000000        8.1469847968435538E-002   43089.613040002747     
   28.000000000000000        8.2964832260422242E-002   43963.357129088043     
   29.000000000000000        8.4433350377679559E-002   44729.897366423065     
   30.000000000000000        8.5876760069299299E-002   45390.726669906726     
   31.000000000000000        8.7296306817642638E-002   45947.774385834979     
   32.000000000000000        8.8693136419905685E-002   46403.351604997690     
   33.000000000000000        9.0068305812866262E-002   46760.100701756885     
   34.000000000000000        9.1422792431646929E-002   47020.948837706208     
   35.000000000000000        9.2757502338085843E-002   47189.065185033083     
   36.000000000000000        9.4073277310828277E-002   47267.821637608111     
   37.000000000000000        9.5370901054776663E-002   47260.756790122963     
   38.000000000000000        9.6651104660008924E-002   47171.542977325451     
   39.000000000000000        9.7914571418150007E-002   47003.956176572508     
   40.000000000000000        9.9161941086285718E-002   46761.848587571490     
   41.000000000000000       0.10039381367395105        46449.123713319292     
   42.000000000000000       0.10161075281681560        46069.713775906981     
   43.000000000000000       0.10281328879089512        45627.559310053657     
   44.000000000000000       0.10400192121302375        45126.590785980443     
   45.000000000000000       0.10517712146660033        44570.712121564706     
   46.000000000000000       0.10633933488601477        43963.785951634309     
   47.000000000000000       0.10748898272846384        43309.620529790518     
   48.000000000000000       0.10862646395791405        42611.958145311888     
   49.000000000000000       0.10975215686263298        41874.464944492800     
   50.000000000000000       0.11086642052488210        41100.722052236481     
   51.000000000000000       0.11196959615895735        40294.217895863971     
   52.000000000000000       0.11306200833171148        39458.341638925471     
   53.000000000000000       0.11414396607793159        38596.377638341117     
   54.000000000000000       0.11521576392143568        37711.500843442227     
   55.000000000000000       0.11627768281144923        36806.773060467218     
   56.000000000000000       0.11732999098269802        35885.140010789321     
   57.000000000000000       0.11837294474667764        34949.429115625797     
   58.000000000000000       0.11940678922071390        34002.347944222136     
   59.000000000000000       0.12043175900068885        33046.483266519877     
   60.000000000000000       0.12144807878266332        32084.300655119638     
   61.000000000000000       0.12245596393806224        31118.144584949245     
   62.000000000000000       0.12345562104659309        30150.238982453851     
   63.000000000000000       0.12444724839063337        29182.688179340574     
   64.000000000000000       0.12543103641443770        28217.478228956599     
   65.000000000000000       0.12640716815117725        27256.478546253318     
   66.000000000000000       0.12737581962052294        26301.443835003338     
   67.000000000000000       0.12833716019921901        25354.016268502022     
   68.000000000000000       0.12929135296685546        24415.727892401141     
   69.000000000000000       0.13023855502883930        23488.003220602874     
   70.000000000000000       0.13117891781837507        22572.161997291838     
   71.000000000000000       0.13211258737909873        21669.422100206328     
   72.000000000000000       0.13303970462985851        20780.902562156120     
   73.000000000000000       0.13396040561300193        19907.626689586850     
   74.000000000000000       0.13487482172740767        19050.525258678521     
   75.000000000000000       0.13578307994739255        18210.439771048299     
   76.000000000000000       0.13668530302852608        17388.125752618824     
   77.000000000000000       0.13758160970129693        16584.256080607654     
   78.000000000000000       0.13847211485349675        15799.424324905565     
   79.000000000000000       0.13935692970211419        15034.148091338358     
   80.000000000000000       0.14023616195546709        14288.872355457279     
   81.000000000000000       0.14110991596624242        13563.972776579201     
   82.000000000000000       0.14197829287605904        12859.758982804049     
   83.000000000000000       0.14284139075212057        12176.477818677024     
   84.000000000000000       0.14369930471648079        11514.316548040411     
   85.000000000000000       0.14455212706840392        10873.406005437988     
   86.000000000000000       0.14539994740026557        10253.823690197140     
   87.000000000000000       0.14624285270740583        9655.5967980227742     
   88.000000000000000       0.14708092749231627        9078.7051855966165     
   89.000000000000000       0.14791425386351376        8523.0842642866119     
   90.000000000000000       0.14874291162942857        7988.6278196393987     
   91.000000000000000       0.14956697838761068        7475.1907538533505     
   92.000000000000000       0.15038652960953650        6982.5917489157373     
   93.000000000000000       0.15120163872127840        6510.6158485354981     
   94.000000000000000       0.15201237718028093        6059.0169574170450     
   95.000000000000000       0.15281881454847107        5627.5202567995684     
   96.000000000000000       0.15362101856191424        5215.8245355360559     
   97.000000000000000       0.15441905519721327        4823.6044363057163     
   98.000000000000000       0.15521298873483494        4450.5126168455481     
   99.000000000000000       0.15600288181953562        4096.1818263538626     
   100.00000000000000       0.15678879551804714        3760.2268974600543     
   101.00000000000000       0.15757078937417301        3442.2466543753371     
   102.00000000000000       0.15834892146143589        3141.8257380369173     
   103.00000000000000       0.15912324843340772        2858.5363492372021     
   104.00000000000000       0.15989382557184625        2591.9399108893567     
   105.00000000000000       0.16066070683275357        2341.5886507230148     
   106.00000000000000       0.16142394489046535        2107.0271058308058     
   107.00000000000000       0.16218359117987244        1887.7935505976461     
   108.00000000000000       0.16293969593687108        1683.4213496418190     
   109.00000000000000       0.16369230823713127        1493.4402374815388     
   110.00000000000000       0.16444147603326842        1317.3775267127257     
   111.00000000000000       0.16518724619049741        1154.7592465444620     
   112.00000000000000       0.16592966452084448        1005.1112135894468     
   113.00000000000000       0.16666877581598780        867.96003684702475     
   114.00000000000000       0.16740462387879254        742.83405884894432     
   115.00000000000000       0.16813725155360426        629.26423496121447     
   116.00000000000000       0.16886670075535912        526.78495285161728     
   117.00000000000000       0.16959301249756725        434.93479414192700     
   118.00000000000000       0.17031622691922224        353.25724026619247     
   119.00000000000000       0.17103638331068627        281.30132455393340     
   120.00000000000000       0.17175352013859860        218.62223254832784     
   121.00000000000000       0.17246767506985186        164.78185255661290     
   122.00000000000000       0.17317888499467826        119.34927841219644     
   123.00000000000000       0.17388718604888628        81.901266406475131     
   124.00000000000000       0.17459261363528528        52.022648323382370     
   125.00000000000000       0.17529520244433389        29.306702481273788     
   126.00000000000000       0.17599498647404704        13.355484655698183     
   127.00000000000000       0.17669199904919294        3.7801207229879870     
   128.00000000000000       0.17738627283981137       0.20106282865718719     
   129.00000000000000       0.17807783987908207        2.2483108468212953     
   130.00000000000000       0.17876673158057121        9.5616008573709586     
   131.00000000000000       0.17945297875488161        21.790562326679524     
   132.00000000000000       0.18013661162573252        38.594845635503475     
   133.00000000000000       0.18081765984549183        59.644221554620650     
   134.00000000000000       0.18149615251018408        84.618654224770026     
   135.00000000000000       0.18217211817399501        113.20834915298140     
   136.00000000000000       0.18284558486329386        145.11377769227587     
   137.00000000000000       0.18351658009019239        180.04567942650044     
   138.00000000000000       0.18418513086565919        217.72504383654112     
   139.00000000000000       0.18485126371220728        257.88307257862368     
   140.00000000000000       0.18551500467617169        300.26112366012092     
   141.00000000000000       0.18617637933959291        344.61063875290017     
   142.00000000000000       0.18683541283172203        390.69305483947210     
   143.00000000000000       0.18749212984016156        438.27970134260755     
   144.00000000000000       0.18814655462165655        487.15168384501078     
   145.00000000000000       0.18879871101254903        537.09975546218743     
   146.00000000000000       0.18944862243890823        587.92417688856517     
   147.00000000000000       0.19009631192634960        639.43456609500186     
   148.00000000000000       0.19074180210955333        691.44973861385802     
   149.00000000000000       0.19138511524149415        743.79753930745835     
   150.00000000000000       0.19202627320239279        796.31466647554362     
   151.00000000000000       0.19266529750839925        848.84648911832846     
   152.00000000000000       0.19330220932001785        901.24685813352562     
   153.00000000000000       0.19393702945028315        953.37791218836117     
   154.00000000000000       0.19456977837269590        1005.1098789711763     
   155.00000000000000       0.19520047622892725        1056.3208724917181     
   156.00000000000000       0.19582914283630001        1106.8966870648221     
   157.00000000000000       0.19645579769505403        1156.7305885784424     
   158.00000000000000       0.19708045999540388        1205.7231036145217     
   159.00000000000000       0.19770314862439595        1253.7818069596231     
   160.00000000000000       0.19832388217257144        1300.8211080114238     
   161.00000000000000       0.19894267894044251        1346.7620365577054     
   162.00000000000000       0.19955955694478777        1391.5320283757362     
   163.00000000000000       0.20017453392477275        1435.0647110720863     
   164.00000000000000       0.20078762734790209        1477.2996905564100     
   165.00000000000000       0.20139885441580843        1518.1823385166263     
   166.00000000000000       0.20200823206988372        1557.6635812383947     
   167.00000000000000       0.20261577699675806        1595.6996900875524     
   168.00000000000000       0.20322150563363120        1632.2520739512731     
   169.00000000000000       0.20382543417346127        1667.2870739117338     
   170.00000000000000       0.20442757857001584        1700.7757604045698     
   171.00000000000000       0.20502795454278910        1732.6937330942910     
   172.00000000000000       0.20562657758179023        1763.0209236792289     
   173.00000000000000       0.20622346295220628        1791.7414018198924     
   174.00000000000000       0.20681862569894424        1818.8431843667915     
   175.00000000000000       0.20741208065105560        1844.3180480468577     
   176.00000000000000       0.20800384242604750        1868.1613457511135     
   177.00000000000000       0.20859392543408350        1890.3718265509397     
   178.00000000000000       0.20918234388207813        1910.9514595554097     
   179.00000000000000       0.20976911177768759        1929.9052617082448     
   180.00000000000000       0.21035424293320065        1947.2411296094228     
   181.00000000000000       0.21093775096933218        1962.9696754340850     
   182.00000000000000       0.21151964931892261        1977.1040670092013     
   183.00000000000000       0.21209995123054601        1989.6598720971194     
   184.00000000000000       0.21267866977202954        2000.6549069245652     
   185.00000000000000       0.21325581783388700        2010.1090889854149     
   186.00000000000000       0.21383140813266885        2018.0442941359420     
   187.00000000000000       0.21440545321423146        2024.4842179925215     
   188.00000000000000       0.21497796545692768        2029.4542416331772     
   189.00000000000000       0.21554895707472119        2032.9813015963794     
   190.00000000000000       0.21611844012022666        2035.0937641633366     
   191.00000000000000       0.21668642648767825        2035.8213039028844     
   192.00000000000000       0.21725292791582809        2035.1947864518340     
   193.00000000000000       0.21781795599077683        2033.2461554973938     
   194.00000000000000       0.21838152214873857        2030.0083239230764     
   195.00000000000000       0.21894363767874139        2025.5150690739886     
   196.00000000000000       0.21950431372526596        2019.8009320928481     
   197.00000000000000       0.22006356129082341        2012.9011212737823     
   198.00000000000000       0.22062139123847441        2004.8514193767783     
   199.00000000000000       0.22117781429429126        1995.6880948420551     
   200.00000000000000       0.22173284104976421        1985.4478168404366     
   201.00000000000000       0.22228648196415363        1974.1675740926937     
   202.00000000000000       0.22283874736678985        1961.8845973880073     
   203.00000000000000       0.22338964745932161        1948.6362857297056     
   204.00000000000000       0.22393919231791470        1934.4601360337774     
   205.00000000000000       0.22448739189540243        1919.3936763041856     
   206.00000000000000       0.22503425602338856        1903.4744022072427     
   207.00000000000000       0.22557979441430473        1886.7397169658200     
   208.00000000000000       0.22612401666342297        1869.2268744933449     
   209.00000000000000       0.22666693225082479        1850.9729256861071     
   210.00000000000000       0.22720855054332789        1832.0146677920554     
   211.00000000000000       0.22774888079637184        1812.3885967735227     
   212.00000000000000       0.22828793215586318        1792.1308625808933     
   213.00000000000000       0.22882571365998181        1771.2772272542645     
   214.00000000000000       0.22936223424094909        1749.8630257696432     
   215.00000000000000       0.22989750272675863        1727.9231295468592     
   216.00000000000000       0.23043152784287135        1705.4919125361212     
   217.00000000000000       0.23096431821387475        1682.6032198008086     
   218.00000000000000       0.23149588236510815        1659.2903385144459     
   219.00000000000000       0.23202622872425435        1635.5859712904276     
   220.00000000000000       0.23255536562289847        1611.5222117637336     
   221.00000000000000       0.23308330129805521        1587.1305223446436     
   222.00000000000000       0.23361004389366480        1562.4417140655219     
   223.00000000000000       0.23413560146205872        1537.4859284424199     
   224.00000000000000       0.23465998196539603        1512.2926212744187     
   225.00000000000000       0.23518319327707071        1486.8905483049775     
   226.00000000000000       0.23570524318309086        1461.3077526701775     
   227.00000000000000       0.23622613938343062        1435.5715540605813     
   228.00000000000000       0.23674588949335529        1409.7085395242884     
   229.00000000000000       0.23726450104472011        1383.7445558402460     
   230.00000000000000       0.23778198148724389        1357.7047033923113     
   231.00000000000000       0.23829833818975743        1331.6133314758099     
   232.00000000000000       0.23881357844142781        1305.4940349699036     
   233.00000000000000       0.23932770945295909        1279.3696523103990     
   234.00000000000000       0.23984073835776940        1253.2622646994141     
   235.00000000000000       0.24035267221314599        1227.1931964893249     
   236.00000000000000       0.24086351800137770        1201.1830166805119     
   237.00000000000000       0.24137328263086616        1175.2515414734451     
   238.00000000000000       0.24188197293721581        1149.4178378176714     
   239.00000000000000       0.24238959568430324        1123.7002279012727     
   240.00000000000000       0.24289615756532665        1098.1162945264732     
   241.00000000000000       0.24340166520383544        1072.6828873182292     
   242.00000000000000       0.24390612515474061        1047.4161297142957     
   243.00000000000000       0.24440954390530659        1022.3314266869500     
   244.00000000000000       0.24491192787612448        997.44347314778804     
   245.00000000000000       0.24541328342206742        972.76626298896247     
   246.00000000000000       0.24591361683322865        948.31309871519056     
   247.00000000000000       0.24641293433584202        924.09660162296461     
   248.00000000000000       0.24691124209318618        900.12872248444228     
   249.00000000000000       0.24740854620647201        876.42075269509644     
   250.00000000000000       0.24790485271571430        852.98333584580723     
   251.00000000000000       0.24840016760058758        829.82647968127367     
   252.00000000000000       0.24889449678126674        806.95956840819122     
   253.00000000000000       0.24938784611925258        784.39137531799997     
   254.00000000000000       0.24988022141818267        762.13007569040303     
   255.00000000000000       0.25037162842462801        740.18325994508200     
   256.00000000000000       0.25086207282887540        718.55794701057710     
   257.00000000000000       0.25135156026569638        697.26059788036594     
   258.00000000000000       0.25184009631510229        676.29712932765028     
   259.00000000000000       0.25232768650308668        655.67292775140857     
   260.00000000000000       0.25281433630235450        635.39286312771435     
   261.00000000000000       0.25330005113303861        615.46130304131930     
   262.00000000000000       0.25378483636340449        595.88212677376794     
   263.00000000000000       0.25426869731054191        576.65873942546568     
   264.00000000000000       0.25475163924104588        557.79408605012679     
   265.00000000000000       0.25523366737168512        539.29066578127765     
   266.00000000000000       0.25571478687005955        521.15054593136006     
   267.00000000000000       0.25619500285524693        503.37537604517962     
   268.00000000000000       0.25667432039843802        485.96640189031200     
   269.00000000000000       0.25715274452356129        468.92447936814312     
   270.00000000000000       0.25763028020789791        452.25008833011537     
   271.00000000000000       0.25810693238268512        435.94334628465822     
   272.00000000000000       0.25858270593371091        420.00402198123766     
   273.00000000000000       0.25905760570189784        404.43154885875197     
   274.00000000000000       0.25953163648387839        389.22503834631260     
   275.00000000000000       0.26000480303255941        374.38329300544035     
   276.00000000000000       0.26047711005767860        359.90481950317496     
   277.00000000000000       0.26094856222635143        345.78784140666238     
   278.00000000000000       0.26141916416360911        332.03031179030239     
   279.00000000000000       0.26188892045292789        318.62992564738175     
   280.00000000000000       0.26235783563675014        305.58413209863591     
   281.00000000000000       0.26282591421699653        292.89014639103448     
   282.00000000000000       0.26329316065557040        280.54496168054339     
   283.00000000000000       0.26375957937485417        268.54536059329126     
   284.00000000000000       0.26422517475819746        256.88792656017068     
   285.00000000000000       0.26468995115039784        245.56905492041901     
   286.00000000000000       0.26515391285817375        234.58496379027457     
   287.00000000000000       0.26561706415063019        223.93170469329766     
   288.00000000000000       0.26607940925971701        213.60517294950785     
   289.00000000000000       0.26654095238068015        203.60111782082694     
   290.00000000000000       0.26700169767250542        193.91515241091733     
   291.00000000000000       0.26746164925835630        184.54276331780233     
   292.00000000000000       0.26792081122600386        175.47932003815970     
   293.00000000000000       0.26837918762825108        166.72008412248493     
   294.00000000000000       0.26883678248334991        158.26021808078806     
   295.00000000000000       0.26929359977541240        150.09479403872058     
   296.00000000000000       0.26974964345481534        142.21880214449146     
   297.00000000000000       0.27020491743859881        134.62715872710692     
   298.00000000000000       0.27065942561085876        127.31471420692733     
   299.00000000000000       0.27111317182313366        120.27626075964584     
   300.00000000000000       0.27156615989478511        113.50653973520282     
   301.00000000000000       0.27201839361337310        107.00024883333052     
   302.00000000000000       0.27246987673502554        100.75204903764582     
   303.00000000000000       0.27292061298480186        94.756571310499609     
   304.00000000000000       0.27337060605705216        89.008423050894692     
   305.00000000000000       0.27381985961576999        83.502194318110966     
   306.00000000000000       0.27426837729494080        78.232463823707874     
   307.00000000000000       0.27471616269888449        73.193804694869982     
   308.00000000000000       0.27516321940259386        68.380790012138974     
   309.00000000000000       0.27560955095206696        63.787998124744377     
   310.00000000000000       0.27605516086463588        59.410017746886510     
   311.00000000000000       0.27650005262928973        55.241452838423569     
   312.00000000000000       0.27694422970699351        51.276927273542185     
   313.00000000000000       0.27738769553100223        47.511089301090330     
   314.00000000000000       0.27783045350717045        43.938615800318836     
   315.00000000000000       0.27827250701425754        40.554216335909459     
   316.00000000000000       0.27871385940422838        37.352637016163285     
   317.00000000000000       0.27915451400255020        34.328664158369584     
   318.00000000000000       0.27959447410848448        31.477127765369271     
   319.00000000000000       0.28003374299537548        28.792904817393801     
   320.00000000000000       0.28047232391093418        26.270922383311184     
   321.00000000000000       0.28091022007751870        23.906160555425163     
   322.00000000000000       0.28134743469241014        21.693655212009233     
   323.00000000000000       0.28178397092808527        19.628500611766594     
   324.00000000000000       0.28221983193248484        17.705851824437829     
   325.00000000000000       0.28265502082927874        15.920927001754826     
   326.00000000000000       0.28308954071812686        14.269009492974979     
   327.00000000000000       0.28352339467493681        12.745449809192381     
   328.00000000000000       0.28395658575211807        11.345667440636106     
   329.00000000000000       0.28438911697883235        10.065152531140962     
   330.00000000000000       0.28482099136124078        8.8994674139566445     
   331.00000000000000       0.28525221188274769        7.8442480130395520     
   332.00000000000000       0.28568278150424115        6.8952051139472541     
   333.00000000000000       0.28611270316432996        6.0481255084156702     
   334.00000000000000       0.28654197977957785        5.2988730166726690     
   335.00000000000000       0.28697061424473408        4.6433893914986344     
   336.00000000000000       0.28739860943296158        4.0776951080040202     
   337.00000000000000       0.28782596819606110        3.5978900430510006     
   338.00000000000000       0.28825269336469345        3.2001540481958606     
   339.00000000000000       0.28867878774859779        2.8807474199831447     
   340.00000000000000       0.28910425413680785        2.6360112713677251     
   341.00000000000000       0.28952909529786464        2.4623678079881373     
   342.00000000000000       0.28995331398002677        2.3563205129580034     
   343.00000000000000       0.29037691291147788        2.3144542437843261     
   344.00000000000000       0.29079989480053114        2.3334352449626721     
   345.00000000000000       0.29122226233583171        2.4100110797374077     
   346.00000000000000       0.29164401818655561        2.5410104844530355     
   347.00000000000000       0.29206516500260693        2.7233431488600188     
   348.00000000000000       0.29248570541481167        2.9539994256716002     
   349.00000000000000       0.29290564203510999        3.2300499726066496     
   350.00000000000000       0.29332497745674502        3.5486453300825298     
   351.00000000000000       0.29374371425445006        3.9070154376588184     
   352.00000000000000       0.29416185498463254        4.3024690922628039     
   353.00000000000000       0.29457940218555673        4.7323933511627478     
   354.00000000000000       0.29499635837752303        5.1942528825829726     
   355.00000000000000       0.29541272606304553        5.6855892667866099     
   356.00000000000000       0.29582850772702751        6.2040202503895632     
   357.00000000000000       0.29624370583693416        6.7472389565914508     
   358.00000000000000       0.29665832284296356        7.3130130539458307     
   359.00000000000000       0.29707236117821528        7.8991838862234136     
   360.00000000000000       0.29748582325885714        8.5036655658537104     
   361.00000000000000       0.29789871148428954        9.1244440333589676     
   362.00000000000000       0.29831102823730804        9.7595760851312559     
   363.00000000000000       0.29872277588426360        10.407188371836725     
   364.00000000000000       0.29913395677522137        11.065476369653947     
   365.00000000000000       0.29954457324411671        11.732703326504966     
   366.00000000000000       0.29995462760891017        12.407199185355987     
   367.00000000000000       0.30036412217174008        13.087359486603944     
   368.00000000000000       0.30077305921907299        13.771644251508526     
   369.00000000000000       0.30118144102185312        14.458576848555269     
   370.00000000000000       0.30158926983564915        15.146742844573415     
   371.00000000000000       0.30199654790079966        15.834788842382789     
   372.00000000000000       0.30240327744255679        16.521421306662734     
   373.00000000000000       0.30280946067122799        17.205405379693691     
   374.00000000000000       0.30321509978231626        17.885563688550274     
   375.00000000000000       0.30362019695665832        18.560775145271510     
   376.00000000000000       0.30402475436056187        19.229973741480102     
   377.00000000000000       0.30442877414594038        19.892147338855505     
   378.00000000000000       0.30483225845044681        20.546336456816501     
   379.00000000000000       0.30523520939760534        21.191633058719336     
   380.00000000000000       0.30563762909694214        21.827179337811700     
   381.00000000000000       0.30603951964411391        22.452166504135857     
   382.00000000000000       0.30644088312103523        23.065833573532426     
   383.00000000000000       0.30684172159600459        23.667466159828425     
   384.00000000000000       0.30724203712382847        24.256395271251431     
   385.00000000000000       0.30764183174594445        24.831996112070225     
   386.00000000000000       0.30804110749054253        25.393686890409452     
   387.00000000000000       0.30843986637268533        25.940927633126282     
   388.00000000000000       0.30883811039442655        26.473219008623420     
   389.00000000000000       0.30923584154492828        26.990101158392932     
   390.00000000000000       0.30963306180057709        27.491152538074854     
   391.00000000000000       0.31002977312509838        27.975988768741146     
   392.00000000000000       0.31042597746966988        28.444261499106510     
   393.00000000000000       0.31082167677303330        28.895657279301307     
   394.00000000000000       0.31121687296160533        29.329896446819408     
   395.00000000000000       0.31161156794958683        29.746732025209202     
   396.00000000000000       0.31200576363907123        30.145948636043702     
   397.00000000000000       0.31239946192015117        30.527361424662516     
   398.00000000000000       0.31279266467102451        30.890815000152696     
   399.00000000000000       0.31318537375809868        31.236182390000479     
   400.00000000000000       0.31357759103609428        31.563364009809181     
   401.00000000000000       0.31396931834814684        31.872286648445318     
   402.00000000000000       0.31436055752590841        32.162902468956638     
   403.00000000000000       0.31475131038964710        32.435188025563754     
   404.00000000000000       0.31514157874834603        32.689143297001529     
   405.00000000000000       0.31553136439980095        32.924790736468360     
   406.00000000000000       0.31592066913071704        33.142174338393431     
   407.00000000000000       0.31630949471680420        33.341358722238049     
   408.00000000000000       0.31669784292287179        33.522428233483986     
   409.00000000000000       0.31708571550292197        33.685486061978771     
   410.00000000000000       0.31747311420024216        33.830653377745378     
   411.00000000000000       0.31786004074749630        33.958068484378735     
   412.00000000000000       0.31824649686681544        34.067885990091924     
   413.00000000000000       0.31863248426988733        34.160275996498818     
   414.00000000000000       0.31901800465804431        34.235423305149787     
   415.00000000000000       0.31940305972235145        34.293526641871956     
   416.00000000000000       0.31978765114369251        34.334797898890173     
   417.00000000000000       0.32017178059285611        34.359461394755435     
   418.00000000000000       0.32055544973061989        34.367753152006856     
   419.00000000000000       0.32093866020783474        34.359920192569980     
   420.00000000000000       0.32132141366550715        34.336219850799949     
   421.00000000000000       0.32170371173488188        34.296919104111666     
   422.00000000000000       0.32208555603752237        34.242293921111759     
   423.00000000000000       0.32246694818539151        34.172628627119657     
   424.00000000000000       0.32284788978093071        34.088215286988053     
   425.00000000000000       0.32322838241713858        33.989353105074450     
   426.00000000000000       0.32360842767764869        33.876347842252009     
   427.00000000000000       0.32398802713680636        33.749511249797251     
   428.00000000000000       0.32436718235974488        33.609160520010647     
   429.00000000000000       0.32474589490246059        33.455617753401903     
   430.00000000000000       0.32512416631188767        33.289209442268564     
   431.00000000000000       0.32550199812597153        33.110265970483582     
   432.00000000000000       0.32587939187374215        32.919121129307435     
   433.00000000000000       0.32625634907538575        32.716111649025713     
   434.00000000000000       0.32663287124231694        32.501576746213004     
   435.00000000000000       0.32700895987724860        32.275857686408266     
   436.00000000000000       0.32738461647426254        32.039297361994436     
   437.00000000000000       0.32775984251887841        31.792239885055576     
   438.00000000000000       0.32813463948812227        31.535030194991155     
   439.00000000000000       0.32850900885059453        31.268013680658541     
   440.00000000000000       0.32888295206653684        30.991535816807186     
   441.00000000000000       0.32925647058789898        30.705941814568096     
   442.00000000000000       0.32962956585840414        30.411576285762987     
   443.00000000000000       0.33000223931361433        30.108782920784936     
   444.00000000000000       0.33037449238099481        29.797904179804096     
   445.00000000000000       0.33074632647997770        29.479280997060570     
   446.00000000000000       0.33111774302202529        29.153252497978585     
   447.00000000000000       0.33148874341069262        28.820155728865952     
   448.00000000000000       0.33185932904168897        28.480325398937520     
   449.00000000000000       0.33222950130293966        28.134093634412110     
   450.00000000000000       0.33259926157464631        27.781789744425932     
   451.00000000000000       0.33296861122934696        27.423739998514410     
   452.00000000000000       0.33333755163197559        27.060267415397313     
   453.00000000000000       0.33370608413992092        26.691691562825163     
   454.00000000000000       0.33407421010308469        26.318328368218410     
   455.00000000000000       0.33444193086393936        25.940489939858018     
   456.00000000000000       0.33480924775758508        25.558484398366346     
   457.00000000000000       0.33517616211180651        25.172615718230020     
   458.00000000000000       0.33554267524712855        24.783183579110574     
   459.00000000000000       0.33590878847687211        24.390483226695824     
   460.00000000000000       0.33627450310720852        23.994805342843513     
   461.00000000000000       0.33663982043721447        23.596435924767469     
   462.00000000000000       0.33700474175892542        23.195656173026546     
   463.00000000000000       0.33736926835738906        22.792742388068444     
   464.00000000000000       0.33773340151071823        22.387965875089815     
   465.00000000000000       0.33809714249014289        21.981592856978118     
   466.00000000000000       0.33846049256006233        21.573884395089163     
   467.00000000000000       0.33882345297809596        21.165096317638589     
   468.00000000000000       0.33918602499513451        20.755479155466531     
   469.00000000000000       0.33954820985539003        20.345278084953588     
   470.00000000000000       0.33991000879644601        19.934732877857883     
   471.00000000000000       0.34027142304930630        19.524077857854373     
   472.00000000000000       0.34063245383844448        19.113541863555142     
   473.00000000000000       0.34099310238185171        18.703348217791341     
   474.00000000000000       0.34135336989108517        18.293714702949103     
   475.00000000000000       0.34171325757131515        17.884853542142316     
   476.00000000000000       0.34207276662137254        17.476971386021550     
   477.00000000000000       0.34243189823379477        17.070269305009646     
   478.00000000000000       0.34279065359487265        16.664942786767384     
   479.00000000000000       0.34314903388469564        16.261181738689135     
   480.00000000000000       0.34350704027719720        15.859170495237796     
   481.00000000000000       0.34386467394019993        15.459087829925439     
   482.00000000000000       0.34422193603545953        15.061106971755450     
   483.00000000000000       0.34457882771870940        14.665395625941029     
   484.00000000000000       0.34493535013970372        14.272115998721151     
   485.00000000000000       0.34529150444226109        13.881424826098126     
   486.00000000000000       0.34564729176430703        13.493473406321344     
   487.00000000000000       0.34600271323791665        13.108407635952464     
   488.00000000000000       0.34635776998935652        12.726368049341438     
   489.00000000000000       0.34671246313912629        12.347489861355719     
   490.00000000000000       0.34706679380200001        11.971903013200542     
   491.00000000000000       0.34742076308706710        11.599732221177129     
   492.00000000000000       0.34777437209777257        11.231097028227664     
   493.00000000000000       0.34812762193195756        10.866111858117742     
   494.00000000000000       0.34848051368189870        10.504886072112539     
   495.00000000000000       0.34883304843434776        10.147524028006174     
   496.00000000000000       0.34918522727057055        9.7941251413661661     
   497.00000000000000       0.34953705126638579        9.4447839488598007     
   498.00000000000000       0.34988852149220329        9.0995901735299682     
   499.00000000000000       0.35023963901306199        8.7586287918963475     
   500.00000000000000       0.35059040488866777        8.4219801027554517     
   501.00000000000000       0.35094082017343037        8.0897197975608890     
   502.00000000000000       0.35129088591650082        7.7619190322649425     
   503.00000000000000       0.35164060316180779        7.4386445005103337     
   504.00000000000000       0.35198997294809409        7.1199585080589927     
   505.00000000000000       0.35233899630895243        6.8059190483515808     
   506.00000000000000       0.35268767427286141        6.4965798790940301     
   507.00000000000000       0.35303600786322065        6.1919905997702482     
   508.00000000000000       0.35338399809838589        5.8921967299807694     
   509.00000000000000       0.35373164599170370        5.5972397885165943     
   510.00000000000000       0.35407895255154603        5.3071573730718598     
   511.00000000000000       0.35442591878134416        5.0219832405105524     
   512.00000000000000       0.35477254567962274        4.7417473875984602     
   513.00000000000000       0.35511883424003293        4.4664761321191140     
   514.00000000000000       0.35546478545138616        4.1961921942920775     
   515.00000000000000       0.35581040029768662        3.9309147784178800     
   516.00000000000000       0.35615567975816415        3.6706596546739356     
   517.00000000000000       0.35650062480730660        3.4154392409888081     
   518.00000000000000       0.35684523641489174        3.1652626849283121     
   519.00000000000000       0.35718951554601935        2.9201359455230800     
   520.00000000000000       0.35753346316114243        2.6800618749770204     
   521.00000000000000       0.35787708021609876        2.4450403001924448     
   522.00000000000000       0.35822036766214171        2.2150681040548448     
   523.00000000000000       0.35856332644597105        1.9901393064189146     
   524.00000000000000       0.35890595750976323        1.7702451447431506     
   525.00000000000000       0.35924826179120195        1.5553741543194854     
   526.00000000000000       0.35959024022350766        1.3455122480498298     
   527.00000000000000       0.35993189373546769        1.1406427957207683     
   528.00000000000000       0.36027322325146505       0.94074670273223671     
   529.00000000000000       0.36061422969150841       0.74580248823569717     
   530.00000000000000       0.36095491397126039       0.55578636264249015     
   531.00000000000000       0.36129527700206654       0.37067230446179922     
   532.00000000000000       0.36163531969098367       0.19043213643203638     
   533.00000000000000       0.36197504294080823        1.5035600910256191E-002
   534.00000000000000       0.36231444765010401        0.0000000000000000     
   535.00000000000000       0.36265353471323014        0.0000000000000000     
   536.00000000000000       0.36299230502036817        0.0000000000000000     
   537.00000000000000       0.36333075945754989        0.0000000000000000     
   538.00000000000000       0.36366889890668402        0.0000000000000000     
   539.00000000000000       0.36400672424558317        0.0000000000000000     
   540.00000000000000       0.36434423634799001        0.0000000000000000     
   541.00000000000000       0.36468143608360432        0.0000000000000000     
   542.00000000000000       0.36501832431810866        0.0000000000000000     
   543.00000000000000       0.36535490191319453        0.0000000000000000     
   544.00000000000000       0.36569116972658772        0.0000000000000000     
   545.00000000000000       0.36602712861207432        0.0000000000000000     
   546.00000000000000       0.36636277941952561        0.0000000000000000     
   547.00000000000000       0.36669812299492344        0.0000000000000000     
   548.00000000000000       0.36703316018038479        0.0000000000000000     
   549.00000000000000       0.36736789181418672        0.0000000000000000     
   550.00000000000000       0.36770231873079073        0.0000000000000000     
   551.00000000000000       0.36803644176086692        0.0000000000000000     
   552.00000000000000       0.36837026173131837        0.0000000000000000     
   553.00000000000000       0.36870377946530464        0.0000000000000000     
   554.00000000000000       0.36903699578226573        0.0000000000000000     
   555.00000000000000       0.36936991149794540        0.0000000000000000     
   556.00000000000000       0.36970252742441456        0.0000000000000000     
   557.00000000000000       0.37003484437009443        0.0000000000000000     
   558.00000000000000       0.37036686313977929        0.0000000000000000     
   559.00000000000000       0.37069858453465937        0.0000000000000000     
   560.00000000000000       0.37103000935234337        0.0000000000000000     
   561.00000000000000       0.37136113838688073        0.0000000000000000     
   562.00000000000000       0.37169197242878410        0.0000000000000000     
   563.00000000000000       0.37202251226505095        0.0000000000000000     
   564.00000000000000       0.37235275867918582        0.0000000000000000     
   565.00000000000000       0.37268271245122170        0.0000000000000000     
   566.00000000000000       0.37301237435774165        0.0000000000000000     
   567.00000000000000       0.37334174517190011        0.0000000000000000     
   568.00000000000000       0.37367082566344406        0.0000000000000000     
   569.00000000000000       0.37399961659873399        0.0000000000000000     
   570.00000000000000       0.37432811874076466        0.0000000000000000     
   571.00000000000000       0.37465633284918592        0.0000000000000000     
   572.00000000000000       0.37498425968032312        0.0000000000000000     
   573.00000000000000       0.37531189998719733        0.0000000000000000     
   574.00000000000000       0.37563925451954566        0.0000000000000000     
   575.00000000000000       0.37596632402384123        0.0000000000000000     
   576.00000000000000       0.37629310924331311        0.0000000000000000     
   577.00000000000000       0.37661961091796586        0.0000000000000000     
   578.00000000000000       0.37694582978459917        0.0000000000000000     
   579.00000000000000       0.37727176657682721        0.0000000000000000     
   580.00000000000000       0.37759742202509805        0.0000000000000000     
   581.00000000000000       0.37792279685671254        0.0000000000000000     
   582.00000000000000       0.37824789179584334        0.0000000000000000     
   583.00000000000000       0.37857270756355377        0.0000000000000000     
   584.00000000000000       0.37889724487781645        0.0000000000000000     
   585.00000000000000       0.37922150445353175        0.0000000000000000     
   586.00000000000000       0.37954548700254626        0.0000000000000000     
   587.00000000000000       0.37986919323367085        0.0000000000000000     
   588.00000000000000       0.38019262385269920        0.0000000000000000     
   589.00000000000000       0.38051577956242499        0.0000000000000000     
   590.00000000000000       0.38083866106266051        0.0000000000000000     
   591.00000000000000       0.38116126905025383        0.0000000000000000     
   592.00000000000000       0.38148360421910665        0.0000000000000000     
   593.00000000000000       0.38180566726019138        0.0000000000000000     
   594.00000000000000       0.38212745886156885        0.0000000000000000     
   595.00000000000000       0.38244897970840502        0.0000000000000000     
   596.00000000000000       0.38277023048298831        0.0000000000000000     
   597.00000000000000       0.38309121186474637        0.0000000000000000     
   598.00000000000000       0.38341192453026285        0.0000000000000000     
   599.00000000000000       0.38373236915329412        0.0000000000000000     
   600.00000000000000       0.38405254640478559        0.0000000000000000     
   601.00000000000000       0.38437245695288835        0.0000000000000000     
   602.00000000000000       0.38469210146297517        0.0000000000000000     
   603.00000000000000       0.38501148059765700        0.0000000000000000     
   604.00000000000000       0.38533059501679851        0.0000000000000000     
   605.00000000000000       0.38564944537753454        0.0000000000000000     
   606.00000000000000       0.38596803233428539        0.0000000000000000     
   607.00000000000000       0.38628635653877291        0.0000000000000000     
   608.00000000000000       0.38660441864003570        0.0000000000000000     
   609.00000000000000       0.38692221928444481        0.0000000000000000     
   610.00000000000000       0.38723975911571890        0.0000000000000000     
   611.00000000000000       0.38755703877493958        0.0000000000000000     
   612.00000000000000       0.38787405890056631        0.0000000000000000     
   613.00000000000000       0.38819082012845174        0.0000000000000000     
   614.00000000000000       0.38850732309185626        0.0000000000000000     
   615.00000000000000       0.38882356842146287        0.0000000000000000     
   616.00000000000000       0.38913955674539180        0.0000000000000000     
   617.00000000000000       0.38945528868921525        0.0000000000000000     
   618.00000000000000       0.38977076487597168        0.0000000000000000     
   619.00000000000000       0.39008598592618010        0.0000000000000000     
   620.00000000000000       0.39040095245785450        0.0000000000000000     
   621.00000000000000       0.39071566508651784        0.0000000000000000     
   622.00000000000000       0.39103012442521612        0.0000000000000000     
   623.00000000000000       0.39134433108453226        0.0000000000000000     
   624.00000000000000       0.39165828567260003        0.0000000000000000     
   625.00000000000000       0.39197198879511785        0.0000000000000000     
   626.00000000000000       0.39228544105536212        0.0000000000000000     
   627.00000000000000       0.39259864305420106        0.0000000000000000     
   628.00000000000000       0.39291159539010806        0.0000000000000000     
   629.00000000000000       0.39322429865917491        0.0000000000000000     
   630.00000000000000       0.39353675345512518        0.0000000000000000     
   631.00000000000000       0.39384896036932737        0.0000000000000000     
   632.00000000000000       0.39416091999080777        0.0000000000000000     
   633.00000000000000       0.39447263290626383        0.0000000000000000     
   634.00000000000000       0.39478409970007655        0.0000000000000000     
   635.00000000000000       0.39509532095432359        0.0000000000000000     
   636.00000000000000       0.39540629724879189        0.0000000000000000     
   637.00000000000000       0.39571702916099022        0.0000000000000000     
   638.00000000000000       0.39602751726616170        0.0000000000000000     
   639.00000000000000       0.39633776213729621        0.0000000000000000     
   640.00000000000000       0.39664776434514287        0.0000000000000000     
   641.00000000000000       0.39695752445822208        0.0000000000000000     
   642.00000000000000       0.39726704304283789        0.0000000000000000     
   643.00000000000000       0.39757632066308979        0.0000000000000000     
   644.00000000000000       0.39788535788088503        0.0000000000000000     
   645.00000000000000       0.39819415525595048        0.0000000000000000     
   646.00000000000000       0.39850271334584408        0.0000000000000000     
   647.00000000000000       0.39881103270596713        0.0000000000000000     
   648.00000000000000       0.39911911388957555        0.0000000000000000     
   649.00000000000000       0.39942695744779172        0.0000000000000000     
   650.00000000000000       0.39973456392961565        0.0000000000000000     
   651.00000000000000       0.40004193388193693        0.0000000000000000     
   652.00000000000000       0.40034906784954549        0.0000000000000000     
   653.00000000000000       0.40065596637514334        0.0000000000000000     
   654.00000000000000       0.40096262999935539        0.0000000000000000     
   655.00000000000000       0.40126905926074086        0.0000000000000000     
   656.00000000000000       0.40157525469580418        0.0000000000000000     
   657.00000000000000       0.40188121683900579        0.0000000000000000     
   658.00000000000000       0.40218694622277334        0.0000000000000000     
   659.00000000000000       0.40249244337751233        0.0000000000000000     
   660.00000000000000       0.40279770883161686        0.0000000000000000     
   661.00000000000000       0.40310274311148020        0.0000000000000000     
   662.00000000000000       0.40340754674150553        0.0000000000000000     
   663.00000000000000       0.40371212024411651        0.0000000000000000     
   664.00000000000000       0.40401646413976744        0.0000000000000000     
   665.00000000000000       0.40432057894695389        0.0000000000000000     
   666.00000000000000       0.40462446518222300        0.0000000000000000     
   667.00000000000000       0.40492812336018352        0.0000000000000000     
   668.00000000000000       0.40523155399351612        0.0000000000000000     
   669.00000000000000       0.40553475759298363        0.0000000000000000     
   670.00000000000000       0.40583773466744066        0.0000000000000000     
   671.00000000000000       0.40614048572384409        0.0000000000000000     
   672.00000000000000       0.40644301126726240        0.0000000000000000     
   673.00000000000000       0.40674531180088602        0.0000000000000000     
   674.00000000000000       0.40704738782603678        0.0000000000000000     
   675.00000000000000       0.40734923984217769        0.0000000000000000     
   676.00000000000000       0.40765086834692255        0.0000000000000000     
   677.00000000000000       0.40795227383604565        0.0000000000000000     
   678.00000000000000       0.40825345680349112        0.0000000000000000     
   679.00000000000000       0.40855441774138240        0.0000000000000000     
   680.00000000000000       0.40885515714003168        0.0000000000000000     
   681.00000000000000       0.40915567548794918        0.0000000000000000     
   682.00000000000000       0.40945597327185246        0.0000000000000000     
   683.00000000000000       0.40975605097667561        0.0000000000000000     
   684.00000000000000       0.41005590908557821        0.0000000000000000     
   685.00000000000000       0.41035554807995467        0.0000000000000000     
   686.00000000000000       0.41065496843944310        0.0000000000000000     
   687.00000000000000       0.41095417064193424        0.0000000000000000     
   688.00000000000000       0.41125315516358046        0.0000000000000000     
   689.00000000000000       0.41155192247880457        0.0000000000000000     
   690.00000000000000       0.41185047306030864        0.0000000000000000     
   691.00000000000000       0.41214880737908244        0.0000000000000000     
   692.00000000000000       0.41244692590441256        0.0000000000000000     
   693.00000000000000       0.41274482910389076        0.0000000000000000     
   694.00000000000000       0.41304251744342252        0.0000000000000000     
   695.00000000000000       0.41333999138723559        0.0000000000000000     
   696.00000000000000       0.41363725139788848        0.0000000000000000     
   697.00000000000000       0.41393429793627873        0.0000000000000000     
   698.00000000000000       0.41423113146165147        0.0000000000000000     
   699.00000000000000       0.41452775243160739        0.0000000000000000     
   700.00000000000000       0.41482416130211119        0.0000000000000000     
   701.00000000000000       0.41512035852749984        0.0000000000000000     
   702.00000000000000       0.41541634456049031        0.0000000000000000     
   703.00000000000000       0.41571211985218809        0.0000000000000000     
   704.00000000000000       0.41600768485209499        0.0000000000000000     
   705.00000000000000       0.41630304000811713        0.0000000000000000     
   706.00000000000000       0.41659818576657293        0.0000000000000000     
   707.00000000000000       0.41689312257220074        0.0000000000000000     
   708.00000000000000       0.41718785086816701        0.0000000000000000     
   709.00000000000000       0.41748237109607395        0.0000000000000000     
   710.00000000000000       0.41777668369596693        0.0000000000000000     
   711.00000000000000       0.41807078910634260        0.0000000000000000     
   712.00000000000000       0.41836468776415625        0.0000000000000000     
   713.00000000000000       0.41865838010482959        0.0000000000000000     
   714.00000000000000       0.41895186656225791        0.0000000000000000     
   715.00000000000000       0.41924514756881798        0.0000000000000000     
   716.00000000000000       0.41953822355537518        0.0000000000000000     
   717.00000000000000       0.41983109495129106        0.0000000000000000     
   718.00000000000000       0.42012376218443059        0.0000000000000000     
   719.00000000000000       0.42041622568116943        0.0000000000000000     
   720.00000000000000       0.42070848586640130        0.0000000000000000     
   721.00000000000000       0.42100054316354507        0.0000000000000000     
   722.00000000000000       0.42129239799455198        0.0000000000000000     
   723.00000000000000       0.42158405077991268        0.0000000000000000     
   724.00000000000000       0.42187550193866435        0.0000000000000000     
   725.00000000000000       0.42216675188839775        0.0000000000000000     
   726.00000000000000       0.42245780104526415        0.0000000000000000     
   727.00000000000000       0.42274864982398225        0.0000000000000000     
   728.00000000000000       0.42303929863784523        0.0000000000000000     
   729.00000000000000       0.42332974789872729        0.0000000000000000     
   730.00000000000000       0.42361999801709077        0.0000000000000000     
   731.00000000000000       0.42391004940199278        0.0000000000000000     
   732.00000000000000       0.42419990246109202        0.0000000000000000     
   733.00000000000000       0.42448955760065521        0.0000000000000000     
   734.00000000000000       0.42477901522556405        0.0000000000000000     
   735.00000000000000       0.42506827573932165        0.0000000000000000     
   736.00000000000000       0.42535733954405908        0.0000000000000000     
   737.00000000000000       0.42564620704054201        0.0000000000000000     
   738.00000000000000       0.42593487862817714        0.0000000000000000     
   739.00000000000000       0.42622335470501849        0.0000000000000000     
   740.00000000000000       0.42651163566777400        0.0000000000000000     
   741.00000000000000       0.42679972191181192        0.0000000000000000     
   742.00000000000000       0.42708761383116695        0.0000000000000000     
   743.00000000000000       0.42737531181854665        0.0000000000000000     
   744.00000000000000       0.42766281626533770        0.0000000000000000     
   745.00000000000000       0.42795012756161199        0.0000000000000000     
   746.00000000000000       0.42823724609613301        0.0000000000000000     
   747.00000000000000       0.42852417225636175        0.0000000000000000     
   748.00000000000000       0.42881090642846292        0.0000000000000000     
   749.00000000000000       0.42909744899731106        0.0000000000000000     
   750.00000000000000       0.42938380034649648        0.0000000000000000     
   751.00000000000000       0.42966996085833131        0.0000000000000000     
   752.00000000000000       0.42995593091385537        0.0000000000000000     
   753.00000000000000       0.43024171089284213        0.0000000000000000     
   754.00000000000000       0.43052730117380478        0.0000000000000000     
   755.00000000000000       0.43081270213400158        0.0000000000000000     
   756.00000000000000       0.43109791414944237        0.0000000000000000     
   757.00000000000000       0.43138293759489371        0.0000000000000000     
   758.00000000000000       0.43166777284388508        0.0000000000000000     
   759.00000000000000       0.43195242026871428        0.0000000000000000     
   760.00000000000000       0.43223688024045331        0.0000000000000000     
   761.00000000000000       0.43252115312895389        0.0000000000000000     
   762.00000000000000       0.43280523930285314        0.0000000000000000     
   763.00000000000000       0.43308913912957914        0.0000000000000000     
   764.00000000000000       0.43337285297535649        0.0000000000000000     
   765.00000000000000       0.43365638120521177        0.0000000000000000     
   766.00000000000000       0.43393972418297910        0.0000000000000000     
   767.00000000000000       0.43422288227130545        0.0000000000000000     
   768.00000000000000       0.43450585583165618        0.0000000000000000     
   769.00000000000000       0.43478864522432042        0.0000000000000000     
   770.00000000000000       0.43507125080841641        0.0000000000000000     
   771.00000000000000       0.43535367294189670        0.0000000000000000     
   772.00000000000000       0.43563591198155366        0.0000000000000000     
   773.00000000000000       0.43591796828302454        0.0000000000000000     
   774.00000000000000       0.43619984220079672        0.0000000000000000     
   775.00000000000000       0.43648153408821316        0.0000000000000000     
   776.00000000000000       0.43676304429747714        0.0000000000000000     
   777.00000000000000       0.43704437317965777        0.0000000000000000     
   778.00000000000000       0.43732552108469497        0.0000000000000000     
   779.00000000000000       0.43760648836140442        0.0000000000000000     
   780.00000000000000       0.43788727535748279        0.0000000000000000     
   781.00000000000000       0.43816788241951277        0.0000000000000000     
   782.00000000000000       0.43844830989296785        0.0000000000000000     
   783.00000000000000       0.43872855812221750        0.0000000000000000     
   784.00000000000000       0.43900862745053193        0.0000000000000000     
   785.00000000000000       0.43928851822008730        0.0000000000000000     
   786.00000000000000       0.43956823077197010        0.0000000000000000     
   787.00000000000000       0.43984776544618248        0.0000000000000000     
   788.00000000000000       0.44012712258164682        0.0000000000000000     
   789.00000000000000       0.44040630251621055        0.0000000000000000     
   790.00000000000000       0.44068530558665098        0.0000000000000000     
   791.00000000000000       0.44096413212868002        0.0000000000000000     
   792.00000000000000       0.44124278247694881        0.0000000000000000     
   793.00000000000000       0.44152125696505257        0.0000000000000000     
   794.00000000000000       0.44179955592553505        0.0000000000000000     
   795.00000000000000       0.44207767968989337        0.0000000000000000     
   796.00000000000000       0.44235562858858252        0.0000000000000000     
   797.00000000000000       0.44263340295101994        0.0000000000000000     
   798.00000000000000       0.44291100310559001        0.0000000000000000     
   799.00000000000000       0.44318842937964881        0.0000000000000000     
   800.00000000000000       0.44346568209952841        0.0000000000000000     
   801.00000000000000       0.44374276159054132        0.0000000000000000     
   802.00000000000000       0.44401966817698513        0.0000000000000000     
   803.00000000000000       0.44429640218214683        0.0000000000000000     
   804.00000000000000       0.44457296392830725        0.0000000000000000     
   805.00000000000000       0.44484935373674533        0.0000000000000000     
   806.00000000000000       0.44512557192774260        0.0000000000000000     
   807.00000000000000       0.44540161882058754        0.0000000000000000     
   808.00000000000000       0.44567749473357970        0.0000000000000000     
   809.00000000000000       0.44595319998403415        0.0000000000000000     
   810.00000000000000       0.44622873488828568        0.0000000000000000     
   811.00000000000000       0.44650409976169309        0.0000000000000000     
   812.00000000000000       0.44677929491864321        0.0000000000000000     
   813.00000000000000       0.44705432067255535        0.0000000000000000     
   814.00000000000000       0.44732917733588534        0.0000000000000000     
   815.00000000000000       0.44760386522012963        0.0000000000000000     
   816.00000000000000       0.44787838463582941        0.0000000000000000     
   817.00000000000000       0.44815273589257487        0.0000000000000000     
   818.00000000000000       0.44842691929900902        0.0000000000000000     
   819.00000000000000       0.44870093516283199        0.0000000000000000     
   820.00000000000000       0.44897478379080485        0.0000000000000000     
   821.00000000000000       0.44924846548875375        0.0000000000000000     
   822.00000000000000       0.44952198056157383        0.0000000000000000     
   823.00000000000000       0.44979532931323329        0.0000000000000000     
   824.00000000000000       0.45006851204677711        0.0000000000000000     
   825.00000000000000       0.45034152906433134        0.0000000000000000     
   826.00000000000000       0.45061438066710652        0.0000000000000000     
   827.00000000000000       0.45088706715540200        0.0000000000000000     
   828.00000000000000       0.45115958882860946        0.0000000000000000     
   829.00000000000000       0.45143194598521708        0.0000000000000000     
   830.00000000000000       0.45170413892281303        0.0000000000000000     
   831.00000000000000       0.45197616793808937        0.0000000000000000     
   832.00000000000000       0.45224803332684593        0.0000000000000000     
   833.00000000000000       0.45251973538399398        0.0000000000000000     
   834.00000000000000       0.45279127440355998        0.0000000000000000     
   835.00000000000000       0.45306265067868923        0.0000000000000000     
   836.00000000000000       0.45333386450164959        0.0000000000000000     
   837.00000000000000       0.45360491616383525        0.0000000000000000     
   838.00000000000000       0.45387580595577021        0.0000000000000000     
   839.00000000000000       0.45414653416711215        0.0000000000000000     
   840.00000000000000       0.45441710108665578        0.0000000000000000     
   841.00000000000000       0.45468750700233668        0.0000000000000000     
   842.00000000000000       0.45495775220123458        0.0000000000000000     
   843.00000000000000       0.45522783696957719        0.0000000000000000     
   844.00000000000000       0.45549776159274369        0.0000000000000000     
   845.00000000000000       0.45576752635526807        0.0000000000000000     
   846.00000000000000       0.45603713154084280        0.0000000000000000     
   847.00000000000000       0.45630657743232234        0.0000000000000000     
   848.00000000000000       0.45657586431172636        0.0000000000000000     
   849.00000000000000       0.45684499246024352        0.0000000000000000     
   850.00000000000000       0.45711396215823463        0.0000000000000000     
   851.00000000000000       0.45738277368523617        0.0000000000000000     
   852.00000000000000       0.45765142731996361        0.0000000000000000     
   853.00000000000000       0.45791992334031500        0.0000000000000000     
   854.00000000000000       0.45818826202337393        0.0000000000000000     
   855.00000000000000       0.45845644364541321        0.0000000000000000     
   856.00000000000000       0.45872446848189818        0.0000000000000000     
   857.00000000000000       0.45899233680748958        0.0000000000000000     
   858.00000000000000       0.45926004889604755        0.0000000000000000     
   859.00000000000000       0.45952760502063417        0.0000000000000000     
   860.00000000000000       0.45979500545351726        0.0000000000000000     
   861.00000000000000       0.46006225046617327        0.0000000000000000     
   862.00000000000000       0.46032934032929074        0.0000000000000000     
   863.00000000000000       0.46059627531277320        0.0000000000000000     
   864.00000000000000       0.46086305568574271        0.0000000000000000     
   865.00000000000000       0.46112968171654267        0.0000000000000000     
   866.00000000000000       0.46139615367274134        0.0000000000000000     
   867.00000000000000       0.46166247182113468        0.0000000000000000     
   868.00000000000000       0.46192863642774951        0.0000000000000000     
   869.00000000000000       0.46219464775784669        0.0000000000000000     
   870.00000000000000       0.46246050607592426        0.0000000000000000     
   871.00000000000000       0.46272621164572036        0.0000000000000000     
   872.00000000000000       0.46299176473021630        0.0000000000000000     
   873.00000000000000       0.46325716559163976        0.0000000000000000     
   874.00000000000000       0.46352241449146769        0.0000000000000000     
   875.00000000000000       0.46378751169042920        0.0000000000000000     
   876.00000000000000       0.46405245744850870        0.0000000000000000     
   877.00000000000000       0.46431725202494895        0.0000000000000000     
   878.00000000000000       0.46458189567825386        0.0000000000000000     
   879.00000000000000       0.46484638866619149        0.0000000000000000     
   880.00000000000000       0.46511073124579694        0.0000000000000000     
   881.00000000000000       0.46537492367337541        0.0000000000000000     
   882.00000000000000       0.46563896620450479        0.0000000000000000     
   883.00000000000000       0.46590285909403900        0.0000000000000000     
   884.00000000000000       0.46616660259611042        0.0000000000000000     
   885.00000000000000       0.46643019696413307        0.0000000000000000     
   886.00000000000000       0.46669364245080514        0.0000000000000000     
   887.00000000000000       0.46695693930811216        0.0000000000000000     
   888.00000000000000       0.46722008778732960        0.0000000000000000     
   889.00000000000000       0.46748308813902556        0.0000000000000000     
   890.00000000000000       0.46774594061306402        0.0000000000000000     
   891.00000000000000       0.46800864545860688        0.0000000000000000     
   892.00000000000000       0.46827120292411745        0.0000000000000000     
   893.00000000000000       0.46853361325736276        0.0000000000000000     
   894.00000000000000       0.46879587670541645        0.0000000000000000     
   895.00000000000000       0.46905799351466126        0.0000000000000000     
   896.00000000000000       0.46931996393079206        0.0000000000000000     
   897.00000000000000       0.46958178819881841        0.0000000000000000     
   898.00000000000000       0.46984346656306714        0.0000000000000000     
   899.00000000000000       0.47010499926718496        0.0000000000000000     
   900.00000000000000       0.47036638655414142        0.0000000000000000     
   901.00000000000000       0.47062762866623115        0.0000000000000000     
   902.00000000000000       0.47088872584507691        0.0000000000000000     
   903.00000000000000       0.47114967833163168        0.0000000000000000     
   904.00000000000000       0.47141048636618171        0.0000000000000000     
   905.00000000000000       0.47167115018834893        0.0000000000000000     
   906.00000000000000       0.47193167003709341        0.0000000000000000     
   907.00000000000000       0.47219204615071608        0.0000000000000000     
   908.00000000000000       0.47245227876686124        0.0000000000000000     
   909.00000000000000       0.47271236812251910        0.0000000000000000     
   910.00000000000000       0.47297231445402804        0.0000000000000000     
   911.00000000000000       0.47323211799707759        0.0000000000000000     
   912.00000000000000       0.47349177898671058        0.0000000000000000     
   913.00000000000000       0.47375129765732571        0.0000000000000000     
   914.00000000000000       0.47401067424267990        0.0000000000000000     
   915.00000000000000       0.47426990897589105        0.0000000000000000     
   916.00000000000000       0.47452900208944021        0.0000000000000000     
   917.00000000000000       0.47478795381517419        0.0000000000000000     
   918.00000000000000       0.47504676438430776        0.0000000000000000     
   919.00000000000000       0.47530543402742620        0.0000000000000000     
   920.00000000000000       0.47556396297448777        0.0000000000000000     
   921.00000000000000       0.47582235145482604        0.0000000000000000     
   922.00000000000000       0.47608059969715211        0.0000000000000000     
   923.00000000000000       0.47633870792955718        0.0000000000000000     
   924.00000000000000       0.47659667637951486        0.0000000000000000     
   925.00000000000000       0.47685450527388329        0.0000000000000000     
   926.00000000000000       0.47711219483890788        0.0000000000000000     
   927.00000000000000       0.47736974530022319        0.0000000000000000     
   928.00000000000000       0.47762715688285562        0.0000000000000000     
   929.00000000000000       0.47788442981122536        0.0000000000000000     
   930.00000000000000       0.47814156430914889        0.0000000000000000     
   931.00000000000000       0.47839856059984126        0.0000000000000000     
   932.00000000000000       0.47865541890591817        0.0000000000000000     
   933.00000000000000       0.47891213944939837        0.0000000000000000     
   934.00000000000000       0.47916872245170594        0.0000000000000000     
   935.00000000000000       0.47942516813367231        0.0000000000000000     
   936.00000000000000       0.47968147671553879        0.0000000000000000     
   937.00000000000000       0.47993764841695841        0.0000000000000000     
   938.00000000000000       0.48019368345699842        0.0000000000000000     
   939.00000000000000       0.48044958205414229        0.0000000000000000     
   940.00000000000000       0.48070534442629198        0.0000000000000000     
   941.00000000000000       0.48096097079077005        0.0000000000000000     
   942.00000000000000       0.48121646136432195        0.0000000000000000     
   943.00000000000000       0.48147181636311798        0.0000000000000000     
   944.00000000000000       0.48172703600275540        0.0000000000000000     
   945.00000000000000       0.48198212049826078        0.0000000000000000     
   946.00000000000000       0.48223707006409200        0.0000000000000000     
   947.00000000000000       0.48249188491414030        0.0000000000000000     
   948.00000000000000       0.48274656526173232        0.0000000000000000     
   949.00000000000000       0.48300111131963247        0.0000000000000000     
   950.00000000000000       0.48325552330004462        0.0000000000000000     
   951.00000000000000       0.48350980141461453        0.0000000000000000     
   952.00000000000000       0.48376394587443161        0.0000000000000000     
   953.00000000000000       0.48401795689003108        0.0000000000000000     
   954.00000000000000       0.48427183467139606        0.0000000000000000     
   955.00000000000000       0.48452557942795960        0.0000000000000000     
   956.00000000000000       0.48477919136860648        0.0000000000000000     
   957.00000000000000       0.48503267070167549        0.0000000000000000     
   958.00000000000000       0.48528601763496132        0.0000000000000000     
   959.00000000000000       0.48553923237571645        0.0000000000000000     
   960.00000000000000       0.48579231513065330        0.0000000000000000     
   961.00000000000000       0.48604526610594612        0.0000000000000000     
   962.00000000000000       0.48629808550723291        0.0000000000000000     
   963.00000000000000       0.48655077353961734        0.0000000000000000     
   964.00000000000000       0.48680333040767088        0.0000000000000000     
   965.00000000000000       0.48705575631543457        0.0000000000000000     
   966.00000000000000       0.48730805146642098        0.0000000000000000     
   967.00000000000000       0.48756021606361605        0.0000000000000000     
   968.00000000000000       0.48781225030948122        0.0000000000000000     
   969.00000000000000       0.48806415440595508        0.0000000000000000     
   970.00000000000000       0.48831592855445538        0.0000000000000000     
   971.00000000000000       0.48856757295588088        0.0000000000000000     
   972.00000000000000       0.48881908781061317        0.0000000000000000     
   973.00000000000000       0.48907047331851877        0.0000000000000000     
   974.00000000000000       0.48932172967895060        0.0000000000000000     
   975.00000000000000       0.48957285709075005        0.0000000000000000     
   976.00000000000000       0.48982385575224896        0.0000000000000000     
   977.00000000000000       0.49007472586127110        0.0000000000000000     
   978.00000000000000       0.49032546761513418        0.0000000000000000     
   979.00000000000000       0.49057608121065177        0.0000000000000000     
   980.00000000000000       0.49082656684413484        0.0000000000000000     
   981.00000000000000       0.49107692471139386        0.0000000000000000     
   982.00000000000000       0.49132715500774021        0.0000000000000000     
   983.00000000000000       0.49157725792798834        0.0000000000000000     
   984.00000000000000       0.49182723366645731        0.0000000000000000     
   985.00000000000000       0.49207708241697257        0.0000000000000000     
   986.00000000000000       0.49232680437286774        0.0000000000000000     
   987.00000000000000       0.49257639972698647        0.0000000000000000     
   988.00000000000000       0.49282586867168404        0.0000000000000000     
   989.00000000000000       0.49307521139882909        0.0000000000000000     
   990.00000000000000       0.49332442809980531        0.0000000000000000     
   991.00000000000000       0.49357351896551338        0.0000000000000000     
   992.00000000000000       0.49382248418637237        0.0000000000000000     
   993.00000000000000       0.49407132395232167        0.0000000000000000     
   994.00000000000000       0.49432003845282257        0.0000000000000000     
   995.00000000000000       0.49456862787685996        0.0000000000000000     
   996.00000000000000       0.49481709241294403        0.0000000000000000     
   997.00000000000000       0.49506543224911187        0.0000000000000000     
   998.00000000000000       0.49531364757292928        0.0000000000000000     
   999.00000000000000       0.49556173857149222        0.0000000000000000     
   1000.0000000000000       0.49580970543142860        0.0000000000000000     
 Total integrated eventrate (events)   2.8251965876882958      pm  -4.3920392450842709E-006
 Event rate spectra written to eventrate_spectra.dat
 Compute time (s)  0.316727996    
 6-J Table Lookup min/max requested:          -2          12
