 %%%%%%%%%%%%%%%%%%%%%%%%%%%%%%%%%%%%%%%%%%%%%%%%%%%%%%%%%%%%%%%%%%%%%%%%%%%%%%%
 Welcome to our FORTAN 90 implementation of the WIMP-nucleon scattering code.
 Based on the Mathematica script described in arXiv:1308.6288 (2003).
   VERSION 1.4 UPDATED: 2021.01.15 @ SDSU
   Dev. contact: cjohnson@sdsu.edu
                  ogorton@sdsu.edu
 %%%%%%%%%%%%%%%%%%%%%%%%%%%%%%%%%%%%%%%%%%%%%%%%%%%%%%%%%%%%%%%%%%%%%%%%%%%%%%%
 
 Select an option:
 [1] Event rate per unit recoil energy (spectra)
 [2] Scattering probability
 [3] Differential cross section per recoil energy
 [4] (*) Total cross section
 [5] Total scattering events per detector (does not produce spectra data)
 [6] Nuclear response function test
  
 (*) Not available in this release.
  
 Enter the target proton number 
  
 Enter the target neutron number 
 Setting default parameter values.
  
 Enter name of control file (.control):
 %%%%%%%%%%%%%%%%%%%%%%%%%%%%%%%%%%%%%%%%%%%%%%%%%%%%%%%%%%%%%%%%%%%%%%%%%%%%%%%
 Reading control file.
 # Coefficient matrix (non-relativistic)
 # Ommitted values are assumed to be 0.0.
 # c_i^t
 # i = 1,...,16
 # t: p=proton n=neutron s=scaler v=vector
 #control name	 i	coupling	c_i^t
 n           1   4.8000000000000001E-004
 Invalid keyword "#coefnonrel". Ignoring.
 Invalid keyword "#coefnonrel". Ignoring.
 Invalid keyword "#coefnonrel". Ignoring.
 Invalid keyword "#coefnonrel". Ignoring.
 Invalid keyword "#coefnonrel". Ignoring.
 Invalid keyword "#coefnonrel". Ignoring.
 Invalid keyword "#coefnonrel". Ignoring.
 Invalid keyword "#coefnonrel". Ignoring.
 Invalid keyword "#coefnonrel". Ignoring.
 Invalid keyword "#coefnonrel". Ignoring.
 Invalid keyword "#coefnonrel". Ignoring.
 Invalid keyword "#coefnonrel". Ignoring.
 Invalid keyword "#coefnonrel". Ignoring.
 Invalid keyword "#coefnonrel". Ignoring.
 Invalid keyword "#coefnonrel". Ignoring.
 Invalid keyword "#coefnonrel". Ignoring.
 Invalid keyword "#coefnonrel". Ignoring.
 Invalid keyword "#coefnonrel". Ignoring.
 Invalid keyword "#coefnonrel". Ignoring.
 Invalid keyword "#coefnonrel". Ignoring.
 Invalid keyword "#coefnonrel". Ignoring.
 Invalid keyword "#coefnonrel". Ignoring.
 Invalid keyword "#coefnonrel". Ignoring.
 Invalid keyword "#coefnonrel". Ignoring.
 Invalid keyword "#coefnonrel". Ignoring.
 Invalid keyword "#coefnonrel". Ignoring.
 Invalid keyword "#coefnonrel". Ignoring.
 wimpmass: Set dark matter particle mass to   150.00000000000000     
 vearth: Set velocity of earth in galactic frame set to   232.00000000000000     
 maxwellv0: Set velocity distribution scaling to   220.00000000000000     
 Invalid keyword "#vescape". Ignoring.
 dmdens: Set local dark matter density to  0.29999999999999999     
 intpoints: Set number of integral lattice points to        1000
 ntscale: Set target nuclei mass density scaling to   2500.0000000000000     
 printdensities: Set to not print density matrix.
 End of control file.
 
 Converting EFT coefficients isospin <=> proton-neutron formalism.
 s           1   4.8000000000000001E-004
 v           1  -4.8000000000000001E-004
 p           1   0.0000000000000000     
 n           1   4.8000000000000001E-004
 Normalizing EFT coefficients.
  
  Enter name of one-body density file (.dres) 
 xe131gcn.dres
 Valence Z, N:
           4          -5
 Looking for orbitals.
 Found single particle state quantum numbers.
 Valence orbitals:
 ORBIT      N      L      2 x J
           1           0           4           7
           2           1           2           5
           3           1           2           3
           4           2           0           1
           5           0           5          11
 Number of valence orbitals:
           5
 Max. valence occupancy:
          32
 Corrected valence particles Z, N:
           4          27
 Inert core inferred from valence particles:
 Sn-100 core.
 Number of core orbitals:
          11
 Core orbitals:
 ORBIT      N      L      2 x J
           6           0           0           1
           7           0           1           3
           8           0           1           1
           9           1           0           1
          10           0           2           5
          11           0           2           3
          12           0           3           7
          13           1           1           3
          14           0           3           5
          15           1           1           1
          16           0           4           9
 Density matrix allocated, size:        5632
 Density matrix is in explicit proton-neutron format.
 Density matrix is in explicit proton-neutron format.
 Density matrix is in explicit proton-neutron format.
 Density matrix is in explicit proton-neutron format.
 Filling core orbitals.
 Orbital           6   3.16227770    
 Orbital           7   4.47213602    
 Orbital           8   3.16227770    
 Orbital           9   3.16227770    
 Orbital          10   5.47722578    
 Orbital          11   4.47213602    
 Orbital          12   6.32455540    
 Orbital          13   4.47213602    
 Orbital          14   5.47722578    
 Orbital          15   3.16227770    
 Orbital          16   7.07106781    
 %%%%%%%%%%%%%%%%%%%%%%%%%%%%%%%%%%%%%%%%%%%%%%%%%%%%%%%%%%%%%%%%%%%%%%%%%%%%%%%
 Control file settings used:
#coefnonrel                     3.0000000000
#coefnonrel                     4.0000000000
#coefnonrel                     5.0000000000
#coefnonrel                     6.0000000000
#coefnonrel                     7.0000000000
#coefnonrel                     8.0000000000
#coefnonrel                     9.0000000000
#coefnonrel                    10.0000000000
#coefnonrel                    11.0000000000
#coefnonrel                    12.0000000000
#coefnonrel                    13.0000000000
#coefnonrel                    14.0000000000
#coefnonrel                    15.0000000000
#coefnonrel                     1.0000000000
#coefnonrel                     3.0000000000
#coefnonrel                     4.0000000000
#coefnonrel                     5.0000000000
#coefnonrel                     6.0000000000
#coefnonrel                     7.0000000000
#coefnonrel                     8.0000000000
#coefnonrel                     9.0000000000
#coefnonrel                    10.0000000000
#coefnonrel                    11.0000000000
#coefnonrel                    12.0000000000
#coefnonrel                    13.0000000000
#coefnonrel                    14.0000000000
#coefnonrel                    15.0000000000
wimpmass                      150.0000000000
vearth                        232.0000000000
maxwellv0                     220.0000000000
#vescape                      550.0000000000
dmdens                          0.3000000000
intpoints                    1000.0000000000
usemomentum                     0.0000000000
useenergyfile                   0.0000000000
ntscale                      2500.0000000000
printdensities                  0.0000000000
 
 Parameters used in this calculation:
femtometer =                   5.067700
GeV =                          1.000000
kev =                          0.000001
b (fm)                         2.292342
b (1/GeV)                     11.616901
Nucleon mass (GeV)             0.938272
WIMP spin                      0.500000
WIMP mass (GeV)              150.000000
Target J                      4
Target T                     24
Target Mt                    23
Target Z,N                   54  77
Target atomic mass           131.000000
System reduced mass           67.556335
Target mass density (1/GeV)    0.008136
Local WIMP density (GeV/cm^3)  0.300000
v0 (km/s)                    220.000000
ve (km/s)                    232.000000
v escape (km/s)                  2784.000000
 Integral lattice size =         1000
 
 EFT coupling coefficients:
i          p           n           s           v
 1  0.0000E+00 0.4458E-05 0.4458E-05-0.4458E-05
 %%%%%%%%%%%%%%%%%%%%%%%%%%%%%%%%%%%%%%%%%%%%%%%%%%%%%%%%%%%%%%%%%%%%%%%%%%%%%%%
--------------------------------------------------------------------------------
 Generating Wigner six-J look-up table
--------------------------------------------------------------------------------
 Table max 2J:          12
 Jx2=          -2
 Jx2=          -1
 Jx2=           0
 Jx2=           1
 Jx2=           2
 Jx2=           3
 Jx2=           4
 Jx2=           5
 Jx2=           6
 Jx2=           7
 Jx2=           8
 Jx2=           9
 Jx2=          10
 Jx2=          11
 Jx2=          12
 Tables have been saved to memory. Mem. used (MB):   38.6144714    
 Time:  0.282788008    
 Computing differential event rate spectra
 What is the range of recoil energies in kev?
 Enter starting energy, stoping energy, step size:
 E min  (kev)   1.0000000000000000     
 E max  (kev)   1000.0000000000000     
 E step (kev)   1.0000000000000000     
 Number of event rates to compute:        1000
 E-recoil (kev)              q-transfer (gev/c)        Eventrate (events/gev)
   1.0000000000000000        1.5678879551804713E-002   162968.41408438122     
   2.0000000000000000        2.2173284104976421E-002   152940.02256487537     
   3.0000000000000000        2.7156615989478512E-002   143479.12924395537     
   4.0000000000000000        3.1357759103609426E-002   134559.11707328839     
   5.0000000000000000        3.5059040488866773E-002   126152.29218030503     
   6.0000000000000000        3.8405254640478559E-002   118231.66802887374     
   7.0000000000000000        4.1482416130211121E-002   110771.34795245668     
   8.0000000000000000        4.4346568209952843E-002   103746.61581763736     
   9.0000000000000000        4.7036638655414138E-002   97133.938984163819     
   10.000000000000000        4.9580970543142859E-002   90910.939741774710     
   11.000000000000000        5.2000960606511874E-002   85056.354542928690     
   12.000000000000000        5.4313231978957023E-002   79549.988695854161     
   13.000000000000000        5.6531004165855742E-002   74372.669865204938     
   14.000000000000000        5.8664995491349008E-002   69506.201936321508     
   15.000000000000000        6.0724039391331662E-002   64933.319990131407     
   16.000000000000000        6.2715518207218851E-002   60637.646746054736     
   17.000000000000000        6.4645676483427728E-002   56603.650633171856     
   18.000000000000000        6.6519852314929254E-002   52816.605546590617     
   19.000000000000000        6.8342651514263039E-002   49262.552290516665     
   20.000000000000000        7.0118080977733546E-002   45928.261679530464     
   21.000000000000000        7.1849652358240396E-002   42801.199253478444     
   22.000000000000000        7.3540463746158136E-002   39869.491553103595     
   23.000000000000000        7.5193264804768248E-002   37121.893899704191     
   24.000000000000000        7.6810509280957118E-002   34547.759620845849     
   25.000000000000000        7.8394397759023571E-002   32137.010664365469     
   26.000000000000000        7.9946912785923127E-002   29880.109543973878     
   27.000000000000000        8.1469847968435538E-002   27768.032561299591     
   28.000000000000000        8.2964832260422242E-002   25792.244251005792     
   29.000000000000000        8.4433350377679559E-002   23944.672997511090     
   30.000000000000000        8.5876760069299299E-002   22217.687773780668     
   31.000000000000000        8.7296306817642638E-002   20604.075954572207     
   32.000000000000000        8.8693136419905685E-002   19097.022158402484     
   33.000000000000000        9.0068305812866262E-002   17690.088074319065     
   34.000000000000000        9.1422792431646929E-002   16377.193231321673     
   35.000000000000000        9.2757502338085843E-002   15152.596669967250     
   36.000000000000000        9.4073277310828277E-002   14010.879477316441     
   37.000000000000000        9.5370901054776663E-002   12946.928147938323     
   38.000000000000000        9.6651104660008924E-002   11955.918735183503     
   39.000000000000000        9.7914571418150007E-002   11033.301758369784     
   40.000000000000000        9.9161941086285718E-002   10174.787832902317     
   41.000000000000000       0.10039381367395105        9376.3339916696896     
   42.000000000000000       0.10161075281681560        8634.1306673277522     
   43.000000000000000       0.10281328879089512        7944.5893063020876     
   44.000000000000000       0.10400192121302375        7304.3305865131788     
   45.000000000000000       0.10517712146660033        6710.1732119552662     
   46.000000000000000       0.10633933488601477        6159.1232583457531     
   47.000000000000000       0.10748898272846384        5648.3640451049314     
   48.000000000000000       0.10862646395791405        5175.2465099321253     
   49.000000000000000       0.10975215686263298        4737.2800632105800     
   50.000000000000000       0.11086642052488210        4332.1239004059735     
   51.000000000000000       0.11196959615895735        3957.5787515200891     
   52.000000000000000       0.11306200833171148        3611.5790475250301     
   53.000000000000000       0.11414396607793159        3292.1854845354997     
   54.000000000000000       0.11521576392143568        2997.5779672775079     
   55.000000000000000       0.11627768281144923        2726.0489141834923     
   56.000000000000000       0.11732999098269802        2475.9969071863297     
   57.000000000000000       0.11837294474667764        2245.9206699998999     
   58.000000000000000       0.11940678922071390        2034.4133593620058     
   59.000000000000000       0.12043175900068885        1840.1571543779557     
   60.000000000000000       0.12144807878266332        1661.9181297405009     
   61.000000000000000       0.12245596393806224        1498.5413992150034     
   62.000000000000000       0.12345562104659309        1348.9465163687869     
   63.000000000000000       0.12444724839063337        1212.1231200907318     
   64.000000000000000       0.12543103641443770        1087.1268129927639     
   65.000000000000000       0.12640716815117725        973.07526130916688     
   66.000000000000000       0.12737581962052294        869.14450541354154     
   67.000000000000000       0.12833716019921901        774.56547055745909     
   68.000000000000000       0.12929135296685546        688.62066789983680     
   69.000000000000000       0.13023855502883930        610.64107634275899     
   70.000000000000000       0.13117891781837507        540.00319611821249     
   71.000000000000000       0.13211258737909873        476.12626548180725     
   72.000000000000000       0.13303970462985851        418.46963226450424     
   73.000000000000000       0.13396040561300193        366.53027241217194     
   74.000000000000000       0.13487482172740767        319.84044800631489     
   75.000000000000000       0.13578307994739255        277.96549760754436     
   76.000000000000000       0.13668530302852608        240.50175209751907     
   77.000000000000000       0.13758160970129693        207.07456951500467     
   78.000000000000000       0.13847211485349675        177.33648268838692     
   79.000000000000000       0.13935692970211419        150.96545376065791     
   80.000000000000000       0.14023616195546709        127.66322998407487     
   81.000000000000000       0.14110991596624242        107.15379543093401     
   82.000000000000000       0.14197829287605904        89.181913524494732     
   83.000000000000000       0.14284139075212057        73.511755540587018     
   84.000000000000000       0.14369930471648079        59.925610466217321     
   85.000000000000000       0.14455212706840392        48.222671826918635     
   86.000000000000000       0.14539994740026557        38.217897310119326     
   87.000000000000000       0.14624285270740583        29.740937217808764     
   88.000000000000000       0.14708092749231627        22.635127978574374     
   89.000000000000000       0.14791425386351376        16.756547137089989     
   90.000000000000000       0.14874291162942857        11.973126418673893     
   91.000000000000000       0.14956697838761068        8.1638196379340400     
   92.000000000000000       0.15038652960953650        5.2178223841053155     
   93.000000000000000       0.15120163872127840        3.0338405717957153     
   94.000000000000000       0.15201237718028093        1.5194050947618460     
   95.000000000000000       0.15281881454847107       0.59022996235070635     
   96.000000000000000       0.15362101856191424       0.16961143364461639     
   97.000000000000000       0.15441905519721327       0.18786579340869639     
   98.000000000000000       0.15521298873483494       0.58180353692322440     
   99.000000000000000       0.15600288181953562        1.2942378479478187     
   100.00000000000000       0.15678879551804714        2.2735253656520213     
   101.00000000000000       0.15757078937417301        3.4731373425953485     
   102.00000000000000       0.15834892146143589        4.8512593969797182     
   103.00000000000000       0.15912324843340772        6.3704181586434814     
   104.00000000000000       0.15989382557184625        7.9971331998374504     
   105.00000000000000       0.16066070683275357        9.7015927289139317     
   106.00000000000000       0.16142394489046535        11.457351607881499     
   107.00000000000000       0.16218359117987244        13.241050333494362     
   108.00000000000000       0.16293969593687108        15.032153696374303     
   109.00000000000000       0.16369230823713127        16.812707903733674     
   110.00000000000000       0.16444147603326842        18.567115018796589     
   111.00000000000000       0.16518724619049741        20.281923634118048     
   112.00000000000000       0.16592966452084448        21.945634756871414     
   113.00000000000000       0.16666877581598780        23.548521941928879     
   114.00000000000000       0.16740462387879254        25.082464763361308     
   115.00000000000000       0.16813725155360426        26.540794766971111     
   116.00000000000000       0.16886670075535912        27.918153095746955     
   117.00000000000000       0.16959301249756725        29.210359026866513     
   118.00000000000000       0.17031622691922224        30.414288703143065     
   119.00000000000000       0.17103638331068627        31.527763383767297     
   120.00000000000000       0.17175352013859860        32.549446578925028     
   121.00000000000000       0.17246767506985186        33.478749470495117     
   122.00000000000000       0.17317888499467826        34.315744056641392     
   123.00000000000000       0.17388718604888628        35.061083491808930     
   124.00000000000000       0.17459261363528528        35.715929125511259     
   125.00000000000000       0.17529520244433389        36.281883773442338     
   126.00000000000000       0.17599498647404704        36.760930782949451     
   127.00000000000000       0.17669199904919294        37.155378481831477     
   128.00000000000000       0.17738627283981137        37.467809624882840     
   129.00000000000000       0.17807783987908207        37.701035476631468     
   130.00000000000000       0.17876673158057121        37.858054191417949     
   131.00000000000000       0.17945297875488161        37.942013173380261     
   132.00000000000000       0.18013661162573252        37.956175119117013     
   133.00000000000000       0.18081765984549183        37.903887464866010     
   134.00000000000000       0.18149615251018408        37.788554978007099     
   135.00000000000000       0.18217211817399501        37.613615249639516     
   136.00000000000000       0.18284558486329386        37.382516860945778     
   137.00000000000000       0.18351658009019239        37.098700011082023     
   138.00000000000000       0.18418513086565919        36.765579408499427     
   139.00000000000000       0.18485126371220728        36.386529240908096     
   140.00000000000000       0.18551500467617169        35.964870051638279     
   141.00000000000000       0.18617637933959291        35.503857361930422     
   142.00000000000000       0.18683541283172203        35.006671889766828     
   143.00000000000000       0.18749212984016156        34.476411226267068     
   144.00000000000000       0.18814655462165655        33.916082840439408     
   145.00000000000000       0.18879871101254903        33.328598292269689     
   146.00000000000000       0.18944862243890823        32.716768542725049     
   147.00000000000000       0.19009631192634960        32.083300257347830     
   148.00000000000000       0.19074180210955333        31.430793007671152     
   149.00000000000000       0.19138511524149415        30.761737281791088     
   150.00000000000000       0.19202627320239279        30.078513222082858     
   151.00000000000000       0.19266529750839925        29.383390014260282     
   152.00000000000000       0.19330220932001785        28.678525857807259     
   153.00000000000000       0.19393702945028315        27.965968453252692     
   154.00000000000000       0.19456977837269590        27.247655946845395     
   155.00000000000000       0.19520047622892725        26.525418277944858     
   156.00000000000000       0.19582914283630001        25.800978878873476     
   157.00000000000000       0.19645579769505403        25.075956681122943     
   158.00000000000000       0.19708045999540388        24.351868385659401     
   159.00000000000000       0.19770314862439595        23.630130958675760     
   160.00000000000000       0.19832388217257144        22.912064317481928     
   161.00000000000000       0.19894267894044251        22.198894174344630     
   162.00000000000000       0.19955955694478777        21.491755008979354     
   163.00000000000000       0.20017453392477275        20.791693143097682     
   164.00000000000000       0.20078762734790209        20.099669892899911     
   165.00000000000000       0.20139885441580843        19.416564777731455     
   166.00000000000000       0.20200823206988372        18.743178765261817     
   167.00000000000000       0.20261577699675806        18.080237535538874     
   168.00000000000000       0.20322150563363120        17.428394748105109     
   169.00000000000000       0.20382543417346127        16.788235298067818     
   170.00000000000000       0.20442757857001584        16.160278548581271     
   171.00000000000000       0.20502795454278910        15.544981528645115     
   172.00000000000000       0.20562657758179023        14.942742086459196     
   173.00000000000000       0.20622346295220628        14.353901989795796     
   174.00000000000000       0.20681862569894424        13.778749965980531     
   175.00000000000000       0.20741208065105560        13.217524675103320     
   176.00000000000000       0.20800384242604750        12.670417611027013     
   177.00000000000000       0.20859392543408350        12.137575925626454     
   178.00000000000000       0.20918234388207813        11.619105172480877     
   179.00000000000000       0.20976911177768759        11.115071966959725     
   180.00000000000000       0.21035424293320065        10.625506560298327     
   181.00000000000000       0.21093775096933218        10.150405325851292     
   182.00000000000000       0.21151964931892261        9.6897331562492415     
   183.00000000000000       0.21209995123054601        9.2434257706696012     
   184.00000000000000       0.21267866977202954        8.8113919318660123     
   185.00000000000000       0.21325581783388700        8.3935155729962396     
   186.00000000000000       0.21383140813266885        7.9896578346334799     
   187.00000000000000       0.21440545321423146        7.5996590126612524     
   188.00000000000000       0.21497796545692768        7.2233404180252565     
   189.00000000000000       0.21554895707472119        6.8605061495608108     
   190.00000000000000       0.21611844012022666        6.5109447813257768     
   191.00000000000000       0.21668642648767825        6.1744309660552412     
   192.00000000000000       0.21725292791582809        5.8507269565151532     
   193.00000000000000       0.21781795599077683        5.5395840466652411     
   194.00000000000000       0.21838152214873857        5.2407439346620830     
   195.00000000000000       0.21894363767874139        4.9539400098231274     
   196.00000000000000       0.21950431372526596        4.6788985657547606     
   197.00000000000000       0.22006356129082341        4.4153399419071304     
   198.00000000000000       0.22062139123847441        4.1629795958650186     
   199.00000000000000       0.22117781429429126        3.9215291087176931     
   200.00000000000000       0.22173284104976421        3.6906971258730423     
   201.00000000000000       0.22228648196415363        3.4701902356899654     
   202.00000000000000       0.22283874736678985        3.2597137883044480     
   203.00000000000000       0.22338964745932161        3.0589726570156475     
   204.00000000000000       0.22393919231791470        2.8676719445838699     
   205.00000000000000       0.22448739189540243        2.6855176367661873     
   206.00000000000000       0.22503425602338856        2.5122172053890335     
   207.00000000000000       0.22557979441430473        2.3474801632199651     
   208.00000000000000       0.22612401666342297        2.1910185728627289     
   209.00000000000000       0.22666693225082479        2.0425475118545595     
   210.00000000000000       0.22720855054332789        1.9017854960990019     
   211.00000000000000       0.22774888079637184        1.7684548637150139     
   212.00000000000000       0.22828793215586318        1.6422821213326135     
   213.00000000000000       0.22882571365998181        1.5229982548083640     
   214.00000000000000       0.22936223424094909        1.4103390062782852     
   215.00000000000000       0.22989750272675863        1.3040451194077101     
   216.00000000000000       0.23043152784287135        1.2038625546382808     
   217.00000000000000       0.23096431821387475        1.1095426761733755     
   218.00000000000000       0.23149588236510815        1.0208424123819424     
   219.00000000000000       0.23202622872425435       0.93752439124220432     
   220.00000000000000       0.23255536562289847       0.85935705238531557     
   221.00000000000000       0.23308330129805521       0.78611473723969361     
   222.00000000000000       0.23361004389366480       0.71757775871770357     
   223.00000000000000       0.23413560146205872       0.65353245182736719     
   224.00000000000000       0.23465998196539603       0.59377120653376247     
   225.00000000000000       0.23518319327707071       0.53809248413809618     
   226.00000000000000       0.23570524318309086       0.48630081838617539     
   227.00000000000000       0.23622613938343062       0.43820680246316385     
   228.00000000000000       0.23674588949335529       0.39362706297765176     
   229.00000000000000       0.23726450104472011       0.35238422198589903     
   230.00000000000000       0.23778198148724389       0.31430684805549342     
   231.00000000000000       0.23829833818975743       0.27922939731822966     
   232.00000000000000       0.23881357844142781       0.24699214541349862     
   233.00000000000000       0.23932770945295909       0.21744111117619200     
   234.00000000000000       0.23984073835776940       0.19042797287813670     
   235.00000000000000       0.24035267221314599       0.16580997778748299     
   236.00000000000000       0.24086351800137770       0.14344984576808176     
   237.00000000000000       0.24137328263086616       0.12321566759983507     
   238.00000000000000       0.24188197293721581       0.10498079866112139     
   239.00000000000000       0.24238959568430324        8.8623748576372535E-002
   240.00000000000000       0.24289615756532665        7.4028067395117109E-002
   241.00000000000000       0.24340166520383544        6.1082228833374039E-002
   242.00000000000000       0.24390612515474061        4.9679511074568479E-002
   243.00000000000000       0.24440954390530659        3.9717875594573467E-002
   244.00000000000000       0.24491192787612448        3.1099844444315121E-002
   245.00000000000000       0.24541328342206742        2.3732376393758896E-002
   246.00000000000000       0.24591361683322865        1.7526742312540658E-002
   247.00000000000000       0.24641293433584202        1.2398400135364269E-002
   248.00000000000000       0.24691124209318618        8.2668697345114703E-003
   249.00000000000000       0.24740854620647201        5.0556079969962071E-003
   250.00000000000000       0.24790485271571430        2.6918843805279528E-003
   251.00000000000000       0.24840016760058758        1.1066572001316936E-003
   252.00000000000000       0.24889449678126674        2.3445087607013054E-004
   253.00000000000000       0.24938784611925258        1.3234353636495703E-005
   254.00000000000000       0.24988022141818267        3.8430088636402673E-004
   255.00000000000000       0.25037162842462801        1.2921493561831336E-003
   256.00000000000000       0.25086207282887540        2.6843672870323809E-003
   257.00000000000000       0.25135156026569638        4.5115156923620026E-003
   258.00000000000000       0.25184009631510229        6.7270158818028636E-003
   259.00000000000000       0.25232768650308668        9.2870383380290935E-003
   260.00000000000000       0.25281433630235450        1.2150393761362507E-002
   261.00000000000000       0.25330005113303861        1.5278426367127304E-002
   262.00000000000000       0.25378483636340449        1.8634909508863824E-002
   263.00000000000000       0.25426869731054191        2.2185943689471695E-002
   264.00000000000000       0.25475163924104588        2.5899857011992333E-002
   265.00000000000000       0.25523366737168512        2.9747108112007162E-002
   266.00000000000000       0.25571478687005955        3.3700191604705262E-002
   267.00000000000000       0.25619500285524693        3.7733546071154832E-002
   268.00000000000000       0.25667432039843802        4.1823464600630335E-002
   269.00000000000000       0.25715274452356129        4.5948007898517371E-002
   270.00000000000000       0.25763028020789791        5.0086919962719585E-002
   271.00000000000000       0.25810693238268512        5.4221546325243841E-002
   272.00000000000000       0.25858270593371091        5.8334754849981199E-002
   273.00000000000000       0.25905760570189784        6.2410859072515375E-002
   274.00000000000000       0.25953163648387839        6.6435544062959720E-002
   275.00000000000000       0.26000480303255941        7.0395794788469399E-002
   276.00000000000000       0.26047711005767860        7.4279826948164707E-002
   277.00000000000000       0.26094856222635143        7.8077020249549434E-002
   278.00000000000000       0.26141916416360911        8.1777854092248956E-002
   279.00000000000000       0.26188892045292789        8.5373845622072522E-002
   280.00000000000000       0.26235783563675014        8.8857490115738930E-002
   281.00000000000000       0.26282591421699653        9.2222203654279078E-002
   282.00000000000000       0.26329316065557040        9.5462268041236434E-002
   283.00000000000000       0.26375957937485417        9.8572777919822760E-002
   284.00000000000000       0.26422517475819746       0.10154959004187761     
   285.00000000000000       0.26468995115039784       0.10438927464000355     
   286.00000000000000       0.26515391285817375       0.10708906885331358     
   287.00000000000000       0.26561706415063019       0.10964683215626453     
   288.00000000000000       0.26607940925971701       0.11206100373934454     
   289.00000000000000       0.26654095238068015       0.11433056178994744     
   290.00000000000000       0.26700169767250542       0.11645498462135384     
   291.00000000000000       0.26746164925835630       0.11843421359741066     
   292.00000000000000       0.26792081122600386       0.12026861780070844     
   293.00000000000000       0.26837918762825108       0.12195896039178235     
   294.00000000000000       0.26883678248334991       0.12350636660726512     
   295.00000000000000       0.26929359977541240       0.12491229334504018     
   296.00000000000000       0.26974964345481534       0.12617850028498581     
   297.00000000000000       0.27020491743859881       0.12730702249411893     
   298.00000000000000       0.27065942561085876       0.12830014446574589     
   299.00000000000000       0.27111317182313366       0.12916037554266679     
   300.00000000000000       0.27156615989478511       0.12989042667522435     
   301.00000000000000       0.27201839361337310       0.13049318846574809     
   302.00000000000000       0.27246987673502554       0.13097171045168307     
   303.00000000000000       0.27292061298480186       0.13132918158062473     
   304.00000000000000       0.27337060605705216       0.13156891183123276     
   305.00000000000000       0.27381985961576999       0.13169431493506734     
   306.00000000000000       0.27426837729494080       0.13170889215524223     
   307.00000000000000       0.27471616269888449       0.13161621707876497     
   308.00000000000000       0.27516321940259386       0.13141992138053227     
   309.00000000000000       0.27560955095206696       0.13112368151782466     
   310.00000000000000       0.27605516086463588       0.13073120631533494     
   311.00000000000000       0.27650005262928973       0.13024622540164230     
   312.00000000000000       0.27694422970699351       0.12967247845927121     
   313.00000000000000       0.27738769553100223       0.12901370525136313     
   314.00000000000000       0.27783045350717045       0.12827363638920325     
   315.00000000000000       0.27827250701425754       0.12745598480576728     
   316.00000000000000       0.27871385940422838       0.12656443790159189     
   317.00000000000000       0.27915451400255020       0.12560265033033238     
   318.00000000000000       0.27959447410848448       0.12457423739233311     
   319.00000000000000       0.28003374299537548       0.12348276900564471     
   320.00000000000000       0.28047232391093418       0.12233176422493859     
   321.00000000000000       0.28091022007751870       0.12112468627972041     
   322.00000000000000       0.28134743469241014       0.11986493810435123     
   323.00000000000000       0.28178397092808527       0.11855585833322753     
   324.00000000000000       0.28221983193248484       0.11720071773558545     
   325.00000000000000       0.28265502082927874       0.11580271606523387     
   326.00000000000000       0.28308954071812686       0.11436497930149826     
   327.00000000000000       0.28352339467493681       0.11289055725861361     
   328.00000000000000       0.28395658575211807       0.11138242154158655     
   329.00000000000000       0.28438911697883235       0.10984346382756577     
   330.00000000000000       0.28482099136124078       0.10827649445249678     
   331.00000000000000       0.28525221188274769       0.10668424128374929     
   332.00000000000000       0.28568278150424115       0.10506934886017637     
   333.00000000000000       0.28611270316432996       0.10343437778190459     
   334.00000000000000       0.28654197977957785       0.10178180433286281     
   335.00000000000000       0.28697061424473408       0.10011402031988093     
   336.00000000000000       0.28739860943296158        9.8433333112874388E-002
   337.00000000000000       0.28782596819606110        9.6741965871351601E-002
   338.00000000000000       0.28825269336469345        9.5042057943182573E-002
   339.00000000000000       0.28867878774859779        9.3335665422216288E-002
   340.00000000000000       0.28910425413680785        9.1624761851994668E-002
   341.00000000000000       0.28952909529786464        8.9911239063432111E-002
   342.00000000000000       0.28995331398002677        8.8196908134936747E-002
   343.00000000000000       0.29037691291147788        8.6483500464036675E-002
   344.00000000000000       0.29079989480053114        8.4772668940119256E-002
   345.00000000000000       0.29122226233583171        8.3065989208487123E-002
   346.00000000000000       0.29164401818655561        8.1364961016387544E-002
   347.00000000000000       0.29206516500260693        7.9671009632263853E-002
   348.00000000000000       0.29248570541481167        7.7985487329863948E-002
   349.00000000000000       0.29290564203510999        7.6309674929430207E-002
   350.00000000000000       0.29332497745674502        7.4644783388526426E-002
   351.00000000000000       0.29374371425445006        7.2991955435580444E-002
   352.00000000000000       0.29416185498463254        7.1352267239599268E-002
   353.00000000000000       0.29457940218555673        6.9726730109907056E-002
   354.00000000000000       0.29499635837752303        6.8116292220152100E-002
   355.00000000000000       0.29541272606304553        6.6521840351220121E-002
   356.00000000000000       0.29582850772702751        6.4944201647966299E-002
   357.00000000000000       0.29624370583693416        6.3384145385112486E-002
   358.00000000000000       0.29665832284296356        6.1842384737911850E-002
   359.00000000000000       0.29707236117821528        6.0319578553483036E-002
   360.00000000000000       0.29748582325885714        5.8816333119082360E-002
   361.00000000000000       0.29789871148428954        5.7333203923764064E-002
   362.00000000000000       0.29831102823730804        5.5870697410225954E-002
   363.00000000000000       0.29872277588426360        5.4429272713838933E-002
   364.00000000000000       0.29913395677522137        5.3009343386132911E-002
   365.00000000000000       0.29954457324411671        5.1611279100216366E-002
   366.00000000000000       0.29995462760891017        5.0235407335843127E-002
   367.00000000000000       0.30036412217174008        4.8882015042029540E-002
   368.00000000000000       0.30077305921907299        4.7551350275346321E-002
   369.00000000000000       0.30118144102185312        4.6243623812161155E-002
   370.00000000000000       0.30158926983564915        4.4959010733307894E-002
   371.00000000000000       0.30199654790079966        4.3697651979821943E-002
   372.00000000000000       0.30240327744255679        4.2459655878531830E-002
   373.00000000000000       0.30280946067122799        4.1245099636437625E-002
   374.00000000000000       0.30321509978231626        4.0054030802969265E-002
   375.00000000000000       0.30362019695665832        3.8886468699326021E-002
   376.00000000000000       0.30402475436056187        3.7742405814227935E-002
   377.00000000000000       0.30442877414594038        3.6621809165541343E-002
   378.00000000000000       0.30483225845044681        3.5524621627317940E-002
   379.00000000000000       0.30523520939760534        3.4450763221921143E-002
   380.00000000000000       0.30563762909694214        3.3400132376990133E-002
   381.00000000000000       0.30603951964411391        3.2372607147075003E-002
   382.00000000000000       0.30644088312103523        3.1368046399880840E-002
   383.00000000000000       0.30684172159600459        3.0386290967119679E-002
   384.00000000000000       0.30724203712382847        2.9427164760031294E-002
   385.00000000000000       0.30764183174594445        2.8490475849733205E-002
   386.00000000000000       0.30804110749054253        2.7576017512578752E-002
   387.00000000000000       0.30843986637268533        2.6683569240795312E-002
   388.00000000000000       0.30883811039442655        2.5812897718704451E-002
   389.00000000000000       0.30923584154492828        2.4963757764871770E-002
   390.00000000000000       0.30963306180057709        2.4135893240608136E-002
   391.00000000000000       0.31002977312509838        2.3329037925227999E-002
   392.00000000000000       0.31042597746966988        2.2542916358568685E-002
   393.00000000000000       0.31082167677303330        2.1777244651258815E-002
   394.00000000000000       0.31121687296160533        2.1031731263274640E-002
   395.00000000000000       0.31161156794958683        2.0306077751349516E-002
   396.00000000000000       0.31200576363907123        1.9599979485814670E-002
   397.00000000000000       0.31239946192015117        1.8913126337477972E-002
   398.00000000000000       0.31279266467102451        1.8245203335162080E-002
   399.00000000000000       0.31318537375809868        1.7595891294535509E-002
   400.00000000000000       0.31357759103609428        1.6964867418888651E-002
   401.00000000000000       0.31396931834814684        1.6351805872511675E-002
   402.00000000000000       0.31436055752590841        1.5756378327343865E-002
   403.00000000000000       0.31475131038964710        1.5178254483568394E-002
   404.00000000000000       0.31514157874834603        1.4617102564829766E-002
   405.00000000000000       0.31553136439980095        1.4072589788759976E-002
   406.00000000000000       0.31592066913071704        1.3544382813493570E-002
   407.00000000000000       0.31630949471680420        1.3032148160857699E-002
   408.00000000000000       0.31669784292287179        1.2535552616918405E-002
   409.00000000000000       0.31708571550292197        1.2054263610563953E-002
   410.00000000000000       0.31747311420024216        1.1587949570803727E-002
   411.00000000000000       0.31786004074749630        1.1136280263449750E-002
   412.00000000000000       0.31824649686681544        1.0698927107850928E-002
   413.00000000000000       0.31863248426988733        1.0275563474339777E-002
   414.00000000000000       0.31901800465804431        9.8658649630401340E-003
   415.00000000000000       0.31940305972235145        9.4695096646838211E-003
   416.00000000000000       0.31978765114369251        9.0861784040690025E-003
   417.00000000000000       0.32017178059285611        8.7155549667879070E-003
   418.00000000000000       0.32055544973061989        8.3573263098372184E-003
   419.00000000000000       0.32093866020783474        8.0111827567188407E-003
   420.00000000000000       0.32132141366550715        7.6768181776251847E-003
   421.00000000000000       0.32170371173488188        7.3539301552888675E-003
   422.00000000000000       0.32208555603752237        7.0422201370740154E-003
   423.00000000000000       0.32246694818539151        6.7413935738634230E-003
   424.00000000000000       0.32284788978093071        6.4511600462909546E-003
   425.00000000000000       0.32322838241713858        6.1712333788568026E-003
   426.00000000000000       0.32360842767764869        5.9013317424413498E-003
   427.00000000000000       0.32398802713680636        5.6411777457358158E-003
   428.00000000000000       0.32436718235974488        5.3904985160801175E-003
   429.00000000000000       0.32474589490246059        5.1490257701949441E-003
   430.00000000000000       0.32512416631188767        4.9164958752788944E-003
   431.00000000000000       0.32550199812597153        4.6926499009301171E-003
   432.00000000000000       0.32587939187374215        4.4772336623349956E-003
   433.00000000000000       0.32625634907538575        4.2699977551608403E-003
   434.00000000000000       0.32663287124231694        4.0706975825686182E-003
   435.00000000000000       0.32700895987724860        3.8790933747552005E-003
   436.00000000000000       0.32738461647426254        3.6949502014196034E-003
   437.00000000000000       0.32775984251887841        3.5180379775342665E-003
   438.00000000000000       0.32813463948812227        3.3481314627929189E-003
   439.00000000000000       0.32850900885059453        3.1850102550904317E-003
   440.00000000000000       0.32888295206653684        3.0284587783831222E-003
   441.00000000000000       0.32925647058789898        2.8782662652599780E-003
   442.00000000000000       0.32962956585840414        2.7342267345503049E-003
   443.00000000000000       0.33000223931361433        2.5961389642746866E-003
   444.00000000000000       0.33037449238099481        2.4638064602420045E-003
   445.00000000000000       0.33074632647997770        2.3370374205782785E-003
   446.00000000000000       0.33111774302202529        2.2156446964648868E-003
   447.00000000000000       0.33148874341069262        2.0994457493543118E-003
   448.00000000000000       0.33185932904168897        1.9882626049175702E-003
   449.00000000000000       0.33222950130293966        1.8819218039704284E-003
   450.00000000000000       0.33259926157464631        1.7802543506144678E-003
   451.00000000000000       0.33296861122934696        1.6830956578181549E-003
   452.00000000000000       0.33333755163197559        1.5902854906557249E-003
   453.00000000000000       0.33370608413992092        1.5016679074107047E-003
   454.00000000000000       0.33407421010308469        1.4170911987428714E-003
   455.00000000000000       0.33444193086393936        1.3364078251073930E-003
   456.00000000000000       0.33480924775758508        1.2594743526080606E-003
   457.00000000000000       0.33517616211180651        1.1861513874569052E-003
   458.00000000000000       0.33554267524712855        1.1163035092045649E-003
   459.00000000000000       0.33590878847687211        1.0497992028985054E-003
   460.00000000000000       0.33627450310720852        9.8651079031799455E-004
   461.00000000000000       0.33663982043721447        9.2631436042742848E-004
   462.00000000000000       0.33700474175892542        8.6908969918282966E-004
   463.00000000000000       0.33736926835738906        8.1472021881908666E-004
   464.00000000000000       0.33773340151071823        7.6309288673830273E-004
   465.00000000000000       0.33809714249014289        7.1409815411471896E-004
   466.00000000000000       0.33846049256006233        6.6762988432302083E-004
   467.00000000000000       0.33882345297809596        6.2358528129341224E-004
   468.00000000000000       0.33918602499513451        5.8186481788883183E-004
   469.00000000000000       0.33954820985539003        5.4237216439492384E-004
   470.00000000000000       0.33991000879644601        5.0501411720860364E-004
   471.00000000000000       0.34027142304930630        4.6970052780434009E-004
   472.00000000000000       0.34063245383844448        4.3634423205358302E-004
   473.00000000000000       0.34099310238185171        4.0486097996695637E-004
   474.00000000000000       0.34135336989108517        3.7516936592512311E-004
   475.00000000000000       0.34171325757131515        3.4719075945850779E-004
   476.00000000000000       0.34207276662137254        3.2084923663316012E-004
   477.00000000000000       0.34243189823379477        2.9607151209480072E-004
   478.00000000000000       0.34279065359487265        2.7278687181968200E-004
   479.00000000000000       0.34314903388469564        2.5092710661703174E-004
   480.00000000000000       0.34350704027719720        2.3042644642418087E-004
   481.00000000000000       0.34386467394019993        2.1122149543187591E-004
   482.00000000000000       0.34422193603545953        1.9325116807431827E-004
   483.00000000000000       0.34457882771870940        1.7645662591489163E-004
   484.00000000000000       0.34493535013970372        1.6078121545576857E-004
   485.00000000000000       0.34529150444226109        1.4617040689670623E-004
   486.00000000000000       0.34564729176430703        1.3257173386537456E-004
   487.00000000000000       0.34600271323791665        1.1993473413928651E-004
   488.00000000000000       0.34635776998935652        1.0821089137664279E-004
   489.00000000000000       0.34671246313912629        9.7353577871069465E-005
   490.00000000000000       0.34706679380200001        8.7317998343097771E-005
   491.00000000000000       0.34742076308706710        7.8061134779187658E-005
   492.00000000000000       0.34777437209777257        6.9541692326621166E-005
   493.00000000000000       0.34812762193195756        6.1720046251371397E-005
   494.00000000000000       0.34848051368189870        5.4558189963642576E-005
   495.00000000000000       0.34883304843434776        4.8019684114404166E-005
   496.00000000000000       0.34918522727057055        4.2069606764601108E-005
   497.00000000000000       0.34953705126638579        3.6674504627078562E-005
   498.00000000000000       0.34988852149220329        3.1802345379980270E-005
   499.00000000000000       0.35023963901306199        2.7422471048951058E-005
   500.00000000000000       0.35059040488866777        2.3505552454338806E-005
   501.00000000000000       0.35094082017343037        2.0023544718232771E-005
   502.00000000000000       0.35129088591650082        1.6949643825245937E-005
   503.00000000000000       0.35164060316180779        1.4258244229942258E-005
   504.00000000000000       0.35198997294809409        1.1924897502619615E-005
   505.00000000000000       0.35233899630895243        9.9262720046317831E-006
   506.00000000000000       0.35268767427286141        8.2401135833237588E-006
   507.00000000000000       0.35303600786322065        6.8452072760337050E-006
   508.00000000000000       0.35338399809838589        5.7213400119252727E-006
   509.00000000000000       0.35373164599170370        4.8492642997130599E-006
   510.00000000000000       0.35407895255154603        4.2106628888163376E-006
   511.00000000000000       0.35442591878134416        3.7881143909200740E-006
   512.00000000000000       0.35477254567962274        3.5650598484457757E-006
   513.00000000000000       0.35511883424003293        3.5257702359989639E-006
   514.00000000000000       0.35546478545138616        3.6553148804723125E-006
   515.00000000000000       0.35581040029768662        3.9395307851353655E-006
   516.00000000000000       0.35615567975816415        4.3649928427400601E-006
   517.00000000000000       0.35650062480730660        4.9189849223940058E-006
   518.00000000000000       0.35684523641489174        5.5894718147370254E-006
   519.00000000000000       0.35718951554601935        6.3650720197492274E-006
   520.00000000000000       0.35753346316114243        7.2350313613551871E-006
   521.00000000000000       0.35787708021609876        8.1891974128758556E-006
   522.00000000000000       0.35822036766214171        9.2179947172449389E-006
   523.00000000000000       0.35856332644597105        1.0312400785866138E-005
   524.00000000000000       0.35890595750976323        1.1463922859916815E-005
   525.00000000000000       0.35924826179120195        1.2664575417893136E-005
   526.00000000000000       0.35959024022350766        1.3906858413166865E-005
   527.00000000000000       0.35993189373546769        1.5183736225398291E-005
   528.00000000000000       0.36027322325146505        1.6488617309625775E-005
   529.00000000000000       0.36061422969150841        1.7815334526963904E-005
   530.00000000000000       0.36095491397126039        1.9158126140889782E-005
   531.00000000000000       0.36129527700206654        2.0511617463241592E-005
   532.00000000000000       0.36163531969098367        2.1870803134047920E-005
   533.00000000000000       0.36197504294080823        2.3231030019638070E-005
   534.00000000000000       0.36231444765010401        2.4587980713364034E-005
   535.00000000000000       0.36265353471323014        2.5937657623660282E-005
   536.00000000000000       0.36299230502036817        2.7276367634150428E-005
   537.00000000000000       0.36333075945754989        2.8600707320794431E-005
   538.00000000000000       0.36366889890668402        2.9907548711190153E-005
   539.00000000000000       0.36400672424558317        3.1194025571367452E-005
   540.00000000000000       0.36434423634799001        3.2457520205586877E-005
   541.00000000000000       0.36468143608360432        3.3695650754932514E-005
   542.00000000000000       0.36501832431810866        3.4906258980549558E-005
   543.00000000000000       0.36535490191319453        3.6087398517799247E-005
   544.00000000000000       0.36569116972658772        3.7237323587662975E-005
   545.00000000000000       0.36602712861207432        3.8354478152010057E-005
   546.00000000000000       0.36636277941952561        3.9437485499633811E-005
   547.00000000000000       0.36669812299492344        4.0485138250121010E-005
   548.00000000000000       0.36703316018038479        4.1496388762846328E-005
   549.00000000000000       0.36736789181418672        4.2470339938730748E-005
   550.00000000000000       0.36770231873079073        4.3406236402550588E-005
   551.00000000000000       0.36803644176086692        4.4303456053829574E-005
   552.00000000000000       0.36837026173131837        4.5161501974671069E-005
   553.00000000000000       0.36870377946530464        4.5979994683032034E-005
   554.00000000000000       0.36903699578226573        4.6758664720295620E-005
   555.00000000000000       0.36936991149794540        4.7497345562110945E-005
   556.00000000000000       0.36970252742441456        4.8195966841877706E-005
   557.00000000000000       0.37003484437009443        4.8854547876338112E-005
   558.00000000000000       0.37036686313977929        4.9473191483103996E-005
   559.00000000000000       0.37069858453465937        5.0052078080123633E-005
   560.00000000000000       0.37103000935234337        5.0591460057366339E-005
   561.00000000000000       0.37136113838688073        5.1091656411192182E-005
   562.00000000000000       0.37169197242878410        5.1553047632214558E-005
   563.00000000000000       0.37202251226505095        5.1976070837573632E-005
   564.00000000000000       0.37235275867918582        5.2361215138848409E-005
   565.00000000000000       0.37268271245122170        5.2709017237078965E-005
   566.00000000000000       0.37301237435774165        5.3020057236514150E-005
   567.00000000000000       0.37334174517190011        5.3294954669026803E-005
   568.00000000000000       0.37367082566344406        5.3534364721259175E-005
   569.00000000000000       0.37399961659873399        5.3738974656910023E-005
   570.00000000000000       0.37432811874076466        5.3909500426618779E-005
   571.00000000000000       0.37465633284918592        5.4046683458272010E-005
   572.00000000000000       0.37498425968032312        5.4151287620701944E-005
   573.00000000000000       0.37531189998719733        5.4224096353893073E-005
   574.00000000000000       0.37563925451954566        5.4265909959152601E-005
   575.00000000000000       0.37596632402384123        5.4277543042757282E-005
   576.00000000000000       0.37629310924331311        5.4259822106880567E-005
   577.00000000000000       0.37661961091796586        5.4213583281745587E-005
   578.00000000000000       0.37694582978459917        5.4139670193144123E-005
   579.00000000000000       0.37727176657682721        5.4038931959689481E-005
   580.00000000000000       0.37759742202509805        5.3912221314240454E-005
   581.00000000000000       0.37792279685671254        5.3760392844289197E-005
   582.00000000000000       0.37824789179584334        5.3584301346038367E-005
   583.00000000000000       0.37857270756355377        5.3384800287326658E-005
   584.00000000000000       0.37889724487781645        5.3162740374487701E-005
   585.00000000000000       0.37922150445353175        5.2918968218566632E-005
   586.00000000000000       0.37954548700254626        5.2654325096349459E-005
   587.00000000000000       0.37986919323367085        5.2369645801910327E-005
   588.00000000000000       0.38019262385269920        5.2065757584456414E-005
   589.00000000000000       0.38051577956242499        5.1743479168441988E-005
   590.00000000000000       0.38083866106266051        5.1403619852060653E-005
   591.00000000000000       0.38116126905025383        5.1046978680326767E-005
   592.00000000000000       0.38148360421910665        5.0674343689146881E-005
   593.00000000000000       0.38180566726019138        5.0286491216870205E-005
   594.00000000000000       0.38212745886156885        4.9884185279959898E-005
   595.00000000000000       0.38244897970840502        4.9468177009544319E-005
   596.00000000000000       0.38277023048298831        4.9039204145711108E-005
   597.00000000000000       0.38309121186474637        4.8597990586561999E-005
   598.00000000000000       0.38341192453026285        4.8145245989130115E-005
   599.00000000000000       0.38373236915329412        4.7681665419384774E-005
   600.00000000000000       0.38405254640478559        4.7207929048653862E-005
   601.00000000000000       0.38437245695288835        4.6724701893894570E-005
   602.00000000000000       0.38469210146297517        4.6232633599368312E-005
   603.00000000000000       0.38501148059765700        4.5732358257339805E-005
   604.00000000000000       0.38533059501679851        4.5224494265527411E-005
   605.00000000000000       0.38564944537753454        4.4709644219167529E-005
   606.00000000000000       0.38596803233428539        4.4188394835550889E-005
   607.00000000000000       0.38628635653877291        4.3661316909094779E-005
   608.00000000000000       0.38660441864003570        4.3128965294994658E-005
   609.00000000000000       0.38692221928444481        4.2591878919636486E-005
   610.00000000000000       0.38723975911571890        4.2050580816034745E-005
   611.00000000000000       0.38755703877493958        4.1505578182599857E-005
   612.00000000000000       0.38787405890056631        4.0957362463639338E-005
   613.00000000000000       0.38819082012845174        4.0406409450075684E-005
   614.00000000000000       0.38850732309185626        3.9853179398903881E-005
   615.00000000000000       0.38882356842146287        3.9298117170001277E-005
   616.00000000000000       0.38913955674539180        3.8741652378972804E-005
   617.00000000000000       0.38945528868921525        3.8184199564740505E-005
   618.00000000000000       0.38977076487597168        3.7626158370694036E-005
   619.00000000000000       0.39008598592618010        3.7067913738239738E-005
   620.00000000000000       0.39040095245785450        3.6509836111659569E-005
   621.00000000000000       0.39071566508651784        3.5952281653241458E-005
   622.00000000000000       0.39103012442521612        3.5395592467694197E-005
   623.00000000000000       0.39134433108453226        3.4840096834903321E-005
   624.00000000000000       0.39165828567260003        3.4286109450152666E-005
   625.00000000000000       0.39197198879511785        3.3733931670950245E-005
   626.00000000000000       0.39228544105536212        3.3183851769674890E-005
   627.00000000000000       0.39259864305420106        3.2636145191281087E-005
   628.00000000000000       0.39291159539010806        3.2091074815352794E-005
   629.00000000000000       0.39322429865917491        3.1548891221819932E-005
   630.00000000000000       0.39353675345512518        3.1009832959712449E-005
   631.00000000000000       0.39384896036932737        3.0474126818346955E-005
   632.00000000000000       0.39416091999080777        2.9941988100379916E-005
   633.00000000000000       0.39447263290626383        2.9413620896189715E-005
   634.00000000000000       0.39478409970007655        2.8889218359102929E-005
   635.00000000000000       0.39509532095432359        2.8368962980972768E-005
   636.00000000000000       0.39540629724879189        2.7853026867693423E-005
   637.00000000000000       0.39571702916099022        2.7341572014221066E-005
   638.00000000000000       0.39602751726616170        2.6834750578725865E-005
   639.00000000000000       0.39633776213729621        2.6332705155513355E-005
   640.00000000000000       0.39664776434514287        2.5835569046381555E-005
   641.00000000000000       0.39695752445822208        2.5343466530104029E-005
   642.00000000000000       0.39726704304283789        2.4856513129746288E-005
   643.00000000000000       0.39757632066308979        2.4374815877560100E-005
   644.00000000000000       0.39788535788088503        2.3898473577193595E-005
   645.00000000000000       0.39819415525595048        2.3427577063011343E-005
   646.00000000000000       0.39850271334584408        2.2962209456291173E-005
   647.00000000000000       0.39881103270596713        2.2502446418133531E-005
   648.00000000000000       0.39911911388957555        2.2048356398891363E-005
   649.00000000000000       0.39942695744779172        2.1600000883972657E-005
   650.00000000000000       0.39973456392961565        2.1157434635870596E-005
   651.00000000000000       0.40004193388193693        2.0720705932295291E-005
   652.00000000000000       0.40034906784954549        2.0289856800293256E-005
   653.00000000000000       0.40065596637514334        1.9864923246250136E-005
   654.00000000000000       0.40096262999935539        1.9445935481698230E-005
   655.00000000000000       0.40126905926074086        1.9032918144839115E-005
   656.00000000000000       0.40157525469580418        1.8625890517726893E-005
   657.00000000000000       0.40188121683900579        1.8224866739051099E-005
   658.00000000000000       0.40218694622277334        1.7829856012472506E-005
   659.00000000000000       0.40249244337751233        1.7440862810486593E-005
   660.00000000000000       0.40279770883161686        1.7057887073771558E-005
   661.00000000000000       0.40310274311148020        1.6680924406012349E-005
   662.00000000000000       0.40340754674150553        1.6309966264190679E-005
   663.00000000000000       0.40371212024411651        1.5945000144329014E-005
   664.00000000000000       0.40401646413976744        1.5586009762696890E-005
   665.00000000000000       0.40432057894695389        1.5232975232491494E-005
   666.00000000000000       0.40462446518222300        1.4885873235997666E-005
   667.00000000000000       0.40492812336018352        1.4544677192260765E-005
   668.00000000000000       0.40523155399351612        1.4209357420286829E-005
   669.00000000000000       0.40553475759298363        1.3879881297808887E-005
   670.00000000000000       0.40583773466744066        1.3556213415652165E-005
   671.00000000000000       0.40614048572384409        1.3238315727733968E-005
   672.00000000000000       0.40644301126726240        1.2926147696749123E-005
   673.00000000000000       0.40674531180088602        1.2619666435577244E-005
   674.00000000000000       0.40704738782603678        1.2318826844475193E-005
   675.00000000000000       0.40734923984217769        1.2023581744092172E-005
   676.00000000000000       0.40765086834692255        1.1733882004376943E-005
   677.00000000000000       0.40795227383604565        1.1449676669427408E-005
   678.00000000000000       0.40825345680349112        1.1170913078342662E-005
   679.00000000000000       0.40855441774138240        1.0897536982145301E-005
   680.00000000000000       0.40885515714003168        1.0629492656832375E-005
   681.00000000000000       0.40915567548794918        1.0366723012621812E-005
   682.00000000000000       0.40945597327185246        1.0109169699465134E-005
   683.00000000000000       0.40975605097667561        9.8567732088894138E-006
   684.00000000000000       0.41005590908557821        9.6094729722406597E-006
   685.00000000000000       0.41035554807995467        9.3672074553978670E-006
   686.00000000000000       0.41065496843944310        9.1299142500292864E-006
   687.00000000000000       0.41095417064193424        8.8975301614609337E-006
   688.00000000000000       0.41125315516358046        8.6699912932315158E-006
   689.00000000000000       0.41155192247880457        8.4472331284016038E-006
   690.00000000000000       0.41185047306030864        8.2291906076948163E-006
   691.00000000000000       0.41214880737908244        8.0157982045394662E-006
   692.00000000000000       0.41244692590441256        7.8069899970839698E-006
   693.00000000000000       0.41274482910389076        7.6026997372594846E-006
   694.00000000000000       0.41304251744342252        7.4028609169595833E-006
   695.00000000000000       0.41333999138723559        7.2074068314115908E-006
   696.00000000000000       0.41363725139788848        7.0162706398067006E-006
   697.00000000000000       0.41393429793627873        6.8293854232648583E-006
   698.00000000000000       0.41423113146165147        6.6466842402005671E-006
   699.00000000000000       0.41452775243160739        6.4681001791605151E-006
   700.00000000000000       0.41482416130211119        6.2935664092033267E-006
   701.00000000000000       0.41512035852749984        6.1230162278882396E-006
   702.00000000000000       0.41541634456049031        5.9563831069411542E-006
   703.00000000000000       0.41571211985218809        5.7936007356634112E-006
   704.00000000000000       0.41600768485209499        5.6346030621517592E-006
   705.00000000000000       0.41630304000811713        5.4793243323917112E-006
   706.00000000000000       0.41659818576657293        5.3276991272902644E-006
   707.00000000000000       0.41689312257220074        5.1796623977101596E-006
   708.00000000000000       0.41718785086816701        5.0351494975684258E-006
   709.00000000000000       0.41748237109607395        4.8940962150592125E-006
   710.00000000000000       0.41777668369596693        4.7564388020626811E-006
   711.00000000000000       0.41807078910634260        4.6221140017973981E-006
   712.00000000000000       0.41836468776415625        4.4910590747745757E-006
   713.00000000000000       0.41865838010482959        4.3632118231119322E-006
   714.00000000000000       0.41895186656225791        4.2385106132616447E-006
   715.00000000000000       0.41924514756881798        4.1168943972079663E-006
   716.00000000000000       0.41953822355537518        3.9983027321871584E-006
   717.00000000000000       0.41983109495129106        3.8826757989834033E-006
   718.00000000000000       0.42012376218443059        3.7699544188502986E-006
   719.00000000000000       0.42041622568116943        3.6600800691100697E-006
   720.00000000000000       0.42070848586640130        3.5529948974779173E-006
   721.00000000000000       0.42100054316354507        3.4486417351599357E-006
   722.00000000000000       0.42129239799455198        3.3469641087716056E-006
   723.00000000000000       0.42158405077991268        3.2479062511224820E-006
   724.00000000000000       0.42187550193866435        3.1514131109117885E-006
   725.00000000000000       0.42216675188839775        3.0574303613768810E-006
   726.00000000000000       0.42245780104526415        2.9659044079401302E-006
   727.00000000000000       0.42274864982398225        2.8767823948915064E-006
   728.00000000000000       0.42303929863784523        2.7900122111506146E-006
   729.00000000000000       0.42332974789872729        2.7055424951449069E-006
   730.00000000000000       0.42361999801709077        2.6233226388434450E-006
   731.00000000000000       0.42391004940199278        2.5433027909820648E-006
   732.00000000000000       0.42419990246109202        2.4654338595176805E-006
   733.00000000000000       0.42448955760065521        2.3896675133445221E-006
   734.00000000000000       0.42477901522556405        2.3159561833083703E-006
   735.00000000000000       0.42506827573932165        2.2442530625496452E-006
   736.00000000000000       0.42535733954405908        2.1745121062096963E-006
   737.00000000000000       0.42564620704054201        2.1066880305289650E-006
   738.00000000000000       0.42593487862817714        2.0407363113689988E-006
   739.00000000000000       0.42622335470501849        1.9766131821859648E-006
   740.00000000000000       0.42651163566777400        1.9142756314853654E-006
   741.00000000000000       0.42679972191181192        1.8536813997839568E-006
   742.00000000000000       0.42708761383116695        1.7947889761061705E-006
   743.00000000000000       0.42737531181854665        1.7375575940404304E-006
   744.00000000000000       0.42766281626533770        1.6819472273800292E-006
   745.00000000000000       0.42795012756161199        1.6279185853725351E-006
   746.00000000000000       0.42823724609613301        1.5754331076008336E-006
   747.00000000000000       0.42852417225636175        1.5244529585182069E-006
   748.00000000000000       0.42881090642846292        1.4749410216589555E-006
   749.00000000000000       0.42909744899731106        1.4268608935452317E-006
   750.00000000000000       0.42938380034649648        1.3801768773103419E-006
   751.00000000000000       0.42966996085833131        1.3348539760574346E-006
   752.00000000000000       0.42995593091385537        1.2908578859730033E-006
   753.00000000000000       0.43024171089284213        1.2481549892119283E-006
   754.00000000000000       0.43052730117380478        1.2067123465722069E-006
   755.00000000000000       0.43081270213400158        1.1664976899760667E-006
   756.00000000000000       0.43109791414944237        1.1274794147721000E-006
   757.00000000000000       0.43138293759489371        1.0896265718757233E-006
   758.00000000000000       0.43166777284388508        1.0529088597606349E-006
   759.00000000000000       0.43195242026871428        1.0172966163169656E-006
   760.00000000000000       0.43223688024045331        9.8276081058888131E-007
   761.00000000000000       0.43252115312895389        9.4927303440452787E-007
   762.00000000000000       0.43280523930285314        9.1680549391125125E-007
   763.00000000000000       0.43308913912957914        8.8533100102759435E-007
   764.00000000000000       0.43337285297535649        8.5482296482355280E-007
   765.00000000000000       0.43365638120521177        8.2525538284011523E-007
   766.00000000000000       0.43393972418297910        7.9660283235815118E-007
   767.00000000000000       0.43422288227130545        7.6884046162706143E-007
   768.00000000000000       0.43450585583165618        7.4194398106209167E-007
   769.00000000000000       0.43478864522432042        7.1588965441976926E-007
   770.00000000000000       0.43507125080841641        6.9065428995996796E-007
   771.00000000000000       0.43535367294189670        6.6621523160258597E-007
   772.00000000000000       0.43563591198155366        6.4255035008677513E-007
   773.00000000000000       0.43591796828302454        6.1963803414018297E-007
   774.00000000000000       0.43619984220079672        5.9745718166492414E-007
   775.00000000000000       0.43648153408821316        5.7598719094731718E-007
   776.00000000000000       0.43676304429747714        5.5520795189724700E-007
   777.00000000000000       0.43704437317965777        5.3509983732352192E-007
   778.00000000000000       0.43732552108469497        5.1564369425051337E-007
   779.00000000000000       0.43760648836140442        4.9682083528151557E-007
   780.00000000000000       0.43788727535748279        4.7861303001387885E-007
   781.00000000000000       0.43816788241951277        4.6100249651044600E-007
   782.00000000000000       0.43844830989296785        4.4397189283191204E-007
   783.00000000000000       0.43872855812221750        4.2750430863398038E-007
   784.00000000000000       0.43900862745053193        4.1158325683346924E-007
   785.00000000000000       0.43928851822008730        3.9619266534675214E-007
   786.00000000000000       0.43956823077197010        3.8131686890406632E-007
   787.00000000000000       0.43984776544618248        3.6694060094264183E-007
   788.00000000000000       0.44012712258164682        3.5304898558179064E-007
   789.00000000000000       0.44040630251621055        3.3962752968242815E-007
   790.00000000000000       0.44068530558665098        3.2666211499354443E-007
   791.00000000000000       0.44096413212868002        3.1413899038803275E-007
   792.00000000000000       0.44124278247694881        3.0204476418980944E-007
   793.00000000000000       0.44152125696505257        2.9036639659415579E-007
   794.00000000000000       0.44179955592553505        2.7909119218301161E-007
   795.00000000000000       0.44207767968989337        2.6820679253676081E-007
   796.00000000000000       0.44235562858858252        2.5770116894391111E-007
   797.00000000000000       0.44263340295101994        2.4756261520985372E-007
   798.00000000000000       0.44291100310559001        2.3777974056577850E-007
   799.00000000000000       0.44318842937964881        2.2834146267874188E-007
   800.00000000000000       0.44346568209952841        2.1923700076356314E-007
   801.00000000000000       0.44374276159054132        2.1045586879737722E-007
   802.00000000000000       0.44401966817698513        2.0198786883723497E-007
   803.00000000000000       0.44429640218214683        1.9382308444123120E-007
   804.00000000000000       0.44457296392830725        1.8595187419352780E-007
   805.00000000000000       0.44484935373674533        1.7836486533341068E-007
   806.00000000000000       0.44512557192774260        1.7105294748843478E-007
   807.00000000000000       0.44540161882058754        1.6400726651181675E-007
   808.00000000000000       0.44567749473357970        1.5721921842382230E-007
   809.00000000000000       0.44595319998403415        1.5068044345709891E-007
   810.00000000000000       0.44622873488828568        1.4438282020562210E-007
   811.00000000000000       0.44650409976169309        1.3831845987696408E-007
   812.00000000000000       0.44677929491864321        1.3247970064741722E-007
   813.00000000000000       0.44705432067255535        1.2685910211961795E-007
   814.00000000000000       0.44732917733588534        1.2144943988196895E-007
   815.00000000000000       0.44760386522012963        1.1624370016939124E-007
   816.00000000000000       0.44787838463582941        1.1123507462466371E-007
   817.00000000000000       0.44815273589257487        1.0641695515967574E-007
   818.00000000000000       0.44842691929900902        1.0178292891578675E-007
   819.00000000000000       0.44870093516283199        9.7326773322538042E-008
   820.00000000000000       0.44897478379080485        9.3042451253786081E-008
   821.00000000000000       0.44924846548875375        8.8924106280424614E-008
   822.00000000000000       0.44952198056157383        8.4966058018698974E-008
   823.00000000000000       0.44979532931323329        8.1162797573184537E-008
   824.00000000000000       0.45006851204677711        7.7508983073410811E-008
   825.00000000000000       0.45034152906433134        7.3999435303055421E-008
   826.00000000000000       0.45061438066710652        7.0629133420715994E-008
   827.00000000000000       0.45088706715540200        6.7393210771111446E-008
   828.00000000000000       0.45115958882860946        6.4286950785614300E-008
   829.00000000000000       0.45143194598521708        6.1305782970993701E-008
   830.00000000000000       0.45170413892281303        5.8445278985221887E-008
   831.00000000000000       0.45197616793808937        5.5701148799144958E-008
   832.00000000000000       0.45224803332684593        5.3069236942854191E-008
   833.00000000000000       0.45251973538399398        5.0545518835579599E-008
   834.00000000000000       0.45279127440355998        4.8126097197854507E-008
   835.00000000000000       0.45306265067868923        4.5807198544778966E-008
   836.00000000000000       0.45333386450164959        4.3585169759138542E-008
   837.00000000000000       0.45360491616383525        4.1456474743123190E-008
   838.00000000000000       0.45387580595577021        3.9417691147463989E-008
   839.00000000000000       0.45414653416711215        3.7465507176700143E-008
   840.00000000000000       0.45441710108665578        3.5596718469366328E-008
   841.00000000000000       0.45468750700233668        3.3808225051824364E-008
   842.00000000000000       0.45495775220123458        3.2097028364543997E-008
   843.00000000000000       0.45522783696957719        3.0460228359542943E-008
   844.00000000000000       0.45549776159274369        2.8895020667778744E-008
   845.00000000000000       0.45576752635526807        2.7398693835244893E-008
   846.00000000000000       0.45603713154084280        2.5968626626546677E-008
   847.00000000000000       0.45630657743232234        2.4602285394723728E-008
   848.00000000000000       0.45657586431172636        2.3297221516102900E-008
   849.00000000000000       0.45684499246024352        2.2051068888964660E-008
   850.00000000000000       0.45711396215823463        2.0861541494829280E-008
   851.00000000000000       0.45738277368523617        1.9726431021150366E-008
   852.00000000000000       0.45765142731996361        1.8643604544234432E-008
   853.00000000000000       0.45791992334031500        1.7611002271208553E-008
   854.00000000000000       0.45818826202337393        1.6626635339861789E-008
   855.00000000000000       0.45845644364541321        1.5688583675215889E-008
   856.00000000000000       0.45872446848189818        1.4794993901650876E-008
   857.00000000000000       0.45899233680748958        1.3944077309484182E-008
   858.00000000000000       0.45926004889604755        1.3134107874848945E-008
   859.00000000000000       0.45952760502063417        1.2363420331780692E-008
   860.00000000000000       0.45979500545351726        1.1630408295399951E-008
   861.00000000000000       0.46006225046617327        1.0933522435115789E-008
   862.00000000000000       0.46032934032929074        1.0271268696769943E-008
   863.00000000000000       0.46059627531277320        9.6422065726648183E-009
   864.00000000000000       0.46086305568574271        9.0449474184323244E-009
   865.00000000000000       0.46112968171654267        8.4781528157081307E-009
   866.00000000000000       0.46139615367274134        7.9405329795988622E-009
   867.00000000000000       0.46166247182113468        7.4308452099365236E-009
   868.00000000000000       0.46192863642774951        6.9478923853335600E-009
   869.00000000000000       0.46219464775784669        6.4905214990625501E-009
   870.00000000000000       0.46246050607592426        6.0576222358064309E-009
   871.00000000000000       0.46272621164572036        5.6481255883297288E-009
   872.00000000000000       0.46299176473021630        5.2610025131475336E-009
   873.00000000000000       0.46325716559163976        4.8952626242710288E-009
   874.00000000000000       0.46352241449146769        4.5499529241391983E-009
   875.00000000000000       0.46378751169042920        4.2241565708435698E-009
   876.00000000000000       0.46405245744850870        3.9169916807842902E-009
   877.00000000000000       0.46431725202494895        3.6276101658978581E-009
   878.00000000000000       0.46458189567825386        3.3551966046197110E-009
   879.00000000000000       0.46484638866619149        3.0989671457592580E-009
   880.00000000000000       0.46511073124579694        2.8581684444713545E-009
   881.00000000000000       0.46537492367337541        2.6320766295388885E-009
   882.00000000000000       0.46563896620450479        2.4199963011768609E-009
   883.00000000000000       0.46590285909403900        2.2212595585992581E-009
   884.00000000000000       0.46616660259611042        2.0352250565974560E-009
   885.00000000000000       0.46643019696413307        1.8612770903875274E-009
   886.00000000000000       0.46669364245080514        1.6988247080136323E-009
   887.00000000000000       0.46695693930811216        1.5473008495940000E-009
   888.00000000000000       0.46722008778732960        1.4061615127154093E-009
   889.00000000000000       0.46748308813902556        1.2748849433007794E-009
   890.00000000000000       0.46774594061306402        1.1529708512796958E-009
   891.00000000000000       0.46800864545860688        1.0399396504130521E-009
   892.00000000000000       0.46827120292411745        9.3533172163108615E-010
   893.00000000000000       0.46853361325736276        8.3870669926064423E-010
   894.00000000000000       0.46879587670541645        7.4964277953038236E-010
   895.00000000000000       0.46905799351466126        6.6773605075390347E-010
   896.00000000000000       0.46931996393079206        5.9259984460607801E-010
   897.00000000000000       0.46958178819881841        5.2386410791946891E-010
   898.00000000000000       0.46984346656306714        4.6117479443941270E-010
   899.00000000000000       0.47010499926718496        4.0419327599175521E-010
   900.00000000000000       0.47036638655414142        3.5259577252524368E-010
   901.00000000000000       0.47062762866623115        3.0607280050728249E-010
   902.00000000000000       0.47088872584507691        2.6432863915926872E-010
   903.00000000000000       0.47114967833163168        2.2708081403355432E-010
   904.00000000000000       0.47141048636618171        1.9405959744186212E-010
   905.00000000000000       0.47167115018834893        1.6500752525934221E-010
   906.00000000000000       0.47193167003709341        1.3967892963831421E-010
   907.00000000000000       0.47219204615071608        1.1783948717622452E-010
   908.00000000000000       0.47245227876686124        9.9265782094822368E-011
   909.00000000000000       0.47271236812251910        8.3744883996289929E-011
   910.00000000000000       0.47297231445402804        7.1073939774391612E-011
   911.00000000000000       0.47323211799707759        6.1059779267396992E-011
   912.00000000000000       0.47349177898671058        5.3518534250714599E-011
   913.00000000000000       0.47375129765732571        4.8275270376503841E-011
   914.00000000000000       0.47401067424267990        4.5163631677607673E-011
   915.00000000000000       0.47426990897589105        4.4025497262526208E-011
   916.00000000000000       0.47452900208944021        4.4710649837593588E-011
   917.00000000000000       0.47478795381517419        4.7076455701712975E-011
   918.00000000000000       0.47504676438430776        5.0987555868033571E-011
   919.00000000000000       0.47530543402742620        5.6315567975836852E-011
   920.00000000000000       0.47556396297448777        6.2938798664548460E-011
   921.00000000000000       0.47582235145482604        7.0741966090220994E-011
   922.00000000000000       0.47608059969715211        7.9615932273343587E-011
   923.00000000000000       0.47633870792955718        8.9457444974829449E-011
   924.00000000000000       0.47659667637951486        1.0016888880518976E-010
   925.00000000000000       0.47685450527388329        1.1165804527939069E-010
   926.00000000000000       0.47711219483890788        1.2383786153817827E-010
   927.00000000000000       0.47736974530022319        1.3662622746339208E-010
   928.00000000000000       0.47762715688285562        1.4994576092280341E-010
   929.00000000000000       0.47788442981122536        1.6372360088670824E-010
   930.00000000000000       0.47814156430914889        1.7789120816587069E-010
   931.00000000000000       0.47839856059984126        1.9238417352703382E-010
   932.00000000000000       0.47865541890591817        2.0714203294915856E-010
   933.00000000000000       0.47891213944939837        2.2210808978981441E-010
   934.00000000000000       0.47916872245170594        2.3722924363785642E-010
   935.00000000000000       0.47942516813367231        2.5245582563487977E-010
   936.00000000000000       0.47968147671553879        2.6774144005334007E-010
   937.00000000000000       0.47993764841695841        2.8304281192638918E-010
   938.00000000000000       0.48019368345699842        2.9831964052917081E-010
   939.00000000000000       0.48044958205414229        3.1353445851786907E-010
   940.00000000000000       0.48070534442629198        3.2865249653775657E-010
   941.00000000000000       0.48096097079077005        3.4364155311764481E-010
   942.00000000000000       0.48121646136432195        3.5847186967236132E-010
   943.00000000000000       0.48147181636311798        3.7311601044150435E-010
   944.00000000000000       0.48172703600275540        3.8754874719621593E-010
   945.00000000000000       0.48198212049826078        4.0174694855211416E-010
   946.00000000000000       0.48223707006409200        4.1568947373014254E-010
   947.00000000000000       0.48249188491414030        4.2935707061234607E-010
   948.00000000000000       0.48274656526173232        4.4273227794457219E-010
   949.00000000000000       0.48300111131963247        4.5579933154106429E-010
   950.00000000000000       0.48325552330004462        4.6854407435256984E-010
   951.00000000000000       0.48350980141461453        4.8095387026117902E-010
   952.00000000000000       0.48376394587443161        4.9301752147159674E-010
   953.00000000000000       0.48401795689003108        5.0472518937085982E-010
   954.00000000000000       0.48427183467139606        5.1606831873342034E-010
   955.00000000000000       0.48452557942795960        5.2703956515184430E-010
   956.00000000000000       0.48477919136860648        5.3763272557745062E-010
   957.00000000000000       0.48503267070167549        5.4784267185811829E-010
   958.00000000000000       0.48528601763496132        5.5766528716506934E-010
   959.00000000000000       0.48553923237571645        5.6709740520290064E-010
   960.00000000000000       0.48579231513065330        5.7613675210104365E-010
   961.00000000000000       0.48604526610594612        5.8478189088748597E-010
   962.00000000000000       0.48629808550723291        5.9303216844984742E-010
   963.00000000000000       0.48655077353961734        6.0088766489028092E-010
   964.00000000000000       0.48680333040767088        6.0834914518561808E-010
   965.00000000000000       0.48705575631543457        6.1541801306503293E-010
   966.00000000000000       0.48730805146642098        6.2209626702221068E-010
   967.00000000000000       0.48756021606361605        6.2838645838046855E-010
   968.00000000000000       0.48781225030948122        6.3429165133212960E-010
   969.00000000000000       0.48806415440595508        6.3981538487670727E-010
   970.00000000000000       0.48831592855445538        6.4496163658439669E-010
   971.00000000000000       0.48856757295588088        6.4973478811342821E-010
   972.00000000000000       0.48881908781061317        6.5413959241353778E-010
   973.00000000000000       0.48907047331851877        6.5818114254836873E-010
   974.00000000000000       0.48932172967895060        6.6186484207361056E-010
   975.00000000000000       0.48957285709075005        6.6519637690824572E-010
   976.00000000000000       0.48982385575224896        6.6818168863966275E-010
   977.00000000000000       0.49007472586127110        6.7082694920459244E-010
   978.00000000000000       0.49032546761513418        6.7313853689025256E-010
   979.00000000000000       0.49057608121065177        6.7512301360188220E-010
   980.00000000000000       0.49082656684413484        6.7678710334461734E-010
   981.00000000000000       0.49107692471139386        6.7813767186956339E-010
   982.00000000000000       0.49132715500774021        6.7918170743584856E-010
   983.00000000000000       0.49157725792798834        6.7992630264167946E-010
   984.00000000000000       0.49182723366645731        6.8037863727962519E-010
   985.00000000000000       0.49207708241697257        6.8054596217246506E-010
   986.00000000000000       0.49232680437286774        6.8043558394791907E-010
   987.00000000000000       0.49257639972698647        6.8005485071171327E-010
   988.00000000000000       0.49282586867168404        6.7941113858010916E-010
   989.00000000000000       0.49307521139882909        6.7851183903445957E-010
   990.00000000000000       0.49332442809980531        6.7736434706138459E-010
   991.00000000000000       0.49357351896551338        6.7597605004408775E-010
   992.00000000000000       0.49382248418637237        6.7435431737097327E-010
   993.00000000000000       0.49407132395232167        6.7250649072952322E-010
   994.00000000000000       0.49432003845282257        6.7043987505394859E-010
   995.00000000000000       0.49456862787685996        6.6816173009712925E-010
   996.00000000000000       0.49481709241294403        6.6567926259768806E-010
   997.00000000000000       0.49506543224911187        6.6299961901462590E-010
   998.00000000000000       0.49531364757292928        6.6012987880282931E-010
   999.00000000000000       0.49556173857149222        6.5707704820378201E-010
   1000.0000000000000       0.49580970543142860        6.5384805452671030E-010
 Total integrated eventrate (events)   2.3703108808895292      pm  -9.4262378828292025E-006
 Event rate spectra written to eventrate_spectra.dat
 Compute time (s)  0.210331008    
 6-J Table Lookup min/max requested:           0          11
