 %%%%%%%%%%%%%%%%%%%%%%%%%%%%%%%%%%%%%%%%%%%%%%%%%%%%%%%%%%%%%%%%%%%%%%%%%%%%%%%
 Welcome to our FORTAN 90 implementation of the WIMP-nucleon scattering code.
 Based on the Mathematica script described in arXiv:1308.6288 (2003).
   VERSION 1.4 UPDATED: 2021.01.15 @ SDSU
   Dev. contact: cjohnson@sdsu.edu
                  ogorton@sdsu.edu
 %%%%%%%%%%%%%%%%%%%%%%%%%%%%%%%%%%%%%%%%%%%%%%%%%%%%%%%%%%%%%%%%%%%%%%%%%%%%%%%
 
 Select an option:
 [1] Event rate per unit recoil energy (spectra)
 [2] (*) Scattering probability
 [3] (*) Differential cross section per recoil energy
 [4] (*) Total cross section
 [5] Total scattering events per detector (does not produce spectra data)
  
 (*) Not available in this release.
  
 Enter the target proton number 
  
 Enter the target neutron number 
 Setting default parameter values.
  
 Enter name of control file (.control):
 %%%%%%%%%%%%%%%%%%%%%%%%%%%%%%%%%%%%%%%%%%%%%%%%%%%%%%%%%%%%%%%%%%%%%%%%%%%%%%%
 Reading control file.
 Possible keywords:
 coefnonrel
 vearth
 dmdens
 quadtype
 intpoints
 gev
 femtometer
 wimpmass
 vescape
 ntarget
 weakmscale
 vscale
 mnucleon
 dmspin
 
 # Coefficient matrix (non-relativistic)
 # Ommitted values are assumed to be 0.0.
 # c_i^t
 # i = 1,...,16
 # t: p=proton n=neutron s=scaler v=vector
 #control name	 i	coupling	c_i^t
 n           1   4.8000000000000001E-004
 wimpmass: Set dark matter particle mass to   5000.0000000000000     
 vearth: Set velocity of earth in galactic frame set to   232.00000000000000     
 maxwellv0: Set velocity distribution scaling to   220.00000000000000     
 vescape: Set escape velocity to   550.00000000000000     
 dmdens: Set local dark matter density to  0.29999999999999999     
 intpoints: Set number of integral lattice points to        1000
 ntscale: Set target nuclei mass density scaling to   2500.0000000000000     
 End of control file.
 
 Converting EFT coefficients isospin <=> proton-neutron formalism.
 s           1   4.8000000000000001E-004
 v           1  -4.8000000000000001E-004
 p           1   0.0000000000000000     
 n           1   4.8000000000000001E-004
 Normalizing EFT coefficients.
  Enter shell-model space file name (.sps)
 Shell-Model space file name GCN5082        
           1           0           7           4
           2           1           5           2
           3           1           3           2
           4           2           1           0
           5           0          11           5
           6           0           9           4
           7           1           1           1
           8           0           5           3
           9           1           3           1
          10           0           7           3
          11           0           3           2
          12           0           5           2
          13           1           1           0
          14           0           1           1
          15           0           3           1
          16           0           1           0
  
  Enter name of one-body density file (.dres) 
 Density matrix allocated, size:        5632
 Density matrix is in explicit proton-neutron format.
 Density matrix is in explicit proton-neutron format.
 Density matrix is in explicit proton-neutron format.
 Density matrix is in explicit proton-neutron format.
 Filling core orbitals.
 %%%%%%%%%%%%%%%%%%%%%%%%%%%%%%%%%%%%%%%%%%%%%%%%%%%%%%%%%%%%%%%%%%%%%%%%%%%%%%%
 Parameters used in this calculation:
 femtometer =   5.0677000000000003     
 GeV =    1.0000000000000000     
 kev =    9.9999999999999995E-007
 b (dimless)   2.2923417985218975     
 b (fm)   11.616900532369421     
 Nucleon mass (GeV)  0.93827199999999999     
 WIMP spin  0.50000000000000000     
 WIMP mass (GeV)   5000.0000000000000     
 Target J           4
 Target T          24
 Target Mt          23
 Target Z,N          54          77
 Target atomic mass   131.00000000000000     
 System reduced mass   119.96457565888552     
 Target mass density (1/GeV)   8.1357940834422670E-003
 Local WIMP density (GeV/cm^3)  0.29999999999999999     
 v0 (km/s)   220.00000000000000     
 ve (km/s)   232.00000000000000     
 v escape (km/s)   550.00000000000000     
 Integral lattice size =         1000
 EFT coupling coefficients:
 i    p    n    s    v
i          p           n           s           v
 1  0.0000E+00 0.1486E-03 0.1486E-03-0.1486E-03
 %%%%%%%%%%%%%%%%%%%%%%%%%%%%%%%%%%%%%%%%%%%%%%%%%%%%%%%%%%%%%%%%%%%%%%%%%%%%%%%
 Computing differential event rate spectra
 What is the range of recoil energies in kev?
 Enter starting energy, stoping energy, step size:
 E min  (kev)   1.0000000000000000     
 E max  (kev)   1000.0000000000000     
 E step (kev)   10.000000000000000     
 Number of event rates to compute:         100
 E-recoil (kev)              q-transfer (gev/c)        Eventrate (events/gev)
   1.0000000000000000        1.5678879551804713E-002   4802.1609236281938     
   11.000000000000000        5.2000960606511874E-002   2715.5452859471416     
   21.000000000000000        7.1849652358240396E-002   1486.2871049650869     
   31.000000000000000        8.7296306817642638E-002   780.94400799308971     
   41.000000000000000       0.10039381367395105        389.15773546397151     
   51.000000000000000       0.11196959615895735        180.39997459856309     
   61.000000000000000       0.12245596393806224        75.226058095594482     
   71.000000000000000       0.13211258737909873        26.387137007469892     
   81.000000000000000       0.14110991596624242        6.5710639605563035     
   91.000000000000000       0.14956697838761068       0.55511864279282408     
   101.00000000000000       0.15757078937417301       0.26236879399415758     
   111.00000000000000       0.16518724619049741        1.7051611886516458     
   121.00000000000000       0.17246767506985186        3.1376258019849694     
   131.00000000000000       0.17945297875488161        3.9699449362750547     
   141.00000000000000       0.18617637933959291        4.1531769344632767     
   151.00000000000000       0.19266529750839925        3.8478005005524953     
   161.00000000000000       0.19894267894044251        3.2581637589964432     
   171.00000000000000       0.20502795454278910        2.5600673246086014     
   181.00000000000000       0.21093775096933218        1.8776700821034851     
   191.00000000000000       0.21668642648767825        1.2841970176916246     
   201.00000000000000       0.22228648196415363       0.81223576295370048     
   211.00000000000000       0.22774888079637184       0.46621404052377363     
   221.00000000000000       0.23308330129805521       0.23360554094065955     
   231.00000000000000       0.23829833818975743        9.3601713120122221E-002
   241.00000000000000       0.24340166520383544        2.3113208816432761E-002
   251.00000000000000       0.24840016760058758        4.7299569690433354E-004
   261.00000000000000       0.25330005113303861        7.3803527563909123E-003
   271.00000000000000       0.25810693238268512        2.9618363221210867E-002
   281.00000000000000       0.26282591421699653        5.6994477600027078E-002
   291.00000000000000       0.26746164925835630        8.2847965122190809E-002
   301.00000000000000       0.27201839361337310       0.10336687764293517     
   311.00000000000000       0.27650005262928973       0.11687232838246531     
   321.00000000000000       0.28091022007751870       0.12316268871367772     
   331.00000000000000       0.28525221188274769       0.12296362504598993     
   341.00000000000000       0.28952909529786464       0.11749874862972859     
   351.00000000000000       0.29374371425445006       0.10817654535840811     
   361.00000000000000       0.29789871148428954        9.6378906519910740E-002
   371.00000000000000       0.30199654790079966        8.3332224564420729E-002
   381.00000000000000       0.30603951964411391        7.0041478080849789E-002
   391.00000000000000       0.31002977312509838        5.7269401375787954E-002
   401.00000000000000       0.31396931834814684        4.5545592807955115E-002
   411.00000000000000       0.31786004074749630        3.5193521990514974E-002
   421.00000000000000       0.32170371173488188        2.6366396784228568E-002
   431.00000000000000       0.32550199812597153        1.9085500205548795E-002
   441.00000000000000       0.32925647058789898        1.3276798226250119E-002
   451.00000000000000       0.33296861122934696        8.8033343535636067E-003
   461.00000000000000       0.33663982043721447        5.4922005101484383E-003
   471.00000000000000       0.34027142304930630        3.1557672851620019E-003
   481.00000000000000       0.34386467394019993        1.6074408474257220E-003
   491.00000000000000       0.34742076308706710        6.7255845902293129E-004
   501.00000000000000       0.35094082017343037        1.9520246355711544E-004
   511.00000000000000       0.35442591878134416        4.1757047106099329E-005
   521.00000000000000       0.35787708021609876        1.0199579333847673E-004
   531.00000000000000       0.36129527700206654        2.8840400098633571E-004
   541.00000000000000       0.36468143608360432        5.3433209504572421E-004
   551.00000000000000       0.36803644176086692        7.9146213971200612E-004
   561.00000000000000       0.37136113838688073        1.0269595223887143E-003
   571.00000000000000       0.37465633284918592        1.2205829345754528E-003
   581.00000000000000       0.37792279685671254        1.3619411642516145E-003
   591.00000000000000       0.38116126905025383        1.4480159830308464E-003
   601.00000000000000       0.38437245695288835        1.4810160989114139E-003
   611.00000000000000       0.38755703877493958        1.4665863792990149E-003
   621.00000000000000       0.39071566508651784        1.4123674830352113E-003
   631.00000000000000       0.39384896036932737        1.3268816623038344E-003
   641.00000000000000       0.39695752445822208        1.2187088314596635E-003
   651.00000000000000       0.40004193388193693        1.0959112391631591E-003
   661.00000000000000       0.40310274311148020        9.6566364210517867E-004
   671.00000000000000       0.40614048572384409        8.3404743885225031E-004
   681.00000000000000       0.40915567548794918        7.0597071182711352E-004
   691.00000000000000       0.41214880737908244        5.8518071181648198E-004
   701.00000000000000       0.41512035852749984        4.7434037928882763E-004
   711.00000000000000       0.41807078910634260        3.7514558394761668E-004
   721.00000000000000       0.42100054316354507        2.8846457697255301E-004
   731.00000000000000       0.42391004940199278        2.1448550251523663E-004
   741.00000000000000       0.42679972191181192        1.5286160692519374E-004
   751.00000000000000       0.42966996085833131        1.0284698088138482E-004
   761.00000000000000       0.43252115312895389        6.3418281140145704E-005
   771.00000000000000       0.43535367294189670        3.3379944654641599E-005
   781.00000000000000       0.43816788241951277        1.1451985681138635E-005
   791.00000000000000       0.44096413212868002        0.0000000000000000     
   801.00000000000000       0.44374276159054132        0.0000000000000000     
   811.00000000000000       0.44650409976169309        0.0000000000000000     
   821.00000000000000       0.44924846548875375        0.0000000000000000     
   831.00000000000000       0.45197616793808937        0.0000000000000000     
   841.00000000000000       0.45468750700233668        0.0000000000000000     
   851.00000000000000       0.45738277368523617        0.0000000000000000     
   861.00000000000000       0.46006225046617327        0.0000000000000000     
   871.00000000000000       0.46272621164572036        0.0000000000000000     
   881.00000000000000       0.46537492367337541        0.0000000000000000     
   891.00000000000000       0.46800864545860688        0.0000000000000000     
   901.00000000000000       0.47062762866623115        0.0000000000000000     
   911.00000000000000       0.47323211799707759        0.0000000000000000     
   921.00000000000000       0.47582235145482604        0.0000000000000000     
   931.00000000000000       0.47839856059984126        0.0000000000000000     
   941.00000000000000       0.48096097079077005        0.0000000000000000     
   951.00000000000000       0.48350980141461453        0.0000000000000000     
   961.00000000000000       0.48604526610594612        0.0000000000000000     
   971.00000000000000       0.48856757295588088        0.0000000000000000     
   981.00000000000000       0.49107692471139386        0.0000000000000000     
   991.00000000000000       0.49357351896551338        0.0000000000000000     
 Total integrated eventrate (events)   7.9505405541520094E-002 pm  -1.1874885818876108E-004
 Event rate spectra written to eventrate_spectra.dat
 Compute time (s)  0.767017961    
