 %%%%%%%%%%%%%%%%%%%%%%%%%%%%%%%%%%%%%%%%%%%%%%%%%%%%%%%%%%%%%%%%%%%%%%%%%%%%%%%
 Welcome to our FORTAN 90 implementation of the WIMP-nucleon scattering code.
 Based on the Mathematica script described in arXiv:1308.6288 (2003).
   VERSION 1.4 UPDATED: 2021.01.15 @ SDSU
   Dev. contact: cjohnson@sdsu.edu
                  ogorton@sdsu.edu
 %%%%%%%%%%%%%%%%%%%%%%%%%%%%%%%%%%%%%%%%%%%%%%%%%%%%%%%%%%%%%%%%%%%%%%%%%%%%%%%
 
 Select an option:
 [1] Event rate per unit recoil energy (spectra)
 [2] (*) Scattering probability
 [3] (*) Differential cross section per recoil energy
 [4] (*) Total cross section
 [5] Total scattering events per detector (does not produce spectra data)
  
 (*) Not available in this release.
  
 Enter the target proton number 
  
 Enter the target neutron number 
 Setting default parameter values.
  
 Enter name of control file (.control):
 %%%%%%%%%%%%%%%%%%%%%%%%%%%%%%%%%%%%%%%%%%%%%%%%%%%%%%%%%%%%%%%%%%%%%%%%%%%%%%%
 Reading control file.
 Possible keywords:
 coefnonrel
 vearth
 dmdens
 quadtype
 intpoints
 gev
 femtometer
 wimpmass
 vescape
 ntarget
 weakmscale
 vscale
 mnucleon
 dmspin
 
 # Coefficient matrix (non-relativistic)
 # Ommitted values are assumed to be 0.0.
 # c_i^t
 # i = 1,...,16
 # t: p=proton n=neutron s=scaler v=vector
 #control name	 i	coupling	c_i^t
 n           1   4.8000000000000001E-004
 wimpmass: Set dark matter particle mass to   500.00000000000000     
 vearth: Set velocity of earth in galactic frame set to   232.00000000000000     
 maxwellv0: Set velocity distribution scaling to   220.00000000000000     
 vescape: Set escape velocity to   550.00000000000000     
 dmdens: Set local dark matter density to  0.29999999999999999     
 intpoints: Set number of integral lattice points to        1000
 ntscale: Set target nuclei mass density scaling to   2500.0000000000000     
 End of control file.
 
 Converting EFT coefficients isospin <=> proton-neutron formalism.
 s           1   4.8000000000000001E-004
 v           1  -4.8000000000000001E-004
 p           1   0.0000000000000000     
 n           1   4.8000000000000001E-004
 Normalizing EFT coefficients.
  Enter shell-model space file name (.sps)
 Shell-Model space file name GCN5082        
           1           0           7           4
           2           1           5           2
           3           1           3           2
           4           2           1           0
           5           0          11           5
           6           0           9           4
           7           1           1           1
           8           0           5           3
           9           1           3           1
          10           0           7           3
          11           0           3           2
          12           0           5           2
          13           1           1           0
          14           0           1           1
          15           0           3           1
          16           0           1           0
  
  Enter name of one-body density file (.dres) 
 Density matrix allocated, size:        5632
 Density matrix is in explicit proton-neutron format.
 Filling core orbitals.
 %%%%%%%%%%%%%%%%%%%%%%%%%%%%%%%%%%%%%%%%%%%%%%%%%%%%%%%%%%%%%%%%%%%%%%%%%%%%%%%
 Parameters used in this calculation:
 femtometer =   5.0677000000000003     
 GeV =    1.0000000000000000     
 kev =    9.9999999999999995E-007
 b (dimless)   2.2948922631920268     
 b (fm)   11.629825522178235     
 Nucleon mass (GeV)  0.93827199999999999     
 WIMP spin  0.50000000000000000     
 WIMP mass (GeV)   500.00000000000000     
 Target J           0
 Target T          24
 Target Mt          24
 Target Z,N          54          78
 Target atomic mass   132.00000000000000     
 System reduced mass   99.263866316580163     
 Target mass density (1/GeV)   8.0741592797798252E-003
 Local WIMP density (GeV/cm^3)  0.29999999999999999     
 v0 (km/s)   220.00000000000000     
 ve (km/s)   232.00000000000000     
 v escape (km/s)   550.00000000000000     
 Integral lattice size =         1000
 EFT coupling coefficients:
 i    p    n    s    v
i          p           n           s           v
 1  0.0000E+00 0.1486E-04 0.1486E-04-0.1486E-04
 %%%%%%%%%%%%%%%%%%%%%%%%%%%%%%%%%%%%%%%%%%%%%%%%%%%%%%%%%%%%%%%%%%%%%%%%%%%%%%%
 Computing differential event rate spectra
 What is the range of recoil energies in kev?
 Enter starting energy, stoping energy, step size:
 E min  (kev)   1.0000000000000000     
 E max  (kev)   1000.0000000000000     
 E step (kev)   1.0000000000000000     
 Number of event rates to compute:        1000
 E-recoil (kev)              q-transfer (gev/c)        Eventrate (events/gev)
   1.0000000000000000        1.5738608833057641E-002   52981.815746267064     
   2.0000000000000000        2.2257754064595108E-002   49961.744469786376     
   3.0000000000000000        2.7260070139308153E-002   47099.916316162817     
   4.0000000000000000        3.1477217666115283E-002   44388.682377012628     
   5.0000000000000000        3.5192599221995524E-002   41820.724326851981     
   6.0000000000000000        3.8551560902251418E-002   39389.050496033473     
   7.0000000000000000        4.1640444954394999E-002   37086.984650137609     
   8.0000000000000000        4.4515508129190216E-002   34908.153577198791     
   9.0000000000000000        4.7215826499172928E-002   32846.474638848624     
   10.000000000000000        4.9769851114906907E-002   30896.143604810004     
   11.000000000000000        5.2199060221425446E-002   29051.622874685763     
   12.000000000000000        5.4520140278616305E-002   27307.630120620237     
   13.000000000000000        5.6746361152059784E-002   25659.127357615012     
   14.000000000000000        5.8888481997755725E-002   24101.310436954223     
   15.000000000000000        6.0955369902905190E-002   22629.598953114444     
   16.000000000000000        6.2954435332230566E-002   21239.626552195034     
   17.000000000000000        6.4891946618975765E-002   19927.231628881524     
   18.000000000000000        6.6773262193785321E-002   18688.448398594941     
   19.000000000000000        6.8603005415214857E-002   17519.498331462808     
   20.000000000000000        7.0385198443991048E-002   16416.781934924104     
   21.000000000000000        7.2123366310787237E-002   15376.870872058711     
   22.000000000000000        7.3820618908269797E-002   14396.500403068316     
   23.000000000000000        7.5479716374665842E-002   13472.562137701800     
   24.000000000000000        7.7103121804502836E-002   12602.097086799720     
   25.000000000000000        7.8693044165288203E-002   11782.289001515710     
   26.000000000000000        8.0251473556564673E-002   11010.457989158991     
   27.000000000000000        8.1780210417924451E-002   10284.054394978968     
   28.000000000000000        8.3280889908789998E-002   9600.6529395861944     
   29.000000000000000        8.4755002401038254E-002   8957.9471020661604     
   30.000000000000000        8.6203910816157289E-002   8353.7437391962012     
   31.000000000000000        8.7628865381220125E-002   7785.9579315202791     
   32.000000000000000        8.9031016258380433E-002   7252.6080473690427     
   33.000000000000000        9.0411424410856395E-002   6751.8110162361636     
   34.000000000000000        9.1771070997346438E-002   6281.7778032358492     
   35.000000000000000        9.3110865531365355E-002   5840.8090766685582     
   36.000000000000000        9.4431652998345855E-002   5427.2910610159397     
   37.000000000000000        9.5734220088743605E-002   5039.6915679690874     
   38.000000000000000        9.7019300677751746E-002   4676.5561983687439     
   39.000000000000000        9.8287580660020316E-002   4336.5047082004394     
   40.000000000000000        9.9539702229813815E-002   4018.2275320437675     
   41.000000000000000       0.10077626768242610        3720.4824576220954     
   42.000000000000000       0.10199784280071809        3442.0914453372525     
   43.000000000000000       0.10320495988081192        3181.9375869047826     
   44.000000000000000       0.10439812044285089        2938.9621974269580     
   45.000000000000000       0.10557779766598657        2712.1620354560341     
   46.000000000000000       0.10674443858112702        2500.5866458069827     
   47.000000000000000       0.10789846605026412        2303.3358200787970     
   48.000000000000000       0.10904028055723261        2119.5571700363853     
   49.000000000000000       0.11017026183140349        1948.4438091908298     
   50.000000000000000       0.11128877032297554        1789.2321380953460     
   51.000000000000000       0.11239614854611345        1641.1997290469899     
   52.000000000000000       0.11349272230411957        1503.6633060510583     
   53.000000000000000       0.11457880180906065        1375.9768160659194     
   54.000000000000000       0.11565468270675425        1257.5295877008257     
   55.000000000000000       0.11672064701671252        1147.7445736888446     
   56.000000000000000       0.11777696399551145        1046.0766736008241     
   57.000000000000000       0.11882389093107497        952.01113340512825     
   58.000000000000000       0.11986167387451253        865.06201861157217     
   59.000000000000000       0.12089054831540802        784.77075786666751     
   60.000000000000000       0.12191073980581038        710.70475399141776     
   61.000000000000000       0.12292246453761005        642.45605957236364     
   62.000000000000000       0.12392592987748770        579.64011433166809     
   63.000000000000000       0.12492133486318499        521.89454161277092     
   64.000000000000000       0.12590887066446113        468.87800142500674     
   65.000000000000000       0.12688872101175896        420.26909759308643     
   66.000000000000000       0.12786106259530303        375.76533665643530     
   67.000000000000000       0.12882606543708458        335.08213625840330     
   68.000000000000000       0.12978389323795153        297.95188085709418     
   69.000000000000000       0.13073470370180981        264.12302267762220     
   70.000000000000000       0.13167864883875441        233.35922591047049     
   71.000000000000000       0.13261587524878007        205.43855224223105     
   72.000000000000000       0.13354652438757064        180.15268588351248     
   73.000000000000000       0.13447073281573207        157.30619633428202     
   74.000000000000000       0.13538863243271201        136.71583719958474     
   75.000000000000000       0.13630035069654076        118.20987943837156     
   76.000000000000000       0.13720601083042971        101.62747749535170     
   77.000000000000000       0.13810573201717588        86.818066830342417     
   78.000000000000000       0.13899962958224024        73.640791421636123     
   79.000000000000000       0.13988781516629673        61.963959879590035     
   80.000000000000000       0.14077039688798210        51.664528863950807     
   81.000000000000000       0.14164747949751877        42.627612553542690     
   82.000000000000000       0.14251916452182845        34.746016969879257     
   83.000000000000000       0.14338555040170539        27.919798007125966     
   84.000000000000000       0.14424673262157447        22.055842069694616     
   85.000000000000000       0.14510280383231747        17.067468265684877     
   86.000000000000000       0.14595385396761540        12.874051149461428     
   87.000000000000000       0.14679997035422043        9.4006630499262442     
   88.000000000000000       0.14764123781653959        6.5777350626151101     
   89.000000000000000       0.14847773877588519        4.3407358236310332     
   90.000000000000000       0.14930955334472071        2.6298672217292234     
   91.000000000000000       0.15013675941620694        1.3897762416251938     
   92.000000000000000       0.15095943274933168       0.56928216686787037     
   93.000000000000000       0.15177764704988675       0.12111840447089424     
   94.000000000000000       0.15259147404753648        1.6882259670843198E-003
   95.000000000000000       0.15340098356920662       0.17083375070431156     
   96.000000000000000       0.15420624360900567       0.59161752708143633     
   97.000000000000000       0.15500732039487683        1.2301160960807374     
   98.000000000000000       0.15580427845216574        2.0552249489329939     
   99.000000000000000       0.15659718066427633        3.0384743170986623     
   100.00000000000000       0.15738608833057641        4.1538552580091350     
   101.00000000000000       0.15817106122170388        5.3776555242214101     
   102.00000000000000       0.15895215763241466        6.6883047268451410     
   103.00000000000000       0.15972943443210461        8.0662283263375247     
   104.00000000000000       0.16050294711312935        9.4937100050656902     
   105.00000000000000       0.16127274983703851        10.954761996449069     
   106.00000000000000       0.16203889547883249        12.435002965039981     
   107.00000000000000       0.16280143566934538        13.921543050633542     
   108.00000000000000       0.16356042083584890        15.402875707418037     
   109.00000000000000       0.16431590024096876        16.868775986352961     
   110.00000000000000       0.16506792201999756        18.310204925390433     
   111.00000000000000       0.16581653321668499        19.719219727888998     
   112.00000000000000       0.16656177981758000        21.088889424624078     
   113.00000000000000       0.16730370678499623        22.413215729200669     
   114.00000000000000       0.16804235808866763        23.687058810459721     
   115.00000000000000       0.16877777673615682        24.906067718651069     
   116.00000000000000       0.16951000480207651        26.066615214754304     
   117.00000000000000       0.17023908345617936        27.165736764389404     
   118.00000000000000       0.17096505299036993        28.201073469281909     
   119.00000000000000       0.17168795284468855        29.170818720274294     
   120.00000000000000       0.17240782163231458        30.073668366404636     
   121.00000000000000       0.17312469716363404        30.908774204642441     
   122.00000000000000       0.17383861646941395        31.675700604487336     
   123.00000000000000       0.17454961582312348        32.374384090825828     
   124.00000000000000       0.17525773076244025        33.005095717220499     
   125.00000000000000       0.17596299610997762        33.568406070181133     
   126.00000000000000       0.17666544599326717        34.065152752972338     
   127.00000000000000       0.17736511386402909        34.496410205157034     
   128.00000000000000       0.17806203251676087        34.863461721353083     
   129.00000000000000       0.17875623410667388        35.167773539653432     
   130.00000000000000       0.17944775016700543        35.410970876786045     
   131.00000000000000       0.18013661162573252        35.594815793431991     
   132.00000000000000       0.18082284882171279        35.721186779149122     
   133.00000000000000       0.18150649152027593        35.792059952119331     
   134.00000000000000       0.18218756892828886        35.809491774416330     
   135.00000000000000       0.18286610970871556        35.775603188729555     
   136.00000000000000       0.18354214199469288        35.692565087463812     
   137.00000000000000       0.18421569340314087        35.562585029887757     
   138.00000000000000       0.18488679104792749        35.387895127522498     
   139.00000000000000       0.18555546155260427        35.170741022280879     
   140.00000000000000       0.18622173106273071        34.913371885959478     
   141.00000000000000       0.18688562525780306        34.618031373600914     
   142.00000000000000       0.18754716936280325        34.286949466952471     
   143.00000000000000       0.18820638815938209        33.922335147787756     
   144.00000000000000       0.18886330599669171        33.526369844220454     
   145.00000000000000       0.18951794680187942        33.101201596336168     
   146.00000000000000       0.19017033409025710        32.648939890509773     
   147.00000000000000       0.19082049097515708        32.171651114666886     
   148.00000000000000       0.19146844017748721        31.671354589492836     
   149.00000000000000       0.19211420403499579        31.150019133202381     
   150.00000000000000       0.19275780451125707        30.609560119958292     
   151.00000000000000       0.19339926320438763        30.051836994385525     
   152.00000000000000       0.19403860135550349        29.478651206850373     
   153.00000000000000       0.19467583985692730        28.891744536302603     
   154.00000000000000       0.19531099926015430        28.292797769480696     
   155.00000000000000       0.19594409978358626        27.683429707191276     
   156.00000000000000       0.19657516132004063        27.065196470174214     
   157.00000000000000       0.19720420344404427        26.439591078783341     
   158.00000000000000       0.19783124541891758        25.808043282330395     
   159.00000000000000       0.19845630620365784        25.171919615474721     
   160.00000000000000       0.19907940445962763        24.532523660502235     
   161.00000000000000       0.19970055855705562        23.891096495702445     
   162.00000000000000       0.20031978658135596        23.248817311362053     
   163.00000000000000       0.20093710633927225        22.606804176124815     
   164.00000000000000       0.20155253536485221        21.966114937622848     
   165.00000000000000       0.20216609092525878        21.327748242394375     
   166.00000000000000       0.20277779002642277        20.692644661132263     
   167.00000000000000       0.20338764941854262        20.061687906294839     
   168.00000000000000       0.20399568560143619        19.435706130030066     
   169.00000000000000       0.20460191482974932        18.815473291239645     
   170.00000000000000       0.20520635311802607        18.201710581432394     
   171.00000000000000       0.20580901624564460        17.595087899788155     
   172.00000000000000       0.20640991976162384        16.996225368586344     
   173.00000000000000       0.20700907898930423        16.405694880840066     
   174.00000000000000       0.20760650903090683        15.824021672620651     
   175.00000000000000       0.20820222477197500        15.251685913167000     
   176.00000000000000       0.20879624088570178        14.689124306447173     
   177.00000000000000       0.20938857183714682        14.136731698368528     
   178.00000000000000       0.20997923188734643        13.594862684346674     
   179.00000000000000       0.21056823509731945        13.063833212405425     
   180.00000000000000       0.21115559533197314        12.543922177427872     
   181.00000000000000       0.21174132626391098        12.035373002592776     
   182.00000000000000       0.21232544137714632        11.538395204412403     
   183.00000000000000       0.21290795397072418        11.053165938160840     
   184.00000000000000       0.21348887716225404        10.579831520807511     
   185.00000000000000       0.21406822389135666        10.118508928896999     
   186.00000000000000       0.21464600692302663        9.6692872691057161     
   187.00000000000000       0.21522223885091429        9.2322292194806241     
   188.00000000000000       0.21579693210052825        8.8073724396222186     
   189.00000000000000       0.21637009893236173        8.3947309483103325     
   190.00000000000000       0.21694175144494432        7.9942964672906944     
   191.00000000000000       0.21751190157782171        7.6060397301464668     
   192.00000000000000       0.21808056111446522        7.2299117553664454     
   193.00000000000000       0.21864774168511322        6.8658450828964801     
   194.00000000000000       0.21921345476954648        6.5137549736245077     
   195.00000000000000       0.21977771169979907        6.1735405713929197     
   196.00000000000000       0.22034052366280699        5.8450860272760892     
   197.00000000000000       0.22090190170299576        5.5282615859799149     
   198.00000000000000       0.22146185672480939        5.2229246343393534     
   199.00000000000000       0.22202039949518151        4.9289207119929666     
   200.00000000000000       0.22257754064595109        4.6460844844107614     
   201.00000000000000       0.22313329067622339        4.3742406785378201     
   202.00000000000000       0.22368765995467876        4.1132049813950911     
   203.00000000000000       0.22424065872182947        3.8627849020513465     
   204.00000000000000       0.22479229709222689        3.6227805974421892     
   205.00000000000000       0.22534258505661997        3.3929856625718946     
   206.00000000000000       0.22589153248406635        3.1731878856827298     
   207.00000000000000       0.22643914912399754        2.9631699690232107     
   208.00000000000000       0.22698544460823913        2.7627102158862060     
   209.00000000000000       0.22753042845298738        2.5715831846221104     
   210.00000000000000       0.22807411006074321        2.3895603103628216     
   211.00000000000000       0.22861649872220507        2.2164104952172607     
   212.00000000000000       0.22915760361812129        2.0519006677212475     
   213.00000000000000       0.22969743382110300        1.8957963123426980     
   214.00000000000000       0.23023599829739919        1.7478619698549427     
   215.00000000000000       0.23077330590863407        1.6078617094054952     
   216.00000000000000       0.23130936541350849        1.4755595731124005     
   217.00000000000000       0.23184418546946567        1.3507199940272812     
   218.00000000000000       0.23237777463432255        1.2331081883060706     
   219.00000000000000       0.23291014136786745        1.1224905224290629     
   220.00000000000000       0.23344129403342503        1.0186348563096894     
   221.00000000000000       0.23397124089938917       0.92131086312855659     
   222.00000000000000       0.23449999014072473       0.83029032672207603     
   223.00000000000000       0.23502754984043892       0.74534741734976373     
   224.00000000000000       0.23555392799102290       0.66625894665414442     
   225.00000000000000       0.23607913249586462       0.59280460261785894     
   226.00000000000000       0.23660317117063329       0.52476716531150125     
   227.00000000000000       0.23712605174463647       0.46193270421298588     
   228.00000000000000       0.23764778186214994       0.40409075786684873     
   229.00000000000000       0.23816836908372194       0.35103449663690778     
   230.00000000000000       0.23868782088745122       0.30256086929187442     
   231.00000000000000       0.23920614467024043       0.25847073414770516     
   232.00000000000000       0.23972334774902507       0.21856897547435064     
   233.00000000000000       0.24023943736197850       0.18266460585879074     
   234.00000000000000       0.24075442066969405       0.15057085519880381     
   235.00000000000000       0.24126830475634381       0.12210524698529614     
   236.00000000000000       0.24178109663081604        9.7089662513435149E-002
   237.00000000000000       0.24229280322783012        7.5350393645414043E-002
   238.00000000000000       0.24280343140903096        5.6718184729913169E-002
   239.00000000000000       0.24331298796406245        4.1028264265626536E-002
   240.00000000000000       0.24382147961162076        2.8120366878517832E-002
   241.00000000000000       0.24432891300048792        1.7838746164512427E-002
   242.00000000000000       0.24483529471054619        1.0032178931881654E-002
   243.00000000000000       0.24534063125377337        4.5539613596726862E-003
   244.00000000000000       0.24584492907522010        1.2618975712835130E-003
   245.00000000000000       0.24634819455396867        1.8281104784634535E-005
   246.00000000000000       0.24685043400407461        6.8986974448887199E-004
   247.00000000000000       0.24735165367549092        3.1478541613202274E-003
   248.00000000000000       0.24785185975497540        7.2678207927833385E-003
   249.00000000000000       0.24835105836698179        1.2929709376917758E-002
   250.00000000000000       0.24884925557453452        2.0017765538343144E-002
   251.00000000000000       0.24934645738008793        2.8420488808682146E-002
   252.00000000000000       0.24984266972636998        3.8030576447930814E-002
   253.00000000000000       0.25033789849721116        4.8744863418166272E-002
   254.00000000000000       0.25083214951835819        6.0464258845864385E-002
   255.00000000000000       0.25132542855827383        7.3093679294580466E-002
   256.00000000000000       0.25181774132892226        8.6541979155318610E-002
   257.00000000000000       0.25230909348654079       0.10072187844812487     
   258.00000000000000       0.25279949063239820       0.11554988831457748     
   259.00000000000000       0.25328893831353944       0.13094623446782680     
   260.00000000000000       0.25377744202351793       0.14683477885386051     
   261.00000000000000       0.25426500720311479       0.16314293976503585     
   262.00000000000000       0.25475163924104588       0.17980161063487335     
   263.00000000000000       0.25523734347465693       0.19674507773121919     
   264.00000000000000       0.25572212519060605       0.21391093695344476     
   265.00000000000000       0.25620598962553548       0.23124000992817401     
   266.00000000000000       0.25668894196673142       0.24867625958744924     
   267.00000000000000       0.25717098735277277       0.26616670540265369     
   268.00000000000000       0.25765213087416916       0.28366133843749797     
   269.00000000000000       0.25813237757398816       0.30111303637396408     
   270.00000000000000       0.25861173244847185       0.31847747865511827     
   271.00000000000000       0.25909020044764336       0.33571306188038297     
   272.00000000000000       0.25956778647590306       0.35278081557964713     
   273.00000000000000       0.26004449539261543       0.36964431848454160     
   274.00000000000000       0.26052033201268571       0.38626961540672700     
   275.00000000000000       0.26099530110712721       0.40262513482604778     
   276.00000000000000       0.26146940740361962       0.41868160728303094     
   277.00000000000000       0.26194265558705782       0.43441198466389247     
   278.00000000000000       0.26241505030009232       0.44979136045897861     
   279.00000000000000       0.26288659614366044       0.46479689106891026     
   280.00000000000000       0.26335729767750882       0.47940771822686190     
   281.00000000000000       0.26382715942070861       0.49360489259898971     
   282.00000000000000       0.26429618585216091       0.50737129861945851     
   283.00000000000000       0.26476438141109537       0.52069158061119725     
   284.00000000000000       0.26523175049756015       0.53355207023793472     
   285.00000000000000       0.26569829747290441       0.54594071532856869     
   286.00000000000000       0.26616402666025324       0.55784701010965132     
   287.00000000000000       0.26662894234497497       0.56926192687790733     
   288.00000000000000       0.26709304877514128       0.58017784913976767     
   289.00000000000000       0.26755635016197993       0.59058850624128434     
   290.00000000000000       0.26801885068032061       0.60048890950802847     
   291.00000000000000       0.26848055446903413       0.60987528991035811     
   292.00000000000000       0.26894146563146415       0.61874503726673435     
   293.00000000000000       0.26940158823585286       0.62709664099392337     
   294.00000000000000       0.26986092631575992       0.63492963241028644     
   295.00000000000000       0.27031948387047500       0.64224452859512682     
   296.00000000000000       0.27077726486542403       0.64904277780460429     
   297.00000000000000       0.27123427323256921       0.65532670644205160     
   298.00000000000000       0.27169051287080304       0.66109946757820726     
   299.00000000000000       0.27214598764633663       0.66636499101446123     
   300.00000000000000       0.27260070139308151       0.67112793488063027     
   301.00000000000000       0.27305465791302663       0.67539363875582259     
   302.00000000000000       0.27350786097660890       0.67916807830061543     
   303.00000000000000       0.27396031432307855       0.68245782138552058     
   304.00000000000000       0.27441202166085943       0.68526998570037800     
   305.00000000000000       0.27486298666790332       0.68761219782720484     
   306.00000000000000       0.27531321299203931       0.68949255375781782     
   307.00000000000000       0.27576270425131821       0.69091958083689176     
   308.00000000000000       0.27621146403435176       0.69190220110883394     
   309.00000000000000       0.27665949590064681       0.69244969604728301     
   310.00000000000000       0.27710680338093469       0.69257167264391162     
   311.00000000000000       0.27755338997749601       0.69227803083315897     
   312.00000000000000       0.27799925916448048       0.69157893222845612     
   313.00000000000000       0.27844441438822215       0.69048477014496767     
   314.00000000000000       0.27888885906755045       0.68900614088328083     
   315.00000000000000       0.27933259659409604       0.68715381624786243     
   316.00000000000000       0.27977563033259345       0.68493871727403510     
   317.00000000000000       0.28021796362117829       0.68237188913640623     
   318.00000000000000       0.28065959977168070       0.67946447721166481     
   319.00000000000000       0.28110054206991492       0.67622770426849388     
   320.00000000000000       0.28154079377596419       0.67267284875702904     
   321.00000000000000       0.28198035812446226       0.66881122416996353     
   322.00000000000000       0.28241923832487054       0.66465415944798167     
   323.00000000000000       0.28285743756175125       0.66021298040149268     
   324.00000000000000       0.28329495899503754       0.65549899212092155     
   325.00000000000000       0.28373180576029894       0.65052346234811476     
   326.00000000000000       0.28416798096900364       0.64529760578107542     
   327.00000000000000       0.28460348770877703       0.63983256928474896     
   328.00000000000000       0.28503832904365689       0.63413941798054807     
   329.00000000000000       0.28547250801434454       0.62822912218763005     
   330.00000000000000       0.28590602763845324       0.62211254518909531     
   331.00000000000000       0.28633889091075282       0.61580043179657296     
   332.00000000000000       0.28677110080341078       0.60930339768696962     
   333.00000000000000       0.28720266026623081       0.60263191948546957     
   334.00000000000000       0.28763357222688729       0.59579632556908457     
   335.00000000000000       0.28806383959115733       0.58880678756563831     
   336.00000000000000       0.28849346524314895       0.58167331252330012     
   337.00000000000000       0.28892245204552724       0.57440573572605491     
   338.00000000000000       0.28935080283973641       0.56701371413115376     
   339.00000000000000       0.28977852044621943       0.55950672040490679     
   340.00000000000000       0.29020560766463493       0.55189403753345867     
   341.00000000000000       0.29063206727407076       0.54418475398584032     
   342.00000000000000       0.29105790203325521       0.53638775940693340     
   343.00000000000000       0.29148311468076504       0.52851174081843422     
   344.00000000000000       0.29190770793523080       0.52056517930640367     
   345.00000000000000       0.29233168449554009       0.51255634717443455     
   346.00000000000000       0.29275504704103739       0.50449330554192517     
   347.00000000000000       0.29317779823172146       0.49638390236751934     
   348.00000000000000       0.29359994070844087       0.48823577087800035     
   349.00000000000000       0.29402147709308585       0.48005632838386064     
   350.00000000000000       0.29444240998877863       0.47185277546266569     
   351.00000000000000       0.29486274198006096       0.46363209549235307     
   352.00000000000000       0.29528247563307919       0.45540105451669849     
   353.00000000000000       0.29570161349576707       0.44716620142597263     
   354.00000000000000       0.29612015809802611       0.43893386843590088     
   355.00000000000000       0.29653811195190405       0.43071017184898525     
   356.00000000000000       0.29695547755177037       0.42250101308238069     
   357.00000000000000       0.29737225737449013       0.41431207994697455     
   358.00000000000000       0.29778845387959552       0.40614884816310975     
   359.00000000000000       0.29820406950945522       0.39801658309840721     
   360.00000000000000       0.29861910668944142       0.38992034171403633     
   361.00000000000000       0.29903356782809520       0.38186497470584235     
   362.00000000000000       0.29944745531728933       0.37385512882742472     
   363.00000000000000       0.29986077153238966       0.36589524938272083     
   364.00000000000000       0.30027351883241388       0.35798958287579702     
   365.00000000000000       0.30068569956018859       0.35014217980637213     
   366.00000000000000       0.30109731604250478       0.34235689759965848     
   367.00000000000000       0.30150837059027069       0.33463740365975697     
   368.00000000000000       0.30191886549866337       0.32698717853616466     
   369.00000000000000       0.30232880304727833       0.31940951919323374     
   370.00000000000000       0.30273818550027681       0.31190754237306573     
   371.00000000000000       0.30314701510653208       0.30448418804247351     
   372.00000000000000       0.30355529409977350       0.29714222291508946     
   373.00000000000000       0.30396302469872877       0.28988424404015017     
   374.00000000000000       0.30437020910726464       0.28271268244965547     
   375.00000000000000       0.30477684951452594       0.27562980685623484     
   376.00000000000000       0.30518294809507296       0.26863772739398312     
   377.00000000000000       0.30558850700901691       0.26173839939535554     
   378.00000000000000       0.30599352840215427       0.25493362719708745     
   379.00000000000000       0.30639801440609893       0.24822506796870941     
   380.00000000000000       0.30680196713841323       0.24161423555744274     
   381.00000000000000       0.30720538870273745       0.23510250434345908     
   382.00000000000000       0.30760828118891731       0.22869111310006468     
   383.00000000000000       0.30801064667313044       0.22238116885326939     
   384.00000000000000       0.30841248721801134       0.21617365073579603     
   385.00000000000000       0.30881380487277443       0.21006941383074310     
   386.00000000000000       0.30921460167333625       0.20406919300028556     
   387.00000000000000       0.30961487964243578       0.19817360669516906     
   388.00000000000000       0.31001464078975366       0.19238316074100223     
   389.00000000000000       0.31041388711202983       0.18669825209749261     
   390.00000000000000       0.31081262059317988       0.18111917258707519     
   391.00000000000000       0.31121084320441023       0.17564611258954801     
   392.00000000000000       0.31160855690433148       0.17027916469968413     
   393.00000000000000       0.31200576363907123       0.16501832734476840     
   394.00000000000000       0.31240246534238492       0.15986350835942323     
   395.00000000000000       0.31279866393576555       0.15481452851513386     
   396.00000000000000       0.31319436132855266       0.14987112500219643     
   397.00000000000000       0.31358955941803929       0.14503295486184756     
   398.00000000000000       0.31398426008957836       0.14029959836664477     
   399.00000000000000       0.31437846521668750       0.13567056234723546     
   400.00000000000000       0.31477217666115281       0.13114528346388543     
   401.00000000000000       0.31516539627313145       0.12672313142123418     
   402.00000000000000       0.31555812589125320       0.12240341212492406     
   403.00000000000000       0.31595036734272047       0.11818537077888565     
   404.00000000000000       0.31634212244340776       0.11406819492219820     
   405.00000000000000       0.31673339299795972       0.11005101740458371     
   406.00000000000000       0.31712418079988791       0.10613291929970541     
   407.00000000000000       0.31751448763166701       0.10231293275554190     
   408.00000000000000       0.31790431526482932        9.8590043781292241E-002
   409.00000000000000       0.31829366546005905        9.4963194970293430E-002
   410.00000000000000       0.31868253996728468        9.1431288158595761E-002
   411.00000000000000       0.31907094052577084        8.7993187018895885E-002
   412.00000000000000       0.31945886886420921        8.4647719589684464E-002
   413.00000000000000       0.31984632670080798        8.1393680739471425E-002
   414.00000000000000       0.32023331574338110        7.8229834566099943E-002
   415.00000000000000       0.32061983768943553        7.5154916731257751E-002
   416.00000000000000       0.32100589422625869        7.2167636730253948E-002
   417.00000000000000       0.32139148703100401        6.9266680097401861E-002
   418.00000000000000       0.32177661777077587        6.6450710547176078E-002
   419.00000000000000       0.32216128810271416        6.3718372051598984E-002
   420.00000000000000       0.32254549967407703        6.1068290854233188E-002
   421.00000000000000       0.32292925412232321        5.8499077421260863E-002
   422.00000000000000       0.32331255307519380        5.6009328330168071E-002
   423.00000000000000       0.32369539815079240        5.3597628096666357E-002
   424.00000000000000       0.32407779095766498        5.1262550940404647E-002
   425.00000000000000       0.32445973309487880        4.9002662490216328E-002
   426.00000000000000       0.32484122615210032        4.6816521429558139E-002
   427.00000000000000       0.32522227170967244        4.4702681082938761E-002
   428.00000000000000       0.32560287133869076        4.2659690944094518E-002
   429.00000000000000       0.32598302660107936        4.0686098146740825E-002
   430.00000000000000       0.32636273904966540        3.8780448878756417E-002
   431.00000000000000       0.32674201022825333        3.6941289740668556E-002
   432.00000000000000       0.32712084167169780        3.5167169049343944E-002
   433.00000000000000       0.32749923490597654        3.3456638087817819E-002
   434.00000000000000       0.32787719144826161        3.1808252302187284E-002
   435.00000000000000       0.32825471280699076        3.0220572446561299E-002
   436.00000000000000       0.32863180048193752        2.8692165677012507E-002
   437.00000000000000       0.32900845596428063        2.7221606595559663E-002
   438.00000000000000       0.32938468073667299        2.5807478245150863E-002
   439.00000000000000       0.32976047627330962        2.4448373056702409E-002
   440.00000000000000       0.33013584403999513        2.3142893749175785E-002
   441.00000000000000       0.33051078549421048        2.1889654183762076E-002
   442.00000000000000       0.33088530208517875        2.0687280173190138E-002
   443.00000000000000       0.33125939525393089        1.9534410247201445E-002
   444.00000000000000       0.33163306643336998        1.8429696375243630E-002
   445.00000000000000       0.33200631704833566        1.7371804647416340E-002
   446.00000000000000       0.33237914851566730        1.6359415914725436E-002
   447.00000000000000       0.33275156224426655        1.5391226389679290E-002
   448.00000000000000       0.33312355963515999        1.4465948208268039E-002
   449.00000000000000       0.33349514208156017        1.3582309954372226E-002
   450.00000000000000       0.33386631096892661        1.2739057147620622E-002
   451.00000000000000       0.33423706767502614        1.1934952695732958E-002
   452.00000000000000       0.33460741356999246        1.1168777312358194E-002
   453.00000000000000       0.33497735001638546        1.0439329901427223E-002
   454.00000000000000       0.33534687836924920        9.7454279090274949E-003
   455.00000000000000       0.33571599997617035        9.0859076437787411E-003
   456.00000000000000       0.33608471617733526        8.4596245667117233E-003
   457.00000000000000       0.33645302830558682        7.8654535516147414E-003
   458.00000000000000       0.33682093768648053        7.3022891168150967E-003
   459.00000000000000       0.33718844563834033        6.7690456293414717E-003
   460.00000000000000       0.33755555347231364        6.2646574824147183E-003
   461.00000000000000       0.33792226249242591        5.7880792471885229E-003
   462.00000000000000       0.33828857399563467        5.3382857996522272E-003
   463.00000000000000       0.33865448927188313        4.9142724235996969E-003
   464.00000000000000       0.33902000960415302        4.5150548905474467E-003
   465.00000000000000       0.33938513626851718        4.1396695174722815E-003
   466.00000000000000       0.33974987053419164        3.7871732032300769E-003
   467.00000000000000       0.34011421366358685        3.4566434444914633E-003
   468.00000000000000       0.34047816691235872        3.1471783320255230E-003
   469.00000000000000       0.34084173152945929        2.8578965281431455E-003
   470.00000000000000       0.34120490875718656        2.5879372260903767E-003
   471.00000000000000       0.34156769983123403        2.3364600921788299E-003
   472.00000000000000       0.34193010598073986        2.1026451914140107E-003
   473.00000000000000       0.34229212842833534        1.8856928973675030E-003
   474.00000000000000       0.34265376839019296        1.6848237870311538E-003
   475.00000000000000       0.34301502707607429        1.4992785213633461E-003
   476.00000000000000       0.34337590568937709        1.3283177122294270E-003
   477.00000000000000       0.34373640542718198        1.1712217764224789E-003
   478.00000000000000       0.34409652748029873        1.0272907774275181E-003
   479.00000000000000       0.34445627303331261        8.9584425558285222E-004
   480.00000000000000       0.34481564326462916        7.7622104727466921E-004
   481.00000000000000       0.34517463934651976        6.6777909378050036E-004
   482.00000000000000       0.34553326244516608        5.6989524036882191E-004
   483.00000000000000       0.34589151372070404        4.8196502623892325E-004
   484.00000000000000       0.34624939432726809        4.0340246587244671E-004
   485.00000000000000       0.34660690541303413        3.3363982235389965E-004
   486.00000000000000       0.34696404812026271        2.7212737319878659E-004
   487.00000000000000       0.34732082358534161        2.1833316921261226E-004
   488.00000000000000       0.34767723293882791        1.7174278689295705E-004
   489.00000000000000       0.34803327730548989        1.3185907486484632E-004
   490.00000000000000       0.34838895780434831        9.8201894830958087E-005
   491.00000000000000       0.34874427554871779        7.0307857499256676E-005
   492.00000000000000       0.34909923164624695        4.7730053937767751E-005
   493.00000000000000       0.34945382719895912        3.0037782791003872E-005
   494.00000000000000       0.34980806330329206        1.6816273779223779E-005
   495.00000000000000       0.35016194105013754        7.6664078859484945E-006
   496.00000000000000       0.35051546152488050        2.2044346271620759E-006
   497.00000000000000       0.35086862580743811        6.1686780554625697E-008
   498.00000000000000       0.35122143497229780        8.8429294031290060E-007
   499.00000000000000       0.35157389008855594        4.3328882496740058E-006
   500.00000000000000       0.35192599221995524        1.0082323650367567E-005
   501.00000000000000       0.35227774242492244        1.7821373975338199E-005
   502.00000000000000       0.35262914175660526        2.7252445198582992E-005
   503.00000000000000       0.35298019126290925        3.8091281143553321E-005
   504.00000000000000       0.35333089198653433        5.0066669939737825E-005
   505.00000000000000       0.35368124496501085        6.2920150504812769E-005
   506.00000000000000       0.35403125123073526        7.6405719318556093E-005
   507.00000000000000       0.35438091181100601        9.0289537743137903E-005
   508.00000000000000       0.35473022772805818        1.0434964013310095E-004
   509.00000000000000       0.35507919999909876        1.1837564296821099E-004
   510.00000000000000       0.35542782963634123        1.3216845523067631E-004
   511.00000000000000       0.35577611764703937        1.4553999023873401E-004
   512.00000000000000       0.35612406503352173        1.5831287913799618E-004
   513.00000000000000       0.35647167279322489        1.7032018624226083E-004
   514.00000000000000       0.35681894191872715        1.8140512640558342E-004
   515.00000000000000       0.35716587339778139        1.9142078459830121E-004
   516.00000000000000       0.35751246821334776        2.0022983785051912E-004
   517.00000000000000       0.35785872734362650        2.0770427971689731E-004
   518.00000000000000       0.35820465176208977        2.1372514740920328E-004
   519.00000000000000       0.35855024243751388        2.1818225173335015E-004
   520.00000000000000       0.35889550033401085        2.2097390996007063E-004
   521.00000000000000       0.35924042641105974        2.2200668175034562E-004
   522.00000000000000       0.35958502162353762        2.2119510824862798E-004
   523.00000000000000       0.35992928692175075        2.1846145444944802E-004
   524.00000000000000       0.36027322325146505        2.1373545493610864E-004
   525.00000000000000       0.36061683155393620        2.0695406308217598E-004
   526.00000000000000       0.36096011276593987        1.9806120380045042E-004
   527.00000000000000       0.36130306781980137        1.8700752991686120E-004
   528.00000000000000       0.36164569764342558        1.7375018224046273E-004
   529.00000000000000       0.36198800316032576        1.5825255339443396E-004
   530.00000000000000       0.36232998528965277        1.4048405546713885E-004
   531.00000000000000       0.36267164494622400        1.2041989153566315E-004
   532.00000000000000       0.36301298304055185        9.8040831109890426E-005
   533.00000000000000       0.36335400047887184        7.3332989538395704E-005
   534.00000000000000       0.36369469816317090        4.6287611413113016E-005
   535.00000000000000       0.36403507699121523        1.6900858004083750E-005
   536.00000000000000       0.36437513785657771        0.0000000000000000     
   537.00000000000000       0.36471488164866539        0.0000000000000000     
   538.00000000000000       0.36505430925274662        0.0000000000000000     
   539.00000000000000       0.36539342154997811        0.0000000000000000     
   540.00000000000000       0.36573221941743111        0.0000000000000000     
   541.00000000000000       0.36607070372811856        0.0000000000000000     
   542.00000000000000       0.36640887535102096        0.0000000000000000     
   543.00000000000000       0.36674673515111217        0.0000000000000000     
   544.00000000000000       0.36708428398938575        0.0000000000000000     
   545.00000000000000       0.36742152272288026        0.0000000000000000     
   546.00000000000000       0.36775845220470460        0.0000000000000000     
   547.00000000000000       0.36809507328406338        0.0000000000000000     
   548.00000000000000       0.36843138680628174        0.0000000000000000     
   549.00000000000000       0.36876739361283012        0.0000000000000000     
   550.00000000000000       0.36910309454134899        0.0000000000000000     
   551.00000000000000       0.36943849042567289        0.0000000000000000     
   552.00000000000000       0.36977358209585498        0.0000000000000000     
   553.00000000000000       0.37010837037819072        0.0000000000000000     
   554.00000000000000       0.37044285609524175        0.0000000000000000     
   555.00000000000000       0.37077704006585954        0.0000000000000000     
   556.00000000000000       0.37111092310520855        0.0000000000000000     
   557.00000000000000       0.37144450602478962        0.0000000000000000     
   558.00000000000000       0.37177778963246316        0.0000000000000000     
   559.00000000000000       0.37211077473247134        0.0000000000000000     
   560.00000000000000       0.37244346212546142        0.0000000000000000     
   561.00000000000000       0.37277585260850787        0.0000000000000000     
   562.00000000000000       0.37310794697513483        0.0000000000000000     
   563.00000000000000       0.37343974601533780        0.0000000000000000     
   564.00000000000000       0.37377125051560611        0.0000000000000000     
   565.00000000000000       0.37410246125894442        0.0000000000000000     
   566.00000000000000       0.37443337902489410        0.0000000000000000     
   567.00000000000000       0.37476400458955500        0.0000000000000000     
   568.00000000000000       0.37509433872560649        0.0000000000000000     
   569.00000000000000       0.37542438220232849        0.0000000000000000     
   570.00000000000000       0.37575413578562245        0.0000000000000000     
   571.00000000000000       0.37608360023803222        0.0000000000000000     
   572.00000000000000       0.37641277631876419        0.0000000000000000     
   573.00000000000000       0.37674166478370824        0.0000000000000000     
   574.00000000000000       0.37707026638545765        0.0000000000000000     
   575.00000000000000       0.37739858187332925        0.0000000000000000     
   576.00000000000000       0.37772661199338342        0.0000000000000000     
   577.00000000000000       0.37805435748844374        0.0000000000000000     
   578.00000000000000       0.37838181909811686        0.0000000000000000     
   579.00000000000000       0.37870899755881166        0.0000000000000000     
   580.00000000000000       0.37903589360375883        0.0000000000000000     
   581.00000000000000       0.37936250796303000        0.0000000000000000     
   582.00000000000000       0.37968884136355652        0.0000000000000000     
   583.00000000000000       0.38001489452914866        0.0000000000000000     
   584.00000000000000       0.38034066818051421        0.0000000000000000     
   585.00000000000000       0.38066616303527689        0.0000000000000000     
   586.00000000000000       0.38099137980799513        0.0000000000000000     
   587.00000000000000       0.38131631921018011        0.0000000000000000     
   588.00000000000000       0.38164098195031415        0.0000000000000000     
   589.00000000000000       0.38196536873386833        0.0000000000000000     
   590.00000000000000       0.38228948026332082        0.0000000000000000     
   591.00000000000000       0.38261331723817454        0.0000000000000000     
   592.00000000000000       0.38293688035497442        0.0000000000000000     
   593.00000000000000       0.38326017030732529        0.0000000000000000     
   594.00000000000000       0.38358318778590911        0.0000000000000000     
   595.00000000000000       0.38390593347850199        0.0000000000000000     
   596.00000000000000       0.38422840806999159        0.0000000000000000     
   597.00000000000000       0.38455061224239390        0.0000000000000000     
   598.00000000000000       0.38487254667487003        0.0000000000000000     
   599.00000000000000       0.38519421204374293        0.0000000000000000     
   600.00000000000000       0.38551560902251414        0.0000000000000000     
   601.00000000000000       0.38583673828188009        0.0000000000000000     
   602.00000000000000       0.38615760048974823        0.0000000000000000     
   603.00000000000000       0.38647819631125374        0.0000000000000000     
   604.00000000000000       0.38679852640877527        0.0000000000000000     
   605.00000000000000       0.38711859144195077        0.0000000000000000     
   606.00000000000000       0.38743839206769376        0.0000000000000000     
   607.00000000000000       0.38775792894020877        0.0000000000000000     
   608.00000000000000       0.38807720271100699        0.0000000000000000     
   609.00000000000000       0.38839621402892172        0.0000000000000000     
   610.00000000000000       0.38871496354012408        0.0000000000000000     
   611.00000000000000       0.38903345188813776        0.0000000000000000     
   612.00000000000000       0.38935167971385459        0.0000000000000000     
   613.00000000000000       0.38966964765554934        0.0000000000000000     
   614.00000000000000       0.38998735634889498        0.0000000000000000     
   615.00000000000000       0.39030480642697701        0.0000000000000000     
   616.00000000000000       0.39062199852030860        0.0000000000000000     
   617.00000000000000       0.39093893325684509        0.0000000000000000     
   618.00000000000000       0.39125561126199843        0.0000000000000000     
   619.00000000000000       0.39157203315865141        0.0000000000000000     
   620.00000000000000       0.39188819956717252        0.0000000000000000     
   621.00000000000000       0.39220411110542941        0.0000000000000000     
   622.00000000000000       0.39251976838880359        0.0000000000000000     
   623.00000000000000       0.39283517203020402        0.0000000000000000     
   624.00000000000000       0.39315032264008126        0.0000000000000000     
   625.00000000000000       0.39346522082644103        0.0000000000000000     
   626.00000000000000       0.39377986719485797        0.0000000000000000     
   627.00000000000000       0.39409426234848943        0.0000000000000000     
   628.00000000000000       0.39440840688808854        0.0000000000000000     
   629.00000000000000       0.39472230141201803        0.0000000000000000     
   630.00000000000000       0.39503594651626328        0.0000000000000000     
   631.00000000000000       0.39534934279444556        0.0000000000000000     
   632.00000000000000       0.39566249083783517        0.0000000000000000     
   633.00000000000000       0.39597539123536452        0.0000000000000000     
   634.00000000000000       0.39628804457364092        0.0000000000000000     
   635.00000000000000       0.39660045143695943        0.0000000000000000     
   636.00000000000000       0.39691261240731568        0.0000000000000000     
   637.00000000000000       0.39722452806441849        0.0000000000000000     
   638.00000000000000       0.39753619898570242        0.0000000000000000     
   639.00000000000000       0.39784762574634019        0.0000000000000000     
   640.00000000000000       0.39815880891925526        0.0000000000000000     
   641.00000000000000       0.39846974907513366        0.0000000000000000     
   642.00000000000000       0.39878044678243690        0.0000000000000000     
   643.00000000000000       0.39909090260741348        0.0000000000000000     
   644.00000000000000       0.39940111711411125        0.0000000000000000     
   645.00000000000000       0.39971109086438922        0.0000000000000000     
   646.00000000000000       0.40002082441792952        0.0000000000000000     
   647.00000000000000       0.40033031833224925        0.0000000000000000     
   648.00000000000000       0.40063957316271193        0.0000000000000000     
   649.00000000000000       0.40094858946253942        0.0000000000000000     
   650.00000000000000       0.40125736778282339        0.0000000000000000     
   651.00000000000000       0.40156590867253655        0.0000000000000000     
   652.00000000000000       0.40187421267854451        0.0000000000000000     
   653.00000000000000       0.40218228034561643        0.0000000000000000     
   654.00000000000000       0.40249011221643693        0.0000000000000000     
   655.00000000000000       0.40279770883161686        0.0000000000000000     
   656.00000000000000       0.40310507072970442        0.0000000000000000     
   657.00000000000000       0.40341219844719617        0.0000000000000000     
   658.00000000000000       0.40371909251854809        0.0000000000000000     
   659.00000000000000       0.40402575347618619        0.0000000000000000     
   660.00000000000000       0.40433218185051756        0.0000000000000000     
   661.00000000000000       0.40463837816994080        0.0000000000000000     
   662.00000000000000       0.40494434296085680        0.0000000000000000     
   663.00000000000000       0.40525007674767938        0.0000000000000000     
   664.00000000000000       0.40555558005284553        0.0000000000000000     
   665.00000000000000       0.40586085339682615        0.0000000000000000     
   666.00000000000000       0.40616589729813607        0.0000000000000000     
   667.00000000000000       0.40647071227334447        0.0000000000000000     
   668.00000000000000       0.40677529883708524        0.0000000000000000     
   669.00000000000000       0.40707965750206676        0.0000000000000000     
   670.00000000000000       0.40738378877908238        0.0000000000000000     
   671.00000000000000       0.40768769317702003        0.0000000000000000     
   672.00000000000000       0.40799137120287238        0.0000000000000000     
   673.00000000000000       0.40829482336174677        0.0000000000000000     
   674.00000000000000       0.40859805015687484        0.0000000000000000     
   675.00000000000000       0.40890105208962224        0.0000000000000000     
   676.00000000000000       0.40920382965949864        0.0000000000000000     
   677.00000000000000       0.40950638336416684        0.0000000000000000     
   678.00000000000000       0.40980871369945271        0.0000000000000000     
   679.00000000000000       0.41011082115935449        0.0000000000000000     
   680.00000000000000       0.41041270623605214        0.0000000000000000     
   681.00000000000000       0.41071436941991696        0.0000000000000000     
   682.00000000000000       0.41101581119952063        0.0000000000000000     
   683.00000000000000       0.41131703206164466        0.0000000000000000     
   684.00000000000000       0.41161803249128920        0.0000000000000000     
   685.00000000000000       0.41191881297168254        0.0000000000000000     
   686.00000000000000       0.41221937398429009        0.0000000000000000     
   687.00000000000000       0.41251971600882303        0.0000000000000000     
   688.00000000000000       0.41281983952324769        0.0000000000000000     
   689.00000000000000       0.41311974500379428        0.0000000000000000     
   690.00000000000000       0.41341943292496547        0.0000000000000000     
   691.00000000000000       0.41371890375954540        0.0000000000000000     
   692.00000000000000       0.41401815797860847        0.0000000000000000     
   693.00000000000000       0.41431719605152767        0.0000000000000000     
   694.00000000000000       0.41461601844598334        0.0000000000000000     
   695.00000000000000       0.41491462562797182        0.0000000000000000     
   696.00000000000000       0.41521301806181365        0.0000000000000000     
   697.00000000000000       0.41551119621016230        0.0000000000000000     
   698.00000000000000       0.41580916053401229        0.0000000000000000     
   699.00000000000000       0.41610691149270762        0.0000000000000000     
   700.00000000000000       0.41640444954395001        0.0000000000000000     
   701.00000000000000       0.41670177514380713        0.0000000000000000     
   702.00000000000000       0.41699888874672075        0.0000000000000000     
   703.00000000000000       0.41729579080551488        0.0000000000000000     
   704.00000000000000       0.41759248177140357        0.0000000000000000     
   705.00000000000000       0.41788896209399928        0.0000000000000000     
   706.00000000000000       0.41818523222132081        0.0000000000000000     
   707.00000000000000       0.41848129259980071        0.0000000000000000     
   708.00000000000000       0.41877714367429364        0.0000000000000000     
   709.00000000000000       0.41907278588808411        0.0000000000000000     
   710.00000000000000       0.41936821968289395        0.0000000000000000     
   711.00000000000000       0.41966344549889018        0.0000000000000000     
   712.00000000000000       0.41995846377469287        0.0000000000000000     
   713.00000000000000       0.42025327494738218        0.0000000000000000     
   714.00000000000000       0.42054787945250655        0.0000000000000000     
   715.00000000000000       0.42084227772408989        0.0000000000000000     
   716.00000000000000       0.42113647019463890        0.0000000000000000     
   717.00000000000000       0.42143045729515088        0.0000000000000000     
   718.00000000000000       0.42172423945512072        0.0000000000000000     
   719.00000000000000       0.42201781710254838        0.0000000000000000     
   720.00000000000000       0.42231119066394629        0.0000000000000000     
   721.00000000000000       0.42260436056434630        0.0000000000000000     
   722.00000000000000       0.42289732722730705        0.0000000000000000     
   723.00000000000000       0.42319009107492106        0.0000000000000000     
   724.00000000000000       0.42348265252782197        0.0000000000000000     
   725.00000000000000       0.42377501200519130        0.0000000000000000     
   726.00000000000000       0.42406716992476556        0.0000000000000000     
   727.00000000000000       0.42435912670284348        0.0000000000000000     
   728.00000000000000       0.42465088275429264        0.0000000000000000     
   729.00000000000000       0.42494243849255631        0.0000000000000000     
   730.00000000000000       0.42523379432966052        0.0000000000000000     
   731.00000000000000       0.42552495067622065        0.0000000000000000     
   732.00000000000000       0.42581590794144836        0.0000000000000000     
   733.00000000000000       0.42610666653315810        0.0000000000000000     
   734.00000000000000       0.42639722685777398        0.0000000000000000     
   735.00000000000000       0.42668758932033635        0.0000000000000000     
   736.00000000000000       0.42697775432450807        0.0000000000000000     
   737.00000000000000       0.42726772227258164        0.0000000000000000     
   738.00000000000000       0.42755749356548534        0.0000000000000000     
   739.00000000000000       0.42784706860278943        0.0000000000000000     
   740.00000000000000       0.42813644778271331        0.0000000000000000     
   741.00000000000000       0.42842563150213131        0.0000000000000000     
   742.00000000000000       0.42871462015657924        0.0000000000000000     
   743.00000000000000       0.42900341414026066        0.0000000000000000     
   744.00000000000000       0.42929201384605326        0.0000000000000000     
   745.00000000000000       0.42958041966551502        0.0000000000000000     
   746.00000000000000       0.42986863198889030        0.0000000000000000     
   747.00000000000000       0.43015665120511620        0.0000000000000000     
   748.00000000000000       0.43044447770182859        0.0000000000000000     
   749.00000000000000       0.43073211186536814        0.0000000000000000     
   750.00000000000000       0.43101955408078646        0.0000000000000000     
   751.00000000000000       0.43130680473185212        0.0000000000000000     
   752.00000000000000       0.43159386420105650        0.0000000000000000     
   753.00000000000000       0.43188073286961992        0.0000000000000000     
   754.00000000000000       0.43216741111749735        0.0000000000000000     
   755.00000000000000       0.43245389932338457        0.0000000000000000     
   756.00000000000000       0.43274019786472345        0.0000000000000000     
   757.00000000000000       0.43302630711770851        0.0000000000000000     
   758.00000000000000       0.43331222745729203        0.0000000000000000     
   759.00000000000000       0.43359795925719025        0.0000000000000000     
   760.00000000000000       0.43388350288988864        0.0000000000000000     
   761.00000000000000       0.43416885872664795        0.0000000000000000     
   762.00000000000000       0.43445402713750969        0.0000000000000000     
   763.00000000000000       0.43473900849130159        0.0000000000000000     
   764.00000000000000       0.43502380315564343        0.0000000000000000     
   765.00000000000000       0.43530841149695237        0.0000000000000000     
   766.00000000000000       0.43559283388044850        0.0000000000000000     
   767.00000000000000       0.43587707067016040        0.0000000000000000     
   768.00000000000000       0.43616112222893044        0.0000000000000000     
   769.00000000000000       0.43644498891842026        0.0000000000000000     
   770.00000000000000       0.43672867109911617        0.0000000000000000     
   771.00000000000000       0.43701216913033442        0.0000000000000000     
   772.00000000000000       0.43729548337022645        0.0000000000000000     
   773.00000000000000       0.43757861417578442        0.0000000000000000     
   774.00000000000000       0.43786156190284620        0.0000000000000000     
   775.00000000000000       0.43814432690610067        0.0000000000000000     
   776.00000000000000       0.43842690953909297        0.0000000000000000     
   777.00000000000000       0.43870931015422959        0.0000000000000000     
   778.00000000000000       0.43899152910278350        0.0000000000000000     
   779.00000000000000       0.43927356673489926        0.0000000000000000     
   780.00000000000000       0.43955542339959813        0.0000000000000000     
   781.00000000000000       0.43983709944478311        0.0000000000000000     
   782.00000000000000       0.44011859521724367        0.0000000000000000     
   783.00000000000000       0.44039991106266130        0.0000000000000000     
   784.00000000000000       0.44068104732561397        0.0000000000000000     
   785.00000000000000       0.44096200434958110        0.0000000000000000     
   786.00000000000000       0.44124278247694881        0.0000000000000000     
   787.00000000000000       0.44152338204901448        0.0000000000000000     
   788.00000000000000       0.44180380340599151        0.0000000000000000     
   789.00000000000000       0.44208404688701447        0.0000000000000000     
   790.00000000000000       0.44236411283014360        0.0000000000000000     
   791.00000000000000       0.44264400157236966        0.0000000000000000     
   792.00000000000000       0.44292371344961878        0.0000000000000000     
   793.00000000000000       0.44320324879675688        0.0000000000000000     
   794.00000000000000       0.44348260794759470        0.0000000000000000     
   795.00000000000000       0.44376179123489212        0.0000000000000000     
   796.00000000000000       0.44404079899036303        0.0000000000000000     
   797.00000000000000       0.44431963154467979        0.0000000000000000     
   798.00000000000000       0.44459828922747779        0.0000000000000000     
   799.00000000000000       0.44487677236736017        0.0000000000000000     
   800.00000000000000       0.44515508129190218        0.0000000000000000     
   801.00000000000000       0.44543321632765559        0.0000000000000000     
   802.00000000000000       0.44571117780015346        0.0000000000000000     
   803.00000000000000       0.44598896603391430        0.0000000000000000     
   804.00000000000000       0.44626658135244679        0.0000000000000000     
   805.00000000000000       0.44654402407825367        0.0000000000000000     
   806.00000000000000       0.44682129453283670        0.0000000000000000     
   807.00000000000000       0.44709839303670063        0.0000000000000000     
   808.00000000000000       0.44737531990935753        0.0000000000000000     
   809.00000000000000       0.44765207546933145        0.0000000000000000     
   810.00000000000000       0.44792866003416215        0.0000000000000000     
   811.00000000000000       0.44820507392040976        0.0000000000000000     
   812.00000000000000       0.44848131744365893        0.0000000000000000     
   813.00000000000000       0.44875739091852290        0.0000000000000000     
   814.00000000000000       0.44903329465864777        0.0000000000000000     
   815.00000000000000       0.44930902897671665        0.0000000000000000     
   816.00000000000000       0.44958459418445379        0.0000000000000000     
   817.00000000000000       0.44985999059262871        0.0000000000000000     
   818.00000000000000       0.45013521851106031        0.0000000000000000     
   819.00000000000000       0.45041027824862079        0.0000000000000000     
   820.00000000000000       0.45068517011323994        0.0000000000000000     
   821.00000000000000       0.45095989441190887        0.0000000000000000     
   822.00000000000000       0.45123445145068430        0.0000000000000000     
   823.00000000000000       0.45150884153469245        0.0000000000000000     
   824.00000000000000       0.45178306496813270        0.0000000000000000     
   825.00000000000000       0.45205712205428200        0.0000000000000000     
   826.00000000000000       0.45233101309549845        0.0000000000000000     
   827.00000000000000       0.45260473839322540        0.0000000000000000     
   828.00000000000000       0.45287829824799508        0.0000000000000000     
   829.00000000000000       0.45315169295943269        0.0000000000000000     
   830.00000000000000       0.45342492282626018        0.0000000000000000     
   831.00000000000000       0.45369798814629980        0.0000000000000000     
   832.00000000000000       0.45397088921647827        0.0000000000000000     
   833.00000000000000       0.45424362633283039        0.0000000000000000     
   834.00000000000000       0.45451619979050251        0.0000000000000000     
   835.00000000000000       0.45478860988375686        0.0000000000000000     
   836.00000000000000       0.45506085690597475        0.0000000000000000     
   837.00000000000000       0.45533294114966028        0.0000000000000000     
   838.00000000000000       0.45560486290644436        0.0000000000000000     
   839.00000000000000       0.45587662246708810        0.0000000000000000     
   840.00000000000000       0.45614822012148643        0.0000000000000000     
   841.00000000000000       0.45641965615867158        0.0000000000000000     
   842.00000000000000       0.45669093086681717        0.0000000000000000     
   843.00000000000000       0.45696204453324130        0.0000000000000000     
   844.00000000000000       0.45723299744441015        0.0000000000000000     
   845.00000000000000       0.45750378988594181        0.0000000000000000     
   846.00000000000000       0.45777442214260944        0.0000000000000000     
   847.00000000000000       0.45804489449834501        0.0000000000000000     
   848.00000000000000       0.45831520723624258        0.0000000000000000     
   849.00000000000000       0.45858536063856203        0.0000000000000000     
   850.00000000000000       0.45885535498673219        0.0000000000000000     
   851.00000000000000       0.45912519056135442        0.0000000000000000     
   852.00000000000000       0.45939486764220600        0.0000000000000000     
   853.00000000000000       0.45966438650824365        0.0000000000000000     
   854.00000000000000       0.45993374743760651        0.0000000000000000     
   855.00000000000000       0.46020295070761985        0.0000000000000000     
   856.00000000000000       0.46047199659479837        0.0000000000000000     
   857.00000000000000       0.46074088537484931        0.0000000000000000     
   858.00000000000000       0.46100961732267581        0.0000000000000000     
   859.00000000000000       0.46127819271238046        0.0000000000000000     
   860.00000000000000       0.46154661181726814        0.0000000000000000     
   861.00000000000000       0.46181487490984957        0.0000000000000000     
   862.00000000000000       0.46208298226184435        0.0000000000000000     
   863.00000000000000       0.46235093414418443        0.0000000000000000     
   864.00000000000000       0.46261873082701699        0.0000000000000000     
   865.00000000000000       0.46288637257970772        0.0000000000000000     
   866.00000000000000       0.46315385967084416        0.0000000000000000     
   867.00000000000000       0.46342119236823859        0.0000000000000000     
   868.00000000000000       0.46368837093893134        0.0000000000000000     
   869.00000000000000       0.46395539564919386        0.0000000000000000     
   870.00000000000000       0.46422226676453165        0.0000000000000000     
   871.00000000000000       0.46448898454968768        0.0000000000000000     
   872.00000000000000       0.46475554926864510        0.0000000000000000     
   873.00000000000000       0.46502196118463052        0.0000000000000000     
   874.00000000000000       0.46528822056011693        0.0000000000000000     
   875.00000000000000       0.46555432765682675        0.0000000000000000     
   876.00000000000000       0.46582028273573489        0.0000000000000000     
   877.00000000000000       0.46608608605707164        0.0000000000000000     
   878.00000000000000       0.46635173788032569        0.0000000000000000     
   879.00000000000000       0.46661723846424707        0.0000000000000000     
   880.00000000000000       0.46688258806685007        0.0000000000000000     
   881.00000000000000       0.46714778694541620        0.0000000000000000     
   882.00000000000000       0.46741283535649725        0.0000000000000000     
   883.00000000000000       0.46767773355591774        0.0000000000000000     
   884.00000000000000       0.46794248179877834        0.0000000000000000     
   885.00000000000000       0.46820708033945835        0.0000000000000000     
   886.00000000000000       0.46847152943161874        0.0000000000000000     
   887.00000000000000       0.46873582932820484        0.0000000000000000     
   888.00000000000000       0.46899998028144946        0.0000000000000000     
   889.00000000000000       0.46926398254287532        0.0000000000000000     
   890.00000000000000       0.46952783636329803        0.0000000000000000     
   891.00000000000000       0.46979154199282896        0.0000000000000000     
   892.00000000000000       0.47005509968087783        0.0000000000000000     
   893.00000000000000       0.47031850967615552        0.0000000000000000     
   894.00000000000000       0.47058177222667685        0.0000000000000000     
   895.00000000000000       0.47084488757976339        0.0000000000000000     
   896.00000000000000       0.47110785598204580        0.0000000000000000     
   897.00000000000000       0.47137067767946700        0.0000000000000000     
   898.00000000000000       0.47163335291728464        0.0000000000000000     
   899.00000000000000       0.47189588194007376        0.0000000000000000     
   900.00000000000000       0.47215826499172925        0.0000000000000000     
   901.00000000000000       0.47242050231546895        0.0000000000000000     
   902.00000000000000       0.47268259415383596        0.0000000000000000     
   903.00000000000000       0.47294454074870129        0.0000000000000000     
   904.00000000000000       0.47320634234126657        0.0000000000000000     
   905.00000000000000       0.47346799917206656        0.0000000000000000     
   906.00000000000000       0.47372951148097159        0.0000000000000000     
   907.00000000000000       0.47399087950719049        0.0000000000000000     
   908.00000000000000       0.47425210348927294        0.0000000000000000     
   909.00000000000000       0.47451318366511169        0.0000000000000000     
   910.00000000000000       0.47477412027194577        0.0000000000000000     
   911.00000000000000       0.47503491354636240        0.0000000000000000     
   912.00000000000000       0.47529556372429987        0.0000000000000000     
   913.00000000000000       0.47555607104104980        0.0000000000000000     
   914.00000000000000       0.47581643573125970        0.0000000000000000     
   915.00000000000000       0.47607665802893551        0.0000000000000000     
   916.00000000000000       0.47633673816744387        0.0000000000000000     
   917.00000000000000       0.47659667637951486        0.0000000000000000     
   918.00000000000000       0.47685647289724403        0.0000000000000000     
   919.00000000000000       0.47711612795209513        0.0000000000000000     
   920.00000000000000       0.47737564177490244        0.0000000000000000     
   921.00000000000000       0.47763501459587321        0.0000000000000000     
   922.00000000000000       0.47789424664458979        0.0000000000000000     
   923.00000000000000       0.47815333815001226        0.0000000000000000     
   924.00000000000000       0.47841228934048086        0.0000000000000000     
   925.00000000000000       0.47867110044371808        0.0000000000000000     
   926.00000000000000       0.47892977168683093        0.0000000000000000     
   927.00000000000000       0.47918830329631379        0.0000000000000000     
   928.00000000000000       0.47944669549805013        0.0000000000000000     
   929.00000000000000       0.47970494851731516        0.0000000000000000     
   930.00000000000000       0.47996306257877802        0.0000000000000000     
   931.00000000000000       0.48022103790650406        0.0000000000000000     
   932.00000000000000       0.48047887472395701        0.0000000000000000     
   933.00000000000000       0.48073657325400154        0.0000000000000000     
   934.00000000000000       0.48099413371890515        0.0000000000000000     
   935.00000000000000       0.48125155634034061        0.0000000000000000     
   936.00000000000000       0.48150884133938809        0.0000000000000000     
   937.00000000000000       0.48176598893653749        0.0000000000000000     
   938.00000000000000       0.48202299935169068        0.0000000000000000     
   939.00000000000000       0.48227987280416335        0.0000000000000000     
   940.00000000000000       0.48253660951268762        0.0000000000000000     
   941.00000000000000       0.48279320969541401        0.0000000000000000     
   942.00000000000000       0.48304967356991352        0.0000000000000000     
   943.00000000000000       0.48330600135317997        0.0000000000000000     
   944.00000000000000       0.48356219326163208        0.0000000000000000     
   945.00000000000000       0.48381824951111552        0.0000000000000000     
   946.00000000000000       0.48407417031690503        0.0000000000000000     
   947.00000000000000       0.48432995589370681        0.0000000000000000     
   948.00000000000000       0.48458560645566023        0.0000000000000000     
   949.00000000000000       0.48484112221634007        0.0000000000000000     
   950.00000000000000       0.48509650338875870        0.0000000000000000     
   951.00000000000000       0.48535175018536814        0.0000000000000000     
   952.00000000000000       0.48560686281806192        0.0000000000000000     
   953.00000000000000       0.48586184149817735        0.0000000000000000     
   954.00000000000000       0.48611668643649747        0.0000000000000000     
   955.00000000000000       0.48637139784325312        0.0000000000000000     
   956.00000000000000       0.48662597592812490        0.0000000000000000     
   957.00000000000000       0.48688042090024530        0.0000000000000000     
   958.00000000000000       0.48713473296820048        0.0000000000000000     
   959.00000000000000       0.48738891234003262        0.0000000000000000     
   960.00000000000000       0.48764295922324152        0.0000000000000000     
   961.00000000000000       0.48789687382478686        0.0000000000000000     
   962.00000000000000       0.48815065635109006        0.0000000000000000     
   963.00000000000000       0.48840430700803611        0.0000000000000000     
   964.00000000000000       0.48865782600097585        0.0000000000000000     
   965.00000000000000       0.48891121353472761        0.0000000000000000     
   966.00000000000000       0.48916446981357914        0.0000000000000000     
   967.00000000000000       0.48941759504128990        0.0000000000000000     
   968.00000000000000       0.48967058942109237        0.0000000000000000     
   969.00000000000000       0.48992345315569452        0.0000000000000000     
   970.00000000000000       0.49017618644728139        0.0000000000000000     
   971.00000000000000       0.49042878949751717        0.0000000000000000     
   972.00000000000000       0.49068126250754673        0.0000000000000000     
   973.00000000000000       0.49093360567799793        0.0000000000000000     
   974.00000000000000       0.49118581920898324        0.0000000000000000     
   975.00000000000000       0.49143790330010156        0.0000000000000000     
   976.00000000000000       0.49168985815044020        0.0000000000000000     
   977.00000000000000       0.49194168395857657        0.0000000000000000     
   978.00000000000000       0.49219338092258008        0.0000000000000000     
   979.00000000000000       0.49244494924001403        0.0000000000000000     
   980.00000000000000       0.49269638910793734        0.0000000000000000     
   981.00000000000000       0.49294770072290628        0.0000000000000000     
   982.00000000000000       0.49319888428097641        0.0000000000000000     
   983.00000000000000       0.49344993997770431        0.0000000000000000     
   984.00000000000000       0.49370086800814922        0.0000000000000000     
   985.00000000000000       0.49395166856687506        0.0000000000000000     
   986.00000000000000       0.49420234184795198        0.0000000000000000     
   987.00000000000000       0.49445288804495824        0.0000000000000000     
   988.00000000000000       0.49470330735098184        0.0000000000000000     
   989.00000000000000       0.49495359995862237        0.0000000000000000     
   990.00000000000000       0.49520376605999272        0.0000000000000000     
   991.00000000000000       0.49545380584672066        0.0000000000000000     
   992.00000000000000       0.49570371950995079        0.0000000000000000     
   993.00000000000000       0.49595350724034609        0.0000000000000000     
   994.00000000000000       0.49620316922808949        0.0000000000000000     
   995.00000000000000       0.49645270566288585        0.0000000000000000     
   996.00000000000000       0.49670211673396358        0.0000000000000000     
   997.00000000000000       0.49695140263007609        0.0000000000000000     
   998.00000000000000       0.49720056353950365        0.0000000000000000     
   999.00000000000000       0.49744959965005497        0.0000000000000000     
   1000.0000000000000       0.49769851114906904        0.0000000000000000     
 Total integrated eventrate (events)  0.82617587066766740      pm  -2.6087278217192984E-006
 Event rate spectra written to eventrate_spectra.dat
 Compute time (s)   2.47262216    
