  = = = = = = BIGSTICK run log file = = = = = = 
  Code and run information 
  BIGSTICK Version 7.9.9 Oct  2020
  Run date: 2021-04-11
  Menu choice: d  

 Running on NERSC_HOST: none
 scratch_dir (*.wfn,...): .
 Number of MPI processors =           1 , with # OpenMP threads =            8
  Flag wantUseVec2Thread =  F  (set in module localvectors )
  Flag useHZSomp =  F  (set in module localvectors )
  
  Information on defaults/flags (found in module flagger in file bmodules_flags.f90):
  Limits on storage (found in module flagger in file bmodules_flags.f90):
  maxjumpmemory_default =    64.0000000      Gb 
  maxlanczosstorage1 =    16.0000000      Gb 
  flag iffulluseph (if full, use particle-hole transformation ) =  T
  
  
  Many-body system information 
  Single particle space found in sd                                      
  Isospin formalism for single-particle space
  Proton-neutron formalism is not yet fully implemented...is it?
 Valence Z =            6 , valence N =            6
  M =            0 , parity = +
  
  Total basis dimension:                 93710
  # Slater determinants: proton                   924 , neutron                   924
  # sectors: protons           15 , neutrons           15
  Time to compute jumps :    6.9999999832361937E-003
  avg storage per operation available    1507.5401505052710       bytes
 opfragstat(           1 ,            1 )%nnodes =            1
  frags            1 ->           1  on procs            0           0
 RAM for 2 lanczos vectors in storage         :        0.750 Mb 
 RAM for jumps in storage    (total)          :           2.938 Mb 
 RAM for uncoupled two-body matrix elements   :        0.014 Mb 
  total # operations              42453264  ~ ops/jump =    338.964447    
  Effective storage per operation =    6.9195244916857274E-002  bytes 
 Total nonzero matrix (including indices, assuming hermitian) would require   0.1698     Gb storage 
  
  Interactions read in: 
  opening OXBASH/NuSHELL-style isospin formatted file w18.int
 # The "USD" interaction of B. H. Wildenthal for A=18                  
 # For other A the two-body matrix elements should be multiplied       
 # by (18/A)**(0.3) and the single-particle matrix elements            
 # are mass independent. In OXBASH the multiplication is done          
 # automatically in the subroutine SHSP.FOR                            
 # ERROR CHANGED AUG 1988   (2   2   2   1        2   1     -0.2878000)
 # ORDER:  1 = 1D3/2    2 = 1D5/2    3 = 2S1/2                         
 # The following spe give values of 15.63, 21.75 and 18.13 relative to 
 # 40Ca (1.612 -2.684 -2.967)                                          
  Scaling: spe    1.00000000      TBMEs by (   18.0000000     /   28.0000000     )^  0.300000012      =   0.875859261    
          63  two-body matrix elements in this file 
  As a check, first two-body matrix element in list is   -2.18449998    
  No one-body potential beyond single-particle energies 
  Time to compute jumps :    1.1000000056810677E-002

         110  iterations 
  Average time per processor is    3.8650000003399327       max    3.8650000003399327     
  Time to run after lanczos:    43.881000000052154     
  Time to run after lanczos:    43.895000000018626     
  Total time to run :    43.896000000066124     
  Time to compute basis :    2.9999999096617103E-003
  Time to count up jumps :    3.9999999571591616E-003
  Time to create descendents :    1.0000000474974513E-003
  Time to setup for matrix elements :    1.0000000474974513E-003
  Time to decouple matrix elements :    9.9999993108212948E-004
  Time to compute jumps :    1.1000000056810677E-002
  Time to sort 1b-jumps :    5.9000000008381903E-002
  Time to set up pivot :    0.0000000000000000     
  Time to compute lanczos :    4.3580000000074506     
  Time total in H mat-vec multiply  :    3.8670000004349276     
  Time to apply sp energies :    0.0000000000000000     
  Time in pn :    1.5109999979613349     
  Time in pn(back) :   0.84100000036414713     
  Time in 2-body (pp) :   0.43200000119395554     
  Time in 2-body (nn) :   0.70400000177323818     
  Time in reorthogonalization :   0.47999999939929694     
  Time in reduce (in applyh only) :    0.0000000000000000     
  Time spent diagonalizing. :    4.9999998882412910E-003
  Time to build eigenvectors. :    2.8999999980442226E-002
  Time to compute J^2, T^2 :    2.1999999997206032E-002
  Time to compute 1b densities:    1.3999999966472387E-002
  Time to write 1b densities :    0.0000000000000000     
  
  *** END OF LOG *** END OF LOG *** END OF LOG *** 
