 =================================================================================
 Welcome to our modern Fortran implementation of the WIMP-nucleon scattering code.
 Based on the Mathematica script described in arXiv:1308.6288 (2003).
   VERSION 1.9 UPDATED: 2021.10.21 @ SDSU
   Developer contacts:
             cjohnson@sdsu.edu
              ogorton@sdsu.edu
  openMP: T
 =================================================================================
 
 Select an option:
 [er] Event rate per unit recoil energy (spectra)
 [cs] Differential cross section per recoil energy
 [tp] Scattering probability
 [te] Total scattering events per detector (does not produce spectra data)
 [wd] Nuclear response function
 [ws] Nuclear response spectra
 
  
 Enter the target proton number 
  
 Enter the target neutron number 
 Setting default parameter values.
  
 Enter name of control file (.control):
 %%%%%%%%%%%%%%%%%%%%%%%%%%%%%%%%%%%%%%%%%%%%%%%%%%%%%%%%%%%%%%%%%%%%%%%%%%%%%%%
 Reading control file.
 p           1   4.7999999999999996E-003
 p           2   4.7999999999999996E-003
 p           3   4.7999999999999996E-003
 p           4   4.7999999999999996E-003
 p           5   4.7999999999999996E-003
 p           6   4.7999999999999996E-003
 p           7   4.7999999999999996E-003
 p           8   4.7999999999999996E-003
 p           9   4.7999999999999996E-003
 p          10   4.7999999999999996E-003
 p          11   4.7999999999999996E-003
 p          12   4.7999999999999996E-003
 p          13   4.7999999999999996E-003
 p          14   4.7999999999999996E-003
 p          15   4.7999999999999996E-003
 n           1   4.7999999999999996E-003
 n           2   4.7999999999999996E-003
 n           3   4.7999999999999996E-003
 n           4   4.7999999999999996E-003
 n           5   4.7999999999999996E-003
 n           6   4.7999999999999996E-003
 n           7   4.7999999999999996E-003
 n           8   4.7999999999999996E-003
 n           9   4.7999999999999996E-003
 n          10   4.7999999999999996E-003
 n          11   4.7999999999999996E-003
 n          12   4.7999999999999996E-003
 n          13   4.7999999999999996E-003
 n          14   4.7999999999999996E-003
 n          15   4.7999999999999996E-003
 wimpmass: Set dark matter particle mass to   150.00000000000000     
 End of control file.
 
 Converting EFT coefficients isospin <=> proton-neutron formalism.
 s           1   9.5999999999999992E-003
 v           1   0.0000000000000000     
 s           2   9.5999999999999992E-003
 v           2   0.0000000000000000     
 s           3   9.5999999999999992E-003
 v           3   0.0000000000000000     
 s           4   9.5999999999999992E-003
 v           4   0.0000000000000000     
 s           5   9.5999999999999992E-003
 v           5   0.0000000000000000     
 s           6   9.5999999999999992E-003
 v           6   0.0000000000000000     
 s           7   9.5999999999999992E-003
 v           7   0.0000000000000000     
 s           8   9.5999999999999992E-003
 v           8   0.0000000000000000     
 s           9   9.5999999999999992E-003
 v           9   0.0000000000000000     
 s          10   9.5999999999999992E-003
 v          10   0.0000000000000000     
 s          11   9.5999999999999992E-003
 v          11   0.0000000000000000     
 s          12   9.5999999999999992E-003
 v          12   0.0000000000000000     
 s          13   9.5999999999999992E-003
 v          13   0.0000000000000000     
 s          14   9.5999999999999992E-003
 v          14   0.0000000000000000     
 s          15   9.5999999999999992E-003
 v          15   0.0000000000000000     
 p           1   4.7999999999999996E-003
 n           1   4.7999999999999996E-003
 p           2   4.7999999999999996E-003
 n           2   4.7999999999999996E-003
 p           3   4.7999999999999996E-003
 n           3   4.7999999999999996E-003
 p           4   4.7999999999999996E-003
 n           4   4.7999999999999996E-003
 p           5   4.7999999999999996E-003
 n           5   4.7999999999999996E-003
 p           6   4.7999999999999996E-003
 n           6   4.7999999999999996E-003
 p           7   4.7999999999999996E-003
 n           7   4.7999999999999996E-003
 p           8   4.7999999999999996E-003
 n           8   4.7999999999999996E-003
 p           9   4.7999999999999996E-003
 n           9   4.7999999999999996E-003
 p          10   4.7999999999999996E-003
 n          10   4.7999999999999996E-003
 p          11   4.7999999999999996E-003
 n          11   4.7999999999999996E-003
 p          12   4.7999999999999996E-003
 n          12   4.7999999999999996E-003
 p          13   4.7999999999999996E-003
 n          13   4.7999999999999996E-003
 p          14   4.7999999999999996E-003
 n          14   4.7999999999999996E-003
 p          15   4.7999999999999996E-003
 n          15   4.7999999999999996E-003
 Normalizing EFT coefficients.
  
  Enter name of one-body density file (.dres) 
 ../dres/xe131gcn.dres
 Valence Z, N:
           4          -5
 Looking for orbitals.
 Found single particle state quantum numbers.
 Valence orbitals:
 ORBIT      N      L      2 x J
           1           0           4           7
           2           1           2           5
           3           1           2           3
           4           2           0           1
           5           0           5          11
 Number of valence orbitals:
           5
 Max. valence occupancy:
          32
 Corrected valence particles Z, N:
           4          27
 Inert core inferred from valence particles:
 Sn-100 core.
 Number of core orbitals:
          11
 Core orbitals:
 ORBIT      N      L      2 x J
           6           0           0           1
           7           0           1           3
           8           0           1           1
           9           1           0           1
          10           0           2           5
          11           0           2           3
          12           0           3           7
          13           1           1           3
          14           0           3           5
          15           1           1           1
          16           0           4           9
 Density matrix allocated, size:        5632
 Density matrix is in explicit proton-neutron format.
 Density matrix is in explicit proton-neutron format.
 Density matrix is in explicit proton-neutron format.
 Density matrix is in explicit proton-neutron format.
 Filling core orbitals.
 Orbital           6   3.16227770    
 Orbital           7   4.47213602    
 Orbital           8   3.16227770    
 Orbital           9   3.16227770    
 Orbital          10   5.47722578    
 Orbital          11   4.47213602    
 Orbital          12   6.32455540    
 Orbital          13   4.47213602    
 Orbital          14   5.47722578    
 Orbital          15   3.16227770    
 Orbital          16   7.07106781    
 %%%%%%%%%%%%%%%%%%%%%%%%%%%%%%%%%%%%%%%%%%%%%%%%%%%%%%%%%%%%%%%%%%%%%%%%%%%%%%%
 Control file settings used:
wimpmass                      150.0000000000
 
 Parameters used in this calculation:
femtometer =                   5.067700
GeV =                          1.000000
kev =                          0.000001
b (fm)                         2.292342
b (1/GeV)                     11.616901
Nucleon mass (GeV)             0.938272
WIMP spin                      0.500000
WIMP mass (GeV)              150.000000
Target J                      4
Target T                     24
Target Mt                    23
Target Z,N                   54  77
Target atomic mass           131.000000
System reduced mass           67.556335
Target mass density (1/GeV)    0.008136
Local WIMP density (GeV/cm^3)  0.300000
v0 (km/s)                    220.000000
ve (km/s)                    232.000000
v escape (km/s)                  2784.000000
 
 EFT coupling coefficients:
i          p           n           s           v
 1  0.4458E-04 0.4458E-04 0.8916E-04 0.0000E+00
 2  0.4458E-04 0.4458E-04 0.8916E-04 0.0000E+00
 3  0.4751E-04 0.4751E-04 0.9503E-04 0.0000E+00
 4  0.4458E-04 0.4458E-04 0.8916E-04 0.0000E+00
 5  0.4751E-04 0.4751E-04 0.9503E-04 0.0000E+00
 6  0.5064E-04 0.5064E-04 0.1013E-03 0.0000E+00
 7  0.4458E-04 0.4458E-04 0.8916E-04 0.0000E+00
 8  0.4458E-04 0.4458E-04 0.8916E-04 0.0000E+00
 9  0.4751E-04 0.4751E-04 0.9503E-04 0.0000E+00
10  0.4751E-04 0.4751E-04 0.9503E-04 0.0000E+00
11  0.4751E-04 0.4751E-04 0.9503E-04 0.0000E+00
12  0.4458E-04 0.4458E-04 0.8916E-04 0.0000E+00
13  0.4751E-04 0.4751E-04 0.9503E-04 0.0000E+00
14  0.4751E-04 0.4751E-04 0.9503E-04 0.0000E+00
15  0.5064E-04 0.5064E-04 0.1013E-03 0.0000E+00
 %%%%%%%%%%%%%%%%%%%%%%%%%%%%%%%%%%%%%%%%%%%%%%%%%%%%%%%%%%%%%%%%%%%%%%%%%%%%%%%
 Initializing three-j symbol table...
 Table min. 2J:           0
 Table max. 2J:          20
 Memory required (MB):   376.36703999999997     
 Table has been saved to memory.
 Seconds to initialize:  0.182444006    
 Initializing six-j symbol table...
 Table min. 2J:           0
 Table max. 2J:          20
 Memory required (MB):   376.36703999999997     
 Table has been saved to memory.
 Seconds to initialize:  0.732865036    
 Computing differential event rate spectra
 What is the range of recoil energies in kev?
 Enter starting energy, stoping energy, step size:
 E min  (kev)   1.0000000000000000     
 E max  (kev)   1000.0000000000000     
 E step (kev)   1.0000000000000000     
 Number of event rates to compute:        1000
 E-recoil (kev)              q-transfer (gev/c)        Eventrate (events/gev)
   1.0000000000000000        1.5678879551804713E-002   2619.9229543243114     
   2.0000000000000000        2.2173284104976421E-002   2464.5238474872103     
   3.0000000000000000        2.7156615989478512E-002   2317.6638400364131     
   4.0000000000000000        3.1357759103609426E-002   2178.9093036247514     
   5.0000000000000000        3.5059040488866773E-002   2047.8467842169237     
   6.0000000000000000        3.8405254640478559E-002   1924.0821612845136     
   7.0000000000000000        4.1482416130211121E-002   1807.2398365714687     
   8.0000000000000000        4.4346568209952843E-002   1696.9619517272711     
   9.0000000000000000        4.7036638655414138E-002   1592.9076340971812     
   10.000000000000000        4.9580970543142859E-002   1494.7522699536169     
   11.000000000000000        5.2000960606511874E-002   1402.1868044497749     
   12.000000000000000        5.4313231978957023E-002   1314.9170675756825     
   13.000000000000000        5.6531004165855749E-002   1232.6631253979681     
   14.000000000000000        5.8664995491349008E-002   1155.1586558674685     
   15.000000000000000        6.0724039391331662E-002   1082.1503484831399     
   16.000000000000000        6.2715518207218851E-002   1013.3973271065721     
   17.000000000000000        6.4645676483427728E-002   948.67059522847160     
   18.000000000000000        6.6519852314929254E-002   887.75250299665902     
   19.000000000000000        6.8342651514263039E-002   830.43623532432832     
   20.000000000000000        7.0118080977733546E-002   776.52532040741016     
   21.000000000000000        7.1849652358240396E-002   725.83315799069260     
   22.000000000000000        7.3540463746158136E-002   678.18256673392295     
   23.000000000000000        7.5193264804768248E-002   633.40535004115975     
   24.000000000000000        7.6810509280957118E-002   591.34187972928692     
   25.000000000000000        7.8394397759023571E-002   551.84069692457820     
   26.000000000000000        7.9946912785923127E-002   514.75812958955282     
   27.000000000000000        8.1469847968435538E-002   479.95792609599562     
   28.000000000000000        8.2964832260422242E-002   447.31090427385362     
   29.000000000000000        8.4433350377679545E-002   416.69461537969715     
   30.000000000000000        8.5876760069299299E-002   387.99302244256546     
   31.000000000000000        8.7296306817642624E-002   361.09619245916343     
   32.000000000000000        8.8693136419905685E-002   335.90000192456375     
   33.000000000000000        9.0068305812866262E-002   312.30585519874558     
   34.000000000000000        9.1422792431646929E-002   290.22041522338964     
   35.000000000000000        9.2757502338085843E-002   269.55534611741240     
   36.000000000000000        9.4073277310828277E-002   250.22706719359493     
   37.000000000000000        9.5370901054776649E-002   232.15651795248081     
   38.000000000000000        9.6651104660008924E-002   215.26893362330728     
   39.000000000000000        9.7914571418150007E-002   199.49363083518310     
   40.000000000000000        9.9161941086285718E-002   184.76380301496602     
   41.000000000000000       0.10039381367395105        171.01632512132525     
   42.000000000000000       0.10161075281681560        158.19156733726925     
   43.000000000000000       0.10281328879089512        146.23321735599177     
   44.000000000000000       0.10400192121302375        135.08811090720567     
   45.000000000000000       0.10517712146660033        124.70607018319561     
   46.000000000000000       0.10633933488601477        115.03974983562500     
   47.000000000000000       0.10748898272846384        106.04449022565971     
   48.000000000000000       0.10862646395791405        97.678177621245055     
   49.000000000000000       0.10975215686263300        89.901111046339750     
   50.000000000000000       0.11086642052488210        82.675875497639225     
   51.000000000000000       0.11196959615895735        75.967221254737083     
   52.000000000000000       0.11306200833171150        69.741949019829647     
   53.000000000000000       0.11414396607793159        63.968800632941623     
   54.000000000000000       0.11521576392143568        58.618355118241588     
   55.000000000000000       0.11627768281144923        53.662929826338008     
   56.000000000000000       0.11732999098269802        49.076486446488346     
   57.000000000000000       0.11837294474667764        44.834541671426592     
   58.000000000000000       0.11940678922071390        40.914082306018869     
   59.000000000000000       0.12043175900068885        37.293484619197137     
   60.000000000000000       0.12144807878266332        33.952437746598555     
   61.000000000000000       0.12245596393806224        30.871870959059002     
   62.000000000000000       0.12345562104659309        28.033884619580860     
   63.000000000000000       0.12444724839063337        25.421684658612875     
   64.000000000000000       0.12543103641443770        23.019520404462071     
   65.000000000000000       0.12640716815117725        20.812625612395127     
   66.000000000000000       0.12737581962052294        18.787162542495658     
   67.000000000000000       0.12833716019921898        16.930168942623457     
   68.000000000000000       0.12929135296685546        15.229507798879808     
   69.000000000000000       0.13023855502883930        13.673819721822724     
   70.000000000000000       0.13117891781837507        12.252477842306655     
   71.000000000000000       0.13211258737909873        10.955545911532278     
   72.000000000000000       0.13303970462985851        9.7737337828106963     
   73.000000000000000       0.13396040561300193        8.6983672856393426     
   74.000000000000000       0.13487482172740767        7.7213438513958303     
   75.000000000000000       0.13578307994739255        6.8351023247722873     
   76.000000000000000       0.13668530302852608        6.0325897434197833     
   77.000000000000000       0.13758160970129693        5.3072307006385344     
   78.000000000000000       0.13847211485349675        4.6528983877804677     
   79.000000000000000       0.13935692970211419        4.0638872322902424     
   80.000000000000000       0.14023616195546709        3.5348870511245356     
   81.000000000000000       0.14110991596624242        3.0609586429505486     
   82.000000000000000       0.14197829287605904        2.6375107460384863     
   83.000000000000000       0.14284139075212057        2.2602782921330298     
   84.000000000000000       0.14369930471648079        1.9253018898221370     
   85.000000000000000       0.14455212706840392        1.6289084740202582     
   86.000000000000000       0.14539994740026557        1.3676930611542175     
   87.000000000000000       0.14624285270740583        1.1385015524862396     
   88.000000000000000       0.14708092749231627       0.93841453073519854     
   89.000000000000000       0.14791425386351378       0.76473199776818512     
   90.000000000000000       0.14874291162942857       0.61495900363414269     
   91.000000000000000       0.14956697838761068       0.48679211960345575     
   92.000000000000000       0.15038652960953650       0.37810671016653891     
   93.000000000000000       0.15120163872127840       0.28694496113335233     
   94.000000000000000       0.15201237718028093       0.21150462306984197     
   95.000000000000000       0.15281881454847107       0.15012843130831438     
   96.000000000000000       0.15362101856191424       0.10129416568168477     
   97.000000000000000       0.15441905519721327        6.3605314959085696E-002
   98.000000000000000       0.15521298873483494        3.5782312705935147E-002
   99.000000000000000       0.15600288181953562        1.6654312958655822E-002
   100.00000000000000       0.15678879551804714        5.1514756955897681E-003
   101.00000000000000       0.15757078937417301        2.9773360466085118E-004
   102.00000000000000       0.15834892146143589        1.2040130975782136E-003
   103.00000000000000       0.15912324843340772        7.0618839029237650E-003
   104.00000000000000       0.15989382557184625        1.7137612888896078E-002
   105.00000000000000       0.16066070683275360        3.0766599023511042E-002
   106.00000000000000       0.16142394489046535        4.7348167578200956E-002
   107.00000000000000       0.16218359117987244        6.6340702822474826E-002
   108.00000000000000       0.16293969593687108        8.7257099544955724E-002
   109.00000000000000       0.16369230823713127       0.10966051477202744     
   110.00000000000000       0.16444147603326842       0.13316040204165858     
   111.00000000000000       0.16518724619049741       0.15740881152885428     
   112.00000000000000       0.16592966452084448       0.18209694021273418     
   113.00000000000000       0.16666877581598780       0.20695191712531638     
   114.00000000000000       0.16740462387879254       0.23173380953061096     
   115.00000000000000       0.16813725155360426       0.25623283665160157     
   116.00000000000000       0.16886670075535909       0.28026677829349805     
   117.00000000000000       0.16959301249756722       0.30367856640644053     
   118.00000000000000       0.17031622691922224       0.32633404829074647     
   119.00000000000000       0.17103638331068627       0.34811991077490051     
   120.00000000000000       0.17175352013859860       0.36894175529174433     
   121.00000000000000       0.17246767506985186       0.38872231434364896     
   122.00000000000000       0.17317888499467826       0.40739980038391804     
   123.00000000000000       0.17388718604888628       0.42492637865071597     
   124.00000000000000       0.17459261363528525       0.44126675597269316     
   125.00000000000000       0.17529520244433389       0.45639687802340712     
   126.00000000000000       0.17599498647404704       0.47030272793582950     
   127.00000000000000       0.17669199904919294       0.48297921959964829     
   128.00000000000000       0.17738627283981137       0.49442917935402186     
   129.00000000000000       0.17807783987908207       0.50466241015774793     
   130.00000000000000       0.17876673158057121       0.51369483266857263     
   131.00000000000000       0.17945297875488161       0.52154769799443979     
   132.00000000000000       0.18013661162573252       0.52824686719291036     
   133.00000000000000       0.18081765984549183       0.53382215289138535     
   134.00000000000000       0.18149615251018406       0.53830671868128033     
   135.00000000000000       0.18217211817399498       0.54173653220441098     
   136.00000000000000       0.18284558486329386       0.54414986810053234     
   137.00000000000000       0.18351658009019239       0.54558685722179445     
   138.00000000000000       0.18418513086565919       0.54608907874370627     
   139.00000000000000       0.18485126371220728       0.54569919201337536     
   140.00000000000000       0.18551500467617169       0.54446060517541728     
   141.00000000000000       0.18617637933959291       0.54241717780403920     
   142.00000000000000       0.18683541283172203       0.53961295494751638     
   143.00000000000000       0.18749212984016156       0.53609193015871304     
   144.00000000000000       0.18814655462165655       0.53189783524315881     
   145.00000000000000       0.18879871101254903       0.52707395460515394     
   146.00000000000000       0.18944862243890820       0.52166296221232289     
   147.00000000000000       0.19009631192634957       0.51570677933133291     
   148.00000000000000       0.19074180210955330       0.50924645131150548     
   149.00000000000000       0.19138511524149415       0.50232204181017870     
   150.00000000000000       0.19202627320239279       0.49497254296356413     
   151.00000000000000       0.19266529750839925       0.48723580011034101     
   152.00000000000000       0.19330220932001785       0.47914844977235138     
   153.00000000000000       0.19393702945028315       0.47074586968816234     
   154.00000000000000       0.19456977837269590       0.46206213978093091     
   155.00000000000000       0.19520047622892725       0.45313001302256189     
   156.00000000000000       0.19582914283630001       0.44398089523159057     
   157.00000000000000       0.19645579769505403       0.43464483291311984     
   158.00000000000000       0.19708045999540388       0.42515050831539591     
   159.00000000000000       0.19770314862439595       0.41552524093992188     
   160.00000000000000       0.19832388217257144       0.40579499480008913     
   161.00000000000000       0.19894267894044251       0.39598439077792719     
   162.00000000000000       0.19955955694478777       0.38611672347939680     
   163.00000000000000       0.20017453392477275       0.37621398203644674     
   164.00000000000000       0.20078762734790209       0.36629687434842462     
   165.00000000000000       0.20139885441580843       0.35638485429708222     
   166.00000000000000       0.20200823206988372       0.34649615150816393     
   167.00000000000000       0.20261577699675806       0.33664780326876925     
   168.00000000000000       0.20322150563363120       0.32685568824331002     
   169.00000000000000       0.20382543417346127       0.31713456166236365     
   170.00000000000000       0.20442757857001584       0.30749809168787806     
   171.00000000000000       0.20502795454278910       0.29795889668534425     
   172.00000000000000       0.20562657758179023       0.28852858315883789     
   173.00000000000000       0.20622346295220628       0.27921778412820258     
   174.00000000000000       0.20681862569894424       0.27003619774943266     
   175.00000000000000       0.20741208065105560       0.26099262599943951     
   176.00000000000000       0.20800384242604750       0.25209501326502698     
   177.00000000000000       0.20859392543408350       0.24335048469318352     
   178.00000000000000       0.20918234388207815       0.23476538417570311     
   179.00000000000000       0.20976911177768762       0.22634531185590284     
   180.00000000000000       0.21035424293320065       0.21809516105873950     
   181.00000000000000       0.21093775096933218       0.21001915455813450     
   182.00000000000000       0.21151964931892261       0.20212088010679286     
   183.00000000000000       0.21209995123054601       0.19440332516438052     
   184.00000000000000       0.21267866977202954       0.18686891076953449     
   185.00000000000000       0.21325581783388700       0.17951952451011838     
   186.00000000000000       0.21383140813266885       0.17235655255414412     
   187.00000000000000       0.21440545321423146       0.16538091071123118     
   188.00000000000000       0.21497796545692768       0.15859307450113339     
   189.00000000000000       0.21554895707472119       0.15199310821203293     
   190.00000000000000       0.21611844012022666       0.14558069293676310     
   191.00000000000000       0.21668642648767825       0.13935515358017170     
   192.00000000000000       0.21725292791582809       0.13331548483533531     
   193.00000000000000       0.21781795599077686       0.12746037201232960     
   194.00000000000000       0.21838152214873857       0.12178823168331765     
   195.00000000000000       0.21894363767874142       0.11629721274834517     
   196.00000000000000       0.21950431372526599       0.11098522084162578     
   197.00000000000000       0.22006356129082341       0.10584995733203030     
   198.00000000000000       0.22062139123847441       0.10088892404217002     
   199.00000000000000       0.22117781429429126        9.6099446100189487E-002
   200.00000000000000       0.22173284104976421        9.1478689988117992E-002
   201.00000000000000       0.22228648196415363        8.7023680675771584E-002
   202.00000000000000       0.22283874736678985        8.2731317862694401E-002
   203.00000000000000       0.22338964745932161        7.8598391351635322E-002
   204.00000000000000       0.22393919231791470        7.4621595577907041E-002
   205.00000000000000       0.22448739189540243        7.0797543319585696E-002
   206.00000000000000       0.22503425602338856        6.7122778614059089E-002
   207.00000000000000       0.22557979441430476        6.3593788906761345E-002
   208.00000000000000       0.22612401666342299        6.0207016458187664E-002
   209.00000000000000       0.22666693225082479        5.6958869035384857E-002
   210.00000000000000       0.22720855054332792        5.3845729914149730E-002
   211.00000000000000       0.22774888079637184        5.0863967218076685E-002
   212.00000000000000       0.22828793215586318        4.8009942620441219E-002
   213.00000000000000       0.22882571365998183        4.5280019434676813E-002
   214.00000000000000       0.22936223424094909        4.2670570118887280E-002
   215.00000000000000       0.22989750272675863        4.0177983219498899E-002
   216.00000000000000       0.23043152784287135        3.7798669778724946E-002
   217.00000000000000       0.23096431821387475        3.5529069230079473E-002
   218.00000000000000       0.23149588236510815        3.3365654805663593E-002
   219.00000000000000       0.23202622872425435        3.1304938478439327E-002
   220.00000000000000       0.23255536562289847        2.9343475462136351E-002
   221.00000000000000       0.23308330129805524        2.7477868290863253E-002
   222.00000000000000       0.23361004389366480        2.5704770499901664E-002
   223.00000000000000       0.23413560146205872        2.4020889928534402E-002
   224.00000000000000       0.23465998196539603        2.2422991665152690E-002
   225.00000000000000       0.23518319327707071        2.0907900654234930E-002
   226.00000000000000       0.23570524318309086        1.9472503984162740E-002
   227.00000000000000       0.23622613938343062        1.8113752874195182E-002
   228.00000000000000       0.23674588949335529        1.6828664378273787E-002
   229.00000000000000       0.23726450104472011        1.5614322822702226E-002
   230.00000000000000       0.23778198148724389        1.4467880994091699E-002
   231.00000000000000       0.23829833818975740        1.3386561093347330E-002
   232.00000000000000       0.23881357844142781        1.2367655470835674E-002
   233.00000000000000       0.23932770945295906        1.1408527157260248E-002
   234.00000000000000       0.23984073835776940        1.0506610204167217E-002
   235.00000000000000       0.24035267221314599        9.6594098474064426E-003
   236.00000000000000       0.24086351800137770        8.8645025062859921E-003
   237.00000000000000       0.24137328263086616        8.1195356305927280E-003
   238.00000000000000       0.24188197293721581        7.4222274070842795E-003
   239.00000000000000       0.24238959568430324        6.7703663365216889E-003
   240.00000000000000       0.24289615756532665        6.1618106917724069E-003
   241.00000000000000       0.24340166520383544        5.5944878670030835E-003
   242.00000000000000       0.24390612515474061        5.0663936274760440E-003
   243.00000000000000       0.24440954390530659        4.5755912689787728E-003
   244.00000000000000       0.24491192787612448        4.1202106954415577E-003
   245.00000000000000       0.24541328342206742        3.6984474228458487E-003
   246.00000000000000       0.24591361683322865        3.3085615170794667E-003
   247.00000000000000       0.24641293433584202        2.9488764729737244E-003
   248.00000000000000       0.24691124209318618        2.6177780413446415E-003
   249.00000000000000       0.24740854620647201        2.3137130104639598E-003
   250.00000000000000       0.24790485271571430        2.0351879480057125E-003
   251.00000000000000       0.24840016760058758        1.7807679091491240E-003
   252.00000000000000       0.24889449678126674        1.5490751161649494E-003
   253.00000000000000       0.24938784611925258        1.3387876144767060E-003
   254.00000000000000       0.24988022141818267        1.1486379098634234E-003
   255.00000000000000       0.25037162842462801        9.7741159116402710E-004
   256.00000000000000       0.25086207282887540        8.2394594254302461E-004
   257.00000000000000       0.25135156026569638        6.8712854909866764E-004
   258.00000000000000       0.25184009631510229        5.6589589932208454E-004
   259.00000000000000       0.25232768650308668        4.5923198765830241E-004
   260.00000000000000       0.25281433630235450        3.6616692017675599E-004
   261.00000000000000       0.25330005113303866        2.8577552612265021E-004
   262.00000000000000       0.25378483636340449        2.1717597790055587E-004
   263.00000000000000       0.25426869731054191        1.5952842182908892E-004
   264.00000000000000       0.25475163924104588        1.1203362180648697E-004
   265.00000000000000       0.25523366737168512        7.3931617836144883E-005
   266.00000000000000       0.25571478687005955        4.4500401181816707E-005
   267.00000000000000       0.25619500285524693        2.3054607752240511E-005
   268.00000000000000       0.25667432039843796        8.9442311538668464E-006
   269.00000000000000       0.25715274452356129        1.5533566989930215E-006
   270.00000000000000       0.25763028020789791        2.9891751337871003E-007
   271.00000000000000       0.25810693238268512        4.6294737528992110E-006
   272.00000000000000       0.25858270593371091        1.4024015812019938E-005
   273.00000000000000       0.25905760570189790        2.7990792287944108E-005
   274.00000000000000       0.25953163648387839        4.6066163352658768E-005
   275.00000000000000       0.26000480303255935        6.7813480080613917E-005
   276.00000000000000       0.26047711005767860        9.2821990181854856E-005
   277.00000000000000       0.26094856222635138        1.2070577049924904E-004
   278.00000000000000       0.26141916416360911        1.5110268654323688E-004
   279.00000000000000       0.26188892045292789        1.8367337925813960E-004
   280.00000000000000       0.26235783563675014        2.1810027914079429E-004
   281.00000000000000       0.26282591421699647        2.5408664776327536E-004
   282.00000000000000       0.26329316065557040        2.9135564668935206E-004
   283.00000000000000       0.26375957937485417        3.2964943371469822E-004
   284.00000000000000       0.26422517475819746        3.6872828630829394E-004
   285.00000000000000       0.26468995115039784        4.0836975208218397E-004
   286.00000000000000       0.26515391285817375        4.4836782607223245E-004
   287.00000000000000       0.26561706415063019        4.8853215457069323E-004
   288.00000000000000       0.26607940925971701        5.2868726521398870E-004
   289.00000000000000       0.26654095238068015        5.6867182299521091E-004
   290.00000000000000       0.26700169767250542        6.0833791184023193E-004
   291.00000000000000       0.26746164925835630        6.4755034135747938E-004
   292.00000000000000       0.26792081122600386        6.8618597834911826E-004
   293.00000000000000       0.26837918762825108        7.2413310264697833E-004
   294.00000000000000       0.26883678248334991        7.6129078681910539E-004
   295.00000000000000       0.26929359977541240        7.9756829927496388E-004
   296.00000000000000       0.26974964345481534        8.3288453028386607E-004
   297.00000000000000       0.27020491743859881        8.6716744040739497E-004
   298.00000000000000       0.27065942561085876        9.0035353083787930E-004
   299.00000000000000       0.27111317182313366        9.3238733512543848E-004
   300.00000000000000       0.27156615989478511        9.6322093176978284E-004
   301.00000000000000       0.27201839361337310        9.9281347714825878E-004
   302.00000000000000       0.27246987673502554        1.0211307582475152E-003
   303.00000000000000       0.27292061298480186        1.0481447646648505E-003
   304.00000000000000       0.27337060605705216        1.0738332793435177E-003
   305.00000000000000       0.27381985961576999        1.0981794875079159E-003
   306.00000000000000       0.27426837729494080        1.1211716032652795E-003
   307.00000000000000       0.27471616269888449        1.1428025133431560E-003
   308.00000000000000       0.27516321940259386        1.1630694374361629E-003
   309.00000000000000       0.27560955095206696        1.1819736046388310E-003
   310.00000000000000       0.27605516086463588        1.1995199454478359E-003
   311.00000000000000       0.27650005262928973        1.2157167988214057E-003
   312.00000000000000       0.27694422970699351        1.2305756337915776E-003
   313.00000000000000       0.27738769553100223        1.2441107851310809E-003
   314.00000000000000       0.27783045350717045        1.2563392025849995E-003
   315.00000000000000       0.27827250701425754        1.2672802131849688E-003
   316.00000000000000       0.27871385940422838        1.2769552961723893E-003
   317.00000000000000       0.27915451400255020        1.2853878700666268E-003
   318.00000000000000       0.27959447410848448        1.2926030914220071E-003
   319.00000000000000       0.28003374299537548        1.2986276648283418E-003
   320.00000000000000       0.28047232391093418        1.3034896637188281E-003
   321.00000000000000       0.28091022007751870        1.3072183615584784E-003
   322.00000000000000       0.28134743469241014        1.3098440729979990E-003
   323.00000000000000       0.28178397092808527        1.3113980045859584E-003
   324.00000000000000       0.28221983193248484        1.3119121146444187E-003
   325.00000000000000       0.28265502082927874        1.3114189819223539E-003
   326.00000000000000       0.28308954071812681        1.3099516826516810E-003
   327.00000000000000       0.28352339467493681        1.3075436756420252E-003
   328.00000000000000       0.28395658575211807        1.3042286950589413E-003
   329.00000000000000       0.28438911697883235        1.3000406505428122E-003
   330.00000000000000       0.28482099136124078        1.2950135343340829E-003
   331.00000000000000       0.28525221188274769        1.2891813350818127E-003
   332.00000000000000       0.28568278150424115        1.2825779580221000E-003
   333.00000000000000       0.28611270316432996        1.2752371512235214E-003
   334.00000000000000       0.28654197977957785        1.2671924376057211E-003
   335.00000000000000       0.28697061424473408        1.2584770524480891E-003
   336.00000000000000       0.28739860943296158        1.2491238861144611E-003
   337.00000000000000       0.28782596819606110        1.2391654317292762E-003
   338.00000000000000       0.28825269336469345        1.2286337375503951E-003
   339.00000000000000       0.28867878774859779        1.2175603637924633E-003
   340.00000000000000       0.28910425413680785        1.2059763436638176E-003
   341.00000000000000       0.28952909529786464        1.1939121483891537E-003
   342.00000000000000       0.28995331398002677        1.1813976559980840E-003
   343.00000000000000       0.29037691291147788        1.1684621236687041E-003
   344.00000000000000       0.29079989480053114        1.1551341634233627E-003
   345.00000000000000       0.29122226233583171        1.1414417209819484E-003
   346.00000000000000       0.29164401818655561        1.1274120575855552E-003
   347.00000000000000       0.29206516500260693        1.1130717346116113E-003
   348.00000000000000       0.29248570541481167        1.0984466008082960E-003
   349.00000000000000       0.29290564203510999        1.0835617819842610E-003
   350.00000000000000       0.29332497745674502        1.0684416729955261E-003
   351.00000000000000       0.29374371425445006        1.0531099318794891E-003
   352.00000000000000       0.29416185498463254        1.0375894759918753E-003
   353.00000000000000       0.29457940218555673        1.0219024800090690E-003
   354.00000000000000       0.29499635837752303        1.0060703756646554E-003
   355.00000000000000       0.29541272606304553        9.9011385309523306E-004
   356.00000000000000       0.29582850772702757        9.7405286367564824E-004
   357.00000000000000       0.29624370583693416        9.5790662423085517E-004
   358.00000000000000       0.29665832284296356        9.4169362251541851E-004
   359.00000000000000       0.29707236117821528        9.2543162385860301E-004
   360.00000000000000       0.29748582325885714        9.0913767887704721E-004
   361.00000000000000       0.29789871148428954        8.9282813216217706E-004
   362.00000000000000       0.29831102823730804        8.7651863185474925E-004
   363.00000000000000       0.29872277588426360        8.6022414002307802E-004
   364.00000000000000       0.29913395677522137        8.4395894376579068E-004
   365.00000000000000       0.29954457324411671        8.2773666696484157E-004
   366.00000000000000       0.29995462760891017        8.1157028261806075E-004
   367.00000000000000       0.30036412217174008        7.9547212568451030E-004
   368.00000000000000       0.30077305921907299        7.7945390638021301E-004
   369.00000000000000       0.30118144102185312        7.6352672386467940E-004
   370.00000000000000       0.30158926983564915        7.4770108026285585E-004
   371.00000000000000       0.30199654790079966        7.3198689496998441E-004
   372.00000000000000       0.30240327744255679        7.1639351919041132E-004
   373.00000000000000       0.30280946067122805        7.0092975066410464E-004
   374.00000000000000       0.30321509978231626        6.8560384853800192E-004
   375.00000000000000       0.30362019695665832        6.7042354834169341E-004
   376.00000000000000       0.30402475436056187        6.5539607702991211E-004
   377.00000000000000       0.30442877414594038        6.4052816805690348E-004
   378.00000000000000       0.30483225845044681        6.2582607644982662E-004
   379.00000000000000       0.30523520939760534        6.1129559385119520E-004
   380.00000000000000       0.30563762909694214        5.9694206350221915E-004
   381.00000000000000       0.30603951964411391        5.8277039514106801E-004
   382.00000000000000       0.30644088312103523        5.6878507979235614E-004
   383.00000000000000       0.30684172159600459        5.5499020442574141E-004
   384.00000000000000       0.30724203712382847        5.4138946646349595E-004
   385.00000000000000       0.30764183174594445        5.2798618811877981E-004
   386.00000000000000       0.30804110749054259        5.1478333054765521E-004
   387.00000000000000       0.30843986637268533        5.0178351155958810E-004
   388.00000000000000       0.30883811039442655        4.8898900397261629E-004
   389.00000000000000       0.30923584154492828        4.7640177271751974E-004
   390.00000000000000       0.30963306180057709        4.6402346924248291E-004
   391.00000000000000       0.31002977312509838        4.5185546005207183E-004
   392.00000000000000       0.31042597746966988        4.3989882190172824E-004
   393.00000000000000       0.31082167677303330        4.2815436633100289E-004
   394.00000000000000       0.31121687296160533        4.1662264880301420E-004
   395.00000000000000       0.31161156794958683        4.0530398065800763E-004
   396.00000000000000       0.31200576363907123        3.9419844078610191E-004
   397.00000000000000       0.31239946192015117        3.8330588701572342E-004
   398.00000000000000       0.31279266467102451        3.7262596721472798E-004
   399.00000000000000       0.31318537375809874        3.6215813010212678E-004
   400.00000000000000       0.31357759103609428        3.5190163576907514E-004
   401.00000000000000       0.31396931834814690        3.4185556590834499E-004
   402.00000000000000       0.31436055752590841        3.3201883375212800E-004
   403.00000000000000       0.31475131038964715        3.2239019371866007E-004
   404.00000000000000       0.31514157874834603        3.1296825076862727E-004
   405.00000000000000       0.31553136439980101        3.0375146947278942E-004
   406.00000000000000       0.31592066913071704        2.9473818279277078E-004
   407.00000000000000       0.31630949471680420        2.8592660057735004E-004
   408.00000000000000       0.31669784292287179        2.7731481777692541E-004
   409.00000000000000       0.31708571550292203        2.6890082237922833E-004
   410.00000000000000       0.31747311420024216        2.6068250306975386E-004
   411.00000000000000       0.31786004074749630        2.5265765662042556E-004
   412.00000000000000       0.31824649686681544        2.4482399501056734E-004
   413.00000000000000       0.31863248426988733        2.3717915228430199E-004
   414.00000000000000       0.31901800465804431        2.2972069114875654E-004
   415.00000000000000       0.31940305972235145        2.2244610931764687E-004
   416.00000000000000       0.31978765114369251        2.1535284560503349E-004
   417.00000000000000       0.32017178059285611        2.0843828577406817E-004
   418.00000000000000       0.32055544973061995        2.0169976814578562E-004
   419.00000000000000       0.32093866020783474        1.9513458897306047E-004
   420.00000000000000       0.32132141366550721        1.8874000758494064E-004
   421.00000000000000       0.32170371173488188        1.8251325130663967E-004
   422.00000000000000       0.32208555603752242        1.7645152016054124E-004
   423.00000000000000       0.32246694818539151        1.7055199135364730E-004
   424.00000000000000       0.32284788978093071        1.6481182355680010E-004
   425.00000000000000       0.32322838241713858        1.5922816098125524E-004
   426.00000000000000       0.32360842767764869        1.5379813725795725E-004
   427.00000000000000       0.32398802713680641        1.4851887912501350E-004
   428.00000000000000       0.32436718235974488        1.4338750992882028E-004
   429.00000000000000       0.32474589490246064        1.3840115294420994E-004
   430.00000000000000       0.32512416631188767        1.3355693451907522E-004
   431.00000000000000       0.32550199812597158        1.2885198704875887E-004
   432.00000000000000       0.32587939187374215        1.2428345178555262E-004
   433.00000000000000       0.32625634907538581        1.1984848148853644E-004
   434.00000000000000       0.32663287124231694        1.1554424291897697E-004
   435.00000000000000       0.32700895987724860        1.1136791918637928E-004
   436.00000000000000       0.32738461647426254        1.0731671195029109E-004
   437.00000000000000       0.32775984251887841        1.0338784348281772E-004
   438.00000000000000       0.32813463948812227        9.9578558596785121E-005
   439.00000000000000       0.32850900885059453        9.5886126444346228E-005
   440.00000000000000       0.32888295206653684        9.2307842190821662E-005
   441.00000000000000       0.32925647058789898        8.8841028568372208E-005
   442.00000000000000       0.32962956585840414        8.5483037314132342E-005
   443.00000000000000       0.33000223931361433        8.2231250497241554E-005
   444.00000000000000       0.33037449238099481        7.9083081739146703E-005
   445.00000000000000       0.33074632647997770        7.6035977331505194E-005
   446.00000000000000       0.33111774302202529        7.3087417255828278E-005
   447.00000000000000       0.33148874341069257        7.0234916108986189E-005
   448.00000000000000       0.33185932904168897        6.7476023938555107E-005
   449.00000000000000       0.33222950130293966        6.4808326991899697E-005
   450.00000000000000       0.33259926157464631        6.2229448382792162E-005
   451.00000000000000       0.33296861122934696        5.9737048679246019E-005
   452.00000000000000       0.33333755163197559        5.7328826416175426E-005
   453.00000000000000       0.33370608413992092        5.5002518536363451E-005
   454.00000000000000       0.33407421010308469        5.2755900763151817E-005
   455.00000000000000       0.33444193086393936        5.0586787908122833E-005
   456.00000000000000       0.33480924775758508        4.8493034117000428E-005
   457.00000000000000       0.33517616211180651        4.6472533056866698E-005
   458.00000000000000       0.33554267524712855        4.4523218047691746E-005
   459.00000000000000       0.33590878847687211        4.2643062141105905E-005
   460.00000000000000       0.33627450310720852        4.0830078149225298E-005
   461.00000000000000       0.33663982043721447        3.9082318626258871E-005
   462.00000000000000       0.33700474175892536        3.7397875805538905E-005
   463.00000000000000       0.33736926835738906        3.5774881494519847E-005
   464.00000000000000       0.33773340151071818        3.4211506930204955E-005
   465.00000000000000       0.33809714249014289        3.2705962597369753E-005
   466.00000000000000       0.33846049256006228        3.1256498011883170E-005
   467.00000000000000       0.33882345297809596        2.9861401471312555E-005
   468.00000000000000       0.33918602499513445        2.8518999774956389E-005
   469.00000000000000       0.33954820985539003        2.7227657915324029E-005
   470.00000000000000       0.33991000879644601        2.5985778743054514E-005
   471.00000000000000       0.34027142304930630        2.4791802607137076E-005
   472.00000000000000       0.34063245383844448        2.3644206972267493E-005
   473.00000000000000       0.34099310238185171        2.2541506015062801E-005
   474.00000000000000       0.34135336989108517        2.1482250200821706E-005
   475.00000000000000       0.34171325757131515        2.0465025842413209E-005
   476.00000000000000       0.34207276662137254        1.9488454642839225E-005
   477.00000000000000       0.34243189823379477        1.8551193222930815E-005
   478.00000000000000       0.34279065359487265        1.7651932635577783E-005
   479.00000000000000       0.34314903388469564        1.6789397867839099E-005
   480.00000000000000       0.34350704027719720        1.5962347332207575E-005
   481.00000000000000       0.34386467394019987        1.5169572348248331E-005
   482.00000000000000       0.34422193603545953        1.4409896615779144E-005
   483.00000000000000       0.34457882771870935        1.3682175680695654E-005
   484.00000000000000       0.34493535013970372        1.2985296394498256E-005
   485.00000000000000       0.34529150444226109        1.2318176368521660E-005
   486.00000000000000       0.34564729176430703        1.1679763423817596E-005
   487.00000000000000       0.34600271323791665        1.1069035037595643E-005
   488.00000000000000       0.34635776998935652        1.0484997787076903E-005
   489.00000000000000       0.34671246313912629        9.9266867915702169E-006
   490.00000000000000       0.34706679380200001        9.3931651535353022E-006
   491.00000000000000       0.34742076308706710        8.8835233993623806E-006
   492.00000000000000       0.34777437209777257        8.3968789205422262E-006
   493.00000000000000       0.34812762193195756        7.9323754158767112E-006
   494.00000000000000       0.34848051368189870        7.4891823353306810E-006
   495.00000000000000       0.34883304843434776        7.0664943260952260E-006
   496.00000000000000       0.34918522727057050        6.6635306813944866E-006
   497.00000000000000       0.34953705126638579        6.2795347925340506E-006
   498.00000000000000       0.34988852149220329        5.9137736046595934E-006
   499.00000000000000       0.35023963901306199        5.5655370766560378E-006
   500.00000000000000       0.35059040488866777        5.2341376455981040E-006
   501.00000000000000       0.35094082017343037        4.9189096961219101E-006
   502.00000000000000       0.35129088591650082        4.6192090350681858E-006
   503.00000000000000       0.35164060316180779        4.3344123717211804E-006
   504.00000000000000       0.35198997294809409        4.0639168039330223E-006
   505.00000000000000       0.35233899630895243        3.8071393104105522E-006
   506.00000000000000       0.35268767427286141        3.5635162494115354E-006
   507.00000000000000       0.35303600786322065        3.3325028640735098E-006
   508.00000000000000       0.35338399809838589        3.1135727945851485E-006
   509.00000000000000       0.35373164599170370        2.9062175973795385E-006
   510.00000000000000       0.35407895255154603        2.7099462715177361E-006
   511.00000000000000       0.35442591878134422        2.5242847924084050E-006
   512.00000000000000       0.35477254567962274        2.3487756529929298E-006
   513.00000000000000       0.35511883424003293        2.1829774125078169E-006
   514.00000000000000       0.35546478545138616        2.0264642529217708E-006
   515.00000000000000       0.35581040029768662        1.8788255431298238E-006
   516.00000000000000       0.35615567975816415        1.7396654109687886E-006
   517.00000000000000       0.35650062480730660        1.6086023231126967E-006
   518.00000000000000       0.35684523641489180        1.4852686728841868E-006
   519.00000000000000       0.35718951554601935        1.3693103760144592E-006
   520.00000000000000       0.35753346316114243        1.2603864743674989E-006
   521.00000000000000       0.35787708021609876        1.1581687476353882E-006
   522.00000000000000       0.35822036766214171        1.0623413330022200E-006
   523.00000000000000       0.35856332644597105        9.7260035276196037E-007
   524.00000000000000       0.35890595750976323        8.8865354986972085E-007
   525.00000000000000       0.35924826179120195        8.1021993139491469E-007
   526.00000000000000       0.35959024022350772        7.3702941983910492E-007
   527.00000000000000       0.35993189373546769        6.6882251227120172E-007
   528.00000000000000       0.36027322325146505        6.0534994722884879E-007
   529.00000000000000       0.36061422969150841        5.4637237932617051E-007
   530.00000000000000       0.36095491397126039        4.9166006150331381E-007
   531.00000000000000       0.36129527700206654        4.4099253484629403E-007
   532.00000000000000       0.36163531969098367        3.9415832590330827E-007
   533.00000000000000       0.36197504294080829        3.5095465141478376E-007
   534.00000000000000       0.36231444765010407        3.1118713037467331E-007
   535.00000000000000       0.36265353471323009        2.7466950333245552E-007
   536.00000000000000       0.36299230502036811        2.4122335884496152E-007
   537.00000000000000       0.36333075945754989        2.1067786698140762E-007
   538.00000000000000       0.36366889890668408        1.8286951978350362E-007
   539.00000000000000       0.36400672424558311        1.5764187857926483E-007
   540.00000000000000       0.36434423634798996        1.3484532804672936E-007
   541.00000000000000       0.36468143608360432        1.1433683692180812E-007
   542.00000000000000       0.36501832431810871        9.5979725242814116E-008
   543.00000000000000       0.36535490191319453        7.9643438021930022E-008
   544.00000000000000       0.36569116972658772        6.5203325233377859E-008
   545.00000000000000       0.36602712861207432        5.2540428006201317E-008
   546.00000000000000       0.36636277941952561        4.1541270908859088E-008
   547.00000000000000       0.36669812299492344        3.2097660212215884E-008
   548.00000000000000       0.36703316018038479        2.4106488016722764E-008
   549.00000000000000       0.36736789181418672        1.7469542129227912E-008
   550.00000000000000       0.36770231873079068        1.2093321574765063E-008
   551.00000000000000       0.36803644176086692        7.8888576285036261E-009
   552.00000000000000       0.36837026173131837        4.7715402530814880E-009
   553.00000000000000       0.36870377946530464        2.6609498268822035E-009
   554.00000000000000       0.36903699578226568        1.4806940490557758E-009
   555.00000000000000       0.36936991149794540        1.1582499076503315E-009
   556.00000000000000       0.36970252742441456        1.6248105977116849E-009
   557.00000000000000       0.37003484437009443        2.8151372769957852E-009
   558.00000000000000       0.37036686313977923        4.6674155476581456E-009
   559.00000000000000       0.37069858453465937        7.1231165532232749E-009
   560.00000000000000       0.37103000935234337        1.0126862581057406E-008
   561.00000000000000       0.37136113838688073        1.3626297061673471E-008
   562.00000000000000       0.37169197242878405        1.7571958857264295E-008
   563.00000000000000       0.37202251226505095        2.1917160733107732E-008
   564.00000000000000       0.37235275867918582        2.6617871906672076E-008
   565.00000000000000       0.37268271245122170        3.1632604570651512E-008
   566.00000000000000       0.37301237435774159        3.6922304287405243E-008
   567.00000000000000       0.37334174517190011        4.2450244153807357E-008
   568.00000000000000       0.37367082566344406        4.8181922636791173E-008
   569.00000000000000       0.37399961659873393        5.4084964981666915E-008
   570.00000000000000       0.37432811874076466        6.0129028096350042E-008
   571.00000000000000       0.37465633284918592        6.6285708816630620E-008
   572.00000000000000       0.37498425968032312        7.2528455459015541E-008
   573.00000000000000       0.37531189998719727        7.8832482569056972E-008
   574.00000000000000       0.37563925451954566        8.5174688775168475E-008
   575.00000000000000       0.37596632402384123        9.1533577659073019E-008
   576.00000000000000       0.37629310924331311        9.7889181556071100E-008
   577.00000000000000       0.37661961091796586        1.0422298819958276E-007
   578.00000000000000       0.37694582978459917        1.1051787012646563E-007
   579.00000000000000       0.37727176657682721        1.1675801676107039E-007
   580.00000000000000       0.37759742202509805        1.2292886909747740E-007
   581.00000000000000       0.37792279685671248        1.2901705690163072E-007
   582.00000000000000       0.37824789179584334        1.3501033835585495E-007
   583.00000000000000       0.37857270756355377        1.4089754207084009E-007
   584.00000000000000       0.37889724487781640        1.4666851139111561E-007
   585.00000000000000       0.37922150445353175        1.5231405092204941E-007
   586.00000000000000       0.37954548700254626        1.5782587520792525E-007
   587.00000000000000       0.37986919323367085        1.6319655949232251E-007
   588.00000000000000       0.38019262385269914        1.6841949249356595E-007
   589.00000000000000       0.38051577956242499        1.7348883112966893E-007
   590.00000000000000       0.38083866106266051        1.7839945712883622E-007
   591.00000000000000       0.38116126905025383        1.8314693546293601E-007
   592.00000000000000       0.38148360421910660        1.8772747454321162E-007
   593.00000000000000       0.38180566726019138        1.9213788811875102E-007
   594.00000000000000       0.38212745886156885        1.9637555881995483E-007
   595.00000000000000       0.38244897970840502        2.0043840329061488E-007
   596.00000000000000       0.38277023048298831        2.0432483885374094E-007
   597.00000000000000       0.38309121186474637        2.0803375165766329E-007
   598.00000000000000       0.38341192453026285        2.1156446625053532E-007
   599.00000000000000       0.38373236915329412        2.1491671653251441E-007
   600.00000000000000       0.38405254640478559        2.1809061803651920E-007
   601.00000000000000       0.38437245695288835        2.2108664148964528E-007
   602.00000000000000       0.38469210146297517        2.2390558760890041E-007
   603.00000000000000       0.38501148059765694        2.2654856308585820E-007
   604.00000000000000       0.38533059501679851        2.2901695771653762E-007
   605.00000000000000       0.38564944537753454        2.3131242263382186E-007
   606.00000000000000       0.38596803233428539        2.3343684960097388E-007
   607.00000000000000       0.38628635653877291        2.3539235132627510E-007
   608.00000000000000       0.38660441864003570        2.3718124275961808E-007
   609.00000000000000       0.38692221928444481        2.3880602333344969E-007
   610.00000000000000       0.38723975911571890        2.4026936011132594E-007
   611.00000000000000       0.38755703877493952        2.4157407180861398E-007
   612.00000000000000       0.38787405890056631        2.4272311365088453E-007
   613.00000000000000       0.38819082012845174        2.4371956303672747E-007
   614.00000000000000       0.38850732309185626        2.4456660597263697E-007
   615.00000000000000       0.38882356842146287        2.4526752424869543E-007
   616.00000000000000       0.38913955674539180        2.4582568332493082E-007
   617.00000000000000       0.38945528868921525        2.4624452089884452E-007
   618.00000000000000       0.38977076487597168        2.4652753612603737E-007
   619.00000000000000       0.39008598592618010        2.4667827946632741E-007
   620.00000000000000       0.39040095245785450        2.4670034312904640E-007
   621.00000000000000       0.39071566508651784        2.4659735209179061E-007
   622.00000000000000       0.39103012442521606        2.4637295566805190E-007
   623.00000000000000       0.39134433108453226        2.4603081959964792E-007
   624.00000000000000       0.39165828567260003        2.4557461865111070E-007
   625.00000000000000       0.39197198879511785        2.4500802968359777E-007
   626.00000000000000       0.39228544105536212        2.4433472518688994E-007
   627.00000000000000       0.39259864305420106        2.4355836724881799E-007
   628.00000000000000       0.39291159539010806        2.4268260194206963E-007
   629.00000000000000       0.39322429865917491        2.4171105410904816E-007
   630.00000000000000       0.39353675345512518        2.4064732252633135E-007
   631.00000000000000       0.39384896036932737        2.3949497543074323E-007
   632.00000000000000       0.39416091999080777        2.3825754638984862E-007
   633.00000000000000       0.39447263290626383        2.3693853050015976E-007
   634.00000000000000       0.39478409970007655        2.3554138089728141E-007
   635.00000000000000       0.39509532095432359        2.3406950556234881E-007
   636.00000000000000       0.39540629724879189        2.3252626441021859E-007
   637.00000000000000       0.39571702916099022        2.3091496664498537E-007
   638.00000000000000       0.39602751726616170        2.2923886836927789E-007
   639.00000000000000       0.39633776213729621        2.2750117043410275E-007
   640.00000000000000       0.39664776434514287        2.2570501651666117E-007
   641.00000000000000       0.39695752445822208        2.2385349141399571E-007
   642.00000000000000       0.39726704304283789        2.2194961954078868E-007
   643.00000000000000       0.39757632066308979        2.1999636362019639E-007
   644.00000000000000       0.39788535788088503        2.1799662355695296E-007
   645.00000000000000       0.39819415525595048        2.1595323548252823E-007
   646.00000000000000       0.39850271334584408        2.1386897096235920E-007
   647.00000000000000       0.39881103270596713        2.1174653635587444E-007
   648.00000000000000       0.39911911388957555        2.0958857232014324E-007
   649.00000000000000       0.39942695744779172        2.0739765344855127E-007
   650.00000000000000       0.39973456392961565        2.0517628803619761E-007
   651.00000000000000       0.40004193388193693        2.0292691796409469E-007
   652.00000000000000       0.40034906784954549        2.0065191869457571E-007
   653.00000000000000       0.40065596637514334        1.9835359937066289E-007
   654.00000000000000       0.40096262999935539        1.9603420301251974E-007
   655.00000000000000       0.40126905926074086        1.9369590680430942E-007
   656.00000000000000       0.40157525469580418        1.9134082246518201E-007
   657.00000000000000       0.40188121683900579        1.8897099669840401E-007
   658.00000000000000       0.40218694622277334        1.8658841171279843E-007
   659.00000000000000       0.40249244337751233        1.8419498581117260E-007
   660.00000000000000       0.40279770883161686        1.8179257404037230E-007
   661.00000000000000       0.40310274311148020        1.7938296889806070E-007
   662.00000000000000       0.40340754674150553        1.7696790109158272E-007
   663.00000000000000       0.40371212024411651        1.7454904034428427E-007
   664.00000000000000       0.40401646413976744        1.7212799624514616E-007
   665.00000000000000       0.40432057894695389        1.6970631913759962E-007
   666.00000000000000       0.40462446518222300        1.6728550104373577E-007
   667.00000000000000       0.40492812336018347        1.6486697662025309E-007
   668.00000000000000       0.40523155399351612        1.6245212414264250E-007
   669.00000000000000       0.40553475759298363        1.6004226651443740E-007
   670.00000000000000       0.40583773466744066        1.5763867229831439E-007
   671.00000000000000       0.40614048572384409        1.5524255676622917E-007
   672.00000000000000       0.40644301126726240        1.5285508296574880E-007
   673.00000000000000       0.40674531180088602        1.5047736280000350E-007
   674.00000000000000       0.40704738782603678        1.4811045811880141E-007
   675.00000000000000       0.40734923984217769        1.4575538181856047E-007
   676.00000000000000       0.40765086834692255        1.4341309894892558E-007
   677.00000000000000       0.40795227383604565        1.4108452782397507E-007
   678.00000000000000       0.40825345680349112        1.3877054113610969E-007
   679.00000000000000       0.40855441774138240        1.3647196707084440E-007
   680.00000000000000       0.40885515714003168        1.3418959042076402E-007
   681.00000000000000       0.40915567548794918        1.3192415369711371E-007
   682.00000000000000       0.40945597327185246        1.2967635823750995E-007
   683.00000000000000       0.40975605097667561        1.2744686530842844E-007
   684.00000000000000       0.41005590908557821        1.2523629720117320E-007
   685.00000000000000       0.41035554807995467        1.2304523832013141E-007
   686.00000000000000       0.41065496843944310        1.2087423626223675E-007
   687.00000000000000       0.41095417064193424        1.1872380288661379E-007
   688.00000000000000       0.41125315516358046        1.1659441537343821E-007
   689.00000000000000       0.41155192247880457        1.1448651727120893E-007
   690.00000000000000       0.41185047306030864        1.1240051953156972E-007
   691.00000000000000       0.41214880737908244        1.1033680617187568E-007
   692.00000000000000       0.41244692590441256        1.0829571670698866E-007
   693.00000000000000       0.41274482910389076        1.0627757502402895E-007
   694.00000000000000       0.41304251744342252        1.0428266716608754E-007
   695.00000000000000       0.41333999138723559        1.0231126535418283E-007
   696.00000000000000       0.41363725139788848        1.0036360129819159E-007
   697.00000000000000       0.41393429793627878        9.8439885567970895E-008
   698.00000000000000       0.41423113146165147        9.6540303894201370E-008
   699.00000000000000       0.41452775243160739        9.4665018066035383E-008
   700.00000000000000       0.41482416130211119        9.2814166811636082E-008
   701.00000000000000       0.41512035852749984        9.0987866661405741E-008
   702.00000000000000       0.41541634456049031        8.9186212793747061E-008
   703.00000000000000       0.41571211985218809        8.7409279863170042E-008
   704.00000000000000       0.41600768485209499        8.5657122810726379E-008
   705.00000000000000       0.41630304000811713        8.3929777656627521E-008
   706.00000000000000       0.41659818576657293        8.2227262275032243E-008
   707.00000000000000       0.41689312257220074        8.0549577151013286E-008
   708.00000000000000       0.41718785086816701        7.8896706119662714E-008
   709.00000000000000       0.41748237109607395        7.7268617087424827E-008
   710.00000000000000       0.41777668369596693        7.5665262735691506E-008
   711.00000000000000       0.41807078910634260        7.4086581206733329E-008
   712.00000000000000       0.41836468776415631        7.2532496772082393E-008
   713.00000000000000       0.41865838010482959        7.1002920483478298E-008
   714.00000000000000       0.41895186656225791        6.9497750806513456E-008
   715.00000000000000       0.41924514756881798        6.8016874237125509E-008
   716.00000000000000       0.41953822355537523        6.6560165901101930E-008
   717.00000000000000       0.41983109495129106        6.5127490136786241E-008
   718.00000000000000       0.42012376218443059        6.3718701061158257E-008
   719.00000000000000       0.42041622568116943        6.2333643119501456E-008
   720.00000000000000       0.42070848586640130        6.0972151618882271E-008
   721.00000000000000       0.42100054316354507        5.9634053245625126E-008
   722.00000000000000       0.42129239799455198        5.8319166567057523E-008
   723.00000000000000       0.42158405077991268        5.7027302517733949E-008
   724.00000000000000       0.42187550193866435        5.5758264870387346E-008
   725.00000000000000       0.42216675188839775        5.4511850691868413E-008
   726.00000000000000       0.42245780104526415        5.3287850784320804E-008
   727.00000000000000       0.42274864982398230        5.2086050111845708E-008
   728.00000000000000       0.42303929863784523        5.0906228212936691E-008
   729.00000000000000       0.42332974789872729        4.9748159598938894E-008
   730.00000000000000       0.42361999801709077        4.8611614138802364E-008
   731.00000000000000       0.42391004940199284        4.7496357430411119E-008
   732.00000000000000       0.42419990246109202        4.6402151158755580E-008
   733.00000000000000       0.42448955760065521        4.5328753441222691E-008
   734.00000000000000       0.42477901522556405        4.4275919160281718E-008
   735.00000000000000       0.42506827573932165        4.3243400283844983E-008
   736.00000000000000       0.42535733954405908        4.2230946173572740E-008
   737.00000000000000       0.42564620704054201        4.1238303881407141E-008
   738.00000000000000       0.42593487862817714        4.0265218434601779E-008
   739.00000000000000       0.42622335470501849        3.9311433109523679E-008
   740.00000000000000       0.42651163566777400        3.8376689694508740E-008
   741.00000000000000       0.42679972191181192        3.7460728742025174E-008
   742.00000000000000       0.42708761383116695        3.6563289810429097E-008
   743.00000000000000       0.42737531181854665        3.5684111695571276E-008
   744.00000000000000       0.42766281626533770        3.4822932652521431E-008
   745.00000000000000       0.42795012756161199        3.3979490607674651E-008
   746.00000000000000       0.42823724609613301        3.3153523361491980E-008
   747.00000000000000       0.42852417225636175        3.2344768782138532E-008
   748.00000000000000       0.42881090642846292        3.1552964990270202E-008
   749.00000000000000       0.42909744899731106        3.0777850535215719E-008
   750.00000000000000       0.42938380034649654        3.0019164562801968E-008
   751.00000000000000       0.42966996085833131        2.9276646975070406E-008
   752.00000000000000       0.42995593091385537        2.8550038582111789E-008
   753.00000000000000       0.43024171089284213        2.7839081246269203E-008
   754.00000000000000       0.43052730117380478        2.7143518018925565E-008
   755.00000000000000       0.43081270213400158        2.6463093270122460E-008
   756.00000000000000       0.43109791414944237        2.5797552811209194E-008
   757.00000000000000       0.43138293759489377        2.5146644010767019E-008
   758.00000000000000       0.43166777284388508        2.4510115904006001E-008
   759.00000000000000       0.43195242026871428        2.3887719295853129E-008
   760.00000000000000       0.43223688024045331        2.3279206857942863E-008
   761.00000000000000       0.43252115312895389        2.2684333219702526E-008
   762.00000000000000       0.43280523930285314        2.2102855053743340E-008
   763.00000000000000       0.43308913912957914        2.1534531155743809E-008
   764.00000000000000       0.43337285297535649        2.0979122519018861E-008
   765.00000000000000       0.43365638120521183        2.0436392403965191E-008
   766.00000000000000       0.43393972418297910        1.9906106402555585E-008
   767.00000000000000       0.43422288227130545        1.9388032498071065E-008
   768.00000000000000       0.43450585583165618        1.8881941120239084E-008
   769.00000000000000       0.43478864522432042        1.8387605195945897E-008
   770.00000000000000       0.43507125080841641        1.7904800195696387E-008
   771.00000000000000       0.43535367294189670        1.7433304175974803E-008
   772.00000000000000       0.43563591198155371        1.6972897817670169E-008
   773.00000000000000       0.43591796828302454        1.6523364460717570E-008
   774.00000000000000       0.43619984220079672        1.6084490135102775E-008
   775.00000000000000       0.43648153408821316        1.5656063588384368E-008
   776.00000000000000       0.43676304429747714        1.5237876309863635E-008
   777.00000000000000       0.43704437317965777        1.4829722551551787E-008
   778.00000000000000       0.43732552108469497        1.4431399346059728E-008
   779.00000000000000       0.43760648836140442        1.4042706521548418E-008
   780.00000000000000       0.43788727535748284        1.3663446713862045E-008
   781.00000000000000       0.43816788241951277        1.3293425375968708E-008
   782.00000000000000       0.43844830989296785        1.2932450784830829E-008
   783.00000000000000       0.43872855812221750        1.2580334045817469E-008
   784.00000000000000       0.43900862745053199        1.2236889094775029E-008
   785.00000000000000       0.43928851822008730        1.1901932697864926E-008
   786.00000000000000       0.43956823077197010        1.1575284449274046E-008
   787.00000000000000       0.43984776544618254        1.1256766766900028E-008
   788.00000000000000       0.44012712258164682        1.0946204886114931E-008
   789.00000000000000       0.44040630251621055        1.0643426851698593E-008
   790.00000000000000       0.44068530558665098        1.0348263508039963E-008
   791.00000000000000       0.44096413212868002        1.0060548487693897E-008
   792.00000000000000       0.44124278247694881        9.7801181983833882E-009
   793.00000000000000       0.44152125696505257        9.5068118085298434E-009
   794.00000000000000       0.44179955592553505        9.2404712313939411E-009
   795.00000000000000       0.44207767968989342        8.9809411079079647E-009
   796.00000000000000       0.44235562858858252        8.7280687882731821E-009
   797.00000000000000       0.44263340295101994        8.4817043123978470E-009
   798.00000000000000       0.44291100310559006        8.2417003892470631E-009
   799.00000000000000       0.44318842937964886        8.0079123751724004E-009
   800.00000000000000       0.44346568209952841        7.7801982512875252E-009
   801.00000000000000       0.44374276159054132        7.5584185999545183E-009
   802.00000000000000       0.44401966817698513        7.3424365804418329E-009
   803.00000000000000       0.44429640218214683        7.1321179038126600E-009
   804.00000000000000       0.44457296392830725        6.9273308071011025E-009
   805.00000000000000       0.44484935373674533        6.7279460268319359E-009
   806.00000000000000       0.44512557192774266        6.5338367719339306E-009
   807.00000000000000       0.44540161882058754        6.3448786961005450E-009
   808.00000000000000       0.44567749473357970        6.1609498696447474E-009
   809.00000000000000       0.44595319998403415        5.9819307508948271E-009
   810.00000000000000       0.44622873488828574        5.8077041571765427E-009
   811.00000000000000       0.44650409976169309        5.6381552354246066E-009
   812.00000000000000       0.44677929491864321        5.4731714324632206E-009
   813.00000000000000       0.44705432067255541        5.3126424649977452E-009
   814.00000000000000       0.44732917733588540        5.1564602893526059E-009
   815.00000000000000       0.44760386522012963        5.0045190709936269E-009
   816.00000000000000       0.44787838463582941        4.8567151538672756E-009
   817.00000000000000       0.44815273589257493        4.7129470295923486E-009
   818.00000000000000       0.44842691929900907        4.5731153065330421E-009
   819.00000000000000       0.44870093516283199        4.4371226787851472E-009
   820.00000000000000       0.44897478379080485        4.3048738951036059E-009
   821.00000000000000       0.44924846548875380        4.1762757277982141E-009
   822.00000000000000       0.44952198056157383        4.0512369416244634E-009
   823.00000000000000       0.44979532931323329        3.9296682626927014E-009
   824.00000000000000       0.45006851204677711        3.8114823474212877E-009
   825.00000000000000       0.45034152906433134        3.6965937515534319E-009
   826.00000000000000       0.45061438066710652        3.5849188992612811E-009
   827.00000000000000       0.45088706715540200        3.4763760523554761E-009
   828.00000000000000       0.45115958882860951        3.3708852796201068E-009
   829.00000000000000       0.45143194598521713        3.2683684262907887E-009
   830.00000000000000       0.45170413892281303        3.1687490836926003E-009
   831.00000000000000       0.45197616793808937        3.0719525590537361E-009
   832.00000000000000       0.45224803332684599        2.9779058455102853E-009
   833.00000000000000       0.45251973538399404        2.8865375923162096E-009
   834.00000000000000       0.45279127440355998        2.7977780752711412E-009
   835.00000000000000       0.45306265067868923        2.7115591673789644E-009
   836.00000000000000       0.45333386450164959        2.6278143097490783E-009
   837.00000000000000       0.45360491616383525        2.5464784827503134E-009
   838.00000000000000       0.45387580595577021        2.4674881774281750E-009
   839.00000000000000       0.45414653416711215        2.3907813671947803E-009
   840.00000000000000       0.45441710108665584        2.3162974798000282E-009
   841.00000000000000       0.45468750700233668        2.2439773695918025E-009
   842.00000000000000       0.45495775220123458        2.1737632900732226E-009
   843.00000000000000       0.45522783696957725        2.1055988667629784E-009
   844.00000000000000       0.45549776159274369        2.0394290703656730E-009
   845.00000000000000       0.45576752635526807        1.9752001902568720E-009
   846.00000000000000       0.45603713154084280        1.9128598082892024E-009
   847.00000000000000       0.45630657743232234        1.8523567729226649E-009
   848.00000000000000       0.45657586431172636        1.7936411736846842E-009
   849.00000000000000       0.45684499246024352        1.7366643159620404E-009
   850.00000000000000       0.45711396215823463        1.6813786961290892E-009
   851.00000000000000       0.45738277368523617        1.6277379770144244E-009
   852.00000000000000       0.45765142731996367        1.5756969637081144E-009
   853.00000000000000       0.45791992334031500        1.5252115797119554E-009
   854.00000000000000       0.45818826202337398        1.4762388434337753E-009
   855.00000000000000       0.45845644364541327        1.4287368450275148E-009
   856.00000000000000       0.45872446848189818        1.3826647235792800E-009
   857.00000000000000       0.45899233680748958        1.3379826446405591E-009
   858.00000000000000       0.45926004889604755        1.2946517781082927E-009
   859.00000000000000       0.45952760502063417        1.2526342764520450E-009
   860.00000000000000       0.45979500545351726        1.2118932532877613E-009
   861.00000000000000       0.46006225046617327        1.1723927622975763E-009
   862.00000000000000       0.46032934032929074        1.1340977764947159E-009
   863.00000000000000       0.46059627531277320        1.0969741678324861E-009
   864.00000000000000       0.46086305568574271        1.0609886871559087E-009
   865.00000000000000       0.46112968171654267        1.0261089444947017E-009
   866.00000000000000       0.46139615367274139        9.9230338969533178E-010
   867.00000000000000       0.46166247182113468        9.5954129339104381E-010
   868.00000000000000       0.46192863642774951        9.2779272830689552E-010
   869.00000000000000       0.46219464775784669        8.9702855089807734E-010
   870.00000000000000       0.46246050607592426        8.6722038331899993E-010
   871.00000000000000       0.46272621164572036        8.3834059572037245E-010
   872.00000000000000       0.46299176473021630        8.1036228887183436E-010
   873.00000000000000       0.46325716559163982        7.8325927710709312E-010
   874.00000000000000       0.46352241449146769        7.5700607158875952E-010
   875.00000000000000       0.46378751169042920        7.3157786388973044E-010
   876.00000000000000       0.46405245744850870        7.0695050988805591E-010
   877.00000000000000       0.46431725202494900        6.8310051397187681E-010
   878.00000000000000       0.46458189567825392        6.6000501355126388E-010
   879.00000000000000       0.46484638866619149        6.3764176387344255E-010
   880.00000000000000       0.46511073124579694        6.1598912313788429E-010
   881.00000000000000       0.46537492367337541        5.9502603790785478E-010
   882.00000000000000       0.46563896620450484        5.7473202881458130E-010
   883.00000000000000       0.46590285909403900        5.5508717655059961E-010
   884.00000000000000       0.46616660259611048        5.3607210814835235E-010
   885.00000000000000       0.46643019696413307        5.1766798354047574E-010
   886.00000000000000       0.46669364245080519        4.9985648239780800E-010
   887.00000000000000       0.46695693930811216        4.8261979124148036E-010
   888.00000000000000       0.46722008778732960        4.6594059082496841E-010
   889.00000000000000       0.46748308813902562        4.4980204378258034E-010
   890.00000000000000       0.46774594061306396        4.3418778254017241E-010
   891.00000000000000       0.46800864545860688        4.1908189748432631E-010
   892.00000000000000       0.46827120292411745        4.0446892538617425E-010
   893.00000000000000       0.46853361325736276        3.9033383807569891E-010
   894.00000000000000       0.46879587670541639        3.7666203136285245E-010
   895.00000000000000       0.46905799351466121        3.6343931420135602E-010
   896.00000000000000       0.46931996393079206        3.5065189809141945E-010
   897.00000000000000       0.46958178819881846        3.3828638671742646E-010
   898.00000000000000       0.46984346656306714        3.2632976581658979E-010
   899.00000000000000       0.47010499926718496        3.1476939327488261E-010
   900.00000000000000       0.47036638655414142        3.0359298944616579E-010
   901.00000000000000       0.47062762866623115        2.9278862769087008E-010
   902.00000000000000       0.47088872584507685        2.8234472513017004E-010
   903.00000000000000       0.47114967833163168        2.7225003361209254E-010
   904.00000000000000       0.47141048636618171        2.6249363088558973E-010
   905.00000000000000       0.47167115018834888        2.5306491197883580E-010
   906.00000000000000       0.47193167003709335        2.4395358077816142E-010
   907.00000000000000       0.47219204615071608        2.3514964180374964E-010
   908.00000000000000       0.47245227876686124        2.2664339217856394E-010
   909.00000000000000       0.47271236812251904        2.1842541378674616E-010
   910.00000000000000       0.47297231445402804        2.1048656561801837E-010
   911.00000000000000       0.47323211799707759        2.0281797629441366E-010
   912.00000000000000       0.47349177898671058        1.9541103677587856E-010
   913.00000000000000       0.47375129765732565        1.8825739324120989E-010
   914.00000000000000       0.47401067424267990        1.8134894014090206E-010
   915.00000000000000       0.47426990897589105        1.7467781341847676E-010
   916.00000000000000       0.47452900208944021        1.6823638389694546E-010
   917.00000000000000       0.47478795381517419        1.6201725082702518E-010
   918.00000000000000       0.47504676438430776        1.5601323559388794E-010
   919.00000000000000       0.47530543402742620        1.5021737557912728E-010
   920.00000000000000       0.47556396297448777        1.4462291817477089E-010
   921.00000000000000       0.47582235145482599        1.3922331494619104E-010
   922.00000000000000       0.47608059969715211        1.3401221594076089E-010
   923.00000000000000       0.47633870792955718        1.2898346413921030E-010
   924.00000000000000       0.47659667637951481        1.2413109004661854E-010
   925.00000000000000       0.47685450527388329        1.1944930642010281E-010
   926.00000000000000       0.47711219483890788        1.1493250313024062E-010
   927.00000000000000       0.47736974530022319        1.1057524215329358E-010
   928.00000000000000       0.47762715688285562        1.0637225269144747E-010
   929.00000000000000       0.47788442981122536        1.0231842641821856E-010
   930.00000000000000       0.47814156430914889        9.8408812846265283E-011
   931.00000000000000       0.47839856059984126        9.4638614814910044E-011
   932.00000000000000       0.47865541890591812        9.1003184094673379E-011
   933.00000000000000       0.47891213944939837        8.7498017106214341E-011
   934.00000000000000       0.47916872245170594        8.4118750751080983E-011
   935.00000000000000       0.47942516813367231        8.0861158351725173E-011
   936.00000000000000       0.47968147671553879        7.7721145698310176E-011
   937.00000000000000       0.47993764841695841        7.4694747199839608E-011
   938.00000000000000       0.48019368345699842        7.1778122137200957E-011
   939.00000000000000       0.48044958205414223        6.8967551015766202E-011
   940.00000000000000       0.48070534442629198        6.6259432015232512E-011
   941.00000000000000       0.48096097079077005        6.3650277534412268E-011
   942.00000000000000       0.48121646136432195        6.1136710828736639E-011
   943.00000000000000       0.48147181636311792        5.8715462738290346E-011
   944.00000000000000       0.48172703600275540        5.6383368504217354E-011
   945.00000000000000       0.48198212049826078        5.4137364671384650E-011
   946.00000000000000       0.48223707006409200        5.1974486075221085E-011
   947.00000000000000       0.48249188491414025        4.9891862910742454E-011
   948.00000000000000       0.48274656526173232        4.7886717881717264E-011
   949.00000000000000       0.48300111131963247        4.5956363428063534E-011
   950.00000000000000       0.48325552330004462        4.4098199029545647E-011
   951.00000000000000       0.48350980141461453        4.2309708583901889E-011
   952.00000000000000       0.48376394587443161        4.0588457857571946E-011
   953.00000000000000       0.48401795689003108        3.8932092007216383E-011
   954.00000000000000       0.48427183467139606        3.7338333170277453E-011
   955.00000000000000       0.48452557942795960        3.5804978122856548E-011
   956.00000000000000       0.48477919136860648        3.4329896003210389E-011
   957.00000000000000       0.48503267070167549        3.2911026099229747E-011
   958.00000000000000       0.48528601763496132        3.1546375698268693E-011
   959.00000000000000       0.48553923237571645        3.0234017997755822E-011
   960.00000000000000       0.48579231513065330        2.8972090075020818E-011
   961.00000000000000       0.48604526610594612        2.7758790914850250E-011
   962.00000000000000       0.48629808550723286        2.6592379493257689E-011
   963.00000000000000       0.48655077353961734        2.5471172916045577E-011
   964.00000000000000       0.48680333040767088        2.4393544610729974E-011
   965.00000000000000       0.48705575631543457        2.3357922570445325E-011
   966.00000000000000       0.48730805146642092        2.2362787648470924E-011
   967.00000000000000       0.48756021606361605        2.1406671902067132E-011
   968.00000000000000       0.48781225030948122        2.0488156984311147E-011
   969.00000000000000       0.48806415440595508        1.9605872582686508E-011
   970.00000000000000       0.48831592855445538        1.8758494903165994E-011
   971.00000000000000       0.48856757295588088        1.7944745198614115E-011
   972.00000000000000       0.48881908781061317        1.7163388340298381E-011
