 =================================================================================
 Welcome to our modern Fortran implementation of the WIMP-nucleon scattering code.
 Based on the Mathematica script described in arXiv:1308.6288 (2003).
   VERSION 1.8 UPDATED: 2021.09.15 @ SDSU
   Developer contacts:
             cjohnson@sdsu.edu
              ogorton@sdsu.edu
 =================================================================================
 
 Select an option:
 [er] Event rate per unit recoil energy (spectra)
 [cs] Differential cross section per recoil energy
 [tp] Scattering probability
 [te] Total scattering events per detector (does not produce spectra data)
 [wd] Nuclear response function
 [ws] Nuclear response spectra
 
  
 Enter the target proton number 
  
 Enter the target neutron number 
 Setting default parameter values.
  
 Enter name of control file (.control):
 %%%%%%%%%%%%%%%%%%%%%%%%%%%%%%%%%%%%%%%%%%%%%%%%%%%%%%%%%%%%%%%%%%%%%%%%%%%%%%%
 Reading control file.
 wimpmass: Set dark matter particle mass to   150.00000000000000     
 usemomentum: Set to use momentum transfer instead of recoil energy
 End of control file.
 
 Converting EFT coefficients isospin <=> proton-neutron formalism.
 Normalizing EFT coefficients.
  
  Enter name of one-body density file (.dres) 
 ../dres/xe131gcn.dres
 Valence Z, N:
           4          -5
 Looking for orbitals.
 Found single particle state quantum numbers.
 Valence orbitals:
 ORBIT      N      L      2 x J
           1           0           4           7
           2           1           2           5
           3           1           2           3
           4           2           0           1
           5           0           5          11
 Number of valence orbitals:
           5
 Max. valence occupancy:
          32
 Corrected valence particles Z, N:
           4          27
 Inert core inferred from valence particles:
 Sn-100 core.
 Number of core orbitals:
          11
 Core orbitals:
 ORBIT      N      L      2 x J
           6           0           0           1
           7           0           1           3
           8           0           1           1
           9           1           0           1
          10           0           2           5
          11           0           2           3
          12           0           3           7
          13           1           1           3
          14           0           3           5
          15           1           1           1
          16           0           4           9
 Density matrix allocated, size:        5632
 Density matrix is in explicit proton-neutron format.
 Density matrix is in explicit proton-neutron format.
 Density matrix is in explicit proton-neutron format.
 Density matrix is in explicit proton-neutron format.
 Filling core orbitals.
 Orbital           6   3.16227770    
 Orbital           7   4.47213602    
 Orbital           8   3.16227770    
 Orbital           9   3.16227770    
 Orbital          10   5.47722578    
 Orbital          11   4.47213602    
 Orbital          12   6.32455540    
 Orbital          13   4.47213602    
 Orbital          14   5.47722578    
 Orbital          15   3.16227770    
 Orbital          16   7.07106781    
 %%%%%%%%%%%%%%%%%%%%%%%%%%%%%%%%%%%%%%%%%%%%%%%%%%%%%%%%%%%%%%%%%%%%%%%%%%%%%%%
 Control file settings used:
wimpmass                      150.0000000000
usemomentum                     1.0000000000
 
 Parameters used in this calculation:
femtometer =                   5.067700
GeV =                          1.000000
kev =                          0.000001
b (fm)                         2.292342
b (1/GeV)                     11.616901
Nucleon mass (GeV)             0.938272
WIMP spin                      0.500000
WIMP mass (GeV)              150.000000
Target J                      4
Target T                     24
Target Mt                    23
Target Z,N                   54  77
Target atomic mass           131.000000
System reduced mass           67.556335
Target mass density (1/GeV)    0.008136
Local WIMP density (GeV/cm^3)  0.300000
v0 (km/s)                    220.000000
ve (km/s)                    232.000000
v escape (km/s)                  2784.000000
 
 EFT coupling coefficients:
i          p           n           s           v
 %%%%%%%%%%%%%%%%%%%%%%%%%%%%%%%%%%%%%%%%%%%%%%%%%%%%%%%%%%%%%%%%%%%%%%%%%%%%%%%
--------------------------------------------------------------------------------
 Generating Wigner six-J look-up table
min Jx2:   -2
max Jx2:   12
--------------------------------------------------------------------------------
 Table max 2J:          12
 Jx2=           0
 Jx2=           2
 Jx2=           6
 Jx2=           4
 Jx2=          -2
 Jx2=          12
 Jx2=           8
 Jx2=          10
 Jx2=           1
 Jx2=           3
 Jx2=          -1
 Jx2=           5
 Jx2=           7
 Jx2=           9
 Jx2=          11
 Tables have been saved to memory. Mem. used (MB):   38.6144714    
 Time:   8.91119987E-02
 What is the range of transfer momenta?
 Enter starting momentum, stopping momentum, setp size:
 q min  (gec/c)   1.0000000000000000E-003
 q max  (gev/c)   10.000000000000000     
 q step (gev/c)   1.0000000000000000E-003
 Compute time (s)   13.5463018    
 6-J Table Lookup min/max requested:          -2          12
