 %%%%%%%%%%%%%%%%%%%%%%%%%%%%%%%%%%%%%%%%%%%%%%%%%%%%%%%%%%%%%%%%%%%%%%%%%%%%%%%
 Welcome to our FORTAN 90 implementation of the WIMP-nucleon scattering code.
 Based on the Mathematica script described in arXiv:1308.6288 (2003).
   VERSION 1.4 UPDATED: 2021.01.15 @ SDSU
   Dev. contact: cjohnson@sdsu.edu
                  ogorton@sdsu.edu
 %%%%%%%%%%%%%%%%%%%%%%%%%%%%%%%%%%%%%%%%%%%%%%%%%%%%%%%%%%%%%%%%%%%%%%%%%%%%%%%
 
 Select an option:
 [1] Event rate per unit recoil energy (spectra)
 [2] (*) Scattering probability
 [3] (*) Differential cross section per recoil energy
 [4] (*) Total cross section
 [5] Total scattering events per detector (does not produce spectra data)
  
 (*) Not available in this release.
  
 Enter the target proton number 
  
 Enter the target neutron number 
 Setting default parameter values.
  
 Enter name of control file (.control):
 %%%%%%%%%%%%%%%%%%%%%%%%%%%%%%%%%%%%%%%%%%%%%%%%%%%%%%%%%%%%%%%%%%%%%%%%%%%%%%%
 Reading control file.
 Possible keywords:
 coefnonrel
 vearth
 dmdens
 quadtype
 intpoints
 gev
 femtometer
 wimpmass
 vescape
 ntarget
 weakmscale
 vscale
 mnucleon
 dmspin
 
 # Coefficient matrix (non-relativistic)
 # Ommitted values are assumed to be 0.0.
 # c_i^t
 # i = 1,...,16
 # t = 0 protons, 1 neutrons
 #control name	 t	i	c_i^t
 p           1   1.0000000000000000     
 wimpmass: Set dark matter particle mass to   500.00000000000000     
 vearth: Set velocity of earth in galactic frame set to   232.00000000000000     
 maxwellv0: Set velocity distribution scaling to   220.00000000000000     
 Invalid keyword "#vescape". Ignoring.
 dmdens: Set local dark matter density to  0.29999999999999999     
 intpoints: Set number of integral lattice points to        1000
 ntscale: Set target nuclei mass density scaling to   2500.0000000000000     
 End of control file.
 
 Converting EFT coefficients isospin <=> proton-neutron formalism.
 s           1   1.0000000000000000     
 v           1   1.0000000000000000     
 p           1   1.0000000000000000     
 n           1   0.0000000000000000     
 Normalizing EFT coefficients.
  Enter shell-model space file name (.sps)
 Shell-Model space file name sd             
           1           0           3           2
           2           0           5           2
           3           1           1           0
           4           0           1           1
           5           0           3           1
           6           0           1           0
  
  Enter name of one-body density file (.dres) 
 Density matrix allocated, size:         792
 Filling core orbitals.
 %%%%%%%%%%%%%%%%%%%%%%%%%%%%%%%%%%%%%%%%%%%%%%%%%%%%%%%%%%%%%%%%%%%%%%%%%%%%%%%
 Parameters used in this calculation:
 femtometer =   5.0677000000000003     
 GeV =    1.0000000000000000     
 kev =    9.9999999999999995E-007
 b (dimless)   1.8506093628508005     
 b (fm)   9.3783330681190016     
 Nucleon mass (GeV)  0.93827199999999999     
 WIMP spin  0.50000000000000000     
 WIMP mass (GeV)   500.00000000000000     
 Target J           0
 Target T           0
 Target Mt           0
 Target Z,N          14          14
 Target atomic mass   28.000000000000000     
 System reduced mass   24.960130093734712     
 Target mass density (1/GeV)   3.8063893747533460E-002
 Local WIMP density (GeV/cm^3)  0.29999999999999999     
 v0 (km/s)   220.00000000000000     
 ve (km/s)   232.00000000000000     
 v escape (km/s)   2640.0000000000000     
 Integral lattice size =         1000
 EFT coupling coefficients:
 i    p    n    s    v
i          p           n           s           v
 1  0.3096E-01 0.0000E+00 0.3096E-01 0.3096E-01
 %%%%%%%%%%%%%%%%%%%%%%%%%%%%%%%%%%%%%%%%%%%%%%%%%%%%%%%%%%%%%%%%%%%%%%%%%%%%%%%
 Computing differential event rate spectra
 What is the range of recoil energies in kev?
 Enter starting energy, stoping energy, step size:
 E min  (kev)   1.0000000000000001E-005
 E max  (kev)   1000.0000000000000     
 E step (kev)   1.0000000000000000     
 Number of event rates to compute:        1000
 E-recoil (kev)              q-transfer (gev/c)        Eventrate (events/gev)
   1.0000000000000001E-005   2.2922310529263841E-005   8045872902.1150618     
   1.0000100000000001        7.2487072938779923E-003   7870088380.6561041     
   2.0000100000000001        1.0251194536848864E-002   7697116084.0711718     
   3.0000100000000001        1.2555087472109464E-002   7526958294.3367825     
   4.0000099999999996        1.4497360222892993E-002   7359614370.4892473     
   5.0000099999999996        1.6208537424219373E-002   7195080922.9909544     
   6.0000099999999996        1.7755560183568414E-002   7033351980.5086823     
   7.0000099999999996        1.9178194634331982E-002   6874419149.4108076     
   8.0000099999999996        2.0502350631874385E-002   6718271766.2510805     
   9.0000099999999996        2.1746025232955102E-002   6564897043.4969845     
   10.000010000000000        2.2922321990416241E-002   6414280208.7529593     
   11.000010000000000        2.4041133031376036E-002   6266404637.7209272     
   12.000010000000000        2.5110143556585255E-002   6121251981.1327410     
   13.000010000000000        2.6135465204054052E-002   5978802285.8811169     
   14.000010000000000        2.7122053267264263E-002   5839034110.5693636     
   15.000010000000000        2.8073991619153839E-002   5701924635.6919985     
   16.000010000000000        2.8994693263290783E-002   5567449768.6522045     
   17.000010000000000        2.9887045177339297E-002   5435584243.8145466     
   18.000010000000000        3.0753515269515450E-002   5306301717.7856817     
   19.000010000000000        3.1596232899387233E-002   5179574860.1086359     
   20.000010000000000        3.2417050535672121E-002   5055375439.5503912     
   21.000010000000000        3.3217591686218316E-002   4933674406.1562004     
   22.000010000000000        3.3999288660681123E-002   4814441969.2388115     
   23.000010000000000        3.4763412683916979E-002   4697647671.4641676     
   24.000010000000000        3.5511098172716651E-002   4583260459.1901121     
   25.000010000000000        3.6243362501737056E-002   4471248749.2095394     
   26.000010000000000        3.6961122242598642E-002   4361580492.0434093     
   27.000010000000000        3.7665206616084287E-002   4254223231.9247065     
   28.000010000000000        3.8356368720622133E-002   4149144163.6091328     
   29.000010000000000        3.9035294970479216E-002   4046310186.1435747     
   30.000010000000000        3.9702613080656542E-002   3945687953.7188458     
   31.000010000000000        4.0358898862980885E-002   3847243923.7286963     
   32.000010000000003        4.1004682042814579E-002   3750944402.1526279     
   33.000010000000003        4.1640451263552848E-002   3656755586.3759742     
   34.000010000000003        4.2266658413367866E-002   3564643605.5564780     
   35.000010000000003        4.2883722383117821E-002   3474574558.6427178     
   36.000010000000003        4.3492032344238873E-002   3386514550.1459017     
   37.000010000000003        4.4091950619498797E-002   3300429723.7626877     
   38.000010000000003        4.4683815206764968E-002   3216286293.9433546     
   39.000010000000003        4.5267942005709959E-002   3134050575.4958453     
   40.000010000000003        4.5844626789104961E-002   3053689011.3130612     
   41.000010000000003        4.6414146953620943E-002   2975168198.3073807     
   42.000010000000003        4.6976763079551578E-002   2898454911.6333575     
   43.000010000000003        4.7532720324344163E-002   2823516127.2763000     
   44.000010000000003        4.8082249671082572E-002   2750319043.0816259     
   45.000010000000003        4.8625569049958892E-002   2678831098.2969828     
   46.000010000000003        4.9162884348177949E-002   2609019991.6963725     
   47.000010000000003        4.9694390321567687E-002   2540853698.3527303     
   48.000010000000003        5.0220271419341420E-002   2474300485.1230636     
   49.000010000000003        5.0740702531915344E-002   2409328924.9074244     
   50.000010000000003        5.1255849670377329E-002   2345907909.7410007     
   51.000010000000003        5.1765870585090329E-002   2284006662.7757592     
   52.000010000000003        5.2270915329964522E-002   2223594749.2063723     
   53.000010000000003        5.2771126778119112E-002   2164642086.1925192     
   54.000010000000003        5.3266641093955978E-002   2107118951.8278286     
   55.000010000000003        5.3757588166065635E-002   2050995993.2036996     
   56.000010000000003        5.4244092004865567E-002   1996244233.6140409     
   57.000010000000003        5.4726271108420314E-002   1942835078.9453852     
   58.000010000000003        5.5204238799500892E-002   1890740323.2948427     
   59.000010000000003        5.5678103536599736E-002   1839932153.8566015     
   60.000010000000003        5.6147969201319474E-002   1790383155.1160793     
   61.000010000000003        5.6613935364292774E-002   1742066312.3891213     
   62.000010000000003        5.7076097531561495E-002   1694955014.7420571     
   63.000010000000003        5.7534547373141988E-002   1649023057.3270230     
   64.000010000000003        5.7989372935326008E-002   1604244643.1653218     
   65.000010000000003        5.8440658838109623E-002   1560594384.4103694     
   66.000010000000003        5.8888486459004193E-002   1518047303.1202190     
   67.000010000000003        5.9332934104359948E-002   1476578831.5685983     
   68.000010000000003        5.9774077169223783E-002   1436164812.1218472     
   69.000010000000003        6.0211988286655339E-002   1396781496.7081852     
   70.000010000000003        6.0646737467338833E-002   1358405545.9044213     
   71.000010000000003        6.1078392230250460E-002   1321014027.6641469     
   72.000010000000003        6.1507017725071993E-002   1284584415.7103648     
   73.000010000000003        6.1932676846978937E-002   1249094587.6144950     
   74.000010000000003        6.2355430344375948E-002   1214522822.5826309     
   75.000010000000003        6.2775336920101996E-002   1180847798.9690492     
   76.000010000000003        6.3192453326582604E-002   1148048591.5359657     
   77.000010000000003        6.3606834455365885E-002   1116104668.4777157     
   78.000010000000003        6.4018533421442259E-002   1084995888.2266254     
   79.000010000000003        6.4427601642714591E-002   1054702496.0570655     
   80.000010000000003        6.4834088914955235E-002   1025205120.5033557     
   81.000010000000003        6.5238043482559474E-002   996484769.60646951     
   82.000010000000003        6.5639512105379952E-002   968522827.00369394     
   83.000010000000003        6.6038540121903966E-002   941301047.87483144     
   84.000010000000003        6.6435171509015609E-002   914801554.75766134     
   85.000010000000003        6.6829448938565406E-002   889006833.24499691     
   86.000010000000003        6.7221413830953605E-002   863899727.57478213     
   87.000010000000003        6.7611106405917665E-002   839463436.12429500     
   88.000010000000003        6.7998565730699942E-002   815681506.81884027     
   89.000010000000003        6.8383829765759102E-002   792537832.46484327     
   90.000010000000003        6.8766935408176508E-002   770016646.01665044     
   91.000010000000003        6.9147918532898159E-002   748102515.78594184     
   92.000010000000003        6.9526814031942524E-002   726780340.60209203     
   93.000010000000003        6.9903655851695765E-002   706035344.93145001     
   94.000010000000003        7.0278477028406922E-002   685853073.96296239     
   95.000010000000003        7.0651309721988312E-002   666219388.66725969     
   96.000010000000003        7.1022185248218891E-002   647120460.83583152     
   97.000010000000003        7.1391134109441909E-002   628542768.10656631     
   98.000010000000003        7.1758186023842055E-002   610473088.98161256     
   99.000010000000003        7.2123369953381408E-002   592898497.84306920     
   100.00001000000000        7.2486714130468907E-002   575806359.97173929     
   101.00001000000000        7.2848246083432378E-002   559184326.57389426     
   102.00001000000000        7.3207992660858548E-002   543020329.82058930     
   103.00001000000000        7.3565980054861771E-002   527302577.90385675     
   104.00001000000000        7.3922233823338429E-002   512019550.11383277     
   105.00001000000000        7.4276778911260818E-002   497159991.94052327     
   106.00001000000000        7.4629639671060455E-002   482712910.20375270     
   107.00001000000000        7.4980839882148029E-002   468667568.21455526     
   108.00001000000000        7.5330402769614335E-002   455013480.97101927     
   109.00001000000000        7.5678351022153756E-002   441740410.39141846     
   110.00001000000000        7.6024706809249318E-002   428838360.58723295     
   111.00001000000000        7.6369491797656480E-002   416297573.17843378     
   112.00001000000000        7.6712727167219913E-002   404108522.65329212     
   113.00001000000000        7.7054433626056323E-002   392261911.77468741     
   114.00001000000000        7.7394631425133878E-002   380748667.03483522     
   115.00001000000000        7.7733340372277318E-002   369559934.16008407     
   116.00001000000000        7.8070579845626362E-002   358687073.66734463     
   117.00001000000000        7.8406368806572840E-002   348121656.47354573     
   118.00001000000000        7.8740725812201651E-002   337855459.55936974     
   119.00001000000000        7.9073669027257862E-002   327880461.68838364     
   120.00001000000000        7.9405216235662504E-002   318188839.18257636     
   121.00001000000000        7.9735384851597230E-002   308772961.75517011     
   122.00001000000000        8.0064191930177636E-002   299625388.40147132     
   123.00001000000000        8.0391654177733654E-002   290738863.34841704     
   124.00001000000000        8.0717787961714610E-002   282106312.06339937     
   125.00001000000000        8.1042609320235492E-002   273720837.32278925     
   126.00001000000000        8.1366133971280216E-002   265575715.34056473     
   127.00001000000000        8.1688377321576910E-002   257664391.95732689     
   128.00001000000000        8.2009354475159238E-002   249980478.88989884     
   129.00001000000000        8.2329080241627384E-002   242517750.04165229     
   130.00001000000000        8.2647569144121358E-002   235270137.87362278     
   131.00001000000000        8.2964835427018838E-002   228231729.83640686     
   132.00001000000000        8.3280893063369110E-002   221396764.86277631     
   133.00001000000000        8.3595755762073953E-002   214759629.92088267     
   134.00001000000000        8.3909436974826140E-002   208314856.62787625     
   135.00001000000000        8.4221949902815244E-002   202057117.92370391     
   136.00001000000000        8.4533307503210350E-002   195981224.80480900     
   137.00001000000000        8.4843522495428730E-002   190082123.11741304     
   138.00001000000000        8.5152607367198804E-002   184354890.41000268     
   139.00001000000000        8.5460574380425980E-002   178794732.84463412     
   140.00001000000000        8.5767435576868695E-002   173396982.16660118     
   141.00001000000000        8.6073202783632494E-002   168157092.73200211     
   142.00001000000000        8.6377887618489024E-002   163070638.59269452     
   143.00001000000000        8.6681501495026722E-002   158133310.63811693     
   144.00001000000000        8.6984055627639709E-002   153340913.79340577     
   145.00001000000000        8.7285561036361106E-002   148689364.27323499     
   146.00001000000000        8.7586028551546513E-002   144174686.89077175     
   147.00001000000000        8.7885468818413442E-002   139793012.42112303     
   148.00001000000000        8.8183892301441996E-002   135540575.01863578     
   149.00001000000000        8.8481309288641979E-002   131413709.68738389     
   150.00001000000000        8.8777729895691299E-002   127408849.80418409     
   151.00001000000000        8.9073164069950500E-002   123522524.69344144     
   152.00001000000000        8.9367621594357766E-002   119751357.25313427     
   153.00001000000000        8.9661112091208861E-002   116092061.63123298     
   154.00001000000000        8.9953645025826048E-002   112541440.95183477     
   155.00001000000000        9.0245229710119973E-002   109096385.09029362     
   156.00001000000000        9.0535875306048272E-002   105753868.49661219     
   157.00001000000000        9.0825590828974623E-002   102510948.06637073     
   158.00001000000000        9.1114385150931676E-002   99364761.058444843     
   159.00001000000000        9.1402267003791102E-002   96312523.058779433     
   160.00001000000000        9.1689244982344140E-002   93351525.989470944     
   161.00001000000000        9.1975327547295635E-002   90479136.162417844     
   162.00001000000000        9.2260523028174515E-002   87692792.376790196     
   163.00001000000000        9.2544839626163486E-002   84990004.059582576     
   164.00001000000000        9.2828285416850828E-002   82368349.448498592     
   165.00001000000000        9.3110868352906689E-002   79825473.816435963     
   166.00001000000000        9.3392596266686584E-002   77359087.736824498     
   167.00001000000000        9.3673476872764366E-002   74966965.389093369     
   168.00001000000000        9.3953517770397080E-002   72646942.903527901     
   169.00001000000000        9.4232726445923870E-002   70396916.744792312     
   170.00001000000000        9.4511110275101090E-002   68214842.133400396     
   171.00001000000000        9.4788676525375745E-002   66098731.504412025     
   172.00001000000000        9.5065432358099125E-002   64046653.002648629     
   173.00001000000000        9.5341384830682635E-002   62056729.013721123     
   174.00001000000000        9.5616540898697644E-002   60127134.730172746     
   175.00001000000000        9.5890907417921126E-002   58256096.752045475     
   176.00001000000000        9.6164491146328648E-002   56441891.721185781     
   177.00001000000000        9.6437298746036640E-002   54682844.988611184     
   178.00001000000000        9.6709336785195249E-002   52977329.314270116     
   179.00001000000000        9.6980611739833439E-002   51323763.598530956     
   180.00001000000000        9.7251129995657742E-002   49720611.644750841     
   181.00001000000000        9.7520897849806110E-002   48166380.952272609     
   182.00001000000000        9.7789921512558345E-002   46659621.539218485     
   183.00001000000000        9.8058207109003981E-002   45198924.794448070     
   184.00001000000000        9.8325760680669644E-002   43782922.358064204     
   185.00001000000000        9.8592588187106242E-002   42410285.029850431     
   186.00001000000000        9.8858695507437894E-002   41079721.705044284     
   187.00001000000000        9.9124088441873301E-002   39789978.336846836     
   188.00001000000000        9.9388772713180848E-002   38539836.925087459     
   189.00001000000000        9.9652753968128352E-002   37328114.530469336     
   190.00001000000000        9.9916037778888731E-002   36153662.313825302     
   191.00001000000000       0.10017862964441228        35015364.599831298     
   192.00001000000000       0.10044053499176675        33912137.964627214     
   193.00001000000000       0.10070175917744595        32842930.346806128     
   194.00001000000000       0.10096230748864805        31806720.181242824     
   195.00001000000000       0.10122218514452412        30802515.555241056     
   196.00001000000000       0.10148139729739791        29829353.386487979     
   197.00001000000000       0.10173994903395775        28886298.622312028     
   198.00001000000000       0.10199784537642116        27972443.459753316     
   199.00001000000000       0.10225509128367311        27086906.585959360     
   200.00001000000000       0.10251169165237846        26228832.438433155     
   201.00001000000000       0.10276765131806954        25397390.484664652     
   202.00001000000000       0.10302297505620928        24591774.520689618     
   203.00001000000000       0.10327766758323079        23811201.988126080     
   204.00001000000000       0.10353173355755384        23054913.309247855     
   205.00001000000000       0.10378517758057901        22322171.239663064     
   206.00001000000000       0.10403800419766000        21612260.238175798     
   207.00001000000000       0.10429021789905475        20924485.853414014     
   208.00001000000000       0.10454182312085590        20258174.126818672     
   209.00001000000000       0.10479282424590111        19612671.011594795     
   210.00001000000000       0.10504322560466391        18987341.807235569     
   211.00001000000000       0.10529303147612533        18381570.609235395     
   212.00001000000000       0.10554224608862708        17794759.773620140     
   213.00001000000000       0.10579087362070662        17226329.395926084     
   214.00001000000000       0.10603891820191452        16675716.804270146     
   215.00001000000000       0.10628638391361482        16142376.066160446     
   216.00001000000000       0.10653327478976848        15625777.508703370     
   217.00001000000000       0.10677959481770063        15125407.251871174     
   218.00001000000000       0.10702534793885195        14640766.754501551     
   219.00001000000000       0.10727053804951442        14171372.372707877     
   220.00001000000000       0.10751516900155215        13716754.930385213     
   221.00001000000000       0.10775924460310736        13276459.301504770     
   222.00001000000000       0.10800276861929198        12850044.003896719     
   223.00001000000000       0.10824574477286542        12437080.804226600     
   224.00001000000000       0.10848817674489844        12037154.333879123     
   225.00001000000000       0.10873006817542387        11649861.715467595     
   226.00001000000000       0.10897142266407428        11274812.199695904     
   227.00001000000000       0.10921224377070696        10911626.812303819     
   228.00001000000000       0.10945253501601651        10559938.010834701     
   229.00001000000000       0.10969229988213540        10219389.350969812     
   230.00001000000000       0.10993154181322265        9889635.1621787362     
   231.00001000000000       0.11017026421604117        9570340.2324429490     
   232.00001000000000       0.11040847046052364        9261179.5018137582     
   233.00001000000000       0.11064616388032764        8961837.7645724490     
   234.00001000000000       0.11088334777337994        8672009.3797650803     
   235.00001000000000       0.11112002540241035        8391397.9898911938     
   236.00001000000000       0.11135619999547543        8119716.2475293204     
   237.00001000000000       0.11159187474647211        7856685.5496887835     
   238.00001000000000       0.11182705281564172        7602035.7796816481     
   239.00001000000000       0.11206173733006428        7355505.0563138835     
   240.00001000000000       0.11229593138414375        7116839.4901995845     
   241.00001000000000       0.11252963804008401        6885792.9470073143     
   242.00001000000000       0.11276286032835599        6662126.8174516000     
   243.00001000000000       0.11299560124815620        6445609.7938481625     
   244.00001000000000       0.11322786376785672        6236017.6530547934     
   245.00001000000000       0.11345965082544684        6033133.0456254538     
   246.00001000000000       0.11369096532896675        5836745.2910086950     
   247.00001000000000       0.11392181015693317        5646650.1786256107     
   248.00001000000000       0.11415218815875726        5462649.7746675918     
   249.00001000000000       0.11438210215515503        5284552.2344568875     
   250.00001000000000       0.11461155493855024        5112171.6202183710     
   251.00001000000000       0.11484054927347014        4945327.7241132176     
   252.00001000000000       0.11506908789693399        4783845.8963905359     
   253.00001000000000       0.11529717351883489        4627556.8785154726     
   254.00001000000000       0.11552480882231453        4476296.6411366509     
   255.00001000000000       0.11575199646413153        4329906.2267589010     
   256.00000999999997       0.11597873907502322        4188231.5969910622     
   257.00000999999997       0.11620503926006101        4051123.4842416900     
   258.00000999999997       0.11643089959899958        3918437.2477390938     
   259.00000999999997       0.11665632264662006        3790032.7337549026     
   260.00000999999997       0.11688131093306714        3665774.1399140670     
   261.00000999999997       0.11710586696418041        3545529.8834769852     
   262.00000999999997       0.11732999322181996        3429172.4734821338     
   263.00000999999997       0.11755369216418649        3316578.3866412500     
   264.00000999999997       0.11777696622613575        3207627.9468812528     
   265.00000999999997       0.11799981781948783        3102205.2084302888     
   266.00000999999997       0.11822224933333116        3000197.8423478897     
   267.00000999999997       0.11844426313432120        2901497.0264018402     
   268.00000999999997       0.11866586156697434        2805997.3381971694     
   269.00000999999997       0.11888704695395676        2713596.6514647133     
   270.00000999999997       0.11910782159636839        2624196.0354199475     
   271.00000999999997       0.11932818777402228        2537699.6571042729     
   272.00000999999997       0.11954814774571924        2454014.6866242327     
   273.00000999999997       0.11976770374951805        2373051.2052053846     
   274.00000999999997       0.11998685800300098        2294722.1159811202     
   275.00000999999997       0.12020561270353526        2218943.0574372751     
   276.00000999999997       0.12042397002853011        2145632.3194371061     
   277.00000999999997       0.12064193213568954        2074710.7617521712     
   278.00000999999997       0.12085950116326113        2006101.7350269966     
   279.00000999999997       0.12107667923028083        1939731.0041077216     
   280.00000999999997       0.12129346843681368        1875526.6736662190     
   281.00000999999997       0.12150987086419078        1813419.1160536597     
   282.00000999999997       0.12172588857524236        1753340.9013187548     
   283.00000999999997       0.12194152361452730        1695226.7293282317     
   284.00000999999997       0.12215677800855881        1639013.3639283471     
   285.00000999999997       0.12237165376602671        1584639.5690883375     
   286.00000999999997       0.12258615287801604        1532046.0469679297     
   287.00000999999997       0.12280027731822236        1481175.3778531039     
   288.00000999999997       0.12301402904316368        1431971.9619054319     
   289.00000999999997       0.12322740999238894        1384381.9626721155     
   290.00000999999997       0.12344042208868340        1338353.2523052089     
   291.00000999999997       0.12365306723827080        1293835.3584399584     
   292.00000999999997       0.12386534733101230        1250779.4126836527     
   293.00000999999997       0.12407726424060259        1209138.1006675963     
   294.00000999999997       0.12428881982476267        1168865.6136164314     
   295.00000999999997       0.12450001592542997        1129917.6013899762     
   296.00000999999997       0.12471085436894544        1092251.1269542328     
   297.00000999999997       0.12492133696623775        1055824.6222394940     
   298.00000999999997       0.12513146551300483        1020597.8453443721     
   299.00000999999997       0.12534124178989259        986531.83904615883     
   300.00000999999997       0.12555066756267097        953588.89057863853     
   301.00000999999997       0.12575974458240730        921732.49263991637     
   302.00000999999997       0.12596847458563717        890927.30559364089     
   303.00000999999997       0.12617685929453276        861139.12082822190     
   304.00000999999997       0.12638490041706849        832334.82523956627     
   305.00000999999997       0.12659259964718442        804482.36680386378     
   306.00000999999997       0.12679995866494720        777550.72120788519     
   307.00000999999997       0.12700697913670855        751509.85950530029     
   308.00000999999997       0.12721366271526152        726330.71676822624     
   309.00000999999997       0.12742001103999451        701985.16170434328     
   310.00000999999997       0.12762602573704282        678445.96721058316     
   311.00000999999997       0.12783170841943839        655686.78183530690     
   312.00000999999997       0.12803706068725695        633682.10212174302     
   313.00000999999997       0.12824208412776328        612407.24580615095     
   314.00000999999997       0.12844678031555448        591838.32584499556     
   315.00000999999997       0.12865115081270093        571952.22524622467     
   316.00000999999997       0.12885519716888533        552726.57268032932     
   317.00000999999997       0.12905892092154000        534139.71884768049     
   318.00000999999997       0.12926232359598183        516170.71357933979     
   319.00000999999997       0.12946540670554554        498799.28364908561     
   320.00000999999997       0.12966817175171522        482005.81127515872     
   321.00000999999997       0.12987062022425364        465771.31329085166     
   322.00000999999997       0.13007275360133003        450077.42096360831     
   323.00000999999997       0.13027457334964609        434906.36044296005     
   324.00000999999997       0.13047608092455995        420240.93381821027     
   325.00000999999997       0.13067727777020885        406064.50076725124     
   326.00000999999997       0.13087816531962967        392360.96077860397     
   327.00000999999997       0.13107874499487826        379114.73592910299     
   328.00000999999997       0.13127901820714655        366310.75420037936     
   329.00000999999997       0.13147898635687880        353934.43331758404     
   330.00000999999997       0.13167865083388544        341971.66509448021     
   331.00000999999997       0.13187801301745608        330408.80026933097     
   332.00000999999997       0.13207707427647056        319232.63381661021     
   333.00000999999997       0.13227583596950851        308430.39071992179     
   334.00000999999997       0.13247429944495770        297989.71219197626     
   335.00000999999997       0.13267246604112068        287898.64232791326     
   336.00000999999997       0.13287033708632004        278145.61517862498     
   337.00000999999997       0.13306791389900241        268719.44223118766     
   338.00000999999997       0.13326519778784077        259609.30028384100     
   339.00000999999997       0.13346219005183571        250804.71970337004     
   340.00000999999997       0.13365889198041528        242295.57305308056     
   341.00000999999997       0.13385530485353322        234072.06407995775     
   342.00000999999997       0.13405142994176644        226124.71704985687     
   343.00000999999997       0.13424726850641067        218444.36642002166     
   344.00000999999997       0.13444282179957515        211022.14683844868     
   345.00000999999997       0.13463809106427616        203849.48345998113     
   346.00000999999997       0.13483307753452903        196918.08256932907     
   347.00000999999997       0.13502778243543925        190219.92250147069     
   348.00000999999997       0.13522220698329221        183747.24485021064     
   349.00000999999997       0.13541635238564181        177492.54595594335     
   350.00000999999997       0.13561021984139809        171448.56866391809     
   351.00000999999997       0.13580381054091345        165608.29434461184     
   352.00000999999997       0.13599712566606809        159964.93516801536     
   353.00000999999997       0.13619016639035403        154511.92662393989     
   354.00000999999997       0.13638293387895831        149242.92028065189     
   355.00000999999997       0.13657542928884506        144151.77677439278     
   356.00000999999997       0.13676765376883643        139232.55902258147     
   357.00000999999997       0.13695960845969266        134479.52565368629     
   358.00000999999997       0.13715129449419103        129887.12464699332     
   359.00000999999997       0.13734271299720388        125449.98717569414     
   360.00000999999997       0.13753386508577556        121162.92164691887     
   361.00000999999997       0.13772475186919858        117020.90793253275     
   362.00000999999997       0.13791537444908858        113019.09178471238     
   363.00000999999997       0.13810573391945866        109152.77943048844     
   364.00000999999997       0.13829583136679255        105417.43233962996     
   365.00000999999997       0.13848566787011685        101808.66216042440     
   366.00000999999997       0.13867524450107277        98322.225818044986     
   367.00000999999997       0.13886456232398645        94954.020770407282     
   368.00000999999997       0.13905362239593874        91700.080416528086     
   369.00000999999997       0.13924242576683415        88556.569652583887     
   370.00000999999997       0.13943097347946876        85519.780571001524     
   371.00000999999997       0.13961926656959747        82586.128298059528     
   372.00000999999997       0.13980730606600042        79752.146965621083     
   373.00000999999997       0.13999509299054849        77014.485812755171     
   374.00000999999997       0.14018262835826811        74369.905413126224     
   375.00000999999997       0.14036991317740535        71815.274024170620     
   376.00000999999997       0.14055694844948904        69347.564054200542     
   377.00000999999997       0.14074373516939329        66963.848643683887     
   378.00000999999997       0.14093027432539937        64661.298357079992     
   379.00000999999997       0.14111656689925645        62437.177981721747     
   380.00000999999997       0.14130261386624210        60288.843430327746     
   381.00000999999997       0.14148841619522184        58213.738743856258     
   382.00000999999997       0.14167397484870789        56209.393191507079     
   383.00000999999997       0.14185929078291740        54273.418464765818     
   384.00000999999997       0.14204436494783002        52403.505962500669     
   385.00000999999997       0.14222919828724453        50597.424164204633     
   386.00000999999997       0.14241379173883517        48853.016088566343     
   387.00000999999997       0.14259814623420713        47168.196834642098     
   388.00000999999997       0.14278226269895125        45540.951202999117     
   389.00000999999997       0.14296614205269834        43969.331394255081     
   390.00000999999997       0.14314978520917285        42451.454782549386     
   391.00000999999997       0.14333319307624567        40985.501761542822     
   392.00000999999997       0.14351636655598665        39569.713660616835     
   393.00000999999997       0.14369930654471622        38202.390729027225     
   394.00000999999997       0.14388201393305669        36881.890185826815     
   395.00000999999997       0.14406448960598278        35606.624333446867     
   396.00000999999997       0.14424673444287162        34375.058732893776     
   397.00000999999997       0.14442874931755215        33185.710438576934     
   398.00000999999997       0.14461053509835417        32037.146290849490     
   399.00000999999997       0.14479209264815646        30927.981264409453     
   400.00000999999997       0.14497342282443468        29856.876870753906     
   401.00000999999997       0.14515452647930865        28822.539612950623     
   402.00000999999997       0.14533540445958901        27823.719491037824     
   403.00000999999997       0.14551605760682332        26859.208556418045     
   404.00000999999997       0.14569648675734195        25927.839513664218     
   405.00000999999997       0.14587669274230317        25028.484368207304     
   406.00000999999997       0.14605667638773764        24160.053118423119     
   407.00000999999997       0.14623643851459295        23321.492490678538     
   408.00000999999997       0.14641597993877692        22511.784715952341     
   409.00000999999997       0.14659530147120103        21729.946346679957     
   410.00000999999997       0.14677440391782323        20975.027112520442     
   411.00000999999997       0.14695328807968988        20246.108813786574     
   412.00000999999997       0.14713195475297786        19542.304251310499     
   413.00000999999997       0.14731040472903575        18862.756191569206     
   414.00000999999997       0.14748863879442484        18206.636365919643     
   415.00000999999997       0.14766665773095944        17573.144502838117     
   416.00000999999997       0.14784446231574697        16961.507392090502     
   417.00000999999997       0.14802205332122750        16370.977979793324     
   418.00000999999997       0.14819943151521303        15800.834493362510     
   419.00000999999997       0.14837659766092604        15250.379595375325     
   420.00000999999997       0.14855355251703783        14718.939565403531     
   421.00000999999997       0.14873029683770661        14205.863508905984     
   422.00000999999997       0.14890683137261473        13710.522592299458     
   423.00000999999997       0.14908315686700599        13232.309303350412     
   424.00000999999997       0.14925927406172226        12770.636736064915     
   425.00000999999997       0.14943518369323980        12324.937899272769     
   426.00000999999997       0.14961088649370513        11894.665048134113     
   427.00000999999997       0.14978638319097073        11479.289037816709     
   428.00000999999997       0.14996167450863010        11078.298698620658     
   429.00000999999997       0.15013676116605260        10691.200231846457     
   430.00000999999997       0.15031164387841789        10317.516625728207     
   431.00000999999997       0.15048632335675000        9956.7870907742781     
   432.00000999999997       0.15066080030795109        9608.5665138780987     
   433.00000999999997       0.15083507543483485        9272.4249305852554     
   434.00000999999997       0.15100914943615940        8947.9470149188237     
   435.00000999999997       0.15118302300666012        8634.7315861878869     
   436.00000999999997       0.15135669683708192        8332.3911322206604     
   437.00000999999997       0.15153017161421128        8040.5513484824414     
   438.00000999999997       0.15170344802090796        7758.8506925558349     
   439.00000999999997       0.15187652673613627        7486.9399534780214     
   440.00000999999997       0.15204940843499629        7224.4818354455774     
   441.00000999999997       0.15222209378875434        6971.1505554142932     
   442.00000999999997       0.15239458346487358        6726.6314541351276     
   443.00000999999997       0.15256687812704406        6490.6206201844079     
   444.00000999999997       0.15273897843521253        6262.8245265584474     
   445.00000999999997       0.15291088504561184        6042.9596794194622     
   446.00000999999997       0.15308259861079024        5830.7522785898664     
   447.00000999999997       0.15325411977964024        5625.9378894080965     
   448.00000999999997       0.15342544919742723        5428.2611255700022     
   449.00000999999997       0.15359658750581773        5237.4753425928029     
   450.00000999999997       0.15376753534290755        5053.3423415494981     
   451.00000999999997       0.15393829334324946        4875.6320827349273     
   452.00000999999997       0.15410886213788069        4704.1224089336092     
   453.00000999999997       0.15427924235435017        4538.5987779718362     
   454.00000999999997       0.15444943461674543        4378.8540042460945     
   455.00000999999997       0.15461943954571922        4224.6880089303249     
   456.00000999999997       0.15478925775851604        4075.9075785737546     
   457.00000999999997       0.15495888986899822        3932.3261318112582     
   458.00000999999997       0.15512833648767177        3793.7634939166210     
   459.00000999999997       0.15529759822171210        3660.0456789379764     
   460.00000999999997       0.15546667567498934        3531.0046791640102     
   461.00000999999997       0.15563556944809345        3406.4782616764428     
   462.00000999999997       0.15580428013835923        3286.3097717535638     
   463.00000999999997       0.15597280833989083        3170.3479428966320     
   464.00000999999997       0.15614115464358627        3058.4467132585060     
   465.00000999999997       0.15630931963716149        2950.4650482616871     
   466.00000999999997       0.15647730390517445        2846.2667691986294     
   467.00000999999997       0.15664510802904863        2745.7203876160643     
   468.00000999999997       0.15681273258709677        2648.6989452891335     
   469.00000999999997       0.15698017815454382        2555.0798595998990     
   470.00000999999997       0.15714744530355026        2464.7447741389428     
   471.00000999999997       0.15731453460323469        2377.5794143562352     
   472.00000999999997       0.15748144661969651        2293.4734480921438     
   473.00000999999997       0.15764818191603835        2212.3203508255824     
   474.00000999999997       0.15781474105238813        2134.0172754816290     
   475.00000999999997       0.15798112458592109        2058.4649266458632     
   476.00000999999997       0.15814733307088147        1985.5674390381521     
   477.00000999999997       0.15831336705860413        1915.2322601029848     
   478.00000999999997       0.15847922709753579        1847.3700365786717     
   479.00000999999997       0.15864491373325626        1781.8945049118993     
   480.00000999999997       0.15881042750849933        1718.7223853888283     
   481.00000999999997       0.15897576896317350        1657.7732798579550     
   482.00000999999997       0.15914093863438258        1598.9695729242621     
   483.00000999999997       0.15930593705644597        1542.2363364981002     
   484.00000999999997       0.15947076476091884        1487.5012375861515     
   485.00000999999997       0.15963542227661229        1434.6944492154589     
   486.00000999999997       0.15979991012961278        1383.7485643853825     
   487.00000999999997       0.15996422884330208        1334.5985129453750     
   488.00000999999997       0.16012837893837656        1287.1814813004553     
   489.00000999999997       0.16029236093286642        1241.4368348489518     
   490.00000999999997       0.16045617534215478        1197.3060430607270     
   491.00000999999997       0.16061982267899663        1154.7326071067594     
   492.00000999999997       0.16078330345353747        1113.6619899542231     
   493.00000999999997       0.16094661817333200        1074.0415488439219     
   494.00000999999997       0.16110976734336227        1035.8204700697788     
   495.00000999999997       0.16127275146605616        998.94970598253758     
   496.00000999999997       0.16143557104130526        963.38191414287235     
   497.00000999999997       0.16159822656648284        929.07139855108858     
   498.00000999999997       0.16176071853646148        895.97405288343612     
   499.00000999999997       0.16192304744363081        864.04730566708611     
   500.00000999999997       0.16208521377791474        833.25006732839734     
   501.00000999999997       0.16224721802678874        803.54267905095003     
   502.00000999999997       0.16240906067529706        774.88686338222647     
   503.00000999999997       0.16257074220606954        747.24567652974042     
   504.00000999999997       0.16273226309933847        720.58346228935864     
   505.00000999999997       0.16289362383295522        694.86580755059288     
   506.00000999999997       0.16305482488240672        670.05949932538715     
   507.00000999999997       0.16321586672083177        646.13248324876974     
   508.00000999999997       0.16337674981903735        623.05382350146294     
   509.00000999999997       0.16353747464551457        600.79366410617342     
   510.00000999999997       0.16369804166645463        579.32319155100970     
   511.00000999999997       0.16385845134576466        558.61459869489488     
   512.00000999999997       0.16401870414508316        538.64104991152135     
   513.00000999999997       0.16417880052379577        519.37664742965410     
   514.00000999999997       0.16433874093905040        500.79639882923686     
   515.00000999999997       0.16449852584577263        482.87618565390699     
   516.00000999999997       0.16465815569668063        465.59273310200706     
   517.00000999999997       0.16481763094230034        448.92358075936062     
   518.00000999999997       0.16497695203098012        432.84705433836228     
   519.00000999999997       0.16513611940890557        417.34223838910663     
   520.00000999999997       0.16529513352011402        402.38894994947128     
   521.00000999999997       0.16545399480650902        387.96771310208987     
   522.00000999999997       0.16561270370787479        374.05973440737728     
   523.00000999999997       0.16577126066189013        360.64687918269419     
   524.00000999999997       0.16592966610414281        347.71164859875518     
   525.00000999999997       0.16608792046814339        335.23715756543891     
   526.00000999999997       0.16624602418533901        323.20711338003758     
   527.00000999999997       0.16640397768512721        311.60579511187620     
   528.00000999999997       0.16656178139486957        300.41803369816472     
   529.00000999999997       0.16671943573990503        289.62919272680131     
   530.00000999999997       0.16687694114356338        279.22514988256887     
   531.00000999999997       0.16703429802717859        269.19227903411394     
   532.00000999999997       0.16719150681010181        259.51743293972896     
   533.00000999999997       0.16734856790971447        250.18792655077553     
   534.00000999999997       0.16750548174144128        241.19152089229945     
   535.00000999999997       0.16766224871876292        232.51640750103775     
   536.00000999999997       0.16781886925322884        224.15119340175050     
   537.00000999999997       0.16797534375446987        216.08488660340186     
   538.00000999999997       0.16813167263021064        208.30688209738187     
   539.00000999999997       0.16828785628628204        200.80694834054253     
   540.00000999999997       0.16844389512663355        193.57521420639992     
   541.00000999999997       0.16859978955334529        186.60215638847421     
   542.00000999999997       0.16875553996664025        179.87858724018346     
   543.00000999999997       0.16891114676489624        173.39564303634918     
   544.00000999999997       0.16906661034465770        167.14477264180377     
   545.00000999999997       0.16922193110064759        161.11772657309450     
   546.00000999999997       0.16937710942577902        155.30654643980682     
   547.00000999999997       0.16953214571116687        149.70355475240243     
   548.00000999999997       0.16968704034613932        144.30134508399763     
   549.00000999999997       0.16984179371824923        139.09277257388871     
   550.00000999999997       0.16999640621328532        134.07094476104808     
   551.00000999999997       0.17015087821528374        129.22921273623311     
   552.00000999999997       0.17030521010653879        124.56116260174488     
   553.00000999999997       0.17045940226761419        120.06060722820226     
   554.00000999999997       0.17061345507735409        115.72157829811731     
   555.00000999999997       0.17076736891289365        111.53831862637497     
   556.00000999999997       0.17092114414967013        107.50527474804878     
   557.00000999999997       0.17107478116143338        103.61708976435051     
   558.00000999999997       0.17122828032025644        99.868596437779388     
   559.00000999999997       0.17138164199654618        96.254810527881190     
   560.00000999999997       0.17153486655905359        92.770924359295122     
   561.00000999999997       0.17168795437488421        89.412300614064478     
   562.00000999999997       0.17184090580950834        86.174466340459077     
   563.00000999999997       0.17199372122677128        83.053107170821264     
   564.00000999999997       0.17214640098890341        80.044061741204658     
   565.00000999999997       0.17229894545653004        77.143316305827554     
   566.00000999999997       0.17245135498868172        74.346999539581461     
   567.00000999999997       0.17260362994280370        71.651377522111162     
   568.00000999999997       0.17275577067476594        69.052848897148237     
   569.00000999999997       0.17290777753887279        66.547940201042493     
   570.00000999999997       0.17305965088787253        64.133301354625829     
   571.00000999999997       0.17321139107296701        61.805701312737078     
   572.00000999999997       0.17336299844382111        59.562023865947872     
   573.00000999999997       0.17351447334857203        57.399263589209284     
   574.00000999999997       0.17366581613383883        55.314521932311536     
   575.00000999999997       0.17381702714473149        53.305003447244040     
   576.00000999999997       0.17396810672486010        51.368012147698082     
   577.00000999999997       0.17411905521634419        49.500947996114917     
   578.00000999999997       0.17426987295982149        47.701303513861696     
   579.00000999999997       0.17442056029445702        45.966660510240445     
   580.00000999999997       0.17457111755795207        44.294686926206211     
   581.00000999999997       0.17472154508655285        42.683133788804994     
   582.00000999999997       0.17487184321505941        41.129832272475092     
   583.00000999999997       0.17502201227683425        39.632690863493835     
   584.00000999999997       0.17517205260381097        38.189692623982118     
   585.00000999999997       0.17532196452650284        36.798892551994832     
   586.00000999999997       0.17547174837401125        35.458415034353123     
   587.00000999999997       0.17562140447403421        34.166451388984008     
   588.00000999999997       0.17577093315287462        32.921257493651616     
   589.00000999999997       0.17592033473544871        31.721151498060774     
   590.00000999999997       0.17606960954529410        30.564511616432995     
   591.00000999999997       0.17621875790457814        29.449773997740447     
   592.00000999999997       0.17636778013410589        28.375430670891468     
   593.00000999999997       0.17651667655332828        27.340027562248626     
   594.00000999999997       0.17666544748035004        26.342162582954717     
   595.00000999999997       0.17681409323193759        25.380483783629092     
   596.00000999999997       0.17696261412352698        24.453687574075204     
   597.00000999999997       0.17711101046923175        23.560517005733296     
   598.00000999999997       0.17725928258185047        22.699760114680622     
   599.00000999999997       0.17740743077287466        21.870248323061038     
   600.00000999999997       0.17755545535249634        21.070854896902080     
   601.00000999999997       0.17770335662961553        20.300493458344953     
   602.00000999999997       0.17785113491184787        19.558116550381335     
   603.00000999999997       0.17799879050553213        18.842714252260276     
   604.00000999999997       0.17814632371573744        18.153312843789760     
   605.00000999999997       0.17829373484627078        17.488973516818628     
   606.00000999999997       0.17844102419968430        16.848791132246127     
   607.00000999999997       0.17858819207728241        16.231893020963160     
   608.00000999999997       0.17873523877912917        15.637437827182842     
   609.00000999999997       0.17888216460405523        15.064614392676424     
   610.00000999999997       0.17902896984966515        14.512640680474746     
   611.00000999999997       0.17917565481234418        13.980762736654604     
   612.00000999999997       0.17932221978726540        13.468253688869078     
   613.00000999999997       0.17946866506839659        12.974412780333131     
   614.00000999999997       0.17961499094850719        12.498564438018374     
   615.00000999999997       0.17976119771917495        12.040057373855312     
   616.00000999999997       0.17990728567079300        11.598263717780577     
   617.00000999999997       0.18005325509257619        11.172578181513606     
   618.00000999999997       0.18019910627256816        10.762417251976110     
   619.00000999999997       0.18034483949764774        10.367218413317135     
   620.00000999999997       0.18049045505353550        9.9864393965331519     
   621.00000999999997       0.18063595322480050        9.6195574557121724     
   622.00000999999997       0.18078133429486662        9.2660686699665042     
   623.00000999999997       0.18092659854601897        8.9254872701464656     
   624.00000999999997       0.18107174625941044        8.5973449894637017     
   625.00000999999997       0.18121677771506786        8.2811904371806637     
   626.00000999999997       0.18136169319189849        7.9765884945530328     
   627.00000999999997       0.18150649296769611        7.6831197322408888     
   628.00000999999997       0.18165117731914737        7.4003798484302585     
   629.00000999999997       0.18179574652183786        7.1279791269352755     
   630.00000999999997       0.18194020085025825        6.8655419145752168     
   631.00000999999997       0.18208454057781051        6.6127061171454127     
   632.00000999999997       0.18222876597681364        6.3691227133269273     
   633.00000999999997       0.18237287731851007        6.1344552858989170     
   634.00000999999997       0.18251687487307117        5.9083795696449126     
   635.00000999999997       0.18266075890960357        5.6905830153602901     
   636.00000999999997       0.18280452969615474        5.4807643693940564     
   637.00000999999997       0.18294818749971895        5.2786332681737704     
   638.00000999999997       0.18309173258624301        5.0839098471843762     
   639.00000999999997       0.18323516522063205        4.8963243638895175     
   640.00000999999997       0.18337848566675513        4.7156168341013487     
   641.00000999999997       0.18352169418745110        4.5415366813228868     
   642.00000999999997       0.18366479104453395        4.3738423986040660     
   643.00000999999997       0.18380777649879865        4.2123012224667500     
   644.00000999999997       0.18395065081002654        4.0566888184725451     
   645.00000999999997       0.18409341423699091        3.9067889780199194     
   646.00000999999997       0.18423606703746234        3.7623933259726163     
   647.00000999999997       0.18437860946821438        3.6233010387348910     
   648.00000999999997       0.18452104178502873        3.4893185724039126     
   649.00000999999997       0.18466336424270061        3.3602594006407340     
   650.00000999999997       0.18480557709504419        3.2359437619151561     
   651.00000999999997       0.18494768059489777        3.1161984157921312     
   652.00000999999997       0.18508967499412904        3.0008564079379005     
   653.00000999999997       0.18523156054364040        2.8897568435364662     
   654.00000999999997       0.18537333749337395        2.7827446688176973     
   655.00000999999997       0.18551500609231675        2.6796704604082575     
   656.00000999999997       0.18565656658850588        2.5803902222276980     
   657.00000999999997       0.18579801922903355        2.4847651896610663     
   658.00000999999997       0.18593936426005203        2.3926616407493904     
   659.00000999999997       0.18608060192677880        2.3039507141480882     
   660.00000999999997       0.18622173247350138        2.2185082336126989     
   661.00000999999997       0.18636275614358230        2.1362145387793134     
   662.00000999999997       0.18650367317946401        2.0569543220155526     
   663.00000999999997       0.18664448382267376        1.9806164711259939     
   664.00000999999997       0.18678518831382834        1.9070939177033792     
   665.00000999999997       0.18692578689263908        1.8362834909241175     
   666.00000999999997       0.18706627979791632        1.7680857765946683     
   667.00000999999997       0.18720666726757443        1.7024049812605691     
   668.00000999999997       0.18734694953863626        1.6391488011985513     
   669.00000999999997       0.18748712684723803        1.5782282961166416     
   670.00000999999997       0.18762719942863379        1.5195577673949106     
   671.00000999999997       0.18776716751720018        1.4630546407042040     
   672.00000999999997       0.18790703134644088        1.4086393528470191     
   673.00000999999997       0.18804679114899123        1.3562352426693010     
   674.00000999999997       0.18818644715662261        1.3057684458980772     
   675.00000999999997       0.18832599960024723        1.2571677937642400     
   676.00000999999997       0.18846544870992218        1.2103647152756059     
   677.00000999999997       0.18860479471485425        1.1652931430093172     
   678.00000999999997       0.18874403784340399        1.1218894222980949     
   679.00000999999997       0.18888317832309029        1.0800922236885158     
   680.00000999999997       0.18902221638059458        1.0398424585546779     
   681.00000999999997       0.18916115224176533        1.0010831977538248     
   682.00000999999997       0.18929998613162208       0.96375959321554039     
   683.00000999999997       0.18943871827435996       0.92781880235890068     
   684.00000999999997       0.18957734889335359       0.89320991523680904     
   685.00000999999997       0.18971587821116165       0.85988388430932128     
   686.00000999999997       0.18985430644953072       0.82779345675209393     
   687.00000999999997       0.18999263382939960       0.79689310920887724     
   688.00000999999997       0.19013086057090342       0.76713898490042287     
   689.00000999999997       0.19026898689337765       0.73848883300537627     
   690.00000999999997       0.19040701301536223       0.71090195023151437     
   691.00000999999997       0.19054493915460552       0.68433912449883882     
   692.00000999999997       0.19068276552806843       0.65876258065858229     
   693.00000999999997       0.19082049235192827       0.63413592817515163     
   694.00000999999997       0.19095811984158284       0.61042411070042712     
   695.00000999999997       0.19109564821165426       0.58759335747242925     
   696.00000999999997       0.19123307767599285       0.56561113647286421     
   697.00000999999997       0.19137040844768116       0.54444610928021864     
   698.00000999999997       0.19150764073903767       0.52406808755755330     
   699.00000999999997       0.19164477476162067       0.50444799111610261     
   700.00000999999997       0.19178181072623210       0.48555780749807886     
   701.00000999999997       0.19191874884292134       0.46737055302395325     
   702.00000999999997       0.19205558932098882       0.44986023525155855     
   703.00000999999997       0.19219233236899000       0.43300181679611366     
   704.00000999999997       0.19232897819473882       0.41677118046225714     
   705.00000999999997       0.19246552700531158       0.40114509564074768     
   706.00000999999997       0.19260197900705048       0.38610118592432213     
   707.00000999999997       0.19273833440556740       0.37161789789871280     
   708.00000999999997       0.19287459340574725       0.35767447106658007     
   709.00000999999997       0.19301075621175190       0.34425090886333637     
   710.00000999999997       0.19314682302702343       0.33132795072567256     
   711.00000999999997       0.19328279405428803       0.31888704517462380     
   712.00000999999997       0.19341866949555908       0.30691032387675693     
   713.00000999999997       0.19355444955214107       0.29538057664798334     
   714.00000999999997       0.19369013442463279       0.28428122736612726     
   715.00000999999997       0.19382572431293096       0.27359631075931667     
   716.00000999999997       0.19396121941623359       0.26331045003864434     
   717.00000999999997       0.19409661993304345       0.25340883534452230     
   718.00000999999997       0.19423192606117129       0.24387720297739610     
   719.00000999999997       0.19436713799773953       0.23470181538438933     
   720.00000999999997       0.19450225593918524       0.22586944187461777     
   721.00000999999997       0.19463728008126377       0.21736734003675670     
   722.00000999999997       0.19477221061905189       0.20918323783349935     
   723.00000999999997       0.19490704774695120       0.20130531634838802     
   724.00000999999997       0.19504179165869123       0.19372219316142550     
   725.00000999999997       0.19517644254733285       0.18642290633067649     
   726.00000999999997       0.19531100060527137       0.17939689895794295     
   727.00000999999997       0.19544546602423993       0.17263400431731787     
   728.00000999999997       0.19557983899531239       0.16612443152627818     
   729.00000999999997       0.19571411970890684       0.15985875173959732     
   730.00000999999997       0.19584830835478850       0.15382788484716883     
   731.00000999999997       0.19598240512207293       0.14802308665743827     
   732.00000999999997       0.19611641019922918       0.14243593654885914     
   733.00000999999997       0.19625032377408277       0.13705832557236552     
   734.00000999999997       0.19638414603381893       0.13188244498851409     
   735.00000999999997       0.19651787716498548       0.12690077522352897     
   736.00000999999997       0.19665151735349595       0.12210607522899833     
   737.00000999999997       0.19678506678463262       0.11749137223061978     
   738.00000999999997       0.19691852564304943       0.11304995185181928     
   739.00000999999997       0.19705189411277507       0.10877534859864324     
   740.00000999999997       0.19718517237721581       0.10466133669280370     
   741.00000999999997       0.19731836061915861       0.10070192124018150     
   742.00000999999997       0.19745145902077380        9.6891329722651409E-002
   743.00000999999997       0.19758446776361829        9.3224003801406233E-002
   744.00000999999997       0.19771738702863823        8.9694591420500208E-002
   745.00000999999997       0.19785021699617192        8.6297939199652632E-002
   746.00000999999997       0.19798295784595277        8.3029085105802813E-002
   747.00000999999997       0.19811560975711207        7.9883251393257484E-002
   748.00000999999997       0.19824817290818172        7.6855837802665888E-002
   749.00000999999997       0.19838064747709722        7.3942415009368503E-002
   750.00000999999997       0.19851303364120029        7.1138718312063323E-002
   751.00000999999997       0.19864533157724173        6.8440641553008441E-002
   752.00000999999997       0.19877754146138421        6.5844231261341910E-002
   753.00000999999997       0.19890966346920483        6.3345681011363800E-002
   754.00000999999997       0.19904169777569802        6.0941325987955396E-002
   755.00000999999997       0.19917364455527825        5.8627637751575590E-002
   756.00000999999997       0.19930550398178251        5.6401219195551563E-002
   757.00000999999997       0.19943727622847318        5.4258799688644145E-002
   758.00000999999997       0.19956896146804071        5.2197230396125872E-002
   759.00000999999997       0.19970055987260607        5.0213479772861030E-002
   760.00000999999997       0.19983207161372349        4.8304629222089175E-002
   761.00000999999997       0.19996349686238316        4.6467868913873084E-002
   762.00000999999997       0.20009483578901358        4.4700493757373026E-002
   763.00000999999997       0.20022608856348445        4.2999899521317192E-002
   764.00000999999997       0.20035725535510890        4.1363579097266588E-002
   765.00000999999997       0.20048833633264634        3.9789118900432068E-002
   766.00000999999997       0.20061933166430476        3.8274195403031466E-002
   767.00000999999997       0.20075024151774343        3.6816571795323397E-002
   768.00000999999997       0.20088106606007525        3.5414094769654729E-002
   769.00000999999997       0.20101180545786937        3.4064691423011495E-002
   770.00000999999997       0.20114245987715354        3.2766366273741430E-002
   771.00000999999997       0.20127302948341669        3.1517198388261607E-002
   772.00000999999997       0.20140351444161128        3.0315338613723316E-002
   773.00000999999997       0.20153391491615580        2.9159006912753724E-002
   774.00000999999997       0.20166423107093712        2.8046489796531557E-002
   775.00000999999997       0.20179446306931298        2.6976137852592553E-002
   776.00000999999997       0.20192461107411430        2.5946363363889131E-002
   777.00000999999997       0.20205467524764756        2.4955638015763532E-002
   778.00000999999997       0.20218465575169725        2.4002490687598264E-002
   779.00000999999997       0.20231455274752808        2.3085505326050901E-002
   780.00000999999997       0.20244436639588745        2.2203318896862889E-002
   781.00000999999997       0.20257409685700764        2.1354619412373193E-002
   782.00000999999997       0.20270374429060831        2.0538144031943581E-002
   783.00000999999997       0.20283330885589851        1.9752677232627729E-002
   784.00000999999997       0.20296279071157927        1.8997049047493542E-002
   785.00000999999997       0.20309219001584558        1.8270133369124180E-002
   786.00000999999997       0.20322150692638888        1.7570846315888830E-002
   787.00000999999997       0.20335074160039918        1.6898144658687067E-002
   788.00000999999997       0.20347989419456736        1.6251024305933393E-002
   789.00000999999997       0.20360896486508723        1.5628518844649174E-002
   790.00000999999997       0.20373795376765794        1.5029698135585766E-002
   791.00000999999997       0.20386686105748603        1.4453666960402026E-002
   792.00000999999997       0.20399568688928774        1.3899563718970904E-002
   793.00000999999997       0.20412443141729095        1.3366559174976025E-002
   794.00000999999997       0.20425309479523762        1.2853855248013364E-002
   795.00000999999997       0.20438167717638567        1.2360683850491730E-002
   796.00000999999997       0.20451017871351129        1.1886305767673777E-002
   797.00000999999997       0.20463859955891098        1.1430009579273759E-002
   798.00000999999997       0.20476693986440370        1.0991110621077172E-002
   799.00000999999997       0.20489519978133289        1.0568949985105916E-002
   800.00000999999997       0.20502337946056864        1.0162893556907880E-002
   801.00000999999997       0.20515147905250969        9.7723310886032068E-003
   802.00000999999997       0.20527949870708551        9.3966753063632249E-003
   803.00000999999997       0.20540743857375837        9.0353610510560539E-003
   804.00000999999997       0.20553529880152538        8.6878444508304165E-003
   805.00000999999997       0.20566307953892043        8.3536021244608304E-003
   806.00000999999997       0.20579078093401640        8.0321304143158353E-003
   807.00000999999997       0.20591840313442683        7.7229446478566423E-003
   808.00000999999997       0.20604594628730827        7.4255784266096664E-003
   809.00000999999997       0.20617341053936203        7.1395829415994523E-003
   810.00000999999997       0.20630079603683626        6.8645263142619577E-003
   811.00000999999997       0.20642810292552785        6.5999929618970679E-003
   812.00000999999997       0.20655533135078435        6.3455829867509706E-003
   813.00000999999997       0.20668248145750603        6.1009115878558106E-003
   814.00000999999997       0.20680955339014764        5.8656084947832192E-003
   815.00000999999997       0.20693654729272043        5.6393174225003867E-003
   816.00000999999997       0.20706346330879410        5.4216955465478407E-003
   817.00000999999997       0.20719030158149854        5.2124129977858761E-003
   818.00000999999997       0.20731706225352586        5.0111523759844246E-003
   819.00000999999997       0.20744374546713218        4.8176082815589690E-003
   820.00000999999997       0.20757035136413948        4.6314868647782904E-003
   821.00000999999997       0.20769688008593754        4.4525053917980990E-003
   822.00000999999997       0.20782333177348572        4.2803918268950990E-003
   823.00000999999997       0.20794970656731479        4.1148844303014751E-003
   824.00000999999997       0.20807600460752876        3.9557313710602959E-003
   825.00000999999997       0.20820222603380667        3.8026903543450733E-003
   826.00000999999997       0.20832837098540449        3.6555282627055963E-003
   827.00000999999997       0.20845443960115678        3.5140208107242877E-003
   828.00000999999997       0.20858043201947857        3.3779522125834019E-003
   829.00000999999997       0.20870634837836707        3.2471148620649018E-003
   830.00000999999997       0.20883218881540347        3.1213090245201564E-003
   831.00000999999997       0.20895795346775467        3.0003425403648128E-003
   832.00000999999997       0.20908364247217504        2.8840305396703606E-003
   833.00000999999997       0.20920925596500820        2.7721951674400452E-003
   834.00000999999997       0.20933479408218864        2.6646653191709697E-003
   835.00000999999997       0.20946025695924350        2.5612763863207808E-003
   836.00000999999997       0.20958564473129435        2.4618700113092137E-003
   837.00000999999997       0.20971095753305863        2.3662938517005900E-003
   838.00000999999997       0.20983619549885171        2.2744013532245764E-003
   839.00000999999997       0.20996135876258831        2.1860515313067352E-003
   840.00000999999997       0.21008644745778421        2.1011087607917425E-003
   841.00000999999997       0.21021146171755792        2.0194425735534389E-003
   842.00000999999997       0.21033640167463244        1.9409274636986342E-003
   843.00000999999997       0.21046126746133673        1.8654427000810662E-003
   844.00000999999997       0.21058605920960752        1.7928721458530291E-003
   845.00000999999997       0.21071077705099073        1.7231040847923518E-003
   846.00000999999997       0.21083542111664330        1.6560310541516297E-003
   847.00000999999997       0.21095999153733469        1.5915496837867391E-003
   848.00000999999997       0.21108448844344846        1.5295605413300987E-003
   849.00000999999997       0.21120891196498390        1.4699679831827708E-003
   850.00000999999997       0.21133326223155768        1.4126800111085970E-003
   851.00000999999997       0.21145753937240525        1.3576081342206571E-003
   852.00000999999997       0.21158174351638262        1.3046672361589158E-003
   853.00000999999997       0.21170587479196773        1.2537754472648716E-003
   854.00000999999997       0.21182993332726213        1.2048540215664871E-003
   855.00000999999997       0.21195391924999243        1.1578272183935877E-003
   856.00000999999997       0.21207783268751196        1.1126221884504423E-003
   857.00000999999997       0.21220167376680213        1.0691688641789984E-003
   858.00000999999997       0.21232544261447409        1.0273998542519596E-003
   859.00000999999997       0.21244913935677009        9.8725034204138269E-004
   860.00000999999997       0.21257276411956524        9.4865798791375687E-004
   861.00000999999997       0.21269631702836866        9.1156283520861471E-004
   862.00000999999997       0.21281979820832533        8.7590721976217665E-004
   863.00000999999997       0.21294320778421724        8.4163568284385630E-004
   864.00000999999997       0.21306654588046506        8.0869488737717206E-004
   865.00000999999997       0.21318981262112954        7.7703353732234786E-004
   866.00000999999997       0.21331300812991300        7.4660230010184362E-004
   867.00000999999997       0.21343613253016069        7.1735373195482043E-004
   868.00000999999997       0.21355918594486242        6.8924220611060315E-004
   869.00000999999997       0.21368216849665372        6.6222384367544004E-004
   870.00000999999997       0.21380508030781759        6.3625644713066038E-004
   871.00000999999997       0.21392792150028550        6.1129943634427000E-004
   872.00000999999997       0.21405069219563930        5.8731378700153122E-004
   873.00000999999997       0.21417339251511219        5.6426197136375650E-004
   874.00000999999997       0.21429602257959041        5.4210790126781440E-004
   875.00000999999997       0.21441858250961440        5.2081687328212089E-004
   876.00000999999997       0.21454107242538042        5.0035551593815056E-004
   877.00000999999997       0.21466349244674168        4.8069173895931854E-004
   878.00000999999997       0.21478584269320991        4.6179468441221751E-004
   879.00000999999997       0.21490812328395667        4.4363467970787022E-004
   880.00000999999997       0.21503033433781457        4.2618319238338479E-004
   881.00000999999997       0.21515247597327883        4.0941278659701664E-004
   882.00000999999997       0.21527454830850842        3.9329708127213792E-004
   883.00000999999997       0.21539655146132752        3.7781070982803561E-004
   884.00000999999997       0.21551848554922690        3.6292928143775706E-004
   885.00000999999997       0.21564035068936499        3.4862934375552338E-004
   886.00000999999997       0.21576214699856952        3.3488834705825403E-004
   887.00000999999997       0.21588387459333852        3.2168460974799654E-004
   888.00000999999997       0.21600553358984192        3.0899728516388045E-004
   889.00000999999997       0.21612712410392249        2.9680632965428097E-004
   890.00000999999997       0.21624864625109752        2.8509247186153831E-004
   891.00000999999997       0.21637010014655980        2.7383718317368068E-004
   892.00000999999997       0.21649148590517900        2.6302264929891397E-004
   893.00000999999997       0.21661280364150295        2.5263174292059154E-004
   894.00000999999997       0.21673405346975894        2.4264799739187460E-004
   895.00000999999997       0.21685523550385477        2.3305558143077614E-004
   896.00000999999997       0.21697634985738035        2.2383927477781008E-004
   897.00000999999997       0.21709739664360861        2.1498444477989679E-004
   898.00000999999997       0.21721837597549690        2.0647702386548611E-004
   899.00000999999997       0.21733928796568816        1.9830348787720187E-004
   900.00000999999997       0.21746013272651224        1.9045083522959582E-004
   901.00000999999997       0.21758091036998700        1.8290656686081920E-004
   902.00000999999997       0.21770162100781959        1.7565866694810601E-004
   903.00000999999997       0.21782226475140762        1.6869558435824453E-004
   904.00000999999997       0.21794284171184042        1.6200621480515304E-004
   905.00000999999997       0.21806335199990007        1.5557988368781510E-004
   906.00000999999997       0.21818379572606286        1.4940632958279114E-004
   907.00000999999997       0.21830417300050017        1.4347568836652156E-004
   908.00000999999997       0.21842448393308000        1.3777847794353202E-004
   909.00000999999997       0.21854472863336769        1.3230558355762861E-004
   910.00000999999997       0.21866490721062748        1.2704824366388783E-004
   911.00000999999997       0.21878501977382345        1.2199803634027772E-004
   912.00000999999997       0.21890506643162083        1.1714686621835444E-004
   913.00000999999997       0.21902504729238689        1.1248695191339989E-004
   914.00000999999997       0.21914496246419246        1.0801081393499086E-004
   915.00000999999997       0.21926481205481266        1.0371126305982534E-004
   916.00000999999997       0.21938459617172834        9.9581389149174779E-005
   917.00000999999997       0.21950431492212702        9.5614550394150757E-005
   918.00000999999997       0.21962396841290416        9.1804362972468682E-005
   919.00000999999997       0.21974355675066407        8.8144691101120628E-005
   920.00000999999997       0.21986308004172123        8.4629637469864187E-005
   921.00000999999997       0.21998253839210130        8.1253534041080376E-005
   922.00000999999997       0.22010193190754215        7.8010933202051950E-005
   923.00000999999997       0.22022126069349507        7.4896599256249206E-005
   924.00000999999997       0.22034052485512581        7.1905500240738559E-005
   925.00000999999997       0.22045972449731566        6.9032800057289732E-005
   926.00000999999997       0.22057885972466246        6.6273850905234789E-005
   927.00000999999997       0.22069793064148183        6.3624186004599580E-005
   928.00000999999997       0.22081693735180805        6.1079512598440354E-005
   929.00000999999997       0.22093587995939529        5.8635705223744565E-005
   930.00000999999997       0.22105475856771850        5.6288799240674742E-005
   931.00000999999997       0.22117357327997464        5.4034984610284165E-005
   932.00000999999997       0.22129232419908360        5.1870599911248604E-005
   933.00000999999997       0.22141101142768921        4.9792126586487339E-005
   934.00000999999997       0.22152963506816040        4.7796183410901058E-005
   935.00000999999997       0.22164819522259216        4.5879521171793993E-005
   936.00000999999997       0.22176669199280652        4.4039017553855372E-005
   937.00000999999997       0.22188512548035372        4.2271672220888561E-005
   938.00000999999997       0.22200349578651304        4.0574602086782315E-005
   939.00000999999997       0.22212180301229395        3.8945036768478657E-005
   940.00000999999997       0.22224004725843702        3.7380314213994163E-005
   941.00000999999997       0.22235822862541496        3.5877876498801879E-005
   942.00000999999997       0.22247634721343373        3.4435265784124233E-005
   943.00000999999997       0.22259440312243323        3.3050120430966412E-005
   944.00000999999997       0.22271239645208868        3.1720171263904189E-005
   945.00000999999997       0.22283032730181124        3.0443237978923073E-005
   946.00000999999997       0.22294819577074923        2.9217225689771584E-005
   947.00000999999997       0.22306600195778897        2.8040121607541822E-005
   948.00000999999997       0.22318374596155591        2.6909991848361763E-005
   949.00000999999997       0.22330142788041529        2.5824978364304142E-005
   950.00000999999997       0.22341904781247351        2.4783295992775611E-005
   951.00000999999997       0.22353660585557864        2.3783229619861542E-005
   952.00000999999997       0.22365410210732178        2.2823131453237565E-005
   953.00000999999997       0.22377153666503771        2.1901418400466552E-005
   954.00000999999997       0.22388890962580599        2.1016569548620001E-005
   955.00000999999997       0.22400622108645180        2.0167123741347605E-005
   956.00000999999997       0.22412347114354694        1.9351677249649297E-005
   957.00000999999997       0.22424065989341077        1.8568881532752237E-005
   958.00000999999997       0.22435778743211104        1.7817441085634731E-005
   959.00000999999997       0.22447485385546487        1.7096111369865567E-005
   960.00000999999997       0.22459185925903974        1.6403696824558648E-005
   961.00000999999997       0.22470880373815422        1.5739048954364033E-005
   962.00000999999997       0.22482568738787906        1.5101064491531393E-005
   963.00000999999997       0.22494251030303791        1.4488683629200699E-005
   964.00000999999997       0.22505927257820843        1.3900888323174125E-005
   965.00000999999997       0.22517597430772296        1.3336700659541436E-005
   966.00000999999997       0.22529261558566965        1.2795181285617281E-005
   967.00000999999997       0.22540919650589308        1.2275427901757666E-005
   968.00000999999997       0.22552571716199535        1.1776573811708197E-005
   969.00000999999997       0.22564217764733685        1.1297786529228471E-005
   970.00000999999997       0.22575857805503718        1.0838266438828696E-005
   971.00000999999997       0.22587491847797603        1.0397245508525802E-005
   972.00000999999997       0.22599119900879397        9.9739860526200022E-006
   973.00000999999997       0.22610741973989337        9.5677795425577261E-006
   974.00000999999997       0.22622358076343926        9.1779454640288436E-006
   975.00000999999997       0.22633968217136013        8.8038302185117481E-006
   976.00000999999997       0.22645572405534889        8.4448060675522673E-006
   977.00000999999997       0.22657170650686356        8.1002701181258856E-006
   978.00000999999997       0.22668762961712824        7.7696433474959055E-006
   979.00000999999997       0.22680349347713388        7.4523696660418916E-006
   980.00000999999997       0.22691929817763917        7.1479150165918321E-006
   981.00000999999997       0.22703504380917128        6.8557665088457248E-006
   982.00000999999997       0.22715073046202672        6.5754315875343330E-006
   983.00000999999997       0.22726635822627228        6.3064372330077700E-006
   984.00000999999997       0.22738192719174566        6.0483291930000996E-006
   985.00000999999997       0.22749743744805637        5.8006712443622274E-006
   986.00000999999997       0.22761288908458660        5.5630444836037723E-006
   987.00000999999997       0.22772828219049193        5.3350466451280285E-006
   988.00000999999997       0.22784361685470217        5.1162914460867651E-006
   989.00000999999997       0.22795889316592216        4.9064079568248761E-006
   990.00000999999997       0.22807411121263263        4.7050399959206920E-006
   991.00000999999997       0.22818927108309084        4.5118455488713354E-006
   992.00000999999997       0.22830437286533151        4.3264962095033266E-006
   993.00000999999997       0.22841941664716753        4.1486766432286284E-006
   994.00000999999997       0.22853440251619081        3.9780840712976470E-006
   995.00000999999997       0.22864933055977293        3.8144277752346844E-006
   996.00000999999997       0.22876420086506613        3.6574286206716497E-006
   997.00000999999997       0.22887901351900378        3.5068185998269424E-006
   998.00000999999997       0.22899376860830148        3.3623403919047113E-006
   999.00000999999997       0.22910846621945755        3.2237469407192756E-006
 Total integrated eventrate (events)   318346.35605446598      pm  -3.1516114897987020     
 Event rate spectra written to eventrate_spectra.dat
 Compute time (s)   12.1505919    
