 %%%%%%%%%%%%%%%%%%%%%%%%%%%%%%%%%%%%%%%%%%%%%%%%%%%%%%%%%%%%%%%%%%%%%%%%%%%%%%%
 Welcome to our FORTAN 90 implementation of the WIMP-nucleon scattering code.
 Based on the Mathematica script described in arXiv:1308.6288 (2003).
   VERSION 1.4 UPDATED: 2021.01.15 @ SDSU
   Dev. contact: cjohnson@sdsu.edu
                  ogorton@sdsu.edu
 %%%%%%%%%%%%%%%%%%%%%%%%%%%%%%%%%%%%%%%%%%%%%%%%%%%%%%%%%%%%%%%%%%%%%%%%%%%%%%%
 
 Select an option:
 [1] Event rate per unit recoil energy (spectra)
 [2] (*) Scattering probability
 [3] (*) Differential cross section per recoil energy
 [4] (*) Total cross section
 [5] Total scattering events per detector (does not produce spectra data)
  
 (*) Not available in this release.
  
 Enter the target proton number 
  
 Enter the target neutron number 
 Setting default parameter values.
  
 Enter name of control file (.control):
 %%%%%%%%%%%%%%%%%%%%%%%%%%%%%%%%%%%%%%%%%%%%%%%%%%%%%%%%%%%%%%%%%%%%%%%%%%%%%%%
 Reading control file.
 Possible keywords:
 coefnonrel
 vearth
 dmdens
 quadtype
 intpoints
 gev
 femtometer
 wimpmass
 vescape
 ntarget
 weakmscale
 vscale
 mnucleon
 dmspin
 
 # Coefficient matrix (non-relativistic)
 # Ommitted values are assumed to be 0.0.
 # c_i^t
 # i = 1,...,16
 # t: p=proton n=neutron s=scaler v=vector
 #control name	 i	coupling	c_i^t
 n           1   4.8000000000000001E-004
 wimpmass: Set dark matter particle mass to   500.00000000000000     
 vearth: Set velocity of earth in galactic frame set to   232.00000000000000     
 maxwellv0: Set velocity distribution scaling to   220.00000000000000     
 vescape: Set escape velocity to   550.00000000000000     
 dmdens: Set local dark matter density to  0.29999999999999999     
 intpoints: Set number of integral lattice points to        1000
 ntscale: Set target nuclei mass density scaling to   2500.0000000000000     
 End of control file.
 
 Converting EFT coefficients isospin <=> proton-neutron formalism.
 s           1   4.8000000000000001E-004
 v           1  -4.8000000000000001E-004
 p           1   0.0000000000000000     
 n           1   4.8000000000000001E-004
 Normalizing EFT coefficients.
  Enter shell-model space file name (.sps)
 Shell-Model space file name GCN5082        
           1           0           7           4
           2           1           5           2
           3           1           3           2
           4           2           1           0
           5           0          11           5
           6           0           9           4
           7           1           1           1
           8           0           5           3
           9           1           3           1
          10           0           7           3
          11           0           3           2
          12           0           5           2
          13           1           1           0
          14           0           1           1
          15           0           3           1
          16           0           1           0
  
  Enter name of one-body density file (.dres) 
 Density matrix allocated, size:        5632
 Density matrix is in explicit proton-neutron format.
 Density matrix is in explicit proton-neutron format.
 Filling core orbitals.
 %%%%%%%%%%%%%%%%%%%%%%%%%%%%%%%%%%%%%%%%%%%%%%%%%%%%%%%%%%%%%%%%%%%%%%%%%%%%%%%
 Parameters used in this calculation:
 femtometer =   5.0677000000000003     
 GeV =    1.0000000000000000     
 kev =    9.9999999999999995E-007
 b (dimless)   2.2871937024334894     
 b (fm)   11.590811525822195     
 Nucleon mass (GeV)  0.93827199999999999     
 WIMP spin  0.50000000000000000     
 WIMP mass (GeV)   500.00000000000000     
 Target J           2
 Target T          22
 Target Mt          21
 Target Z,N          54          75
 Target atomic mass   129.00000000000000     
 System reduced mass   97.447552117853547     
 Target mass density (1/GeV)   8.2619304258212158E-003
 Local WIMP density (GeV/cm^3)  0.29999999999999999     
 v0 (km/s)   220.00000000000000     
 ve (km/s)   232.00000000000000     
 v escape (km/s)   550.00000000000000     
 Integral lattice size =         1000
 EFT coupling coefficients:
 i    p    n    s    v
i          p           n           s           v
 1  0.0000E+00 0.1486E-04 0.1486E-04-0.1486E-04
 %%%%%%%%%%%%%%%%%%%%%%%%%%%%%%%%%%%%%%%%%%%%%%%%%%%%%%%%%%%%%%%%%%%%%%%%%%%%%%%
 Computing differential event rate spectra
 What is the range of recoil energies in kev?
 Enter starting energy, stoping energy, step size:
 E min  (kev)   1.0000000000000000     
 E max  (kev)   1000.0000000000000     
 E step (kev)   1.0000000000000000     
 Number of event rates to compute:        1000
 E-recoil (kev)              q-transfer (gev/c)        Eventrate (events/gev)
   1.0000000000000000        1.5558733110378878E-002   43299.170412371241     
   2.0000000000000000        2.2003371378041137E-002   40949.433609308151     
   3.0000000000000000        2.6948516248580363E-002   38717.083805112772     
   4.0000000000000000        3.1117466220757756E-002   36596.706417584021     
   5.0000000000000000        3.4790384878583908E-002   34583.108409300090     
   6.0000000000000000        3.8110957164574071E-002   32671.317566996320     
   7.0000000000000000        4.1164538525288973E-002   30856.575700017391     
   8.0000000000000000        4.4006742756082275E-002   29134.330755206138     
   9.0000000000000000        4.6676199331136634E-002   27500.228797813696     
   10.000000000000000        4.9201034135473207E-002   25950.106123708363     
   11.000000000000000        5.1602479940405961E-002   24479.981591943459     
   12.000000000000000        5.3897032497160727E-002   23086.049209139241     
   13.000000000000000        5.6097810010730366E-002   21764.670975112153     
   14.000000000000000        5.8215448671293427E-002   20512.369989807896     
   15.000000000000000        6.0258714224583315E-002   19325.823817301614     
   16.000000000000000        6.2234932441515511E-002   18201.858100586498     
   17.000000000000000        6.4150300014886905E-002   17137.440419901857     
   18.000000000000000        6.6010114134123415E-002   16129.674386925310     
   19.000000000000000        6.7818945317661777E-002   15175.793967014830     
   20.000000000000000        6.9580769757167815E-002   14273.158021704836     
   21.000000000000000        7.1299072195926919E-002   13419.245063771328     
   22.000000000000000        7.2976926983807699E-002   12611.648217338045     
   23.000000000000000        7.4617062713564372E-002   11848.070375685385     
   24.000000000000000        7.6221914329148141E-002   11126.319549626740     
   25.000000000000000        7.7793665551894389E-002   10444.304399528621     
   26.000000000000000        7.9334283736604061E-002   9800.0299442645919     
   27.000000000000000        8.0845548745741097E-002   9191.5934406075557     
   28.000000000000000        8.2329077050577945E-002   8617.1804267750213     
   29.000000000000000        8.3786341989610685E-002   8075.0609240519061     
   30.000000000000000        8.5218690907570269E-002   7563.5857906165429     
   31.000000000000000        8.6627359742751014E-002   7081.1832218961072     
   32.000000000000000        8.8013485512164549E-002   6626.3553919702435     
   33.000000000000000        8.9378117053336939E-002   6197.6752307300476     
   34.000000000000000        9.0722224311356028E-002   5793.7833316823162     
   35.000000000000000        9.2046706404955075E-002   5413.3849854664950     
   36.000000000000000        9.3352398662273267E-002   5055.2473343236716     
   37.000000000000000        9.4640078782722903E-002   4718.1966429239365     
   38.000000000000000        9.5910472254076604E-002   4401.1156811196270     
   39.000000000000000        9.7164257131930970E-002   4102.9412143489717     
   40.000000000000000        9.8402068270946413E-002   3822.6615975657655     
   41.000000000000000        9.9624501082815967E-002   3559.3144687173790     
   42.000000000000000       0.10083211488409831        3311.9845379357225     
   43.000000000000000       0.10202543588733154        3079.8014687423797     
   44.000000000000000       0.10320495988081192        2861.9378477026316     
   45.000000000000000       0.10437115463575172        2657.6072390909258     
   46.000000000000000       0.10552446207396653        2466.0623212550063     
   47.000000000000000       0.10666530022458100        2286.5931014856233     
   48.000000000000000       0.10779406499432145        2118.5252063149269     
   49.000000000000000       0.10891113177265214        1961.2182442789549     
   50.000000000000000       0.11001685689020570        1814.0642382876983     
   51.000000000000000       0.11111157894657063        1676.4861248512993     
   52.000000000000000       0.11219562002146073        1547.9363175118776     
   53.000000000000000       0.11326928678154551        1427.8953319284003     
   54.000000000000000       0.11433287149372222        1315.8704701563063     
   55.000000000000000       0.11538665295431703        1211.3945617548641     
   56.000000000000000       0.11643089734258685        1114.0247594432490     
   57.000000000000000       0.11746585900592563        1023.3413871113602     
   58.000000000000000       0.11849178118333777        938.94683807350907     
   59.000000000000000       0.11950889667300924        860.46452153228665     
   60.000000000000000       0.12051742844916663        787.53785529645131     
   61.000000000000000       0.12151759023285476        719.82930287047873     
   62.000000000000000       0.12250958702077155        657.01945310465203     
   63.000000000000000       0.12349361557586691        598.80614066325666     
   64.000000000000000       0.12446986488303102        544.90360563482704     
   65.000000000000000       0.12543851657286129        495.04169067231146     
   66.000000000000000       0.12639974531619910        448.96507411272438     
   67.000000000000000       0.12735371919186342        406.43253758540561     
   68.000000000000000       0.12830060002977381        367.21626667536123     
   69.000000000000000       0.12924054373144675        331.10118326348407     
   70.000000000000000       0.13017370056966190        297.88430821889176     
   71.000000000000000       0.13110021546893050        267.37415316995083     
   72.000000000000000       0.13202022826824683        239.39014013022367     
   73.000000000000000       0.13293387396747303        213.76204780331545     
   74.000000000000000       0.13384128295858494        190.32948343669210     
   75.000000000000000       0.13474258124290184        168.94137913889676     
   76.000000000000000       0.13563789063532355        149.45551161737231     
   77.000000000000000       0.13652732895651332        131.73804433529250     
   78.000000000000000       0.13741101021388352        115.66309112549499     
   79.000000000000000       0.13828904477217274        101.11230033783859     
   80.000000000000000       0.13916153951433563        87.974458633119625     
   81.000000000000000       0.14002859799340989        76.145113572149512     
   82.000000000000000       0.14089032057597142        65.526214182724289     
   83.000000000000000       0.14174680457773994        56.025768720094050     
   84.000000000000000       0.14259814439185384        47.557518868175158     
   85.000000000000000       0.14344443161029291        40.040629659217778     
   86.000000000000000       0.14428575513889094        33.399394418942890     
   87.000000000000000       0.14512220130634734        27.562954072379480     
   88.000000000000000       0.14595385396761540        22.465030172787575     
   89.000000000000000       0.14678079460201868        18.043671042147487     
   90.000000000000000       0.14760310240641963        14.241010436847464     
   91.000000000000000       0.14842085438374217        11.003038176353058     
   92.000000000000000       0.14923412542712874        8.2793821958914577     
   93.000000000000000       0.15004298839999156        6.0231015065440907     
   94.000000000000000       0.15084751421220038        4.1904895676290952     
   95.000000000000000       0.15164777189263282        2.7408875969267221     
   96.000000000000000       0.15244382865829628        1.6365073641700059     
   97.000000000000000       0.15323574998021838       0.84226303231917543     
   98.000000000000000       0.15402359964628798       0.32561162949566730     
   99.000000000000000       0.15480743982121789        5.6401752091136390E-002
   100.00000000000000       0.15558733110378878        6.7301165175289585E-003
   101.00000000000000       0.15636333258152307       0.15080559334913071     
   102.00000000000000       0.15713550188292905       0.46482037325217773     
   103.00000000000000       0.15790389522744522       0.92682792912470202     
   104.00000000000000       0.15866856747320812        1.5166274533017599     
   105.00000000000000       0.15942957216275780        2.2156544625400061     
   106.00000000000000       0.16018696156678919        3.0068772768040155     
   107.00000000000000       0.16094078672605028        3.8746990906505450     
   108.00000000000000       0.16169109749148219        4.8048653682730711     
   109.00000000000000       0.16243794256269070        5.7843763050388457     
   110.00000000000000       0.16318136952483270        6.8014041096458087     
   111.00000000000000       0.16392142488399739        7.8452148718691195     
   112.00000000000000       0.16465815410115589        8.9060947912633388     
   113.00000000000000       0.16539160162474997        9.9752805521670709     
   114.00000000000000       0.16612181092198580        11.044893639919803     
   115.00000000000000       0.16684882450889488        12.107878402385948     
   116.00000000000000       0.16757268397922137        13.157943669672807     
   117.00000000000000       0.16829343003219108        14.189507753374297     
   118.00000000000000       0.16901110249921453        15.197646654754228     
   119.00000000000000       0.16972574036957389        16.178045319040088     
   120.00000000000000       0.17043738181514054        17.126951780426790     
   121.00000000000000       0.17114606421416767        18.041134049509818     
   122.00000000000000       0.17185182417419956        18.917839601687522     
   123.00000000000000       0.17255469755413788        19.754757331609071     
   124.00000000000000       0.17325471948550203        20.549981845002840     
   125.00000000000000       0.17395192439291957        21.301979965210162     
   126.00000000000000       0.17464634601388029        22.009559337496231     
   127.00000000000000       0.17533801741778648        22.671839019697799     
   128.00000000000000       0.17602697102432910        23.288221953028081     
   129.00000000000000       0.17671323862121929        23.858369211898403     
   130.00000000000000       0.17739685138130271        24.382175936424016     
   131.00000000000000       0.17807783987908207        24.859748855900076     
   132.00000000000000       0.17875623410667388        25.291385315933191     
   133.00000000000000       0.17943206348922144        25.677553726137514     
   134.00000000000000       0.18010535689978796        26.018875349334380     
   135.00000000000000       0.18077614267374995        26.316107357048061     
   136.00000000000000       0.18144444862271206        26.570127079777880     
   137.00000000000000       0.18211030204796211        26.781917384050921     
   138.00000000000000       0.18277372975348508        26.952553111621391     
   139.00000000000000       0.18343475805855333        27.083188519404636     
   140.00000000000000       0.18409341280991015        27.175045661800102     
   141.00000000000000       0.18474971939356225        27.229403659999729     
   142.00000000000000       0.18540370274619652        27.247588805672287     
   143.00000000000000       0.18605538736623567        27.230965449094473     
   144.00000000000000       0.18670479732454653        27.180927624354638     
   145.00000000000000       0.18735195627481449        27.098891366685631     
   146.00000000000000       0.18799688746359605        26.986287679316206     
   147.00000000000000       0.18863961374006255        26.844556109443605     
   148.00000000000000       0.18928015756544581        26.675138895048132     
   149.00000000000000       0.18991854102219718        26.479475646288012     
   150.00000000000000       0.19055478582287036        26.258998527134704     
   151.00000000000000       0.19118891331873822        26.015127904743832     
   152.00000000000000       0.19182094450815321        25.749268435804051     
   153.00000000000000       0.19245090004466076        25.462805560768839     
   154.00000000000000       0.19307880024487412        25.157102378463250     
   155.00000000000000       0.19370466509611997        24.833496875066398     
   156.00000000000000       0.19432851426386194        24.493299482908967     
   157.00000000000000       0.19495036709891059        24.137790945890163     
   158.00000000000000       0.19557024264442685        23.768220469625472     
   159.00000000000000       0.19618815964272665        23.385804135666987     
   160.00000000000000       0.19680413654189283        22.991723560325607     
   161.00000000000000       0.19741819150220175        22.587124779735191     
   162.00000000000000       0.19803034240237025        22.173117343868920     
   163.00000000000000       0.19864060684562962        21.750773603226097     
   164.00000000000000       0.19924900216563193        21.321128172873404     
   165.00000000000000       0.19985554543219461        20.885177559429358     
   166.00000000000000       0.20046025345688856        20.443879937455936     
   167.00000000000000       0.20106314279847512        19.998155062536028     
   168.00000000000000       0.20166422976819662        19.548884309102633     
   169.00000000000000       0.20226353043492540        19.096910821818657     
   170.00000000000000       0.20286106063017614        18.643039770014322     
   171.00000000000000       0.20345683595298536        18.188038695350500     
   172.00000000000000       0.20405087177466308        17.732637943507989     
   173.00000000000000       0.20464318324342004        17.277531171299312     
   174.00000000000000       0.20523378528887490        16.823375921165788     
   175.00000000000000       0.20582269262644487        16.370794255555875     
   176.00000000000000       0.20640991976162384        15.920373444188943     
   177.00000000000000       0.20699548099415119        15.472666697686023     
   178.00000000000000       0.20757939042207441        15.028193941502193     
   179.00000000000000       0.20816166194570987        14.587442624522497     
   180.00000000000000       0.20874230927150345        14.150868557087330     
   181.00000000000000       0.20932134591579521        13.718896773593579     
   182.00000000000000       0.20989878520849040        13.291922415180625     
   183.00000000000000       0.21047464029664001        12.870311628343510     
   184.00000000000000       0.21104892414793305        12.454402475643194     
   185.00000000000000       0.21162164955410398        12.044505854977132     
   186.00000000000000       0.21219282913425702        11.640906424163575     
   187.00000000000000       0.21276247533811032        11.243863527855170     
   188.00000000000000       0.21333060044916199        10.853612124052939     
   189.00000000000000       0.21389721658778077        10.470363707721065     
   190.00000000000000       0.21446233571422277        10.094307229233312     
   191.00000000000000       0.21502596963157727        9.7256100055811423     
   192.00000000000000       0.21558812998864291        9.3644186224747443     
   193.00000000000000       0.21614882828273668        9.0108598256481383     
   194.00000000000000       0.21670807586243757        8.6650413998512281     
   195.00000000000000       0.21726588393026641        8.3270530341724367     
   196.00000000000000       0.21782226354530429        7.9969671724844664     
   197.00000000000000       0.21837722562575063        7.6748398479456608     
   198.00000000000000       0.21893078095142307        7.3607115006212593     
   199.00000000000000       0.21948294016620062        7.0546077774082701     
   200.00000000000000       0.22003371378041139        6.7565403135622502     
   201.00000000000000       0.22058311217316703        6.4665074952303430     
   202.00000000000000       0.22113114559464481        6.1844952024906874     
   203.00000000000000       0.22167782416831863        5.9104775324906118     
   204.00000000000000       0.22222315789314126        5.6444175023598309     
   205.00000000000000       0.22276715664567789        5.3862677316526222     
   206.00000000000000       0.22330983018219328        5.1359711041434988     
   207.00000000000000       0.22385118814069316        4.8934614088701256     
   208.00000000000000       0.22439124004292146        4.6586639603740290     
   209.00000000000000       0.22492999529631436        4.4314961981492136     
   210.00000000000000       0.22546746319591215        4.2118682653579942     
   211.00000000000000       0.22600365292623037        3.9996835669206172     
   212.00000000000000       0.22653857356309101        3.7948393071281905     
   213.00000000000000       0.22707223407541485        3.5972270069669112     
   214.00000000000000       0.22760464332697608        3.4067330013764483     
   215.00000000000000       0.22813581007811989        3.2232389166983748     
   216.00000000000000       0.22866574298744444        3.0466221285962627     
   217.00000000000000       0.22919445061344745        2.8767562007581367     
   218.00000000000000       0.22972194141613900        2.7135113047109658     
   219.00000000000000       0.23024822375862100        2.5567546210996968     
   220.00000000000000       0.23077330590863407        2.4063507227991563     
   221.00000000000000       0.23129719604007307        2.2621619402431739     
   222.00000000000000       0.23181990223447166        2.1240487093678144     
   223.00000000000000       0.23234143248245673        1.9918699025775641     
   224.00000000000000       0.23286179468517371        1.8654831431511947     
   225.00000000000000       0.23338099665568315        1.7447451035127879     
   226.00000000000000       0.23389904612032944        1.6295117877988565     
   227.00000000000000       0.23441595072008220        1.5196387991567220     
   228.00000000000000       0.23493171801185125        1.4149815922122868     
   229.00000000000000       0.23544635546977574        1.3153957111480004     
   230.00000000000000       0.23595987048648759        1.2207370138310394     
   231.00000000000000       0.23647227037435065        1.1308618824327543     
   232.00000000000000       0.23698356236667553        1.0456274209776339     
   233.00000000000000       0.23749375361891098       0.96489164025888141     
   234.00000000000000       0.23800285120981218       0.88851363055361487     
   235.00000000000000       0.23851086214258668       0.81635372256751859     
   236.00000000000000       0.23901779334601847       0.74827363703358141     
   237.00000000000000       0.23952365167557044       0.68413662338484826     
   238.00000000000000       0.24002844391446609       0.62380758791500646     
   239.00000000000000       0.24053217677475086       0.56715321183475165     
   240.00000000000000       0.24103485689833326       0.51404205962461968     
   241.00000000000000       0.24153649085800680       0.46434467807850188     
   242.00000000000000       0.24203708515845251       0.41793368642433093     
   243.00000000000000       0.24253664623722329       0.37468385790057079     
   244.00000000000000       0.24303518046570952       0.33447219315942234     
   245.00000000000000       0.24353269415008735       0.29717798585936328     
   246.00000000000000       0.24402919353224933       0.26268288080100538     
   247.00000000000000       0.24452468479071798       0.23087092495215378     
   248.00000000000000       0.24501917404154311       0.20162861169879334     
   249.00000000000000       0.24551266733918231       0.17484491865029722     
   250.00000000000000       0.24600517067736605       0.15041133931817394     
   251.00000000000000       0.24649668998994692       0.12822190897879429     
   252.00000000000000       0.24698723115173382       0.10817322502162735     
   253.00000000000000       0.24747679997931119        9.0164462075741927E-002
   254.00000000000000       0.24796540223184363        7.4097382198222816E-002
   255.00000000000000       0.24845304361186640        5.9876340399510959E-002
   256.00000000000000       0.24893972976606205        4.7408285771783937E-002
   257.00000000000000       0.24942546628602300        3.6602758477842508E-002
   258.00000000000000       0.24991025870900135        2.7371882849178655E-002
   259.00000000000000       0.25039411251864530        1.9630356833602935E-002
   260.00000000000000       0.25087703314572257        1.3295438024139444E-002
   261.00000000000000       0.25135902596883208        8.2869264926930860E-003
   262.00000000000000       0.25184009631510229        4.5271446437826152E-003
   263.00000000000000       0.25232024946087855        1.9409142955324934E-003
   264.00000000000000       0.25279949063239820        4.5553118724189355E-004
   265.00000000000000       0.25327782500645413        7.3710500525628321E-007
   266.00000000000000       0.25375525771104723        5.0868980928429550E-004
   267.00000000000000       0.25423179382602801        1.9139309408378342E-003
   268.00000000000000       0.25470743838372684        4.1533520740950026E-003
   269.00000000000000       0.25518219636957434        7.1661590799174365E-003
   270.00000000000000       0.25565607272271079        1.0893834952713257E-002
   271.00000000000000       0.25612907233658577        1.5280101250051853E-002
   272.00000000000000       0.25660120005954762        2.0270878286269903E-002
   273.00000000000000       0.25707246069542339        2.5814244215111172E-002
   274.00000000000000       0.25754285900408885        3.1860393130107099E-002
   275.00000000000000       0.25801239970202983        3.8361592305329942E-002
   276.00000000000000       0.25848108746289350        4.5272138693116734E-002
   277.00000000000000       0.25894892691803145        5.2548314789681874E-002
   278.00000000000000       0.25941592265703350        6.0148343973795350E-002
   279.00000000000000       0.25988207922825307        6.8032345418407747E-002
   280.00000000000000       0.26034740113932381        7.6162288669697223E-002
   281.00000000000000       0.26081189285766859        8.4501947982999190E-002
   282.00000000000000       0.26127555881099934        9.3016856500114681E-002
   283.00000000000000       0.26173840338781007       0.10167426034767324     
   284.00000000000000       0.26220043093786100       0.11044307273173741     
   285.00000000000000       0.26266164577265555       0.11929382809918478     
   286.00000000000000       0.26312205216591028       0.12819863643237170     
   287.00000000000000       0.26358165435401604       0.13713113773912397     
   288.00000000000000       0.26404045653649366       0.14606645679646979     
   289.00000000000000       0.26449846287644091       0.15498115820230704     
   290.00000000000000       0.26495567750097371       0.16385320178590146     
   291.00000000000000       0.26541210450165981       0.17266189842419816     
   292.00000000000000       0.26586774793494605       0.18138786630772896     
   293.00000000000000       0.26632261182257877       0.19001298769665825     
   294.00000000000000       0.26677670015201854       0.19852036620418315     
   295.00000000000000       0.26723001687684711       0.20689428464163484     
   296.00000000000000       0.26768256591716988       0.21512016345676821     
   297.00000000000000       0.26813435116001083       0.22318451979385312     
   298.00000000000000       0.26858537645970226       0.23107492720165540     
   299.00000000000000       0.26903564563826854       0.23877997601282200     
   300.00000000000000       0.26948516248580368       0.24628923441580058     
   301.00000000000000       0.26993393076084377       0.25359321023810827     
   302.00000000000000       0.27038195419073363       0.26068331345767071     
   303.00000000000000       0.27082923647198803       0.26755181945674433     
   304.00000000000000       0.27127578127064711       0.27419183303102584     
   305.00000000000000       0.27172159222262776       0.28059725316475498     
   306.00000000000000       0.27216667293406810       0.28676273858063811     
   307.00000000000000       0.27261102698166850       0.29268367407200807     
   308.00000000000000       0.27305465791302663       0.29835613762269225     
   309.00000000000000       0.27349756924696789       0.30377686831893147     
   310.00000000000000       0.27393976447387114       0.30894323505595028     
   311.00000000000000       0.27438124705598960       0.31385320604060507     
   312.00000000000000       0.27482202042776704       0.31850531909020474     
   313.00000000000000       0.27526208799614960       0.32289865272643303     
   314.00000000000000       0.27570145314089295       0.32703279806216146     
   315.00000000000000       0.27614011921486525       0.33090783147793001     
   316.00000000000000       0.27657808954434548       0.33452428808377838     
   317.00000000000000       0.27701536742931793       0.33788313596139269     
   318.00000000000000       0.27745195614376195       0.34098575118040370     
   319.00000000000000       0.27788785893593843       0.34383389358221650     
   320.00000000000000       0.27832307902867126       0.34642968332361218     
   321.00000000000000       0.27875761961962581       0.34877557817206523     
   322.00000000000000       0.27919148388158260       0.35087435154379060     
   323.00000000000000       0.27962467496270782       0.35272907127517478     
   324.00000000000000       0.28005719598681977       0.35434307911751112     
   325.00000000000000       0.28048905005365182       0.35571997094459668     
   326.00000000000000       0.28092024023911127       0.35686357766235910     
   327.00000000000000       0.28135076959553529       0.35777794680911712     
   328.00000000000000       0.28178064115194285       0.35846732483478072     
   329.00000000000000       0.28220985791428332       0.35893614004709079     
   330.00000000000000       0.28263842286568186       0.35918898621254641     
   331.00000000000000       0.28306633896668110       0.35923060679952207     
   332.00000000000000       0.28349360915547989       0.35906587985076238     
   333.00000000000000       0.28392023634816871       0.35869980347240926     
   334.00000000000000       0.28434622343896182       0.35813748192642070     
   335.00000000000000       0.28477157330042618       0.35738411231311434     
   336.00000000000000       0.28519628878370767       0.35644497183060703     
   337.00000000000000       0.28562037271875407       0.35532540559764292     
   338.00000000000000       0.28604382791453481       0.35403081502647793     
   339.00000000000000       0.28646665715925823       0.35256664673220567     
   340.00000000000000       0.28688886322058582       0.35093838196511329     
   341.00000000000000       0.28731044884584339       0.34915152655259646     
   342.00000000000000       0.28773141676222980       0.34721160133710777     
   343.00000000000000       0.28815176967702283       0.34512413309678491     
   344.00000000000000       0.28857151027778188       0.34289464593544783     
   345.00000000000000       0.28899064123254925       0.34052865312859359     
   346.00000000000000       0.28940916519004711       0.33803164941239716     
   347.00000000000000       0.28982708477987351       0.33540910370243143     
   348.00000000000000       0.29024440261269469       0.33266645222939706     
   349.00000000000000       0.29066112128043542       0.32980909207890752     
   350.00000000000000       0.29107724335646712       0.32684237512267339     
   351.00000000000000       0.29149277139579294       0.32377160232865176     
   352.00000000000000       0.29190770793523080       0.32060201843774788     
   353.00000000000000       0.29232205549359425       0.31733880699486799     
   354.00000000000000       0.29273581657187081       0.31398708572237222     
   355.00000000000000       0.29314899365339803       0.31055190222408036     
   356.00000000000000       0.29356158920403735       0.30703823000818248     
   357.00000000000000       0.29397360567234604       0.30345096481764910     
   358.00000000000000       0.29438504548974631       0.29979492125687618     
   359.00000000000000       0.29479591107069314       0.29607482970353610     
   360.00000000000000       0.29520620481283927       0.29229533349488229     
   361.00000000000000       0.29561592909719869       0.28846098637776402     
   362.00000000000000       0.29602508628830765       0.28457625021207694     
   363.00000000000000       0.29643367873438403       0.28064549291743579     
   364.00000000000000       0.29684170876748434       0.27667298665308365     
   365.00000000000000       0.29724917870365936       0.27266290622133305     
   366.00000000000000       0.29765609084310701       0.26861932768502739     
   367.00000000000000       0.29806244747032457       0.26454622718968912     
   368.00000000000000       0.29846825085425749       0.26044747998135903     
   369.00000000000000       0.29887350324844791       0.25632685961121882     
   370.00000000000000       0.29927820689118012       0.25218803731836209     
   371.00000000000000       0.29968236400562509       0.24803458158241351     
   372.00000000000000       0.30008597679998311       0.24386995783770135     
   373.00000000000000       0.30048904746762400       0.23969752834108987     
   374.00000000000000       0.30089157818722678       0.23552055218571308     
   375.00000000000000       0.30129357112291655       0.23134218545312110     
   376.00000000000000       0.30169502842440077       0.22716548149643886     
   377.00000000000000       0.30209595222710284       0.22299339134758758     
   378.00000000000000       0.30249634465229491       0.21882876424155928     
   379.00000000000000       0.30289620780722892       0.21467434825113024     
   380.00000000000000       0.30329554378526563       0.21053279102557465     
   381.00000000000000       0.30369435466600297       0.20640664062702399     
   382.00000000000000       0.30409264251540186       0.20229834645854661     
   383.00000000000000       0.30449040938591154       0.19821026027794583     
   384.00000000000000       0.30488765731659256       0.19414463729172421     
   385.00000000000000       0.30528438833323918       0.19010363732365956     
   386.00000000000000       0.30568060444849943       0.18608932605275655     
   387.00000000000000       0.30607630766199462       0.18210367631547342     
   388.00000000000000       0.30647149996043677       0.17814856946725760     
   389.00000000000000       0.30686618331774518       0.17422579679873135     
   390.00000000000000       0.30726035969516147       0.17033706100188364     
   391.00000000000000       0.30765403104136307       0.16648397768195872     
   392.00000000000000       0.30804719929257596       0.16266807691075902     
   393.00000000000000       0.30843986637268533       0.15889080481733373     
   394.00000000000000       0.30883203419334593       0.15515352521216361     
   395.00000000000000       0.30922370465409016       0.15145752124109610     
   396.00000000000000       0.30961487964243578       0.14780399706545264     
   397.00000000000000       0.31000556103399179       0.14419407956489838     
   398.00000000000000       0.31039575069256342       0.14062882005972649     
   399.00000000000000       0.31078545047025607       0.13710919604952801     
   400.00000000000000       0.31117466220757756       0.13363611296513353     
   401.00000000000000       0.31156338773353970       0.13021040593104213     
   402.00000000000000       0.31195162886575861       0.12683284153557234     
   403.00000000000000       0.31233938741055378       0.12350411960614727     
   404.00000000000000       0.31272666516304615       0.12022487498724618     
   405.00000000000000       0.31311346390725520       0.11699567931863768     
   406.00000000000000       0.31349978541619450       0.11381704281171155     
   407.00000000000000       0.31388563145196691       0.11068941602175664     
   408.00000000000000       0.31427100376585809       0.10761319161418426     
   409.00000000000000       0.31465590409842942       0.10458870612280873     
   410.00000000000000       0.31504033417960942       0.10161624169840144     
   411.00000000000000       0.31542429572878500        9.8696027845799700E-002
   412.00000000000000       0.31580779045489044        9.5828243148019326E-002
   413.00000000000000       0.31619082005649685        9.3013016975846796E-002
   414.00000000000000       0.31657338622189957        9.0250431181532573E-002
   415.00000000000000       0.31695549062920486        8.7540521775248209E-002
   416.00000000000000       0.31733713494641624        8.4883280583110399E-002
   417.00000000000000       0.31771832083151891        8.2278656885622123E-002
   418.00000000000000       0.31809904993256422        7.9726559035440750E-002
   419.00000000000000       0.31847932388775257        7.7226856053550924E-002
   420.00000000000000       0.31885914432551560        7.4779379202879706E-002
   421.00000000000000       0.31923851286459781        7.2383923538539091E-002
   422.00000000000000       0.31961743111413682        7.0040249433939689E-002
   423.00000000000000       0.31999590067374301        6.7748084082067728E-002
   424.00000000000000       0.32037392313357838        6.5507122971285678E-002
   425.00000000000000       0.32075150007443459        6.3317031335096488E-002
   426.00000000000000       0.32112863306780975        6.1177445575353775E-002
   427.00000000000000       0.32150532367598517        5.9087974658461322E-002
   428.00000000000000       0.32188157345210056        5.7048201484155049E-002
   429.00000000000000       0.32225738394022874        5.5057684226538312E-002
   430.00000000000000       0.32263275667544977        5.3115957647048823E-002
   431.00000000000000       0.32300769318392403        5.1222534379118848E-002
   432.00000000000000       0.32338219498296439        4.9376906184330216E-002
   433.00000000000000       0.32375626358110821        4.7578545179877911E-002
   434.00000000000000       0.32412990047818790        4.5826905037260300E-002
   435.00000000000000       0.32450310716540143        4.4121422152082548E-002
   436.00000000000000       0.32487588512538140        4.2461516784947237E-002
   437.00000000000000       0.32524823583226392        4.0846594173428827E-002
   438.00000000000000       0.32562016075175687        3.9276045615154923E-002
   439.00000000000000       0.32599166134120666        3.7749249522051449E-002
   440.00000000000000       0.32636273904966540        3.6265572445853149E-002
   441.00000000000000       0.32673339531795642        3.4824370074994115E-002
   442.00000000000000       0.32710363157873990        3.3424988203028763E-002
   443.00000000000000       0.32747344925657712        3.2066763668749478E-002
   444.00000000000000       0.32784284976799477        3.0749025268219717E-002
   445.00000000000000       0.32821183452154795        2.9471094638914869E-002
   446.00000000000000       0.32858040491788304        2.8232287116242625E-002
   447.00000000000000       0.32894856234979958        2.7031912562685972E-002
   448.00000000000000       0.32931630820231178        2.5869276169863242E-002
   449.00000000000000       0.32968364385270921        2.4743679233796823E-002
   450.00000000000000       0.33005057067061705        2.3654419903714682E-002
   451.00000000000000       0.33041709001805580        2.2600793904709343E-002
   452.00000000000000       0.33078320324949995        2.1582095234602999E-002
   453.00000000000000       0.33114891171193661        2.0597616835382613E-002
   454.00000000000000       0.33151421674492332        1.9646651239566420E-002
   455.00000000000000       0.33187911968064515        1.8728491191887318E-002
   456.00000000000000       0.33224362184397160        1.7842430246692482E-002
   457.00000000000000       0.33260772455251247        1.6987763341445215E-002
   458.00000000000000       0.33297142911667360        1.6163787346753101E-002
   459.00000000000000       0.33333473683971188        1.5369801593325962E-002
   460.00000000000000       0.33369764901778975        1.4605108376297027E-002
   461.00000000000000       0.33406016694002894        1.3869013437327592E-002
   462.00000000000000       0.33442229188856415        1.3160826424932891E-002
   463.00000000000000       0.33478402513859590        1.2479861333465703E-002
   464.00000000000000       0.33514536795844274        1.1825436921196565E-002
   465.00000000000000       0.33550632160959354        1.1196877107937601E-002
   466.00000000000000       0.33586688734675824        1.0593511352653601E-002
   467.00000000000000       0.33622706641791938        1.0014675011510103E-002
   468.00000000000000       0.33658686006438215        9.4597096768008690E-003
   469.00000000000000       0.33694626952082435        8.9279634972138089E-003
   470.00000000000000       0.33730529601534570        8.4187914798752456E-003
   471.00000000000000       0.33766394076951717        7.9315557746237435E-003
   472.00000000000000       0.33802220499842905        7.4656259409630627E-003
   473.00000000000000       0.33838008991073926        7.0203791981372126E-003
   474.00000000000000       0.33873759670872083        6.5952006587703168E-003
   475.00000000000000       0.33909472658830891        6.1894835465183947E-003
   476.00000000000000       0.33945148073914777        5.8026293981650930E-003
   477.00000000000000       0.33980786034463650        5.4340482506016353E-003
   478.00000000000000       0.34016386658197545        5.0831588131211762E-003
   479.00000000000000       0.34051950062221104        4.7493886254592731E-003
   480.00000000000000       0.34087476363028107        4.4321742020006988E-003
   481.00000000000000       0.34122965676505901        4.1309611625766950E-003
   482.00000000000000       0.34158418117939826        3.8452043502679649E-003
   483.00000000000000       0.34193833802017576        3.5743679366229261E-003
   484.00000000000000       0.34229212842833534        3.3179255147003281E-003
   485.00000000000000       0.34264555353893039        3.0753601803347307E-003
   486.00000000000000       0.34299861448116664        2.8461646020215767E-003
   487.00000000000000       0.34335131237844424        2.6298410798123780E-003
   488.00000000000000       0.34370364834839912        2.4259015936050825E-003
   489.00000000000000       0.34405562350294466        2.2338678412049378E-003
   490.00000000000000       0.34440723894831243        2.0532712665336556E-003
   491.00000000000000       0.34475849578509299        1.8836530783484203E-003
   492.00000000000000       0.34510939510827576        1.7245642598347898E-003
   493.00000000000000       0.34545993800728902        1.5755655694256558E-003
   494.00000000000000       0.34581012556603946        1.4362275331934941E-003
   495.00000000000000       0.34615995886295109        1.3061304291592580E-003
   496.00000000000000       0.34650943897100406        1.1848642638500179E-003
   497.00000000000000       0.34685856695777312        1.0720287414353524E-003
   498.00000000000000       0.34720734388546565        9.6723322576287493E-004
   499.00000000000000       0.34755577081095917        8.7009669560825643E-004
   500.00000000000000       0.34790384878583913        7.8024769344765398E-004
   501.00000000000000       0.34825157885643532        6.9732426805428497E-004
   502.00000000000000       0.34859896206385926        6.2097391121312680E-004
   503.00000000000000       0.34894599944404003        5.5085348884327220E-004
   504.00000000000000       0.34929269202776059        4.8662916680766429E-004
   505.00000000000000       0.34963904084069325        4.2797633168606782E-004
   506.00000000000000       0.34998504690343557        3.7457950677885840E-004
   507.00000000000000       0.35033071123154474        3.2613226360298349E-004
   508.00000000000000       0.35067603483557297        2.8233712913507662E-004
   509.00000000000000       0.35102101872110164        2.4290548905017153E-004
   510.00000000000000       0.35136566388877555        2.0755748719688088E-004
   511.00000000000000       0.35170997133433679        1.7602192154538322E-004
   512.00000000000000       0.35205394204865820        1.4803613683618417E-004
   513.00000000000000       0.35239757701777685        1.2334591415268616E-004
   514.00000000000000       0.35274087722292691        1.0170535763319697E-004
   515.00000000000000       0.35308384364057216        8.2876778532750783E-005
   516.00000000000000       0.35342647724243859        6.6630576838048509E-005
   517.00000000000000       0.35376877899554676        5.2745120633473301E-005
   518.00000000000000       0.35411074986224295        4.1006623409558974E-005
   519.00000000000000       0.35445239080023144        3.1209019499604126E-005
   520.00000000000000       0.35479370276260541        2.3153837824163064E-005
   521.00000000000000       0.35513468669787801        1.6650074117398594E-005
   522.00000000000000       0.35547534355001331        1.1514061803508144E-005
   523.00000000000000       0.35581567425845645        7.5693416858557845E-006
   524.00000000000000       0.35615567975816415        4.6465306058464090E-006
   525.00000000000000       0.35649536097963463        2.5831892232040825E-006
   526.00000000000000       0.35683471884893708        1.2236890639008065E-006
   527.00000000000000       0.35717375428774156        4.1907897670189000E-007
   528.00000000000000       0.35751246821334776        2.6951134170859801E-008
   529.00000000000000       0.35785086153871420        0.0000000000000000     
   530.00000000000000       0.35818893517248684        0.0000000000000000     
   531.00000000000000       0.35852669001902771        0.0000000000000000     
   532.00000000000000       0.35886412697844289        0.0000000000000000     
   533.00000000000000       0.35920124694661071        0.0000000000000000     
   534.00000000000000       0.35953805081520929        0.0000000000000000     
   535.00000000000000       0.35987453947174419        0.0000000000000000     
   536.00000000000000       0.36021071379957592        0.0000000000000000     
   537.00000000000000       0.36054657467794643        0.0000000000000000     
   538.00000000000000       0.36088212298200639        0.0000000000000000     
   539.00000000000000       0.36121735958284173        0.0000000000000000     
   540.00000000000000       0.36155228534749989        0.0000000000000000     
   541.00000000000000       0.36188690113901612        0.0000000000000000     
   542.00000000000000       0.36222120781643913        0.0000000000000000     
   543.00000000000000       0.36255520623485737        0.0000000000000000     
   544.00000000000000       0.36288889724542411        0.0000000000000000     
   545.00000000000000       0.36322228169538279        0.0000000000000000     
   546.00000000000000       0.36355536042809217        0.0000000000000000     
   547.00000000000000       0.36388813428305133        0.0000000000000000     
   548.00000000000000       0.36422060409592422        0.0000000000000000     
   549.00000000000000       0.36455277069856429        0.0000000000000000     
   550.00000000000000       0.36488463491903850        0.0000000000000000     
   551.00000000000000       0.36521619758165164        0.0000000000000000     
   552.00000000000000       0.36554745950697015        0.0000000000000000     
   553.00000000000000       0.36587842151184591        0.0000000000000000     
   554.00000000000000       0.36620908440943950        0.0000000000000000     
   555.00000000000000       0.36653944900924368        0.0000000000000000     
   556.00000000000000       0.36686951611710666        0.0000000000000000     
   557.00000000000000       0.36719928653525458        0.0000000000000000     
   558.00000000000000       0.36752876106231469        0.0000000000000000     
   559.00000000000000       0.36785794049333770        0.0000000000000000     
   560.00000000000000       0.36818682561982030        0.0000000000000000     
   561.00000000000000       0.36851541722972730        0.0000000000000000     
   562.00000000000000       0.36884371610751349        0.0000000000000000     
   563.00000000000000       0.36917172303414575        0.0000000000000000     
   564.00000000000000       0.36949943878712449        0.0000000000000000     
   565.00000000000000       0.36982686414050558        0.0000000000000000     
   566.00000000000000       0.37015399986492104        0.0000000000000000     
   567.00000000000000       0.37048084672760079        0.0000000000000000     
   568.00000000000000       0.37080740549239305        0.0000000000000000     
   569.00000000000000       0.37113367691978583        0.0000000000000000     
   570.00000000000000       0.37145966176692724        0.0000000000000000     
   571.00000000000000       0.37178536078764585        0.0000000000000000     
   572.00000000000000       0.37211077473247134        0.0000000000000000     
   573.00000000000000       0.37243590434865431        0.0000000000000000     
   574.00000000000000       0.37276075038018686        0.0000000000000000     
   575.00000000000000       0.37308531356782187        0.0000000000000000     
   576.00000000000000       0.37340959464909307        0.0000000000000000     
   577.00000000000000       0.37373359435833431        0.0000000000000000     
   578.00000000000000       0.37405731342669934        0.0000000000000000     
   579.00000000000000       0.37438075258218068        0.0000000000000000     
   580.00000000000000       0.37470391254962898        0.0000000000000000     
   581.00000000000000       0.37502679405077177        0.0000000000000000     
   582.00000000000000       0.37534939780423249        0.0000000000000000     
   583.00000000000000       0.37567172452554903        0.0000000000000000     
   584.00000000000000       0.37599377492719210        0.0000000000000000     
   585.00000000000000       0.37631554971858389        0.0000000000000000     
   586.00000000000000       0.37663704960611610        0.0000000000000000     
   587.00000000000000       0.37695827529316817        0.0000000000000000     
   588.00000000000000       0.37727922748012510        0.0000000000000000     
   589.00000000000000       0.37759990686439532        0.0000000000000000     
   590.00000000000000       0.37792031414042832        0.0000000000000000     
   591.00000000000000       0.37824044999973228        0.0000000000000000     
   592.00000000000000       0.37856031513089161        0.0000000000000000     
   593.00000000000000       0.37887991021958395        0.0000000000000000     
   594.00000000000000       0.37919923594859734        0.0000000000000000     
   595.00000000000000       0.37951829299784745        0.0000000000000000     
   596.00000000000000       0.37983708204439437        0.0000000000000000     
   597.00000000000000       0.38015560376245933        0.0000000000000000     
   598.00000000000000       0.38047385882344137        0.0000000000000000     
   599.00000000000000       0.38079184789593384        0.0000000000000000     
   600.00000000000000       0.38110957164574072        0.0000000000000000     
   601.00000000000000       0.38142703073589318        0.0000000000000000     
   602.00000000000000       0.38174422582666523        0.0000000000000000     
   603.00000000000000       0.38206115757559023        0.0000000000000000     
   604.00000000000000       0.38237782663747644        0.0000000000000000     
   605.00000000000000       0.38269423366442301        0.0000000000000000     
   606.00000000000000       0.38301037930583554        0.0000000000000000     
   607.00000000000000       0.38332626420844162        0.0000000000000000     
   608.00000000000000       0.38364188901630641        0.0000000000000000     
   609.00000000000000       0.38395725437084788        0.0000000000000000     
   610.00000000000000       0.38427236091085187        0.0000000000000000     
   611.00000000000000       0.38458720927248741        0.0000000000000000     
   612.00000000000000       0.38490180008932151        0.0000000000000000     
   613.00000000000000       0.38521613399233418        0.0000000000000000     
   614.00000000000000       0.38553021160993334        0.0000000000000000     
   615.00000000000000       0.38584403356796904        0.0000000000000000     
   616.00000000000000       0.38615760048974823        0.0000000000000000     
   617.00000000000000       0.38647091299604941        0.0000000000000000     
   618.00000000000000       0.38678397170513668        0.0000000000000000     
   619.00000000000000       0.38709677723277414        0.0000000000000000     
   620.00000000000000       0.38740933019223994        0.0000000000000000     
   621.00000000000000       0.38772163119434028        0.0000000000000000     
   622.00000000000000       0.38803368084742335        0.0000000000000000     
   623.00000000000000       0.38834547975739331        0.0000000000000000     
   624.00000000000000       0.38865702852772388        0.0000000000000000     
   625.00000000000000       0.38896832775947193        0.0000000000000000     
   626.00000000000000       0.38927937805129109        0.0000000000000000     
   627.00000000000000       0.38959017999944506        0.0000000000000000     
   628.00000000000000       0.38990073419782117        0.0000000000000000     
   629.00000000000000       0.39021104123794342        0.0000000000000000     
   630.00000000000000       0.39052110170898574        0.0000000000000000     
   631.00000000000000       0.39083091619778493        0.0000000000000000     
   632.00000000000000       0.39114048528885370        0.0000000000000000     
   633.00000000000000       0.39144980956439357        0.0000000000000000     
   634.00000000000000       0.39175888960430749        0.0000000000000000     
   635.00000000000000       0.39206772598621270        0.0000000000000000     
   636.00000000000000       0.39237631928545330        0.0000000000000000     
   637.00000000000000       0.39268467007511254        0.0000000000000000     
   638.00000000000000       0.39299277892602558        0.0000000000000000     
   639.00000000000000       0.39330064640679141        0.0000000000000000     
   640.00000000000000       0.39360827308378565        0.0000000000000000     
   641.00000000000000       0.39391565952117208        0.0000000000000000     
   642.00000000000000       0.39422280628091516        0.0000000000000000     
   643.00000000000000       0.39452971392279190        0.0000000000000000     
   644.00000000000000       0.39483638300440349        0.0000000000000000     
   645.00000000000000       0.39514281408118762        0.0000000000000000     
   646.00000000000000       0.39544900770642982        0.0000000000000000     
   647.00000000000000       0.39575496443127534        0.0000000000000000     
   648.00000000000000       0.39606068480474049        0.0000000000000000     
   649.00000000000000       0.39636616937372443        0.0000000000000000     
   650.00000000000000       0.39667141868302030        0.0000000000000000     
   651.00000000000000       0.39697643327532678        0.0000000000000000     
   652.00000000000000       0.39728121369125924        0.0000000000000000     
   653.00000000000000       0.39758576046936089        0.0000000000000000     
   654.00000000000000       0.39789007414611388        0.0000000000000000     
   655.00000000000000       0.39819415525595048        0.0000000000000000     
   656.00000000000000       0.39849800433126387        0.0000000000000000     
   657.00000000000000       0.39880162190241902        0.0000000000000000     
   658.00000000000000       0.39910500849776365        0.0000000000000000     
   659.00000000000000       0.39940816464363871        0.0000000000000000     
   660.00000000000000       0.39971109086438922        0.0000000000000000     
   661.00000000000000       0.40001378768237472        0.0000000000000000     
   662.00000000000000       0.40031625561798007        0.0000000000000000     
   663.00000000000000       0.40061849518962550        0.0000000000000000     
   664.00000000000000       0.40092050691377712        0.0000000000000000     
   665.00000000000000       0.40122229130495729        0.0000000000000000     
   666.00000000000000       0.40152384887575482        0.0000000000000000     
   667.00000000000000       0.40182518013683510        0.0000000000000000     
   668.00000000000000       0.40212628559695024        0.0000000000000000     
   669.00000000000000       0.40242716576294896        0.0000000000000000     
   670.00000000000000       0.40272782113978667        0.0000000000000000     
   671.00000000000000       0.40302825223053529        0.0000000000000000     
   672.00000000000000       0.40332845953639324        0.0000000000000000     
   673.00000000000000       0.40362844355669486        0.0000000000000000     
   674.00000000000000       0.40392820478892033        0.0000000000000000     
   675.00000000000000       0.40422774372870546        0.0000000000000000     
   676.00000000000000       0.40452706086985080        0.0000000000000000     
   677.00000000000000       0.40482615670433153        0.0000000000000000     
   678.00000000000000       0.40512503172230668        0.0000000000000000     
   679.00000000000000       0.40542368641212856        0.0000000000000000     
   680.00000000000000       0.40572212126035229        0.0000000000000000     
   681.00000000000000       0.40602033675174448        0.0000000000000000     
   682.00000000000000       0.40631833336929307        0.0000000000000000     
   683.00000000000000       0.40661611159421607        0.0000000000000000     
   684.00000000000000       0.40691367190597072        0.0000000000000000     
   685.00000000000000       0.40721101478226246        0.0000000000000000     
   686.00000000000000       0.40750814069905400        0.0000000000000000     
   687.00000000000000       0.40780505013057405        0.0000000000000000     
   688.00000000000000       0.40810174354932616        0.0000000000000000     
   689.00000000000000       0.40839822142609777        0.0000000000000000     
   690.00000000000000       0.40869448422996851        0.0000000000000000     
   691.00000000000000       0.40899053242831918        0.0000000000000000     
   692.00000000000000       0.40928636648684008        0.0000000000000000     
   693.00000000000000       0.40958198686953995        0.0000000000000000     
   694.00000000000000       0.40987739403875395        0.0000000000000000     
   695.00000000000000       0.41017258845515259        0.0000000000000000     
   696.00000000000000       0.41046757057774980        0.0000000000000000     
   697.00000000000000       0.41076234086391122        0.0000000000000000     
   698.00000000000000       0.41105689976936283        0.0000000000000000     
   699.00000000000000       0.41135124774819876        0.0000000000000000     
   700.00000000000000       0.41164538525288974        0.0000000000000000     
   701.00000000000000       0.41193931273429096        0.0000000000000000     
   702.00000000000000       0.41223303064165057        0.0000000000000000     
   703.00000000000000       0.41252653942261702        0.0000000000000000     
   704.00000000000000       0.41281983952324769        0.0000000000000000     
   705.00000000000000       0.41311293138801641        0.0000000000000000     
   706.00000000000000       0.41340581545982147        0.0000000000000000     
   707.00000000000000       0.41369849217999327        0.0000000000000000     
   708.00000000000000       0.41399096198830238        0.0000000000000000     
   709.00000000000000       0.41428322532296669        0.0000000000000000     
   710.00000000000000       0.41457528262065985        0.0000000000000000     
   711.00000000000000       0.41486713431651823        0.0000000000000000     
   712.00000000000000       0.41515878084414881        0.0000000000000000     
   713.00000000000000       0.41545022263563658        0.0000000000000000     
   714.00000000000000       0.41574146012155194        0.0000000000000000     
   715.00000000000000       0.41603249373095846        0.0000000000000000     
   716.00000000000000       0.41632332389141974        0.0000000000000000     
   717.00000000000000       0.41661395102900717        0.0000000000000000     
   718.00000000000000       0.41690437556830706        0.0000000000000000     
   719.00000000000000       0.41719459793242769        0.0000000000000000     
   720.00000000000000       0.41748461854300689        0.0000000000000000     
   721.00000000000000       0.41777443782021895        0.0000000000000000     
   722.00000000000000       0.41806405618278164        0.0000000000000000     
   723.00000000000000       0.41835347404796336        0.0000000000000000     
   724.00000000000000       0.41864269183159042        0.0000000000000000     
   725.00000000000000       0.41893170994805345        0.0000000000000000     
   726.00000000000000       0.41922052881031480        0.0000000000000000     
   727.00000000000000       0.41950914882991525        0.0000000000000000     
   728.00000000000000       0.41979757041698079        0.0000000000000000     
   729.00000000000000       0.42008579398022972        0.0000000000000000     
   730.00000000000000       0.42037381992697881        0.0000000000000000     
   731.00000000000000       0.42066164866315064        0.0000000000000000     
   732.00000000000000       0.42094928059328002        0.0000000000000000     
   733.00000000000000       0.42123671612052049        0.0000000000000000     
   734.00000000000000       0.42152395564665118        0.0000000000000000     
   735.00000000000000       0.42181099957208323        0.0000000000000000     
   736.00000000000000       0.42209784829586611        0.0000000000000000     
   737.00000000000000       0.42238450221569446        0.0000000000000000     
   738.00000000000000       0.42267096172791430        0.0000000000000000     
   739.00000000000000       0.42295722722752943        0.0000000000000000     
   740.00000000000000       0.42324329910820796        0.0000000000000000     
   741.00000000000000       0.42352917776228827        0.0000000000000000     
   742.00000000000000       0.42381486358078568        0.0000000000000000     
   743.00000000000000       0.42410035695339848        0.0000000000000000     
   744.00000000000000       0.42438565826851404        0.0000000000000000     
   745.00000000000000       0.42467076791321534        0.0000000000000000     
   746.00000000000000       0.42495568627328661        0.0000000000000000     
   747.00000000000000       0.42524041373321986        0.0000000000000000     
   748.00000000000000       0.42552495067622065        0.0000000000000000     
   749.00000000000000       0.42580929748421414        0.0000000000000000     
   750.00000000000000       0.42609345453785130        0.0000000000000000     
   751.00000000000000       0.42637742221651465        0.0000000000000000     
   752.00000000000000       0.42666120089832399        0.0000000000000000     
   753.00000000000000       0.42694479096014276        0.0000000000000000     
   754.00000000000000       0.42722819277758339        0.0000000000000000     
   755.00000000000000       0.42751140672501359        0.0000000000000000     
   756.00000000000000       0.42779443317556154        0.0000000000000000     
   757.00000000000000       0.42807727250112215        0.0000000000000000     
   758.00000000000000       0.42835992507236248        0.0000000000000000     
   759.00000000000000       0.42864239125872744        0.0000000000000000     
   760.00000000000000       0.42892467142844554        0.0000000000000000     
   761.00000000000000       0.42920676594853441        0.0000000000000000     
   762.00000000000000       0.42948867518480627        0.0000000000000000     
   763.00000000000000       0.42977039950187351        0.0000000000000000     
   764.00000000000000       0.43005193926315455        0.0000000000000000     
   765.00000000000000       0.43033329483087873        0.0000000000000000     
   766.00000000000000       0.43061446656609204        0.0000000000000000     
   767.00000000000000       0.43089545482866259        0.0000000000000000     
   768.00000000000000       0.43117625997728581        0.0000000000000000     
   769.00000000000000       0.43145688236949009        0.0000000000000000     
   770.00000000000000       0.43173732236164153        0.0000000000000000     
   771.00000000000000       0.43201758030894993        0.0000000000000000     
   772.00000000000000       0.43229765656547336        0.0000000000000000     
   773.00000000000000       0.43257755148412402        0.0000000000000000     
   774.00000000000000       0.43285726541667291        0.0000000000000000     
   775.00000000000000       0.43313679871375510        0.0000000000000000     
   776.00000000000000       0.43341615172487513        0.0000000000000000     
   777.00000000000000       0.43369532479841189        0.0000000000000000     
   778.00000000000000       0.43397431828162364        0.0000000000000000     
   779.00000000000000       0.43425313252065323        0.0000000000000000     
   780.00000000000000       0.43453176786053282        0.0000000000000000     
   781.00000000000000       0.43481022464518931        0.0000000000000000     
   782.00000000000000       0.43508850321744880        0.0000000000000000     
   783.00000000000000       0.43536660391904203        0.0000000000000000     
   784.00000000000000       0.43564452709060858        0.0000000000000000     
   785.00000000000000       0.43592227307170250        0.0000000000000000     
   786.00000000000000       0.43619984220079672        0.0000000000000000     
   787.00000000000000       0.43647723481528788        0.0000000000000000     
   788.00000000000000       0.43675445125150125        0.0000000000000000     
   789.00000000000000       0.43703149184469536        0.0000000000000000     
   790.00000000000000       0.43730835692906667        0.0000000000000000     
   791.00000000000000       0.43758504683775473        0.0000000000000000     
   792.00000000000000       0.43786156190284614        0.0000000000000000     
   793.00000000000000       0.43813790245537987        0.0000000000000000     
   794.00000000000000       0.43841406882535144        0.0000000000000000     
   795.00000000000000       0.43869006134171762        0.0000000000000000     
   796.00000000000000       0.43896588033240125        0.0000000000000000     
   797.00000000000000       0.43924152612429529        0.0000000000000000     
   798.00000000000000       0.43951699904326791        0.0000000000000000     
   799.00000000000000       0.43979229941416659        0.0000000000000000     
   800.00000000000000       0.44006742756082279        0.0000000000000000     
   801.00000000000000       0.44034238380605606        0.0000000000000000     
   802.00000000000000       0.44061716847167903        0.0000000000000000     
   803.00000000000000       0.44089178187850131        0.0000000000000000     
   804.00000000000000       0.44116622434633407        0.0000000000000000     
   805.00000000000000       0.44144049619399445        0.0000000000000000     
   806.00000000000000       0.44171459773930949        0.0000000000000000     
   807.00000000000000       0.44198852929912102        0.0000000000000000     
   808.00000000000000       0.44226229118928961        0.0000000000000000     
   809.00000000000000       0.44253588372469860        0.0000000000000000     
   810.00000000000000       0.44280930721925887        0.0000000000000000     
   811.00000000000000       0.44308256198591250        0.0000000000000000     
   812.00000000000000       0.44335564833663726        0.0000000000000000     
   813.00000000000000       0.44362856658245081        0.0000000000000000     
   814.00000000000000       0.44390131703341451        0.0000000000000000     
   815.00000000000000       0.44417389999863788        0.0000000000000000     
   816.00000000000000       0.44444631578628252        0.0000000000000000     
   817.00000000000000       0.44471856470356619        0.0000000000000000     
   818.00000000000000       0.44499064705676677        0.0000000000000000     
   819.00000000000000       0.44526256315122653        0.0000000000000000     
   820.00000000000000       0.44553431329135579        0.0000000000000000     
   821.00000000000000       0.44580589778063723        0.0000000000000000     
   822.00000000000000       0.44607731692162961        0.0000000000000000     
   823.00000000000000       0.44634857101597175        0.0000000000000000     
   824.00000000000000       0.44661966036438655        0.0000000000000000     
   825.00000000000000       0.44689058526668468        0.0000000000000000     
   826.00000000000000       0.44716134602176871        0.0000000000000000     
   827.00000000000000       0.44743194292763677        0.0000000000000000     
   828.00000000000000       0.44770237628138632        0.0000000000000000     
   829.00000000000000       0.44797264637921808        0.0000000000000000     
   830.00000000000000       0.44824275351644000        0.0000000000000000     
   831.00000000000000       0.44851269798747057        0.0000000000000000     
   832.00000000000000       0.44878248008584293        0.0000000000000000     
   833.00000000000000       0.44905210010420843        0.0000000000000000     
   834.00000000000000       0.44932155833434029        0.0000000000000000     
   835.00000000000000       0.44959085506713764        0.0000000000000000     
   836.00000000000000       0.44985999059262871        0.0000000000000000     
   837.00000000000000       0.45012896519997464        0.0000000000000000     
   838.00000000000000       0.45039777917747326        0.0000000000000000     
   839.00000000000000       0.45066643281256258        0.0000000000000000     
   840.00000000000000       0.45093492639182431        0.0000000000000000     
   841.00000000000000       0.45120326020098744        0.0000000000000000     
   842.00000000000000       0.45147143452493199        0.0000000000000000     
   843.00000000000000       0.45173944964769236        0.0000000000000000     
   844.00000000000000       0.45200730585246074        0.0000000000000000     
   845.00000000000000       0.45227500342159083        0.0000000000000000     
   846.00000000000000       0.45254254263660115        0.0000000000000000     
   847.00000000000000       0.45280992377817864        0.0000000000000000     
   848.00000000000000       0.45307714712618202        0.0000000000000000     
   849.00000000000000       0.45334421295964505        0.0000000000000000     
   850.00000000000000       0.45361112155678018        0.0000000000000000     
   851.00000000000000       0.45387787319498180        0.0000000000000000     
   852.00000000000000       0.45414446815082971        0.0000000000000000     
   853.00000000000000       0.45441090670009227        0.0000000000000000     
   854.00000000000000       0.45467718911772997        0.0000000000000000     
   855.00000000000000       0.45494331567789847        0.0000000000000000     
   856.00000000000000       0.45520928665395216        0.0000000000000000     
   857.00000000000000       0.45547510231844723        0.0000000000000000     
   858.00000000000000       0.45574076294314508        0.0000000000000000     
   859.00000000000000       0.45600626879901551        0.0000000000000000     
   860.00000000000000       0.45627162015623979        0.0000000000000000     
   861.00000000000000       0.45653681728421419        0.0000000000000000     
   862.00000000000000       0.45680186045155285        0.0000000000000000     
   863.00000000000000       0.45706674992609120        0.0000000000000000     
   864.00000000000000       0.45733148597488887        0.0000000000000000     
   865.00000000000000       0.45759606886423315        0.0000000000000000     
   866.00000000000000       0.45786049885964175        0.0000000000000000     
   867.00000000000000       0.45812477622586623        0.0000000000000000     
   868.00000000000000       0.45838890122689491        0.0000000000000000     
   869.00000000000000       0.45865287412595590        0.0000000000000000     
   870.00000000000000       0.45891669518552058        0.0000000000000000     
   871.00000000000000       0.45918036466730588        0.0000000000000000     
   872.00000000000000       0.45944388283227799        0.0000000000000000     
   873.00000000000000       0.45970724994065515        0.0000000000000000     
   874.00000000000000       0.45997046625191051        0.0000000000000000     
   875.00000000000000       0.46023353202477540        0.0000000000000000     
   876.00000000000000       0.46049644751724200        0.0000000000000000     
   877.00000000000000       0.46075921298656636        0.0000000000000000     
   878.00000000000000       0.46102182868927150        0.0000000000000000     
   879.00000000000000       0.46128429488115025        0.0000000000000000     
   880.00000000000000       0.46154661181726814        0.0000000000000000     
   881.00000000000000       0.46180877975196616        0.0000000000000000     
   882.00000000000000       0.46207079893886388        0.0000000000000000     
   883.00000000000000       0.46233266963086223        0.0000000000000000     
   884.00000000000000       0.46259439208014613        0.0000000000000000     
   885.00000000000000       0.46285596653818778        0.0000000000000000     
   886.00000000000000       0.46311739325574891        0.0000000000000000     
   887.00000000000000       0.46337867248288411        0.0000000000000000     
   888.00000000000000       0.46363980446894332        0.0000000000000000     
   889.00000000000000       0.46390078946257463        0.0000000000000000     
   890.00000000000000       0.46416162771172714        0.0000000000000000     
   891.00000000000000       0.46442231946365364        0.0000000000000000     
   892.00000000000000       0.46468286496491346        0.0000000000000000     
   893.00000000000000       0.46494326446137491        0.0000000000000000     
   894.00000000000000       0.46520351819821826        0.0000000000000000     
   895.00000000000000       0.46546362641993844        0.0000000000000000     
   896.00000000000000       0.46572358937034741        0.0000000000000000     
   897.00000000000000       0.46598340729257731        0.0000000000000000     
   898.00000000000000       0.46624308042908263        0.0000000000000000     
   899.00000000000000       0.46650260902164309        0.0000000000000000     
   900.00000000000000       0.46676199331136631        0.0000000000000000     
   901.00000000000000       0.46702123353869035        0.0000000000000000     
   902.00000000000000       0.46728032994338631        0.0000000000000000     
   903.00000000000000       0.46753928276456086        0.0000000000000000     
   904.00000000000000       0.46779809224065888        0.0000000000000000     
   905.00000000000000       0.46805675860946605        0.0000000000000000     
   906.00000000000000       0.46831528210811141        0.0000000000000000     
   907.00000000000000       0.46857366297306979        0.0000000000000000     
   908.00000000000000       0.46883190144016440        0.0000000000000000     
   909.00000000000000       0.46908999774456922        0.0000000000000000     
   910.00000000000000       0.46934795212081193        0.0000000000000000     
   911.00000000000000       0.46960576480277583        0.0000000000000000     
   912.00000000000000       0.46986343602370251        0.0000000000000000     
   913.00000000000000       0.47012096601619457        0.0000000000000000     
   914.00000000000000       0.47037835501221781        0.0000000000000000     
   915.00000000000000       0.47063560324310355        0.0000000000000000     
   916.00000000000000       0.47089271093955148        0.0000000000000000     
   917.00000000000000       0.47114967833163168        0.0000000000000000     
   918.00000000000000       0.47140650564878711        0.0000000000000000     
   919.00000000000000       0.47166319311983629        0.0000000000000000     
   920.00000000000000       0.47191974097297518        0.0000000000000000     
   921.00000000000000       0.47217614943577996        0.0000000000000000     
   922.00000000000000       0.47243241873520914        0.0000000000000000     
   923.00000000000000       0.47268854909760610        0.0000000000000000     
   924.00000000000000       0.47294454074870129        0.0000000000000000     
   925.00000000000000       0.47320039391361457        0.0000000000000000     
   926.00000000000000       0.47345610881685751        0.0000000000000000     
   927.00000000000000       0.47371168568233568        0.0000000000000000     
   928.00000000000000       0.47396712473335106        0.0000000000000000     
   929.00000000000000       0.47422242619260424        0.0000000000000000     
   930.00000000000000       0.47447759028219660        0.0000000000000000     
   931.00000000000000       0.47473261722363252        0.0000000000000000     
   932.00000000000000       0.47498750723782196        0.0000000000000000     
   933.00000000000000       0.47524226054508240        0.0000000000000000     
   934.00000000000000       0.47549687736514107        0.0000000000000000     
   935.00000000000000       0.47575135791713719        0.0000000000000000     
   936.00000000000000       0.47600570241962437        0.0000000000000000     
   937.00000000000000       0.47625991109057247        0.0000000000000000     
   938.00000000000000       0.47651398414737001        0.0000000000000000     
   939.00000000000000       0.47676792180682626        0.0000000000000000     
   940.00000000000000       0.47702172428517337        0.0000000000000000     
   941.00000000000000       0.47727539179806872        0.0000000000000000     
   942.00000000000000       0.47752892456059665        0.0000000000000000     
   943.00000000000000       0.47778232278727095        0.0000000000000000     
   944.00000000000000       0.47803558669203694        0.0000000000000000     
   945.00000000000000       0.47828871648827337        0.0000000000000000     
   946.00000000000000       0.47854171238879478        0.0000000000000000     
   947.00000000000000       0.47879457460585328        0.0000000000000000     
   948.00000000000000       0.47904730335114087        0.0000000000000000     
   949.00000000000000       0.47929989883579149        0.0000000000000000     
   950.00000000000000       0.47955236127038303        0.0000000000000000     
   951.00000000000000       0.47980469086493932        0.0000000000000000     
   952.00000000000000       0.48005688782893219        0.0000000000000000     
   953.00000000000000       0.48030895237128357        0.0000000000000000     
   954.00000000000000       0.48056088470036756        0.0000000000000000     
   955.00000000000000       0.48081268502401220        0.0000000000000000     
   956.00000000000000       0.48106435354950172        0.0000000000000000     
   957.00000000000000       0.48131589048357837        0.0000000000000000     
   958.00000000000000       0.48156729603244447        0.0000000000000000     
   959.00000000000000       0.48181857040176440        0.0000000000000000     
   960.00000000000000       0.48206971379666652        0.0000000000000000     
   961.00000000000000       0.48232072642174523        0.0000000000000000     
   962.00000000000000       0.48257160848106262        0.0000000000000000     
   963.00000000000000       0.48282236017815083        0.0000000000000000     
   964.00000000000000       0.48307298171601359        0.0000000000000000     
   965.00000000000000       0.48332347329712838        0.0000000000000000     
   966.00000000000000       0.48357383512344831        0.0000000000000000     
   967.00000000000000       0.48382406739640388        0.0000000000000000     
   968.00000000000000       0.48407417031690503        0.0000000000000000     
   969.00000000000000       0.48432414408534291        0.0000000000000000     
   970.00000000000000       0.48457398890159176        0.0000000000000000     
   971.00000000000000       0.48482370496501093        0.0000000000000000     
   972.00000000000000       0.48507329247444658        0.0000000000000000     
   973.00000000000000       0.48532275162823346        0.0000000000000000     
   974.00000000000000       0.48557208262419699        0.0000000000000000     
   975.00000000000000       0.48582128565965488        0.0000000000000000     
   976.00000000000000       0.48607036093141903        0.0000000000000000     
   977.00000000000000       0.48631930863579742        0.0000000000000000     
   978.00000000000000       0.48656812896859575        0.0000000000000000     
   979.00000000000000       0.48681682212511929        0.0000000000000000     
   980.00000000000000       0.48706538830017471        0.0000000000000000     
   981.00000000000000       0.48731382768807208        0.0000000000000000     
   982.00000000000000       0.48756214048262603        0.0000000000000000     
   983.00000000000000       0.48781032687715825        0.0000000000000000     
   984.00000000000000       0.48805838706449867        0.0000000000000000     
   985.00000000000000       0.48830632123698747        0.0000000000000000     
   986.00000000000000       0.48855412958647682        0.0000000000000000     
   987.00000000000000       0.48880181230433262        0.0000000000000000     
   988.00000000000000       0.48904936958143597        0.0000000000000000     
   989.00000000000000       0.48929680160818545        0.0000000000000000     
   990.00000000000000       0.48954410857449809        0.0000000000000000     
   991.00000000000000       0.48979129066981170        0.0000000000000000     
   992.00000000000000       0.49003834808308622        0.0000000000000000     
   993.00000000000000       0.49028528100280550        0.0000000000000000     
   994.00000000000000       0.49053208961697903        0.0000000000000000     
   995.00000000000000       0.49077877411314358        0.0000000000000000     
   996.00000000000000       0.49102533467836462        0.0000000000000000     
   997.00000000000000       0.49127177149923845        0.0000000000000000     
   998.00000000000000       0.49151808476189357        0.0000000000000000     
   999.00000000000000       0.49176427465199213        0.0000000000000000     
   1000.0000000000000       0.49201034135473209        0.0000000000000000     
 Total integrated eventrate (events)  0.71126130277390653      pm  -1.9382471011471292E-006
 Event rate spectra written to eventrate_spectra.dat
 Compute time (s)   6.29052305    
