 %%%%%%%%%%%%%%%%%%%%%%%%%%%%%%%%%%%%%%%%%%%%%%%%%%%%%%%%%%%%%%%%%%%%%%%%%%%%%%%
 Welcome to our FORTAN 90 implementation of the WIMP-nucleon scattering code.
 Based on the Mathematica script described in arXiv:1308.6288 (2003).
   VERSION 1.4 UPDATED: 2021.01.15 @ SDSU
   Dev. contact: cjohnson@sdsu.edu
                  ogorton@sdsu.edu
 %%%%%%%%%%%%%%%%%%%%%%%%%%%%%%%%%%%%%%%%%%%%%%%%%%%%%%%%%%%%%%%%%%%%%%%%%%%%%%%
 
 Select an option:
 [1] Event rate per unit recoil energy (spectra)
 [2] (*) Scattering probability
 [3] (*) Differential cross section per recoil energy
 [4] (*) Total cross section
 [5] Total scattering events per detector (does not produce spectra data)
  
 (*) Not available in this release.
  
 Enter the target proton number 
  
 Enter the target neutron number 
 Setting default parameter values.
  
 Enter name of control file (.control):
 %%%%%%%%%%%%%%%%%%%%%%%%%%%%%%%%%%%%%%%%%%%%%%%%%%%%%%%%%%%%%%%%%%%%%%%%%%%%%%%
 Reading control file.
 Possible keywords:
 coefnonrel
 vearth
 dmdens
 quadtype
 intpoints
 gev
 femtometer
 wimpmass
 vescape
 ntarget
 weakmscale
 vscale
 mnucleon
 dmspin
 
 # Coefficient matrix (non-relativistic)
 # Ommitted values are assumed to be 0.0.
 # c_i^t
 # i = 1,...,16
 # t: p=proton n=neutron s=scaler v=vector
 #control name	 i	coupling	c_i^t
 n           1   4.8000000000000001E-004
 wimpmass: Set dark matter particle mass to   500.00000000000000     
 vearth: Set velocity of earth in galactic frame set to   232.00000000000000     
 maxwellv0: Set velocity distribution scaling to   220.00000000000000     
 vescape: Set escape velocity to   550.00000000000000     
 dmdens: Set local dark matter density to  0.29999999999999999     
 intpoints: Set number of integral lattice points to        1000
 ntscale: Set target nuclei mass density scaling to   2500.0000000000000     
 End of control file.
 
 Converting EFT coefficients isospin <=> proton-neutron formalism.
 s           1   4.8000000000000001E-004
 v           1  -4.8000000000000001E-004
 p           1   0.0000000000000000     
 n           1   4.8000000000000001E-004
 Normalizing EFT coefficients.
  Enter shell-model space file name (.sps)
 Shell-Model space file name GCN5082        
           1           0           7           4
           2           1           5           2
           3           1           3           2
           4           2           1           0
           5           0          11           5
           6           0           9           4
           7           1           1           1
           8           0           5           3
           9           1           3           1
          10           0           7           3
          11           0           3           2
          12           0           5           2
          13           1           1           0
          14           0           1           1
          15           0           3           1
          16           0           1           0
  
  Enter name of one-body density file (.dres) 
 Density matrix allocated, size:        5632
 Density matrix is in explicit proton-neutron format.
 Filling core orbitals.
 %%%%%%%%%%%%%%%%%%%%%%%%%%%%%%%%%%%%%%%%%%%%%%%%%%%%%%%%%%%%%%%%%%%%%%%%%%%%%%%
 Parameters used in this calculation:
 femtometer =   5.0677000000000003     
 GeV =    1.0000000000000000     
 kev =    9.9999999999999995E-007
 b (dimless)   2.3049417609849239     
 b (fm)   11.680753362143300     
 Nucleon mass (GeV)  0.93827199999999999     
 WIMP spin  0.50000000000000000     
 WIMP mass (GeV)   500.00000000000000     
 Target J           0
 Target T          28
 Target Mt          28
 Target Z,N          54          82
 Target atomic mass   136.00000000000000     
 System reduced mass   101.66027487557014     
 Target mass density (1/GeV)   7.8366840068451252E-003
 Local WIMP density (GeV/cm^3)  0.29999999999999999     
 v0 (km/s)   220.00000000000000     
 ve (km/s)   232.00000000000000     
 v escape (km/s)   550.00000000000000     
 Integral lattice size =         1000
 EFT coupling coefficients:
 i    p    n    s    v
i          p           n           s           v
 1  0.0000E+00 0.1486E-04 0.1486E-04-0.1486E-04
 %%%%%%%%%%%%%%%%%%%%%%%%%%%%%%%%%%%%%%%%%%%%%%%%%%%%%%%%%%%%%%%%%%%%%%%%%%%%%%%
 Computing differential event rate spectra
 What is the range of recoil energies in kev?
 Enter starting energy, stoping energy, step size:
 E min  (kev)   1.0000000000000000     
 E max  (kev)   1000.0000000000000     
 E step (kev)   1.0000000000000000     
 Number of event rates to compute:        1000
 E-recoil (kev)              q-transfer (gev/c)        Eventrate (events/gev)
   1.0000000000000000        1.5975292923761993E-002   58397.355569955544     
   2.0000000000000000        2.2592475915667144E-002   54918.437062243072     
   3.0000000000000000        2.7670019009751329E-002   51629.873676912830     
   4.0000000000000000        3.1950585847523985E-002   48522.059814629203     
   5.0000000000000000        3.5721840938003180E-002   45585.826081988402     
   6.0000000000000000        3.9131316154711687E-002   42812.431073991997     
   7.0000000000000000        4.2266652197684169E-002   40193.545331927722     
   8.0000000000000000        4.5184951831334287E-002   37721.234169853335     
   9.0000000000000000        4.7925878771285971E-002   35387.940632804442     
   10.000000000000000        5.0518311927458537E-002   33186.468930605915     
   11.000000000000000        5.2984052544138217E-002   31109.968454440477     
   12.000000000000000        5.5340038019502658E-002   29151.918406162356     
   13.000000000000000        5.7599737777180894E-002   27306.113041114721     
   14.000000000000000        5.9774072774071534E-002   25566.647512999454     
   15.000000000000000        6.1872043444515384E-002   23927.904304012256     
   16.000000000000000        6.3901171695047970E-002   22384.540221130796     
   17.000000000000000        6.5867820124853066E-002   20931.473938563955     
   18.000000000000000        6.7777427747001434E-002   19563.874066207634     
   19.000000000000000        6.9634687448138943E-002   18277.147724164301     
   20.000000000000000        7.1443681876006360E-002   17066.929603799199     
   21.000000000000000        7.3207989072231722E-002   15929.071496323106     
   22.000000000000000        7.4930765697408960E-002   14859.632270469168     
   23.000000000000000        7.6614813397932385E-002   13854.868281429286     
   24.000000000000000        7.8262632309423374E-002   12911.224193825030     
   25.000000000000000        7.9876464618809956E-002   12025.324202094684     
   26.000000000000000        8.1458330353623140E-002   11193.963632273177     
   27.000000000000000        8.3010057029253986E-002   10414.100909729559     
   28.000000000000000        8.4533304395368339E-002   9682.8498779949659     
   29.000000000000000        8.6029585236707951E-002   8997.4724543695229     
   30.000000000000000        8.7500282970971011E-002   8355.3716085341093     
   31.000000000000000        8.8946666626692636E-002   7754.0846509140029     
   32.000000000000000        9.0369903662668574E-002   7191.2768180455587     
   33.000000000000000        9.1771070997346438E-002   6664.7351426832311     
   34.000000000000000        9.3151164544518703E-002   6172.3625968563392     
   35.000000000000000        9.4511107495362678E-002   5712.1724965378908     
   36.000000000000000        9.5851757542571941E-002   5282.2831570268008     
   37.000000000000000        9.7173913207197746E-002   4880.9127885681783     
   38.000000000000000        9.8478319400769621E-002   4506.3746221432621     
   39.000000000000000        9.9765672332721739E-002   4157.0722557550780     
   40.000000000000000       0.10103662385491707        3831.4952119143518     
   41.000000000000000       0.10229178532022989        3528.2146973958415     
   42.000000000000000       0.10353173102001144        3245.8795566874910     
   43.000000000000000       0.10475700125528603        2983.2124108941557     
   44.000000000000000       0.10596810508827643        2739.0059741842460     
   45.000000000000000       0.10716552281400954        2512.1195401828209     
   46.000000000000000       0.10834970818603989        2301.4756310176172     
   47.000000000000000       0.10952109042554314        2106.0568020163942     
   48.000000000000000       0.11068007603900532        1924.9025953352327     
   49.000000000000000       0.11182705046633394        1757.1066360680111     
   50.000000000000000       0.11296237957833571        1601.8138646473990     
   51.000000000000000       0.11408641104005332        1458.2178995987476     
   52.000000000000000       0.11519947555436179        1325.5585249493258     
   53.000000000000000       0.11630188799843276        1203.1192968272255     
   54.000000000000000       0.11739394846413506        1090.2252640079175     
   55.000000000000000       0.11847594321211373        986.24079738079013     
   56.000000000000000       0.11954814554814307        890.56752351498005     
   57.000000000000000       0.12061081662935542        802.64235770213782     
   58.000000000000000       0.12166420620708458        721.93563204504210     
   59.000000000000000       0.12270855331230990        647.94931434455543     
   60.000000000000000       0.12374408688903077        580.21531371401238     
   61.000000000000000       0.12477102638032597        518.29386901991950     
   62.000000000000000       0.12578958227134709        461.77201641095905     
   63.000000000000000       0.12679995659305252        410.26213235410319     
   64.000000000000000       0.12780234339009594        363.40054874733829     
   65.000000000000000       0.12879692915593910        320.84623682322348     
   66.000000000000000       0.12978389323795153        282.27955669659565     
   67.000000000000000       0.13076340821498955        247.40106954338205     
   68.000000000000000       0.13173564024970613        215.93040952567631     
   69.000000000000000       0.13270074941762763        187.60521270160805     
   70.000000000000000       0.13365889001484338        162.18010027671525     
   71.000000000000000       0.13461021084598301        139.42571366725170     
   72.000000000000000       0.13555485549400287        119.12779895485616     
   73.000000000000000       0.13649296257316712        101.08633841671194     
   74.000000000000000       0.13742466596648506        85.114726915833202     
   75.000000000000000       0.13835009504875664        71.038991032476972     
   76.000000000000000       0.13926937489627789        58.697048910266638     
   77.000000000000000       0.14018262648416885        47.938008879320620     
   78.000000000000000       0.14108996687220535        38.621505003873708     
   79.000000000000000       0.14199150937996258        30.617067783521684     
   80.000000000000000       0.14288736375201272        23.803528315576841     
   81.000000000000000       0.14377763631385793        18.068454301116805     
   82.000000000000000       0.14466243011922619        13.307616349334317     
   83.000000000000000       0.14554184508930756        9.4244831038462937     
   84.000000000000000       0.14641597814446344        6.3297437807851988     
   85.000000000000000       0.14728492332890017        3.9408567719479994     
   86.000000000000000       0.14814877192876083        2.1816230270455956     
   87.000000000000000       0.14900761258405557       0.98178298735105074     
   88.000000000000000       0.14986153139481792       0.27663589884055295     
   89.000000000000000       0.15071061202184802        6.6803863731403615E-003
   90.000000000000000       0.15155493578237561       0.11727522165423256     
   91.000000000000000       0.15239458174095297       0.55831926675236299     
   92.000000000000000       0.15322962679586477        1.2839496218868955     
   93.000000000000000       0.15406014576132271        2.2522570511481517     
   94.000000000000000       0.15488621144569326        3.4250178028365004     
   95.000000000000000       0.15570789472599003        4.7674409822840786     
   96.000000000000000       0.15652526461884675        6.2479306744343841     
   97.000000000000000       0.15733838834817140        7.8378620511546782     
   98.000000000000000       0.15814733140966999        9.5113707343397493     
   99.000000000000000       0.15895215763241466        11.245154720363320     
   100.00000000000000       0.15975292923761991        13.018288204441442     
   101.00000000000000       0.16054970689478071        14.812046675032919     
   102.00000000000000       0.16134254977531501        16.609742678573696     
   103.00000000000000       0.16213151560384551        18.396571683688766     
   104.00000000000000       0.16291666070724628        20.159467501603476     
   105.00000000000000       0.16369804006157190        21.886966745817666     
   106.00000000000000       0.16447570733698030        23.569081839292625     
   107.00000000000000       0.16524971494075263        25.197182101451343     
   108.00000000000000       0.16602011405850797        26.763882470267212     
   109.00000000000000       0.16678695469370497        28.262939436671981     
   110.00000000000000       0.16755028570551586        29.689153789451527     
   111.00000000000000       0.16831015484515485        31.038279788821608     
   112.00000000000000       0.16906660879073668        32.306940405960283     
   113.00000000000000       0.16981969318073800        33.492548284007725     
   114.00000000000000       0.17056945264612888        34.593232093428291     
   115.00000000000000       0.17131593084123845        35.607767971236512     
   116.00000000000000       0.17205917047341590        36.535515749400339     
   117.00000000000000       0.17279921333154269        37.376359692840538     
   118.00000000000000       0.17353610031345063        38.130653481840454     
   119.00000000000000       0.17426987145229664        38.799169187393829     
   120.00000000000000       0.17500056594194202        39.383050001105190     
   121.00000000000000       0.17572822216138193        39.883766493721495     
   122.00000000000000       0.17645287769826820        40.303076188249470     
   123.00000000000000       0.17717456937156639        40.642986244922120     
   124.00000000000000       0.17789333325338527        40.905719066058083     
   125.00000000000000       0.17860920469001590        41.093680639120286     
   126.00000000000000       0.17932221832221459        41.209431446035538     
   127.00000000000000       0.18003240810476318        41.255659776146679     
   128.00000000000000       0.18073980732533715        41.235157289007361     
   129.00000000000000       0.18144444862271206        41.150796681650924     
   130.00000000000000       0.18214636400433579        41.005511322961588     
   131.00000000000000       0.18284558486329386        40.802276725404134     
   132.00000000000000       0.18354214199469288        40.544093731586337     
   133.00000000000000       0.18423606561148662        40.233973300022996     
   134.00000000000000       0.18492738535976763        39.874922781001139     
   135.00000000000000       0.18561613033354618        39.469933579652981     
   136.00000000000000       0.18630232908903741        39.021970109247661     
   137.00000000000000       0.18698600965847684        38.533959943307451     
   138.00000000000000       0.18766719956348260        38.008785080475853     
   139.00000000000000       0.18834592582798279        37.449274241102763     
   140.00000000000000       0.18902221499072536        36.858196119307649     
   141.00000000000000       0.18969609311738606        36.238253518812684     
   142.00000000000000       0.19036758581229107        35.592078305150359     
   143.00000000000000       0.19103671822976859        34.922227110923799     
   144.00000000000000       0.19170351508514388        34.231177734671697     
   145.00000000000000       0.19236800066539134        33.521326177544339     
   146.00000000000000       0.19303019883945619        32.794984265481062     
   147.00000000000000       0.19369013306825930        32.054377807840822     
   148.00000000000000       0.19434782641439549        31.301645246576047     
   149.00000000000000       0.19500330155153783        30.538836752948264     
   150.00000000000000       0.19565658077355844        29.767913731594408     
   151.00000000000000       0.19630768600337584        28.990748694360057     
   152.00000000000000       0.19695663880153924        28.209125468813891     
   153.00000000000000       0.19760346037455923        27.424739708701392     
   154.00000000000000       0.19824817158299340        26.639199675808086     
   155.00000000000000       0.19889079294929668        25.854027264801921     
   156.00000000000000       0.19953134466544348        25.070659244595799     
   157.00000000000000       0.20016984660033088        24.290448691628892     
   158.00000000000000       0.20080631830696960        23.514666592229858     
   159.00000000000000       0.20144077902947058        22.744503592868607     
   160.00000000000000       0.20207324770983415        21.981071878668924     
   161.00000000000000       0.20270374299454857        21.225407162015461     
   162.00000000000000       0.20333228324100430        20.478470764472110     
   163.00000000000000       0.20395888652373056        19.741151776518564     
   164.00000000000000       0.20458357064045979        19.014269280845262     
   165.00000000000000       0.20520635311802604        18.298574626072131     
   166.00000000000000       0.20582725121810277        17.594753738853235     
   167.00000000000000       0.20644628194278528        16.903429463316503     
   168.00000000000000       0.20706346204002288        16.225163917754422     
   169.00000000000000       0.20767880800890590        15.560460859348588     
   170.00000000000000       0.20829233610481207        14.909768048553257     
   171.00000000000000       0.20890406234441686        14.273479605532934     
   172.00000000000000       0.20951400251057206        13.651938351778178     
   173.00000000000000       0.21012217215705722        13.045438130695072     
   174.00000000000000       0.21072858661320726        12.454226101606686     
   175.00000000000000       0.21133326098842084        11.878505002181550     
   176.00000000000000       0.21193621017655287        11.318435374867304     
   177.00000000000000       0.21253744886019499        10.774137753406391     
   178.00000000000000       0.21313699151484708        10.245694805996434     
   179.00000000000000       0.21373485241298387        9.7331534320903206     
   180.00000000000000       0.21433104562801908        9.2365268102499272     
   181.00000000000000       0.21492558503817083        8.7557963948373683     
   182.00000000000000       0.21551848433023094        8.2909138596862206     
   183.00000000000000       0.21610975700324128        7.8418029872147041     
   184.00000000000000       0.21669941637207979        7.4083615017443627     
   185.00000000000000       0.21728747557095876        6.9904628460625853     
   186.00000000000000       0.21787394755683848        6.5879579005195747     
   187.00000000000000       0.21845884511275801        6.2006766441848704     
   188.00000000000000       0.21904218085108629        5.8284297577997926     
   189.00000000000000       0.21962396721669517        5.4710101684559538     
   190.00000000000000       0.22020421649005723        5.1281945361092447     
   191.00000000000000       0.22078294079027030        4.7997446821981766     
   192.00000000000000       0.22136015207801063        4.4854089607814398     
   193.00000000000000       0.22193586215841729        4.1849235727411864     
   194.00000000000000       0.22251008268390896        3.8980138237184292     
   195.00000000000000       0.22308282515693581        3.6243953265510349     
   196.00000000000000       0.22365410093266788        3.3637751490801033     
   197.00000000000000       0.22422392122162166        3.1158529082760085     
   198.00000000000000       0.22479229709222689        2.8803218117068052     
   199.00000000000000       0.22535923947333511        2.6568696474371478     
   200.00000000000000       0.22592475915667143        2.4451797235032213     
   201.00000000000000       0.22648886679923144        2.2449317581541588     
   202.00000000000000       0.22705157292562408        2.0558027220939410     
   203.00000000000000       0.22761288793036302        1.8774676339892000     
   204.00000000000000       0.22817282208010664        1.7096003105356881     
   205.00000000000000       0.22873138551584912        1.5518740723992166     
   206.00000000000000       0.22928858825506340        1.4039624073600783     
   207.00000000000000       0.22984444019379716        1.2655395920030545     
   208.00000000000000       0.23039895110872358        1.1362812733004886     
   209.00000000000000       0.23095213065914760        1.0158650114375607     
   210.00000000000000       0.23150398838896921       0.90397078522839969     
   211.00000000000000       0.23205453372860441       0.80028146146514523     
   212.00000000000000       0.23260377599686552       0.70448322953486664     
   213.00000000000000       0.23315172440280169       0.61626600262658060     
   214.00000000000000       0.23369838804750023       0.53532378683826731     
   215.00000000000000       0.23424377592585038       0.46135501947649932     
   216.00000000000000       0.23478789692827012       0.39406287782301497     
   217.00000000000000       0.23533075984239712       0.33315555962320426     
   218.00000000000000       0.23587237335474454       0.27834653652841357     
   219.00000000000000       0.23641274605232265       0.22935478170196297     
   220.00000000000000       0.23695188642422746       0.18590497277290652     
   221.00000000000000       0.23748980286319663       0.14772767129701250     
   222.00000000000000       0.23802650366713368       0.11455947985689303     
   223.00000000000000       0.23856199704060158        8.6143177906482987E-002
   224.00000000000000       0.23909629109628613        6.2227837436470722E-002
   225.00000000000000       0.23962939385642987        4.2568919508989750E-002
   226.00000000000000       0.24016131325423751        2.6928352680667990E-002
   227.00000000000000       0.24069205713525321        1.5074594303858956E-002
   228.00000000000000       0.24122163325871085        6.7826756663648324E-003
   229.00000000000000       0.24175004929885743        1.8342319002151240E-003
   230.00000000000000       0.24227731284625062        1.7517560444851476E-005
   231.00000000000000       0.24280343140903093        1.1274087451834595E-003
   232.00000000000000       0.24332841241416917        4.9653925987790809E-003
   233.00000000000000       0.24385226320868952        1.1339545010428840E-002
   234.00000000000000       0.24437499106086941        2.0064497291591727E-002
   235.00000000000000       0.24489660316141584        3.0961392586793111E-002
   236.00000000000000       0.24541710662461980        4.3857832743830184E-002
   237.00000000000000       0.24593650848948800        5.8587816341343052E-002
   238.00000000000000       0.24645481572085379        7.4991668544266796E-002
   239.00000000000000       0.24697203521046668        9.2915963430023937E-002
   240.00000000000000       0.24748817377806154       0.11221343940220263     
   241.00000000000000       0.24800323817240774       0.13274290828184979     
   242.00000000000000       0.24851723507233858       0.15436915864071951     
   243.00000000000000       0.24903017108776196       0.17696285391662958     
   244.00000000000000       0.24954205276065194       0.20040042582510229     
   245.00000000000000       0.25005288656602226       0.22456396355887390     
   246.00000000000000       0.25056267891288198       0.24934109924288961     
   247.00000000000000       0.25107143614517363       0.27462489008943752     
   248.00000000000000       0.25157916454269419       0.30031369767676247     
   249.00000000000000       0.25208587032199958       0.32631106475210159     
   250.00000000000000       0.25259155963729268       0.35252558993984850     
   251.00000000000000       0.25309623858129537       0.37887080071515383     
   252.00000000000000       0.25359991318610503       0.40526502498329309     
   253.00000000000000       0.25410258942403557       0.43163126158680309     
   254.00000000000000       0.25460427320844398       0.45789705004344999     
   255.00000000000000       0.25510497039454172       0.48399433980039253     
   256.00000000000000       0.25560468678019188       0.50985935927317205     
   257.00000000000000       0.25610342810669284       0.53543248492119644     
   258.00000000000000       0.25660120005954762       0.56065811059530413     
   259.00000000000000       0.25709800826922014       0.58548451737837892     
   260.00000000000000       0.25759385831187820       0.60986374412419453     
   261.00000000000000       0.25808875571012385       0.63375145888619944     
   262.00000000000000       0.25858270593371091       0.65710683141428616     
   263.00000000000000       0.25907571440025018       0.67989240688358876     
   264.00000000000000       0.25956778647590306       0.70207398100818630     
   265.00000000000000       0.26005892747606263       0.72362047667932416     
   266.00000000000000       0.26054914266602375       0.74450382225683553     
   267.00000000000000       0.26103843726164161       0.76469883163149133     
   268.00000000000000       0.26152681642997910       0.78418308616492860     
   269.00000000000000       0.26201428528994369       0.80293681860451116     
   270.00000000000000       0.26250084891291303       0.82094279906027467     
   271.00000000000000       0.26298651232335091       0.83818622312208702     
   272.00000000000000       0.26347128049941226       0.85465460218697586     
   273.00000000000000       0.26395515837353889       0.87033765605746061     
   274.00000000000000       0.26443815083304451       0.88522720786444864     
   275.00000000000000       0.26492026272069108       0.89931708136118849     
   276.00000000000000       0.26540149883525527       0.91260300062611643     
   277.00000000000000       0.26588186393208546       0.92508249220824523     
   278.00000000000000       0.26636136272365030       0.93675478973978454     
   279.00000000000000       0.26683999988007795       0.94762074103687433     
   280.00000000000000       0.26731778002968676       0.95768271770242974     
   281.00000000000000       0.26779470775950742       0.96694452724015845     
   282.00000000000000       0.26827078761579687       0.97541132768418459     
   283.00000000000000       0.26874602410454373       0.98308954474335875     
   284.00000000000000       0.26922042169196603       0.98998679145573265     
   285.00000000000000       0.26969398480500079       0.99611179034405883     
   286.00000000000000       0.27016671783178620        1.0014742980593943     
   287.00000000000000       0.27063862512213588        1.0060850324967592     
   288.00000000000000       0.27110971098800574        1.0099556023631797     
   289.00000000000000       0.27157997970395387        1.0130984391750586     
   290.00000000000000       0.27204943550759297        1.0155267316600609     
   291.00000000000000       0.27251808260003590        1.0172543625346384     
   292.00000000000000       0.27298592514633424        1.0182958476272992     
   293.00000000000000       0.27345296727591017        1.0186662773147490     
   294.00000000000000       0.27391921308298178        1.0183812602359528     
   295.00000000000000       0.27438466662698191        1.0174568692481369     
   296.00000000000000       0.27484933193297012        1.0159095895861863     
   297.00000000000000       0.27531321299203931        1.0137562691858988     
   298.00000000000000       0.27577631376171524        1.0110140711305025     
   299.00000000000000       0.27623863816635064        1.0077004281779638     
   300.00000000000000       0.27670019009751329        1.0038329993263018     
   301.00000000000000       0.27716097341436796       0.99942962837272731     
   302.00000000000000       0.27762099194405310       0.99450830442214322     
   303.00000000000000       0.27808024948205146       0.98908712429953294     
   304.00000000000000       0.27853874979255577       0.98318425682040955     
   305.00000000000000       0.27899649660882841       0.97681790887294317     
   306.00000000000000       0.27945349363355609       0.97000629326583343     
   307.00000000000000       0.27990974453919959       0.96276759829408043     
   308.00000000000000       0.28036525296833770       0.95511995897708635     
   309.00000000000000       0.28082002253400662       0.94708142992125344     
   310.00000000000000       0.28127405682003448       0.93866995976058198     
   311.00000000000000       0.28172735938137067       0.92990336712883914     
   312.00000000000000       0.28217993374441069       0.92079931811627214     
   313.00000000000000       0.28263178340731604       0.91137530516517917     
   314.00000000000000       0.28308291184032991       0.90164862735811191     
   315.00000000000000       0.28353332248608804       0.89163637205332302     
   316.00000000000000       0.28398301875992515       0.88135539782243644     
   317.00000000000000       0.28443200405017716       0.87082231864551873     
   318.00000000000000       0.28488028171847907       0.86005348931997438     
   319.00000000000000       0.28532785510005854       0.84906499203922448     
   320.00000000000000       0.28577472750402544       0.83787262409863594     
   321.00000000000000       0.28622090221365731       0.82649188668649276     
   322.00000000000000       0.28666638248668086       0.81493797471816010     
   323.00000000000000       0.28711117155554922       0.80322576767295595     
   324.00000000000000       0.28755527262771585       0.79136982139330236     
   325.00000000000000       0.28799868888590446       0.77938436080690721     
   326.00000000000000       0.28844142348837482       0.76728327353335668     
   327.00000000000000       0.28888347956918548       0.75508010433729911     
   328.00000000000000       0.28932486023845239       0.74278805039103435     
   329.00000000000000       0.28976556858260438       0.73041995731065246     
   330.00000000000000       0.29020560766463488       0.71798831592975243     
   331.00000000000000       0.29064498052435034       0.70550525977687395     
   332.00000000000000       0.29108369017861513       0.69298256322229779     
   333.00000000000000       0.29152173962159322       0.68043164026172376     
   334.00000000000000       0.29195913182498673       0.66786354390455860     
   335.00000000000000       0.29239586973827109       0.65528896613583465     
   336.00000000000000       0.29283195628892689       0.64271823842115727     
   337.00000000000000       0.29326739438266913       0.63016133272550501     
   338.00000000000000       0.29370218690367289       0.61762786301686556     
   339.00000000000000       0.29413633671479622       0.60512708722721398     
   340.00000000000000       0.29456984665780034       0.59266790964367932     
   341.00000000000000       0.29500271955356616       0.58025888370379775     
   342.00000000000000       0.29543495820230892       0.56790821516953682     
   343.00000000000000       0.29586656538378919       0.55562376565553750     
   344.00000000000000       0.29629754385752166       0.54341305648795846     
   345.00000000000000       0.29672789636298097       0.53128327287088695     
   346.00000000000000       0.29715762561980463       0.51924126833832962     
   347.00000000000000       0.29758673432799382       0.50729356947032234     
   348.00000000000000       0.29801522516811113       0.49544638085265014     
   349.00000000000000       0.29844310080147607       0.48370559026031062     
   350.00000000000000       0.29887036387035765       0.47207677404569076     
   351.00000000000000       0.29929701699816519       0.46056520271295420     
   352.00000000000000       0.29972306278963584       0.44917584666119714     
   353.00000000000000       0.30014850383102026       0.43791338207925462     
   354.00000000000000       0.30057334269026587       0.42678219697596720     
   355.00000000000000       0.30099758191719750       0.41578639733034822     
   356.00000000000000       0.30142122404369603       0.40492981334663392     
   357.00000000000000       0.30184427158387483       0.39421600580004718     
   358.00000000000000       0.30226672703425361       0.38364827245954686     
   359.00000000000000       0.30268859287393041       0.37322965457452184     
   360.00000000000000       0.30310987156475122       0.36296294341302510     
   361.00000000000000       0.30353056555147784       0.35285068683972703     
   362.00000000000000       0.30395067726195313       0.34289519592215317     
   363.00000000000000       0.30437020910726464       0.33309855155468265     
   364.00000000000000       0.30478916348190593       0.32346261108998514     
   365.00000000000000       0.30520754276393630       0.31398901496827503     
   366.00000000000000       0.30562534931513780       0.30467919333524940     
   367.00000000000000       0.30604258548117119       0.29553437263997961     
   368.00000000000000       0.30645925359172954       0.28655558220470262     
   369.00000000000000       0.30687535596068966       0.27774366075875273     
   370.00000000000000       0.30729089488626243       0.26909926292931435     
   371.00000000000000       0.30770587265114069       0.26062286568231219     
   372.00000000000000       0.30812029152264542       0.25231477470693187     
   373.00000000000000       0.30853415375287058       0.24417513073785885     
   374.00000000000000       0.30894746157882569       0.23620391580965536     
   375.00000000000000       0.30936021722257695       0.22840095943803163     
   376.00000000000000       0.30977242289138651       0.22076594472324670     
   377.00000000000000       0.31018408077785037       0.21329841437108610     
   378.00000000000000       0.31059519306003430       0.20599777662738564     
   379.00000000000000       0.31100576190160850       0.19886331112221242     
   380.00000000000000       0.31141578945198006       0.19189417462032696     
   381.00000000000000       0.31182527784642472       0.18508940667462515     
   382.00000000000000       0.31223422920621630       0.17844793517986016     
   383.00000000000000       0.31264264563875477       0.17196858182383939     
   384.00000000000000       0.31305052923769350       0.16565006743398122     
   385.00000000000000       0.31345788208306391       0.15949101721706230     
   386.00000000000000       0.31386470624139950       0.15348996589030506     
   387.00000000000000       0.31427100376585809       0.14764536270238515     
   388.00000000000000       0.31467677669634281       0.14195557634283607     
   389.00000000000000       0.31508202705962141       0.13641889973886692     
   390.00000000000000       0.31548675686944450       0.13103355473859793     
   391.00000000000000       0.31589096812666234       0.12579769668001770     
   392.00000000000000       0.31629466281933999       0.12070941884513112     
   393.00000000000000       0.31669784292287179       0.11576675679892189     
   394.00000000000000       0.31710051040009379       0.11096769261302794     
   395.00000000000000       0.31750266720139531       0.10631015897399274     
   396.00000000000000       0.31790431526482932       0.10179204317632891     
   397.00000000000000       0.31830545651622122        9.7411191000608827E-002
   398.00000000000000       0.31870609286927665        9.3165410477053151E-002
   399.00000000000000       0.31910622622568802        8.9052475535110254E-002
   400.00000000000000       0.31950585847523982        8.5070129539732045E-002
   401.00000000000000       0.31990499149591273        8.1216088715129905E-002
   402.00000000000000       0.32030362715398653        7.7488045456874585E-002
   403.00000000000000       0.32070176730414190        7.3883671533360590E-002
   404.00000000000000       0.32109941378956142        7.0400621177710454E-002
   405.00000000000000       0.32149656844202862        6.7036534071293813E-002
   406.00000000000000       0.32189323308202672        6.3789038220146227E-002
   407.00000000000000       0.32228940951883600        6.0655752725543147E-002
   408.00000000000000       0.32268509955063002        5.7634290450249440E-002
   409.00000000000000       0.32308030496457069        5.4722260581820399E-002
   410.00000000000000       0.32347502753690277        5.1917271094512316E-002
   411.00000000000000       0.32386926903304669        4.9216931111410511E-002
   412.00000000000000       0.32426303120769101        4.6618853168373872E-002
   413.00000000000000       0.32465631580488308        4.4120655381504018E-002
   414.00000000000000       0.32504912455811968        4.1719963519825154E-002
   415.00000000000000       0.32544145919043566        3.9414412984976450E-002
   416.00000000000000       0.32583332141449256        3.7201650699667979E-002
   417.00000000000000       0.32622471293266547        3.5079336906731637E-002
   418.00000000000000       0.32661563543712968        3.3045146880609777E-002
   419.00000000000000       0.32700609060994562        3.1096772553147790E-002
   420.00000000000000       0.32739608012314381        2.9231924055558651E-002
   421.00000000000000       0.32778560563880771        2.7448331178467910E-002
   422.00000000000000       0.32817466880915719        2.5743744751930215E-002
   423.00000000000000       0.32856327127662943        2.4115937947350896E-002
   424.00000000000000       0.32895141467396061        2.2562707503217427E-002
   425.00000000000000       0.32933910062426536        2.1081874876552852E-002
   426.00000000000000       0.32972633074111624        1.9671287322048536E-002
   427.00000000000000       0.33011310662862203        1.8328818900756862E-002
   428.00000000000000       0.33049942988150527        1.7052371420274354E-002
   429.00000000000000       0.33088530208517875        1.5839875308336675E-002
   430.00000000000000       0.33127072481582187        1.4689290421699927E-002
   431.00000000000000       0.33165569964045544        1.3598606792208336E-002
   432.00000000000000       0.33204022811701595        1.2565845311933417E-002
   433.00000000000000       0.33242431179442933        1.1589058359221161E-002
   434.00000000000000       0.33280795221268372        1.0666330367519879E-002
   435.00000000000000       0.33319115090290136        9.7957783388004805E-003
   436.00000000000000       0.33357390938740994        8.9755523033726477E-003
   437.00000000000000       0.33395622917981332        8.2038357279085143E-003
   438.00000000000000       0.33433811178506107        7.4788458734145295E-003
   439.00000000000000       0.33471955869951786        6.7988341049157099E-003
   440.00000000000000       0.33510057141103172        6.1620861545642518E-003
   441.00000000000000       0.33548115139900186        5.5669223398733423E-003
   442.00000000000000       0.33586130013444537        5.0116977387431689E-003
   443.00000000000000       0.33624101908006404        4.4948023229307013E-003
   444.00000000000000       0.33662030969030970        4.0146610515763978E-003
   445.00000000000000       0.33699917341144919        3.5697339263818699E-003
   446.00000000000000       0.33737761168162894        3.1585160100002568E-003
   447.00000000000000       0.33775562593093839        2.7795374091723339E-003
   448.00000000000000       0.33813321758147336        2.4313632241171864E-003
   449.00000000000000       0.33851038804739803        2.1125934656484060E-003
   450.00000000000000       0.33888713873500714        1.8218629414655165E-003
   451.00000000000000       0.33926347104278703        1.5578411130331541E-003
   452.00000000000000       0.33963938636147600        1.3192319244371236E-003
   453.00000000000000       0.34001488607412467        1.1047736045666885E-003
   454.00000000000000       0.34038997155615497        9.1323844395334438E-004
   455.00000000000000       0.34076464417541913        7.4343254755403849E-004
   456.00000000000000       0.34113890529225777        5.9419556474494726E-004
   457.00000000000000       0.34151275625955757        4.6440039775535541E-004
   458.00000000000000       0.34188619842280848        3.5295288974258513E-004
   459.00000000000000       0.34225923312015993        2.5879149367903062E-004
   460.00000000000000       0.34263186168247689        1.8088692318979157E-004
   461.00000000000000       0.34300408543339539        1.1824178644863718E-004
   462.00000000000000       0.34337590568937709        6.9890204212821847E-005
   463.00000000000000       0.34374732375976397        3.4897413043090332E-005
   464.00000000000000       0.34411834094683180        1.2359354727148203E-005
   465.00000000000000       0.34448895854584366        1.4022528958332056E-006
   466.00000000000000       0.34485917784510245        1.1821777896683517E-006
   467.00000000000000       0.34522900012600327        1.0884600106134674E-005
   468.00000000000000       0.34559842666308538        2.9723934827943103E-005
   469.00000000000000       0.34596745872408291        5.6943075904340491E-005
   470.00000000000000       0.34633609756997608        9.1812922629455414E-005
   471.00000000000000       0.34670434445504139        1.3363189853343751E-004
   472.00000000000000       0.34707220062690125        1.8172546357492919E-004
   473.00000000000000       0.34743966732657339        2.3544562039522589E-004
   474.00000000000000       0.34780674578851978        2.9417041537028234E-004
   475.00000000000000       0.34817343724069477        3.5730343516689070E-004
   476.00000000000000       0.34853974290459327        4.2427329948667989E-004
   477.00000000000000       0.34890566399529827        4.9453315065401857E-004
   478.00000000000000       0.34927120172152754        5.6756014067909462E-004
   479.00000000000000       0.34963635728568043        6.4285491640443833E-004
   480.00000000000000       0.35000113188388404        7.1994110331743597E-004
   481.00000000000000       0.35036552670603882        7.9836478858762638E-004
   482.00000000000000       0.35072954293586389        8.7769400386513970E-004
   483.00000000000000       0.35109318175094201        9.5751820835500163E-004
   484.00000000000000       0.35145644432276385        1.0374477726557991E-003
   485.00000000000000       0.35181933181677211        1.1171134638335654E-003
   486.00000000000000       0.35218184539240516        1.1961659321809242E-003
   487.00000000000000       0.35254398620314031        1.2742752000845519E-003
   488.00000000000000       0.35290575539653640        1.3511301534089874E-003
   489.00000000000000       0.35326715411427650        1.4264380357874554E-003
   490.00000000000000       0.35362818349220976        1.4999239461824959E-003
   491.00000000000000       0.35398884466039321        1.5713303400664528E-003
   492.00000000000000       0.35434913874313279        1.6404165345537364E-003
   493.00000000000000       0.35470906685902459        1.7069582177953531E-003
   494.00000000000000       0.35506863012099504        1.7707469629305640E-003
   495.00000000000000       0.35542782963634117        1.8315897468738542E-003
   496.00000000000000       0.35578666650677054        1.8893084741983563E-003
   497.00000000000000       0.35614514182844048        1.9437395063609121E-003
   498.00000000000000       0.35650325669199712        1.9947331964971734E-003
   499.00000000000000       0.35686101218261429        2.0421534300026443E-003
   500.00000000000000       0.35721840938003180        2.0858771710968596E-003
   501.00000000000000       0.35757544935859342        2.1257940155592196E-003
   502.00000000000000       0.35793213318728456        2.1618057498041048E-003
   503.00000000000000       0.35828846192976965        2.1938259164563374E-003
   504.00000000000000       0.35864443664442919        2.2217793865694367E-003
   505.00000000000000       0.35900005838439636        2.2456019386216958E-003
   506.00000000000000       0.35935532819759330        2.2652398444074399E-003
   507.00000000000000       0.35971024712676730        2.2806494619339586E-003
   508.00000000000000       0.36006481620952635        2.2917968354218684E-003
   509.00000000000000       0.36041903647837470        2.2986573024916428E-003
   510.00000000000000       0.36077290896074776        2.3012151086165837E-003
   511.00000000000000       0.36112643467904698        2.2994630289047448E-003
   512.00000000000000       0.36147961465067430        2.2934019972654512E-003
   513.00000000000000       0.36183244988806629        2.2830407430094921E-003
   514.00000000000000       0.36218494139872792        2.2683954349168845E-003
   515.00000000000000       0.36253709018526642        2.2494893328029813E-003
   516.00000000000000       0.36288889724542411        2.2263524466025987E-003
   517.00000000000000       0.36324036357211187        2.1990212029836679E-003
   518.00000000000000       0.36359149015344128        2.1675381194969359E-003
   519.00000000000000       0.36394227797275769        2.1319514862555258E-003
   520.00000000000000       0.36429272800867157        2.0923150551391220E-003
   521.00000000000000       0.36464284123509133        2.0486877365017918E-003
   522.00000000000000       0.36499261862125371        2.0011333033636155E-003
   523.00000000000000       0.36534206113175638        1.9497201030554941E-003
   524.00000000000000       0.36569116972658772        1.8945207762834470E-003
   525.00000000000000       0.36603994536115864        1.8356119835706418E-003
   526.00000000000000       0.36638838898633236        1.7730741390330328E-003
   527.00000000000000       0.36673650154845505        1.7069911514368263E-003
   528.00000000000000       0.36708428398938575        1.6374501724829578E-003
   529.00000000000000       0.36743173724652578        1.5645413522596451E-003
   530.00000000000000       0.36777886225284889        1.4883576017964877E-003
   531.00000000000000       0.36812565993692969        1.4089943626553170E-003
   532.00000000000000       0.36847213122297323        1.3265493834840256E-003
   533.00000000000000       0.36881827703084347        1.2411225034583292E-003
   534.00000000000000       0.36916409827609181        1.1528154425339289E-003
   535.00000000000000       0.36950959586998550        1.0617315984264885E-003
   536.00000000000000       0.36985477071953526        9.6797585023583480E-004
   537.00000000000000       0.37019962372752352        8.7165436862586543E-004
   538.00000000000000       0.37054415579253169        7.7287443247273286E-004
   539.00000000000000       0.37088836780896756        6.7174425188741831E-004
   540.00000000000000       0.37123226066709236        5.6837279751984437E-004
   541.00000000000000       0.37157583525304760        4.6286963604843563E-004
   542.00000000000000       0.37191909244888194        3.5534477175737405E-004
   543.00000000000000       0.37226203313257716        2.4590849410267726E-004
   544.00000000000000       0.37260465817807481        1.3467123116600403E-004
   545.00000000000000       0.37294696845530195        2.1743408894814958E-005
   546.00000000000000       0.37328896483019691        0.0000000000000000     
   547.00000000000000       0.37363064816473501        0.0000000000000000     
   548.00000000000000       0.37397201931695367        0.0000000000000000     
   549.00000000000000       0.37431307914097794        0.0000000000000000     
   550.00000000000000       0.37465382848704476        0.0000000000000000     
   551.00000000000000       0.37499426820152865        0.0000000000000000     
   552.00000000000000       0.37533439912696520        0.0000000000000000     
   553.00000000000000       0.37567422210207607        0.0000000000000000     
   554.00000000000000       0.37601373796179310        0.0000000000000000     
   555.00000000000000       0.37635294753728182        0.0000000000000000     
   556.00000000000000       0.37669185165596558        0.0000000000000000     
   557.00000000000000       0.37703045114154898        0.0000000000000000     
   558.00000000000000       0.37736874681404126        0.0000000000000000     
   559.00000000000000       0.37770673948977929        0.0000000000000000     
   560.00000000000000       0.37804442998145071        0.0000000000000000     
   561.00000000000000       0.37838181909811680        0.0000000000000000     
   562.00000000000000       0.37871890764523491        0.0000000000000000     
   563.00000000000000       0.37905569642468107        0.0000000000000000     
   564.00000000000000       0.37939218623477211        0.0000000000000000     
   565.00000000000000       0.37972837787028768        0.0000000000000000     
   566.00000000000000       0.38006427212249250        0.0000000000000000     
   567.00000000000000       0.38039986977915752        0.0000000000000000     
   568.00000000000000       0.38073517162458215        0.0000000000000000     
   569.00000000000000       0.38107017843961494        0.0000000000000000     
   570.00000000000000       0.38140489100167552        0.0000000000000000     
   571.00000000000000       0.38173931008477502        0.0000000000000000     
   572.00000000000000       0.38207343645953717        0.0000000000000000     
   573.00000000000000       0.38240727089321930        0.0000000000000000     
   574.00000000000000       0.38274081414973238        0.0000000000000000     
   575.00000000000000       0.38307406698966195        0.0000000000000000     
   576.00000000000000       0.38340703017028777        0.0000000000000000     
   577.00000000000000       0.38373970444560462        0.0000000000000000     
   578.00000000000000       0.38407209056634145        0.0000000000000000     
   579.00000000000000       0.38440418927998171        0.0000000000000000     
   580.00000000000000       0.38473600133078267        0.0000000000000000     
   581.00000000000000       0.38506752745979500        0.0000000000000000     
   582.00000000000000       0.38539876840488213        0.0000000000000000     
   583.00000000000000       0.38572972490073926        0.0000000000000000     
   584.00000000000000       0.38606039767891237        0.0000000000000000     
   585.00000000000000       0.38639078746781735        0.0000000000000000     
   586.00000000000000       0.38672089499275830        0.0000000000000000     
   587.00000000000000       0.38705072097594651        0.0000000000000000     
   588.00000000000000       0.38738026613651860        0.0000000000000000     
   589.00000000000000       0.38770953119055507        0.0000000000000000     
   590.00000000000000       0.38803851685109819        0.0000000000000000     
   591.00000000000000       0.38836722382817013        0.0000000000000000     
   592.00000000000000       0.38869565282879098        0.0000000000000000     
   593.00000000000000       0.38902380455699620        0.0000000000000000     
   594.00000000000000       0.38935167971385459        0.0000000000000000     
   595.00000000000000       0.38967927899748528        0.0000000000000000     
   596.00000000000000       0.39000660310307567        0.0000000000000000     
   597.00000000000000       0.39033365272289811        0.0000000000000000     
   598.00000000000000       0.39066042854632715        0.0000000000000000     
   599.00000000000000       0.39098693125985678        0.0000000000000000     
   600.00000000000000       0.39131316154711687        0.0000000000000000     
   601.00000000000000       0.39163912008889001        0.0000000000000000     
   602.00000000000000       0.39196480756312801        0.0000000000000000     
   603.00000000000000       0.39229022464496865        0.0000000000000000     
   604.00000000000000       0.39261537200675167        0.0000000000000000     
   605.00000000000000       0.39294025031803498        0.0000000000000000     
   606.00000000000000       0.39326486024561103        0.0000000000000000     
   607.00000000000000       0.39358920245352258        0.0000000000000000     
   608.00000000000000       0.39391327760307848        0.0000000000000000     
   609.00000000000000       0.39423708635286964        0.0000000000000000     
   610.00000000000000       0.39456062935878433        0.0000000000000000     
   611.00000000000000       0.39488390727402406        0.0000000000000000     
   612.00000000000000       0.39520692074911845        0.0000000000000000     
   613.00000000000000       0.39552967043194120        0.0000000000000000     
   614.00000000000000       0.39585215696772447        0.0000000000000000     
   615.00000000000000       0.39617438099907465        0.0000000000000000     
   616.00000000000000       0.39649634316598681        0.0000000000000000     
   617.00000000000000       0.39681804410585964        0.0000000000000000     
   618.00000000000000       0.39713948445351038        0.0000000000000000     
   619.00000000000000       0.39746066484118903        0.0000000000000000     
   620.00000000000000       0.39778158589859336        0.0000000000000000     
   621.00000000000000       0.39810224825288287        0.0000000000000000     
   622.00000000000000       0.39842265252869347        0.0000000000000000     
   623.00000000000000       0.39874279934815121        0.0000000000000000     
   624.00000000000000       0.39906268933088695        0.0000000000000000     
   625.00000000000000       0.39938232309404981        0.0000000000000000     
   626.00000000000000       0.39970170125232141        0.0000000000000000     
   627.00000000000000       0.40002082441792952        0.0000000000000000     
   628.00000000000000       0.40033969320066176        0.0000000000000000     
   629.00000000000000       0.40065830820787929        0.0000000000000000     
   630.00000000000000       0.40097667004453008        0.0000000000000000     
   631.00000000000000       0.40129477931316276        0.0000000000000000     
   632.00000000000000       0.40161263661393920        0.0000000000000000     
   633.00000000000000       0.40193024254464854        0.0000000000000000     
   634.00000000000000       0.40224759770071961        0.0000000000000000     
   635.00000000000000       0.40256470267523453        0.0000000000000000     
   636.00000000000000       0.40288155805894116        0.0000000000000000     
   637.00000000000000       0.40319816444026629        0.0000000000000000     
   638.00000000000000       0.40351452240532804        0.0000000000000000     
   639.00000000000000       0.40383063253794904        0.0000000000000000     
   640.00000000000000       0.40414649541966829        0.0000000000000000     
   641.00000000000000       0.40446211162975454        0.0000000000000000     
   642.00000000000000       0.40477748174521760        0.0000000000000000     
   643.00000000000000       0.40509260634082178        0.0000000000000000     
   644.00000000000000       0.40540748598909715        0.0000000000000000     
   645.00000000000000       0.40572212126035223        0.0000000000000000     
   646.00000000000000       0.40603651272268604        0.0000000000000000     
   647.00000000000000       0.40635066094199968        0.0000000000000000     
   648.00000000000000       0.40666456648200860        0.0000000000000000     
   649.00000000000000       0.40697822990425420        0.0000000000000000     
   650.00000000000000       0.40729165176811566        0.0000000000000000     
   651.00000000000000       0.40760483263082148        0.0000000000000000     
   652.00000000000000       0.40791777304746113        0.0000000000000000     
   653.00000000000000       0.40823047357099640        0.0000000000000000     
   654.00000000000000       0.40854293475227299        0.0000000000000000     
   655.00000000000000       0.40885515714003168        0.0000000000000000     
   656.00000000000000       0.40916714128091958        0.0000000000000000     
   657.00000000000000       0.40947888771950136        0.0000000000000000     
   658.00000000000000       0.40979039699827036        0.0000000000000000     
   659.00000000000000       0.41010166965765937        0.0000000000000000     
   660.00000000000000       0.41041270623605208        0.0000000000000000     
   661.00000000000000       0.41072350726979334        0.0000000000000000     
   662.00000000000000       0.41103407329320035        0.0000000000000000     
   663.00000000000000       0.41134440483857321        0.0000000000000000     
   664.00000000000000       0.41165450243620555        0.0000000000000000     
   665.00000000000000       0.41196436661439545        0.0000000000000000     
   666.00000000000000       0.41227399789945518        0.0000000000000000     
   667.00000000000000       0.41258339681572259        0.0000000000000000     
   668.00000000000000       0.41289256388557055        0.0000000000000000     
   669.00000000000000       0.41320149962941810        0.0000000000000000     
   670.00000000000000       0.41351020456573984        0.0000000000000000     
   671.00000000000000       0.41381867921107668        0.0000000000000000     
   672.00000000000000       0.41412692408004576        0.0000000000000000     
   673.00000000000000       0.41443493968535033        0.0000000000000000     
   674.00000000000000       0.41474272653778993        0.0000000000000000     
   675.00000000000000       0.41505028514626990        0.0000000000000000     
   676.00000000000000       0.41535761601781179        0.0000000000000000     
   677.00000000000000       0.41566471965756246        0.0000000000000000     
   678.00000000000000       0.41597159656880417        0.0000000000000000     
   679.00000000000000       0.41627824725296420        0.0000000000000000     
   680.00000000000000       0.41658467220962414        0.0000000000000000     
   681.00000000000000       0.41689087193652968        0.0000000000000000     
   682.00000000000000       0.41719684692959985        0.0000000000000000     
   683.00000000000000       0.41750259768293657        0.0000000000000000     
   684.00000000000000       0.41780812468883372        0.0000000000000000     
   685.00000000000000       0.41811342843778648        0.0000000000000000     
   686.00000000000000       0.41841850941850078        0.0000000000000000     
   687.00000000000000       0.41872336811790190        0.0000000000000000     
   688.00000000000000       0.41902800502114412        0.0000000000000000     
   689.00000000000000       0.41933242061161924        0.0000000000000000     
   690.00000000000000       0.41963661537096592        0.0000000000000000     
   691.00000000000000       0.41994058977907817        0.0000000000000000     
   692.00000000000000       0.42024434431411445        0.0000000000000000     
   693.00000000000000       0.42054787945250655        0.0000000000000000     
   694.00000000000000       0.42085119566896795        0.0000000000000000     
   695.00000000000000       0.42115429343650290        0.0000000000000000     
   696.00000000000000       0.42145717322641452        0.0000000000000000     
   697.00000000000000       0.42175983550831392        0.0000000000000000     
   698.00000000000000       0.42206228075012814        0.0000000000000000     
   699.00000000000000       0.42236450941810910        0.0000000000000000     
   700.00000000000000       0.42266652197684168        0.0000000000000000     
   701.00000000000000       0.42296831888925202        0.0000000000000000     
   702.00000000000000       0.42326990061661601        0.0000000000000000     
   703.00000000000000       0.42357126761856734        0.0000000000000000     
   704.00000000000000       0.42387242035310574        0.0000000000000000     
   705.00000000000000       0.42417335927660521        0.0000000000000000     
   706.00000000000000       0.42447408484382176        0.0000000000000000     
   707.00000000000000       0.42477459750790181        0.0000000000000000     
   708.00000000000000       0.42507489772038998        0.0000000000000000     
   709.00000000000000       0.42537498593123690        0.0000000000000000     
   710.00000000000000       0.42567486258880732        0.0000000000000000     
   711.00000000000000       0.42597452813988768        0.0000000000000000     
   712.00000000000000       0.42627398302969416        0.0000000000000000     
   713.00000000000000       0.42657322770188000        0.0000000000000000     
   714.00000000000000       0.42687226259854366        0.0000000000000000     
   715.00000000000000       0.42717108816023586        0.0000000000000000     
   716.00000000000000       0.42746970482596774        0.0000000000000000     
   717.00000000000000       0.42776811303321804        0.0000000000000000     
   718.00000000000000       0.42806631321794053        0.0000000000000000     
   719.00000000000000       0.42836430581457180        0.0000000000000000     
   720.00000000000000       0.42866209125603816        0.0000000000000000     
   721.00000000000000       0.42895966997376339        0.0000000000000000     
   722.00000000000000       0.42925704239767570        0.0000000000000000     
   723.00000000000000       0.42955420895621543        0.0000000000000000     
   724.00000000000000       0.42985117007634166        0.0000000000000000     
   725.00000000000000       0.43014792618353981        0.0000000000000000     
   726.00000000000000       0.43044447770182859        0.0000000000000000     
   727.00000000000000       0.43074082505376710        0.0000000000000000     
   728.00000000000000       0.43103696866046187        0.0000000000000000     
   729.00000000000000       0.43133290894157383        0.0000000000000000     
   730.00000000000000       0.43162864631532505        0.0000000000000000     
   731.00000000000000       0.43192418119850617        0.0000000000000000     
   732.00000000000000       0.43221951400648256        0.0000000000000000     
   733.00000000000000       0.43251464515320170        0.0000000000000000     
   734.00000000000000       0.43280957505119960        0.0000000000000000     
   735.00000000000000       0.43310430411160772        0.0000000000000000     
   736.00000000000000       0.43339883274415958        0.0000000000000000     
   737.00000000000000       0.43369316135719732        0.0000000000000000     
   738.00000000000000       0.43398729035767858        0.0000000000000000     
   739.00000000000000       0.43428122015118265        0.0000000000000000     
   740.00000000000000       0.43457495114191752        0.0000000000000000     
   741.00000000000000       0.43486848373272574        0.0000000000000000     
   742.00000000000000       0.43516181832509154        0.0000000000000000     
   743.00000000000000       0.43545495531914663        0.0000000000000000     
   744.00000000000000       0.43574789511367695        0.0000000000000000     
   745.00000000000000       0.43604063810612881        0.0000000000000000     
   746.00000000000000       0.43633318469261534        0.0000000000000000     
   747.00000000000000       0.43662553526792269        0.0000000000000000     
   748.00000000000000       0.43691769022551602        0.0000000000000000     
   749.00000000000000       0.43720964995754608        0.0000000000000000     
   750.00000000000000       0.43750141485485505        0.0000000000000000     
   751.00000000000000       0.43779298530698274        0.0000000000000000     
   752.00000000000000       0.43808436170217258        0.0000000000000000     
   753.00000000000000       0.43837554442737792        0.0000000000000000     
   754.00000000000000       0.43866653386826759        0.0000000000000000     
   755.00000000000000       0.43895733040923235        0.0000000000000000     
   756.00000000000000       0.43924793443339033        0.0000000000000000     
   757.00000000000000       0.43953834632259337        0.0000000000000000     
   758.00000000000000       0.43982856645743235        0.0000000000000000     
   759.00000000000000       0.44011859521724367        0.0000000000000000     
   760.00000000000000       0.44040843298011445        0.0000000000000000     
   761.00000000000000       0.44069808012288864        0.0000000000000000     
   762.00000000000000       0.44098753702117249        0.0000000000000000     
   763.00000000000000       0.44127680404934039        0.0000000000000000     
   764.00000000000000       0.44156588158054061        0.0000000000000000     
   765.00000000000000       0.44185476998670048        0.0000000000000000     
   766.00000000000000       0.44214346963853257        0.0000000000000000     
   767.00000000000000       0.44243198090553981        0.0000000000000000     
   768.00000000000000       0.44272030415602126        0.0000000000000000     
   769.00000000000000       0.44300843975707727        0.0000000000000000     
   770.00000000000000       0.44329638807461536        0.0000000000000000     
   771.00000000000000       0.44358414947335528        0.0000000000000000     
   772.00000000000000       0.44387172431683458        0.0000000000000000     
   773.00000000000000       0.44415911296741395        0.0000000000000000     
   774.00000000000000       0.44444631578628252        0.0000000000000000     
   775.00000000000000       0.44473333313346325        0.0000000000000000     
   776.00000000000000       0.44502016536781791        0.0000000000000000     
   777.00000000000000       0.44530681284705265        0.0000000000000000     
   778.00000000000000       0.44559327592772313        0.0000000000000000     
   779.00000000000000       0.44587955496523946        0.0000000000000000     
   780.00000000000000       0.44616565031387162        0.0000000000000000     
   781.00000000000000       0.44645156232675454        0.0000000000000000     
   782.00000000000000       0.44673729135589296        0.0000000000000000     
   783.00000000000000       0.44702283775216678        0.0000000000000000     
   784.00000000000000       0.44730820186533576        0.0000000000000000     
   785.00000000000000       0.44759338404404503        0.0000000000000000     
   786.00000000000000       0.44787838463582941        0.0000000000000000     
   787.00000000000000       0.44816320398711895        0.0000000000000000     
   788.00000000000000       0.44844784244324332        0.0000000000000000     
   789.00000000000000       0.44873230034843714        0.0000000000000000     
   790.00000000000000       0.44901657804584455        0.0000000000000000     
   791.00000000000000       0.44930067587752409        0.0000000000000000     
   792.00000000000000       0.44958459418445379        0.0000000000000000     
   793.00000000000000       0.44986833330653531        0.0000000000000000     
   794.00000000000000       0.45015189358259949        0.0000000000000000     
   795.00000000000000       0.45043527535041034        0.0000000000000000     
   796.00000000000000       0.45071847894667022        0.0000000000000000     
   797.00000000000000       0.45100150470702421        0.0000000000000000     
   798.00000000000000       0.45128435296606506        0.0000000000000000     
   799.00000000000000       0.45156702405733745        0.0000000000000000     
   800.00000000000000       0.45184951831334286        0.0000000000000000     
   801.00000000000000       0.45213183606554402        0.0000000000000000     
   802.00000000000000       0.45241397764436941        0.0000000000000000     
   803.00000000000000       0.45269594337921781        0.0000000000000000     
   804.00000000000000       0.45297773359846288        0.0000000000000000     
   805.00000000000000       0.45325934862945738        0.0000000000000000     
   806.00000000000000       0.45354078879853793        0.0000000000000000     
   807.00000000000000       0.45382205443102913        0.0000000000000000     
   808.00000000000000       0.45410314585124817        0.0000000000000000     
   809.00000000000000       0.45438406338250903        0.0000000000000000     
   810.00000000000000       0.45466480734712683        0.0000000000000000     
   811.00000000000000       0.45494537806642238        0.0000000000000000     
   812.00000000000000       0.45522577586072605        0.0000000000000000     
   813.00000000000000       0.45550600104938244        0.0000000000000000     
   814.00000000000000       0.45578605395075439        0.0000000000000000     
   815.00000000000000       0.45606593488222730        0.0000000000000000     
   816.00000000000000       0.45634564416021328        0.0000000000000000     
   817.00000000000000       0.45662518210015529        0.0000000000000000     
   818.00000000000000       0.45690454901653144        0.0000000000000000     
   819.00000000000000       0.45718374522285893        0.0000000000000000     
   820.00000000000000       0.45746277103169825        0.0000000000000000     
   821.00000000000000       0.45774162675465724        0.0000000000000000     
   822.00000000000000       0.45802031270239529        0.0000000000000000     
   823.00000000000000       0.45829882918462705        0.0000000000000000     
   824.00000000000000       0.45857717651012680        0.0000000000000000     
   825.00000000000000       0.45885535498673213        0.0000000000000000     
   826.00000000000000       0.45913336492134832        0.0000000000000000     
   827.00000000000000       0.45941120661995172        0.0000000000000000     
   828.00000000000000       0.45968888038759431        0.0000000000000000     
   829.00000000000000       0.45996638652840705        0.0000000000000000     
   830.00000000000000       0.46024372534560426        0.0000000000000000     
   831.00000000000000       0.46052089714148692        0.0000000000000000     
   832.00000000000000       0.46079790221744715        0.0000000000000000     
   833.00000000000000       0.46107474087397149        0.0000000000000000     
   834.00000000000000       0.46135141341064512        0.0000000000000000     
   835.00000000000000       0.46162792012615522        0.0000000000000000     
   836.00000000000000       0.46190426131829521        0.0000000000000000     
   837.00000000000000       0.46218043728396813        0.0000000000000000     
   838.00000000000000       0.46245644831919036        0.0000000000000000     
   839.00000000000000       0.46273229471909566        0.0000000000000000     
   840.00000000000000       0.46300797677793842        0.0000000000000000     
   841.00000000000000       0.46328349478909781        0.0000000000000000     
   842.00000000000000       0.46355884904508077        0.0000000000000000     
   843.00000000000000       0.46383403983752636        0.0000000000000000     
   844.00000000000000       0.46410906745720881        0.0000000000000000     
   845.00000000000000       0.46438393219404134        0.0000000000000000     
   846.00000000000000       0.46465863433707977        0.0000000000000000     
   847.00000000000000       0.46493317417452584        0.0000000000000000     
   848.00000000000000       0.46520755199373104        0.0000000000000000     
   849.00000000000000       0.46548176808119990        0.0000000000000000     
   850.00000000000000       0.46575582272259353        0.0000000000000000     
   851.00000000000000       0.46602971620273315        0.0000000000000000     
   852.00000000000000       0.46630344880560337        0.0000000000000000     
   853.00000000000000       0.46657702081435598        0.0000000000000000     
   854.00000000000000       0.46685043251131297        0.0000000000000000     
   855.00000000000000       0.46712368417797012        0.0000000000000000     
   856.00000000000000       0.46739677609500047        0.0000000000000000     
   857.00000000000000       0.46766970854225737        0.0000000000000000     
   858.00000000000000       0.46794248179877834        0.0000000000000000     
   859.00000000000000       0.46821509614278772        0.0000000000000000     
   860.00000000000000       0.46848755185170077        0.0000000000000000     
   861.00000000000000       0.46875984920212604        0.0000000000000000     
   862.00000000000000       0.46903198846986971        0.0000000000000000     
   863.00000000000000       0.46930396992993784        0.0000000000000000     
   864.00000000000000       0.46957579385654025        0.0000000000000000     
   865.00000000000000       0.46984746052309362        0.0000000000000000     
   866.00000000000000       0.47011897020222443        0.0000000000000000     
   867.00000000000000       0.47039032316577262        0.0000000000000000     
   868.00000000000000       0.47066151968479425        0.0000000000000000     
   869.00000000000000       0.47093256002956513        0.0000000000000000     
   870.00000000000000       0.47120344446958362        0.0000000000000000     
   871.00000000000000       0.47147417327357388        0.0000000000000000     
   872.00000000000000       0.47174474670948907        0.0000000000000000     
   873.00000000000000       0.47201516504451418        0.0000000000000000     
   874.00000000000000       0.47228542854506955        0.0000000000000000     
   875.00000000000000       0.47255553747681339        0.0000000000000000     
   876.00000000000000       0.47282549210464531        0.0000000000000000     
   877.00000000000000       0.47309529269270900        0.0000000000000000     
   878.00000000000000       0.47336493950439545        0.0000000000000000     
   879.00000000000000       0.47363443280234596        0.0000000000000000     
   880.00000000000000       0.47390377284845492        0.0000000000000000     
   881.00000000000000       0.47417295990387304        0.0000000000000000     
   882.00000000000000       0.47444199422901007        0.0000000000000000     
   883.00000000000000       0.47471087608353779        0.0000000000000000     
   884.00000000000000       0.47497960572639325        0.0000000000000000     
   885.00000000000000       0.47524818341578118        0.0000000000000000     
   886.00000000000000       0.47551660940917723        0.0000000000000000     
   887.00000000000000       0.47578488396333063        0.0000000000000000     
   888.00000000000000       0.47605300733426736        0.0000000000000000     
   889.00000000000000       0.47632097977729260        0.0000000000000000     
   890.00000000000000       0.47658880154699396        0.0000000000000000     
   891.00000000000000       0.47685647289724398        0.0000000000000000     
   892.00000000000000       0.47712399408120315        0.0000000000000000     
   893.00000000000000       0.47739136535132259        0.0000000000000000     
   894.00000000000000       0.47765858695934688        0.0000000000000000     
   895.00000000000000       0.47792565915631691        0.0000000000000000     
   896.00000000000000       0.47819258219257227        0.0000000000000000     
   897.00000000000000       0.47845935631775455        0.0000000000000000     
   898.00000000000000       0.47872598178080955        0.0000000000000000     
   899.00000000000000       0.47899245882999031        0.0000000000000000     
   900.00000000000000       0.47925878771285974        0.0000000000000000     
   901.00000000000000       0.47952496867629318        0.0000000000000000     
   902.00000000000000       0.47979100196648122        0.0000000000000000     
   903.00000000000000       0.48005688782893219        0.0000000000000000     
   904.00000000000000       0.48032262650847501        0.0000000000000000     
   905.00000000000000       0.48058821824926168        0.0000000000000000     
   906.00000000000000       0.48085366329476992        0.0000000000000000     
   907.00000000000000       0.48111896188780584        0.0000000000000000     
   908.00000000000000       0.48138411427050642        0.0000000000000000     
   909.00000000000000       0.48164912068434212        0.0000000000000000     
   910.00000000000000       0.48191398137011959        0.0000000000000000     
   911.00000000000000       0.48217869656798396        0.0000000000000000     
   912.00000000000000       0.48244326651742170        0.0000000000000000     
   913.00000000000000       0.48270769145726272        0.0000000000000000     
   914.00000000000000       0.48297197162568345        0.0000000000000000     
   915.00000000000000       0.48323610726020877        0.0000000000000000     
   916.00000000000000       0.48350009859771487        0.0000000000000000     
   917.00000000000000       0.48376394587443161        0.0000000000000000     
   918.00000000000000       0.48402764932594500        0.0000000000000000     
   919.00000000000000       0.48429120918719964        0.0000000000000000     
   920.00000000000000       0.48455462569250124        0.0000000000000000     
   921.00000000000000       0.48481789907551887        0.0000000000000000     
   922.00000000000000       0.48508102956928750        0.0000000000000000     
   923.00000000000000       0.48534401740621053        0.0000000000000000     
   924.00000000000000       0.48560686281806187        0.0000000000000000     
   925.00000000000000       0.48586956603598869        0.0000000000000000     
   926.00000000000000       0.48613212729051347        0.0000000000000000     
   927.00000000000000       0.48639454681153649        0.0000000000000000     
   928.00000000000000       0.48665682482833833        0.0000000000000000     
   929.00000000000000       0.48691896156958192        0.0000000000000000     
   930.00000000000000       0.48718095726331501        0.0000000000000000     
   931.00000000000000       0.48744281213697266        0.0000000000000000     
   932.00000000000000       0.48770452641737905        0.0000000000000000     
   933.00000000000000       0.48796610033075044        0.0000000000000000     
   934.00000000000000       0.48822753410269681        0.0000000000000000     
   935.00000000000000       0.48848882795822463        0.0000000000000000     
   936.00000000000000       0.48874998212173881        0.0000000000000000     
   937.00000000000000       0.48901099681704496        0.0000000000000000     
   938.00000000000000       0.48927187226735197        0.0000000000000000     
   939.00000000000000       0.48953260869527371        0.0000000000000000     
   940.00000000000000       0.48979320632283169        0.0000000000000000     
   941.00000000000000       0.49005366537145700        0.0000000000000000     
   942.00000000000000       0.49031398606199272        0.0000000000000000     
   943.00000000000000       0.49057416861469577        0.0000000000000000     
   944.00000000000000       0.49083421324923959        0.0000000000000000     
   945.00000000000000       0.49109412018471571        0.0000000000000000     
   946.00000000000000       0.49135388963963639        0.0000000000000000     
   947.00000000000000       0.49161352183193657        0.0000000000000000     
   948.00000000000000       0.49187301697897601        0.0000000000000000     
   949.00000000000000       0.49213237529754122        0.0000000000000000     
   950.00000000000000       0.49239159700384816        0.0000000000000000     
   951.00000000000000       0.49265068231354353        0.0000000000000000     
   952.00000000000000       0.49290963144170757        0.0000000000000000     
   953.00000000000000       0.49316844460285575        0.0000000000000000     
   954.00000000000000       0.49342712201094091        0.0000000000000000     
   955.00000000000000       0.49368566387935553        0.0000000000000000     
   956.00000000000000       0.49394407042093336        0.0000000000000000     
   957.00000000000000       0.49420234184795198        0.0000000000000000     
   958.00000000000000       0.49446047837213436        0.0000000000000000     
   959.00000000000000       0.49471848020465131        0.0000000000000000     
   960.00000000000000       0.49497634755612308        0.0000000000000000     
   961.00000000000000       0.49523408063662178        0.0000000000000000     
   962.00000000000000       0.49549167965567292        0.0000000000000000     
   963.00000000000000       0.49574914482225785        0.0000000000000000     
   964.00000000000000       0.49600647634481548        0.0000000000000000     
   965.00000000000000       0.49626367443124425        0.0000000000000000     
   966.00000000000000       0.49652073928890422        0.0000000000000000     
   967.00000000000000       0.49677767112461885        0.0000000000000000     
   968.00000000000000       0.49703447014467717        0.0000000000000000     
   969.00000000000000       0.49729113655483542        0.0000000000000000     
   970.00000000000000       0.49754767056031923        0.0000000000000000     
   971.00000000000000       0.49780407236582547        0.0000000000000000     
   972.00000000000000       0.49806034217552392        0.0000000000000000     
   973.00000000000000       0.49831648019305963        0.0000000000000000     
   974.00000000000000       0.49857248662155434        0.0000000000000000     
   975.00000000000000       0.49882836166360867        0.0000000000000000     
   976.00000000000000       0.49908410552130389        0.0000000000000000     
   977.00000000000000       0.49933971839620367        0.0000000000000000     
   978.00000000000000       0.49959520048935618        0.0000000000000000     
   979.00000000000000       0.49985055200129563        0.0000000000000000     
   980.00000000000000       0.50010577313204452        0.0000000000000000     
   981.00000000000000       0.50036086408111491        0.0000000000000000     
   982.00000000000000       0.50061582504751079        0.0000000000000000     
   983.00000000000000       0.50087065622972959        0.0000000000000000     
   984.00000000000000       0.50112535782576395        0.0000000000000000     
   985.00000000000000       0.50137993003310377        0.0000000000000000     
   986.00000000000000       0.50163437304873748        0.0000000000000000     
   987.00000000000000       0.50188868706915479        0.0000000000000000     
   988.00000000000000       0.50214287229034726        0.0000000000000000     
   989.00000000000000       0.50239692890781085        0.0000000000000000     
   990.00000000000000       0.50265085711654756        0.0000000000000000     
   991.00000000000000       0.50290465711106713        0.0000000000000000     
   992.00000000000000       0.50315832908538838        0.0000000000000000     
   993.00000000000000       0.50341187323304160        0.0000000000000000     
   994.00000000000000       0.50366528974706992        0.0000000000000000     
   995.00000000000000       0.50391857882003122        0.0000000000000000     
   996.00000000000000       0.50417174064399917        0.0000000000000000     
   997.00000000000000       0.50442477541056607        0.0000000000000000     
   998.00000000000000       0.50467768331084351        0.0000000000000000     
   999.00000000000000       0.50493046453546453        0.0000000000000000     
   1000.0000000000000       0.50518311927458537        0.0000000000000000     
 Total integrated eventrate (events)  0.86941550221660546      pm  -3.1317731430301030E-006
 Event rate spectra written to eventrate_spectra.dat
 Compute time (s)   6.66741705    
