 %%%%%%%%%%%%%%%%%%%%%%%%%%%%%%%%%%%%%%%%%%%%%%%%%%%%%%%%%%%%%%%%%%%%%%%%%%%%%%%
 Welcome to our FORTAN 90 implementation of the WIMP-nucleon scattering code.
 Based on the Mathematica script described in arXiv:1308.6288 (2003).
   VERSION 1.4 UPDATED: 2021.01.15 @ SDSU
   Dev. contact: cjohnson@sdsu.edu
                  ogorton@sdsu.edu
 %%%%%%%%%%%%%%%%%%%%%%%%%%%%%%%%%%%%%%%%%%%%%%%%%%%%%%%%%%%%%%%%%%%%%%%%%%%%%%%
 
 Select an option:
 [1] Event rate per unit recoil energy (spectra)
 [2] (*) Scattering probability
 [3] (*) Differential cross section per recoil energy
 [4] (*) Total cross section
 [5] Total scattering events per detector (does not produce spectra data)
  
 (*) Not available in this release.
  
 Enter the target proton number 
  
 Enter the target neutron number 
 Setting default parameter values.
  
 Enter name of control file (.control):
 %%%%%%%%%%%%%%%%%%%%%%%%%%%%%%%%%%%%%%%%%%%%%%%%%%%%%%%%%%%%%%%%%%%%%%%%%%%%%%%
 Reading control file.
 Possible keywords:
 coefnonrel
 vearth
 dmdens
 quadtype
 intpoints
 gev
 femtometer
 wimpmass
 vescape
 ntarget
 weakmscale
 vscale
 mnucleon
 dmspin
 
 # Coefficient matrix (non-relativistic)
 # Ommitted values are assumed to be 0.0.
 # c_i^t
 # i = 1,...,16
 # t: p=proton n=neutron s=scaler v=vector
 #control name	 i	coupling	c_i^t
 n           1   4.8000000000000001E-004
 wimpmass: Set dark matter particle mass to   500.00000000000000     
 vearth: Set velocity of earth in galactic frame set to   232.00000000000000     
 maxwellv0: Set velocity distribution scaling to   220.00000000000000     
 vescape: Set escape velocity to   550.00000000000000     
 dmdens: Set local dark matter density to  0.29999999999999999     
 intpoints: Set number of integral lattice points to        1000
 ntscale: Set target nuclei mass density scaling to   2500.0000000000000     
 End of control file.
 
 Converting EFT coefficients isospin <=> proton-neutron formalism.
 s           1   4.8000000000000001E-004
 v           1  -4.8000000000000001E-004
 p           1   0.0000000000000000     
 n           1   4.8000000000000001E-004
 Normalizing EFT coefficients.
  Enter shell-model space file name (.sps)
 Shell-Model space file name GCN5082        
           1           0           7           4
           2           1           5           2
           3           1           3           2
           4           2           1           0
           5           0          11           5
           6           0           9           4
           7           1           1           1
           8           0           5           3
           9           1           3           1
          10           0           7           3
          11           0           3           2
          12           0           5           2
          13           1           1           0
          14           0           1           1
          15           0           3           1
          16           0           1           0
  
  Enter name of one-body density file (.dres) 
 Density matrix allocated, size:        5632
 Density matrix is in explicit proton-neutron format.
 Filling core orbitals.
 %%%%%%%%%%%%%%%%%%%%%%%%%%%%%%%%%%%%%%%%%%%%%%%%%%%%%%%%%%%%%%%%%%%%%%%%%%%%%%%
 Parameters used in this calculation:
 femtometer =   5.0677000000000003     
 GeV =    1.0000000000000000     
 kev =    9.9999999999999995E-007
 b (dimless)   2.2999470783389384     
 b (fm)   11.655441808898239     
 Nucleon mass (GeV)  0.93827199999999999     
 WIMP spin  0.50000000000000000     
 WIMP mass (GeV)   500.00000000000000     
 Target J           0
 Target T          26
 Target Mt          26
 Target Z,N          54          80
 Target atomic mass   134.00000000000000     
 System reduced mass   100.46566398080722     
 Target mass density (1/GeV)   7.9536494397831111E-003
 Local WIMP density (GeV/cm^3)  0.29999999999999999     
 v0 (km/s)   220.00000000000000     
 ve (km/s)   232.00000000000000     
 v escape (km/s)   550.00000000000000     
 Integral lattice size =         1000
 EFT coupling coefficients:
 i    p    n    s    v
i          p           n           s           v
 1  0.0000E+00 0.1486E-04 0.1486E-04-0.1486E-04
 %%%%%%%%%%%%%%%%%%%%%%%%%%%%%%%%%%%%%%%%%%%%%%%%%%%%%%%%%%%%%%%%%%%%%%%%%%%%%%%
 Computing differential event rate spectra
 What is the range of recoil energies in kev?
 Enter starting energy, stoping energy, step size:
 E min  (kev)   1.0000000000000000     
 E max  (kev)   1000.0000000000000     
 E step (kev)   1.0000000000000000     
 Number of event rates to compute:        1000
 E-recoil (kev)              q-transfer (gev/c)        Eventrate (events/gev)
   1.0000000000000000        1.5857392471651827E-002   55657.610020223940     
   2.0000000000000000        2.2425739497283027E-002   52412.540386370682     
   3.0000000000000000        2.7465809436461180E-002   49341.291593156573     
   4.0000000000000000        3.1714784943303653E-002   46435.276681691299     
   5.0000000000000000        3.5458207512506890E-002   43686.289274453738     
   6.0000000000000000        3.8842520206598334E-002   41086.497668594442     
   7.0000000000000000        4.1954716921938584E-002   38628.431365139688     
   8.0000000000000000        4.4851478994566055E-002   36304.966428561747     
   9.0000000000000000        4.7572177414955480E-002   34109.310886100007     
   10.000000000000000        5.0145477961626807E-002   32034.990498711373     
   11.000000000000000        5.2593020981875536E-002   30075.835009521306     
   12.000000000000000        5.4931618872922361E-002   28225.964901912790     
   13.000000000000000        5.7174641651697299E-002   26479.778671363751     
   14.000000000000000        5.9332929676529540E-002   24831.940603378931     
   15.000000000000000        6.1415416956982390E-002   23277.369044632131     
   16.000000000000000        6.3429569886607307E-002   21811.225152094430     
   17.000000000000000        6.5381704107494776E-002   20428.902103957640     
   18.000000000000000        6.7277218491849075E-002   19126.014755886092     
   19.000000000000000        6.9120771291992983E-002   17898.389726216625     
   20.000000000000000        7.0916415025013779E-002   16742.055894008663     
   21.000000000000000        7.2667701325967365E-002   15653.235294231110     
   22.000000000000000        7.4377763558741136E-002   14628.334394819873     
   23.000000000000000        7.6049382693089626E-002   13663.935740809951     
   24.000000000000000        7.7685040413196668E-002   12756.789951229341     
   25.000000000000000        7.9286962358259133E-002   11903.808054929812     
   26.000000000000000        8.0857153647651975E-002   11102.054152006875     
   27.000000000000000        8.2397428309383541E-002   10348.738387937879     
   28.000000000000000        8.3909433843877168E-002   9641.2102280254385     
   29.000000000000000        8.5394671871259042E-002   8976.9520201866490     
   30.000000000000000        8.6854515599363052E-002   8353.5728345643274     
   31.000000000000000        8.8290224691072117E-002   7768.8025688617090     
   32.000000000000000        8.9702957989132109E-002   7220.4863087132644     
   33.000000000000000        9.1093784464144428E-002   6706.5789328021547     
   34.000000000000000        9.2463692679883816E-002   6225.1399528201082     
   35.000000000000000        9.3813599014215418E-002   5774.3285787379154     
   36.000000000000000        9.5144354829910960E-002   5352.3990002137434     
   37.000000000000000        9.6456752754796787E-002   4957.6958753144872     
   38.000000000000000        9.7751532202825342E-002   4588.6500180602316     
   39.000000000000000        9.9029384245283486E-002   4243.7742766261254     
   40.000000000000000       0.10029095592325361        3921.6595943476696     
   41.000000000000000       0.10153685407771899        3620.9712459774341     
   42.000000000000000       0.10276764876166039        3340.4452419317031     
   43.000000000000000       0.10398387628858620        3078.8848935457786     
   44.000000000000000       0.10518604196375107        2835.1575326274224     
   45.000000000000000       0.10637462253752067        2608.1913788582192     
   46.000000000000000       0.10755006841466908        2396.9725488442350     
   47.000000000000000       0.10871280564864472        2200.5422008595083     
   48.000000000000000       0.10986323774584472        2017.9938095591663     
   49.000000000000000       0.11100174730156277        1848.4705651642510     
   50.000000000000000       0.11212869748641513        1691.1628918366673     
   51.000000000000000       0.11324443339961572        1545.3060801719696     
   52.000000000000000       0.11434928330339460        1410.1780289382036     
   53.000000000000000       0.11544355975107490        1285.0970913833748     
   54.000000000000000       0.11652756061979500        1169.4200216201375     
   55.000000000000000       0.11760157005754641        1062.5400167763212     
   56.000000000000000       0.11866585935305908        963.88485077253051     
   57.000000000000000       0.11972068773608011        872.91509575478096     
   58.000000000000000       0.12076630311473478        789.12242737030886     
   59.000000000000000       0.12180294275591209        712.02801022886626     
   60.000000000000000       0.12283083391396478        641.18096004037568     
   61.000000000000000       0.12385019441244328        576.15687906252333     
   62.000000000000000       0.12486123318308209        516.55646162935932     
   63.000000000000000       0.12586415076581575        462.00416666414918     
   64.000000000000000       0.12685913977321461        412.14695420683694     
   65.000000000000000       0.12784638532238601        366.65308310887684     
   66.000000000000000       0.12882606543708458        325.21096716565768     
   67.000000000000000       0.12979835142250459        287.52808706998871     
   68.000000000000000       0.13076340821498955        253.32995567871944     
   69.000000000000000       0.13172139470868049        222.35913418915575     
   70.000000000000000       0.13267246406093466        194.37429692240116     
   71.000000000000000       0.13361676397817754        169.14934250730317     
   72.000000000000000       0.13455443698369815        146.47254935148075     
   73.000000000000000       0.13548562066876321        126.14577337511064     
   74.000000000000000       0.13641044792830204        107.98368606876636     
   75.000000000000000       0.13732904718230590        91.813051018969361     
   76.000000000000000       0.13824154258398597        77.472037124095536     
   77.000000000000000       0.13914805421564472        64.809566799266761     
   78.000000000000000       0.14004869827313640        53.684697541723061     
   79.000000000000000       0.14094358723971800        43.966035298202222     
   80.000000000000000       0.14183283005002756        35.531178143059051     
   81.000000000000000       0.14271653224486641        28.266188840376451     
   82.000000000000000       0.14359479611740808        22.065094925249934     
   83.000000000000000       0.14446772085140680        16.829414998875361     
   84.000000000000000       0.14533540265193473        12.467709989079905     
   85.000000000000000       0.14619793486913554        8.8951581826786636     
   86.000000000000000       0.14705540811544468        6.0331528885330821     
   87.000000000000000       0.14790791037669351        3.8089216405383430     
   88.000000000000000       0.14875552711748227        2.1551658980761190     
   89.000000000000000       0.14959834138117975        1.0097202477801233     
   90.000000000000000       0.15043643388488043       0.31523015487637962     
   91.000000000000000       0.15126988310962627        1.8847354943381266E-002
   92.000000000000000       0.15209876538617925        7.1942017748475320E-002
   93.000000000000000       0.15292315497660908       0.42983085394482834     
   94.000000000000000       0.15374312415194377        1.0515203729037406     
   95.000000000000000       0.15455874326611224        1.8994645358844744     
   96.000000000000000       0.15537008082639334        2.9393360831654216     
   97.000000000000000       0.15617720356057088        4.1398108467320585     
   98.000000000000000       0.15698017648098120        5.4723643917043425     
   99.000000000000000       0.15777906294562660        6.9110803599283495     
   100.00000000000000       0.15857392471651827        8.4324699181223153     
   101.00000000000000       0.15936482201539962        10.015301740699124     
   102.00000000000000       0.16015181357699326        11.640441983925850     
   103.00000000000000       0.16093495669990407        13.290703733493736     
   104.00000000000000       0.16171430729530395        14.950705431887030     
   105.00000000000000       0.16248991993351464        16.606737815197590     
   106.00000000000000       0.16326184788859888        18.246638911298543     
   107.00000000000000       0.16403014318106290        19.859676672576917     
   108.00000000000000       0.16479485661876708        21.436438836791510     
   109.00000000000000       0.16555603783613571        22.968729629091719     
   110.00000000000000       0.16631373533175184        24.449472936855631     
   111.00000000000000       0.16706799650441734        25.872621606801722     
   112.00000000000000       0.16781886768775434        27.233072530839756     
   113.00000000000000       0.16856639418341959        28.526587203389788     
   114.00000000000000       0.16931062029299876        29.749717448420874     
   115.00000000000000       0.17005158934864442        30.899736029318522     
   116.00000000000000       0.17078934374251808        31.974571868845075     
   117.00000000000000       0.17152392495509189        32.972749620013950     
   118.00000000000000       0.17225537358236462        33.893333341607672     
   119.00000000000000       0.17298372936204146        34.735874044426005     
   120.00000000000000       0.17370903119872610        35.500360886111814     
   121.00000000000000       0.17443131718817007        36.187175803665404     
   122.00000000000000       0.17515062464062181        36.797051383455980     
   123.00000000000000       0.17586699010331644        37.331031778799236     
   124.00000000000000       0.17658044938214423        37.790436494908235     
   125.00000000000000       0.17729103756253445        38.176826870341856     
   126.00000000000000       0.17799878902958863        38.491975092947257     
   127.00000000000000       0.17870373748749632        38.737835596744389     
   128.00000000000000       0.17940591597826422        38.916518694272959     
   129.00000000000000       0.18010535689978796        39.030266306593219     
   130.00000000000000       0.18080209202329492        39.081429660454404     
   131.00000000000000       0.18149615251018408        39.072448829111870     
   132.00000000000000       0.18218756892828886        39.005833999915751     
   133.00000000000000       0.18287637126758610        38.884148358099999     
   134.00000000000000       0.18356258895537511        38.709992482233687     
   135.00000000000000       0.18424625087094715        38.485990152499838     
   136.00000000000000       0.18492738535976763        38.214775478422538     
   137.00000000000000       0.18560602024718917        37.898981257843836     
   138.00000000000000       0.18628218285171558        37.541228483867073     
   139.00000000000000       0.18695589999783371        37.144116921173598     
   140.00000000000000       0.18762719802843084        36.710216677567580     
   141.00000000000000       0.18829610281681350        36.242060700829796     
   142.00000000000000       0.18896263977834349        35.742138134979527     
   143.00000000000000       0.18962683388170568        35.212888473861462     
   144.00000000000000       0.19028870965982192        34.656696453593725     
   145.00000000000000       0.19094829122042439        34.075887628847703     
   146.00000000000000       0.19160560225630147        33.472724581203593     
   147.00000000000000       0.19226066605522826        32.849403710909520     
   148.00000000000000       0.19291350550959357        32.208052566311281     
   149.00000000000000       0.19356414312573492        31.550727668007994     
   150.00000000000000       0.19421260103299168        30.879412787416015     
   151.00000000000000       0.19485890099248737        30.196017641931519     
   152.00000000000000       0.19550306440565068        29.502376971243962     
   153.00000000000000       0.19614511232248433        28.800249961595970     
   154.00000000000000       0.19678506544959146        28.091319986907362     
   155.00000000000000       0.19742294415796760        27.377194637683033     
   156.00000000000000       0.19805876849056697        26.659406010531924     
   157.00000000000000       0.19869255816965062        25.939411232909013     
   158.00000000000000       0.19932433260392471        25.218593199396189     
   159.00000000000000       0.19995411089547521        24.498261497438708     
   160.00000000000000       0.20058191184650723        23.779653501964763     
   161.00000000000000       0.20120775396589466        23.063935619746772     
   162.00000000000000       0.20183165547554724        22.352204665712268     
   163.00000000000000       0.20245363431660099        21.645489354680898     
   164.00000000000000       0.20307370815543799        20.944751893202284     
   165.00000000000000       0.20369189438954119        20.250889657303805     
   166.00000000000000       0.20430821015318987        19.564736943012679     
   167.00000000000000       0.20492267232300090        18.887066777525138     
   168.00000000000000       0.20553529752332078        18.218592779834026     
   169.00000000000000       0.20614610213147372        17.559971060510097     
   170.00000000000000       0.20675510228286992        16.911802151168132     
   171.00000000000000       0.20736231387597892        16.274632954926474     
   172.00000000000000       0.20796775257717240        15.648958709906015     
   173.00000000000000       0.20857143382544024        15.035224958497736     
   174.00000000000000       0.20917337283698420        14.433829515777264     
   175.00000000000000       0.20977358460969292        13.845124431046679     
   176.00000000000000       0.21037208392750215        13.269417937047514     
   177.00000000000000       0.21096888536464328        12.706976381920839     
   178.00000000000000       0.21156400328978464        12.158026139481855     
   179.00000000000000       0.21215745187006749        11.622755493838730     
   180.00000000000000       0.21274924507504134        11.101316494812879     
   181.00000000000000       0.21333939668050061        10.593826781025159     
   182.00000000000000       0.21392792027222626        10.100371367876777     
   183.00000000000000       0.21451482924963486        9.6210043980096174     
   184.00000000000000       0.21510013682933815        9.1557508521452426     
   185.00000000000000       0.21568385604861573        8.7046082185086391     
   186.00000000000000       0.21626599976880323        8.2675481193119502     
   187.00000000000000       0.21684658067859866        7.8445178930381072     
   188.00000000000000       0.21742561129728943        7.4354421314939367     
   189.00000000000000       0.21800310397790212        7.0402241708264155     
   190.00000000000000       0.21857907091027720        6.6587475358949249     
   191.00000000000000       0.21915352412407152        6.2908773375766387     
   192.00000000000000       0.21972647549168944        5.9364616227540701     
   193.00000000000000       0.22029793673114598        5.5953326768893428     
   194.00000000000000       0.22086791940886299        5.2673082792290344     
   195.00000000000000       0.22143643494240056        4.9521929108173568     
   196.00000000000000       0.22200349460312555        4.6497789156086826     
   197.00000000000000       0.22256910951881889        4.3598476150806906     
   198.00000000000000       0.22313329067622339        4.0821703768427060     
   199.00000000000000       0.22369604892353373        3.8165096378227359     
   200.00000000000000       0.22425739497283026        3.5626198826919238     
   201.00000000000000       0.22481733940245799        3.3202485782553621     
   202.00000000000000       0.22537589265935254        3.0891370645991612     
   203.00000000000000       0.22593306506131411        2.8690214038370709     
   204.00000000000000       0.22648886679923144        2.6596331873460692     
   205.00000000000000       0.22704330793925637        2.4607003024224605     
   206.00000000000000       0.22759639842493112        2.2719476593222883     
   207.00000000000000       0.22814814807926886        2.0930978796811575     
   208.00000000000000       0.22869856660678919        1.9238719473305403     
   209.00000000000000       0.22924766359550974        1.7639898225478068     
   210.00000000000000       0.22979544851889472        1.6131710207920829     
   211.00000000000000       0.23034193073776210        1.4711351569881355     
   212.00000000000000       0.23088711950214980        1.3376024564283917     
   213.00000000000000       0.23143102395314247        1.2122942333668618     
   214.00000000000000       0.23197365312465984        1.0949333383782951     
   215.00000000000000       0.23251501594520729       0.98524457555532208     
   216.00000000000000       0.23305512123958999       0.88295509061013766     
   217.00000000000000       0.23359397773059135       0.78779473094062324     
   218.00000000000000       0.23413159404061640       0.69949637871177328     
   219.00000000000000       0.23466797869330192       0.61779625799113991     
   220.00000000000000       0.23520314011509283       0.54243421696477667     
   221.00000000000000       0.23573708663678694       0.47315398624546562     
   222.00000000000000       0.23626982649504782       0.40970341426841506     
   223.00000000000000       0.23680136783388731       0.35183468075320373     
   224.00000000000000       0.23733171870611816       0.29930448919167968     
   225.00000000000000       0.23786088707477737       0.25187423930281649     
   226.00000000000000       0.23838888081452120       0.20931018037522336     
   227.00000000000000       0.23891570771299236       0.17138354639677722     
   228.00000000000000       0.23944137547216021       0.13787067385023702     
   229.00000000000000       0.23996589170963442       0.10855310303103513     
   230.00000000000000       0.24048926395995310        8.3217663721491822E-002
   231.00000000000000       0.24101149967584534        6.1656546033098801E-002
   232.00000000000000       0.24153260622946957        4.3667357205310890E-002
   233.00000000000000       0.24205259091362769        2.9053165126746775E-002
   234.00000000000000       0.24257146094295592        1.7622529321158723E-002
   235.00000000000000       0.24308922345509273        9.1895201176573262E-003
   236.00000000000000       0.24360588551182419        3.5737267014382440E-003
   237.00000000000000       0.24412145410020808        6.0025471833826088E-004
   238.00000000000000       0.24463593613367599        9.9714083563584913E-005
   239.00000000000000       0.24514933845311515        1.9081976223308279E-003
   240.00000000000000       0.24566166782792956        5.8672511476118598E-003
   241.00000000000000       0.24617293095708145        1.1823835557960917E-002
   242.00000000000000       0.24668313447011328        1.9630281516497098E-002
   243.00000000000000       0.24719228492815062        2.9144237250455254E-002
   244.00000000000000       0.24770038882488657        4.0228609989440382E-002
   245.00000000000000       0.24820745258754820        5.2751501539718387E-002
   246.00000000000000       0.24871348257784498        6.6586138471103673E-002
   247.00000000000000       0.24921848509289996        8.1610797373268318E-002
   248.00000000000000       0.24972246636616419        9.7708725618237638E-002
   249.00000000000000       0.25022543256831425       0.11476805804678428     
   250.00000000000000       0.25072738980813403       0.13268172997760949     
   251.00000000000000       0.25122834413337997       0.15134738691978822     
   252.00000000000000       0.25172830153163150       0.17066729135102451     
   253.00000000000000       0.25222726793112593       0.19054822690701675     
   254.00000000000000       0.25272524920157857       0.21090140031008689     
   255.00000000000000       0.25322225115498831       0.23164234134877898     
   256.00000000000000       0.25371827954642923       0.25269080120430210     
   257.00000000000000       0.25421334007482771       0.27397064940392873     
   258.00000000000000       0.25470743838372684       0.29540976966656740     
   259.00000000000000       0.25520058006203666       0.31693995489119642     
   260.00000000000000       0.25569277064477203       0.33849680152447026     
   261.00000000000000       0.25618401561377713       0.36001960353061169     
   262.00000000000000       0.25667432039843802       0.38145124617308024     
   263.00000000000000       0.25716369037638265       0.40273809980516184     
   264.00000000000000       0.25765213087416916       0.42382991385410451     
   265.00000000000000       0.25813964716796217       0.44467971117181676     
   266.00000000000000       0.25862624448419769       0.46524368291364160     
   267.00000000000000       0.25911192800023697       0.48548108409571833     
   268.00000000000000       0.25959670284500919       0.50535412997119233     
   269.00000000000000       0.26008057409964319       0.52482789335520985     
   270.00000000000000       0.26056354679808913       0.54387020301890199     
   271.00000000000000       0.26104562592772934       0.56245154326354618     
   272.00000000000000       0.26152681642997910       0.58054495477680090     
   273.00000000000000       0.26200712320087788       0.59812593686488613     
   274.00000000000000       0.26248655109167018       0.61517235114595314     
   275.00000000000000       0.26296510490937769       0.63166432678228546     
   276.00000000000000       0.26344278941736099       0.64758416732184776     
   277.00000000000000       0.26391960933587333       0.66291625921192954     
   278.00000000000000       0.26439556934260450       0.67764698204177509     
   279.00000000000000       0.26487067407321635       0.69176462056365606     
   280.00000000000000       0.26534492812186933       0.70525927853687642     
   281.00000000000000       0.26581833604174110       0.71812279443216720     
   282.00000000000000       0.26629090234553637       0.73034865902958279     
   283.00000000000000       0.26676263150598883       0.74193193493691456     
   284.00000000000000       0.26723352795635508       0.75286917805135922     
   285.00000000000000       0.26770359609090050       0.76315836098185230     
   286.00000000000000       0.26817284026537813       0.77279879844576027     
   287.00000000000000       0.26864126479749906       0.78179107464911113     
   288.00000000000000       0.26910887396739630       0.79013697265546534     
   289.00000000000000       0.26957567201808103       0.79783940574518264     
   290.00000000000000       0.27004166315589156       0.80490235076344741     
   291.00000000000000       0.27050685155093579       0.81133078345164433     
   292.00000000000000       0.27097124133752643       0.81713061575442536     
   293.00000000000000       0.27143483661460993       0.82230863509112451     
   294.00000000000000       0.27189764144618833       0.82687244557854089     
   295.00000000000000       0.27235965986173505       0.83083041118859657     
   296.00000000000000       0.27282089585660407       0.83419160082306720     
   297.00000000000000       0.27328135339243326       0.83696573528471963     
   298.00000000000000       0.27374103639754122       0.83916313612298532     
   299.00000000000000       0.27419994876731835       0.84079467632975102     
   300.00000000000000       0.27465809436461180       0.84187173285993167     
   301.00000000000000       0.27511547702010514       0.84240614094950772     
   302.00000000000000       0.27557210053269182       0.84241015020255494     
   303.00000000000000       0.27602796866984330       0.84189638241770470     
   304.00000000000000       0.27648308516797193       0.84087779112312822     
   305.00000000000000       0.27693745373278783       0.83936762278821997     
   306.00000000000000       0.27739107803965146       0.83737937967960629     
   307.00000000000000       0.27784396173392001       0.83492678432768175     
   308.00000000000000       0.27829610843128944       0.83202374557016956     
   309.00000000000000       0.27874752171813116       0.82868432613750254     
   310.00000000000000       0.27919820515182397       0.82492271174541509     
   311.00000000000000       0.27964816226108119       0.82075318165924349     
   312.00000000000000       0.28009739654627280       0.81619008069379573     
   313.00000000000000       0.28054591147974334       0.81124779261333091     
   314.00000000000000       0.28099371050612504       0.80594071489517671     
   315.00000000000000       0.28144079704264624       0.80028323482079755     
   316.00000000000000       0.28188717447943601       0.79428970685829081     
   317.00000000000000       0.28233284617982374       0.78797443129984579     
   318.00000000000000       0.28277781548063485       0.78135163411825492     
   319.00000000000000       0.28322208569248269       0.77443544800628861     
   320.00000000000000       0.28366566010005512       0.76723989456355413     
   321.00000000000000       0.28410854196239860       0.75977886759497915     
   322.00000000000000       0.28455073451319712       0.75206611748570718     
   323.00000000000000       0.28499224096104792       0.74411523661779755     
   324.00000000000000       0.28543306448973282       0.73593964579385396     
   325.00000000000000       0.28587320825848650       0.72755258163357317     
   326.00000000000000       0.28631267540226019       0.71896708490952610     
   327.00000000000000       0.28675146903198245       0.71019598978882426     
   328.00000000000000       0.28718959223481616       0.70125191394786446     
   329.00000000000000       0.28762704807441181       0.69214724952793805     
   330.00000000000000       0.28806383959115733       0.68289415489999994     
   331.00000000000000       0.28849996980242476       0.67350454720712105     
   332.00000000000000       0.28893544170281360       0.66399009565424216     
   333.00000000000000       0.28937025826439039       0.65436221551502316     
   334.00000000000000       0.28980442243692556       0.64463206282636198     
   335.00000000000000       0.29023793714812679       0.63481052974145924     
   336.00000000000000       0.29067080530386946       0.62490824051360283     
   337.00000000000000       0.29110302978842384       0.61493554808252981     
   338.00000000000000       0.29153461346467935       0.60490253123666993     
   339.00000000000000       0.29196555917436562       0.59481899232464597     
   340.00000000000000       0.29239586973827109       0.58469445549047538     
   341.00000000000000       0.29282554795645821       0.57453816540715263     
   342.00000000000000       0.29325459660847603       0.56435908648423994     
   343.00000000000000       0.29368301845357014       0.55416590252561659     
   344.00000000000000       0.29411081623088936       0.54396701681409387     
   345.00000000000000       0.29453799265969066       0.53377055260049733     
   346.00000000000000       0.29496455043954012       0.52358435397506997     
   347.00000000000000       0.29539049225051234       0.51341598710014436     
   348.00000000000000       0.29581582075338703       0.50327274178319270     
   349.00000000000000       0.29624053858984256       0.49316163337039365     
   350.00000000000000       0.29666464838264767       0.48308940494121383     
   351.00000000000000       0.29708815273585043       0.47306252978519930     
   352.00000000000000       0.29751105423496454       0.46308721414281095     
   353.00000000000000       0.29793335544715366       0.45316940019267737     
   354.00000000000000       0.29835505892141329       0.44331476926830921     
   355.00000000000000       0.29877616718875016       0.43352874528781477     
   356.00000000000000       0.29919668276235950       0.42381649838076002     
   357.00000000000000       0.29961660813780000       0.41418294869695577     
   358.00000000000000       0.30003594579316656       0.40463277038241968     
   359.00000000000000       0.30045469818926113       0.39517039570828671     
   360.00000000000000       0.30087286776976085       0.38580001933918850     
   361.00000000000000       0.30129045696138468       0.37652560272786606     
   362.00000000000000       0.30170746817405764       0.36735087862339355     
   363.00000000000000       0.30212390380107296       0.35827935568114128     
   364.00000000000000       0.30253976621925255       0.34931432316271366     
   365.00000000000000       0.30295505778910509       0.34045885571476131     
   366.00000000000000       0.30336978085498234       0.33171581821624385     
   367.00000000000000       0.30378393774523366       0.32308787068374556     
   368.00000000000000       0.30419753077235850       0.31457747322531804     
   369.00000000000000       0.30461056223315697       0.30618689103351782     
   370.00000000000000       0.30502303440887868       0.29791819940882747     
   371.00000000000000       0.30543494956536982       0.28977328880506920     
   372.00000000000000       0.30584630995321815       0.28175386988879603     
   373.00000000000000       0.30625711780789683       0.27386147860506721     
   374.00000000000000       0.30666737534990579       0.26609748124241894     
   375.00000000000000       0.30707708478491191       0.25846307949017910     
   376.00000000000000       0.30748624830388754       0.25095931548166894     
   377.00000000000000       0.30789486808324690       0.24358707681716571     
   378.00000000000000       0.30830294628498117       0.23634710156086519     
   379.00000000000000       0.30871048505679233       0.22923998320646150     
   380.00000000000000       0.30911748653222448       0.22226617560613202     
   381.00000000000000       0.30952395283079465       0.21542599785821584     
   382.00000000000000       0.30992988605812122       0.20871963914909003     
   383.00000000000000       0.31033528830605128       0.20214716354497483     
   384.00000000000000       0.31074016165278667       0.19570851472982931     
   385.00000000000000       0.31114450816300776       0.18940352068565952     
   386.00000000000000       0.31154832988799663       0.18323189831183931     
   387.00000000000000       0.31195162886575861       0.17719325798035515     
   388.00000000000000       0.31235440712114176       0.17128710802410377     
   389.00000000000000       0.31275666666595614       0.16551285915550845     
   390.00000000000000       0.31315840949909041       0.15986982881318018     
   391.00000000000000       0.31355963760662819       0.15435724543428334     
   392.00000000000000       0.31396035296196240       0.14897425265070433     
   393.00000000000000       0.31436055752590841       0.14371991340723142     
   394.00000000000000       0.31476025324681639       0.13859321400006885     
   395.00000000000000       0.31515944206068142       0.13359306803440446     
   396.00000000000000       0.31555812589125320       0.12871832029966793     
   397.00000000000000       0.31595630665014424       0.12396775056153227     
   398.00000000000000       0.31635398623693678       0.11934007726965171     
   399.00000000000000       0.31675116653928836       0.11483396118046806     
   400.00000000000000       0.31714784943303653       0.11044800889445858     
   401.00000000000000       0.31754403678230203       0.10618077630736239     
   402.00000000000000       0.31793973043959134       0.10203077197506075     
   403.00000000000000       0.31833493224589726        9.7996460391932633E-002
   404.00000000000000       0.31872964403079923        9.4076265182598318E-002
   405.00000000000000       0.31912386761256201        9.0268572207083633E-002
   406.00000000000000       0.31951760479823327        8.6571732579573929E-002
   407.00000000000000       0.31991085738374059        8.2984065600990267E-002
   408.00000000000000       0.32030362715398653        7.9503861605748863E-002
   409.00000000000000       0.32069591588294355        7.6129384723144913E-002
   410.00000000000000       0.32108772533374735        7.2858875553878599E-002
   411.00000000000000       0.32147905725878939        6.9690553762350296E-002
   412.00000000000000       0.32186991339980814        6.6622620585399667E-002
   413.00000000000000       0.32226029548797974        6.3653261258244928E-002
   414.00000000000000       0.32265020524400723        6.0780647358463148E-002
   415.00000000000000       0.32303964437820937        5.8002939068868838E-002
   416.00000000000000       0.32342861459060790        5.5318287360284150E-002
   417.00000000000000       0.32381711757101417        5.2724836095154347E-002
   418.00000000000000       0.32420515499911473        5.0220724053079917E-002
   419.00000000000000       0.32459272854455629        4.7804086879375748E-002
   420.00000000000000       0.32497983986702927        4.5473058957769416E-002
   421.00000000000000       0.32536649061635098        4.3225775208424654E-002
   422.00000000000000       0.32575268243254729        4.1060372812527425E-002
   423.00000000000000       0.32613841694593415        3.8974992864645855E-002
   424.00000000000000       0.32652369577719775        3.6967781954147731E-002
   425.00000000000000       0.32690852053747388        3.5036893677009698E-002
   426.00000000000000       0.32729289282842666        3.3180490079284371E-002
   427.00000000000000       0.32767681424232625        3.1396743033609079E-002
   428.00000000000000       0.32806028636212581        2.9683835550114519E-002
   429.00000000000000       0.32844331076153765        2.8039963023087783E-002
   430.00000000000000       0.32882588900510862        2.6463334414805906E-002
   431.00000000000000       0.32920802264829452        2.4952173377904573E-002
   432.00000000000000       0.32958971323753417        2.3504719317728347E-002
   433.00000000000000       0.32997096231032208        2.2119228396035796E-002
   434.00000000000000       0.33035177139528099        2.0793974477502565E-002
   435.00000000000000       0.33073214201223322        1.9527250020428748E-002
   436.00000000000000       0.33111207567227141        1.8317366913063335E-002
   437.00000000000000       0.33149157387782874        1.7162657256973083E-002
   438.00000000000000       0.33187063812274803        1.6061474098857761E-002
   439.00000000000000       0.33224926989235054        1.5012192112226616E-002
   440.00000000000000       0.33262747066350368        1.4013208230324828E-002
   441.00000000000000       0.33300524190468833        1.3062942231724137E-002
   442.00000000000000       0.33338258507606539        1.2159837279936674E-002
   443.00000000000000       0.33375950162954160        1.1302360418442939E-002
   444.00000000000000       0.33413599300883468        1.0489003022486662E-002
   445.00000000000000       0.33451206064953770        9.7182812089955627E-003
   446.00000000000000       0.33488770597918338        8.9887362059483979E-003
   447.00000000000000       0.33526293041730693        8.2989346825285467E-003
   448.00000000000000       0.33563773537550867        7.6474690413545453E-003
   449.00000000000000       0.33601212225751614        7.0329576740832105E-003
   450.00000000000000       0.33638609245924539        6.4540451816620928E-003
   451.00000000000000       0.33675964736886155        5.9094025604787678E-003
   452.00000000000000       0.33713278836683919        5.3977273556513779E-003
   453.00000000000000       0.33750551682602165        4.9177437826697671E-003
   454.00000000000000       0.33787783411168010        4.4682028185962846E-003
   455.00000000000000       0.33824974158157162        4.0478822639996893E-003
   456.00000000000000       0.33862124058599752        3.6555867767762403E-003
   457.00000000000000       0.33899233246785981        3.2901478790071255E-003
   458.00000000000000       0.33936301856271844        2.9504239379585656E-003
   459.00000000000000       0.33973330019884712        2.6353001223279227E-003
   460.00000000000000       0.34010317869728884        2.3436883348048445E-003
   461.00000000000000       0.34047265537191090        2.0745271220023926E-003
   462.00000000000000       0.34084173152945929        1.8267815627892872E-003
   463.00000000000000       0.34121040846961276        1.5994431360287498E-003
   464.00000000000000       0.34157868748503617        1.3915295687140696E-003
   465.00000000000000       0.34194656986143318        1.2020846654604129E-003
   466.00000000000000       0.34231405687759886        1.0301781202989232E-003
   467.00000000000000       0.34268114980547149        8.7490531168847076E-004
   468.00000000000000       0.34304784991018378        7.3538708164441898E-004
   469.00000000000000       0.34341415845011397        6.1076949985841133E-004
   470.00000000000000       0.34378007667693600        5.0022361366048164E-004
   471.00000000000000       0.34414560583566950        4.0294518465470324E-004
   472.00000000000000       0.34451074716472924        3.1815441283665914E-004
   473.00000000000000       0.34487550189597405        2.4509564897689894E-004
   474.00000000000000       0.34523987125475525        1.8303709603715855E-004
   475.00000000000000       0.34560385645996483        1.3127050036057874E-004
   476.00000000000000       0.34596745872408291        8.9110833356331200E-005
   477.00000000000000       0.34633067925322469        5.5895964380437729E-005
   478.00000000000000       0.34669351924718755        3.0986325489883294E-005
   479.00000000000000       0.34705597989949694        1.3764568728826321E-005
   480.00000000000000       0.34741806239745221        3.6352165835173398E-006
   481.00000000000000       0.34777976792217224        2.4306223442031520E-008
   482.00000000000000       0.34814109764864015        2.3790281252306351E-006
   483.00000000000000       0.34850205274574786        1.0167359656091146E-005
   484.00000000000000       0.34886263437634013        2.2877694174498372E-005
   485.00000000000000       0.34922284369725870        4.0018466185975391E-005
   486.00000000000000       0.34958268185938501        6.1117773073088351E-005
   487.00000000000000       0.34994215000768342        8.5722993900437392E-005
   488.00000000000000       0.35030124928124362        1.1340040577591140E-004
   489.00000000000000       0.35065998081332289        1.4373479823342379E-004
   490.00000000000000       0.35101834573138763        1.7632908608190880E-004
   491.00000000000000       0.35137634515715482        2.1080392115087560E-004
   492.00000000000000       0.35173398020663288        2.4679730334329345E-004
   493.00000000000000       0.35209125199016233        2.8396419139096519E-004
   494.00000000000000       0.35244816161245612        3.2197611369160785E-004
   495.00000000000000       0.35280471017263926        3.6052077958929039E-004
   496.00000000000000       0.35316089876428847        3.9930169144554119E-004
   497.00000000000000       0.35351672847547111        4.3803775783247311E-004
   498.00000000000000       0.35387220038878442        4.7646290816365011E-004
   499.00000000000000       0.35422731558139325        5.1432570906547782E-004
   500.00000000000000       0.35458207512506890        5.5138898277461493E-004
   501.00000000000000       0.35493648008622614        5.8742942783620699E-004
   502.00000000000000       0.35529053152596113        6.2223724236142562E-004
   503.00000000000000       0.35564423050008837        6.5561575009065378E-004
   504.00000000000000       0.35599757805917726        6.8738102949549517E-004
   505.00000000000000       0.35635057524858860        7.1736154613975095E-004
   506.00000000000000       0.35670322310851071        7.4539778850767275E-004
   507.00000000000000       0.35705552267399532        7.7134190749555281E-004
   508.00000000000000       0.35740747497499264        7.9505735975021101E-004
   509.00000000000000       0.35775908103638682        8.1641855502880315E-004
   510.00000000000000       0.35811034187803065        8.3531050773996967E-004
   511.00000000000000       0.35846125851478006        8.5162849281943381E-004
   512.00000000000000       0.35881183195652844        8.6527770607937988E-004
   513.00000000000000       0.35916206320824029        8.7617292916259196E-004
   514.00000000000000       0.35951195326998520        8.8423819922352881E-004
   515.00000000000000       0.35986150313697074        8.8940648344511784E-004
   516.00000000000000       0.36021071379957592        8.9161935849660921E-004
   517.00000000000000       0.36055958624338363        8.9082669502357477E-004
   518.00000000000000       0.36090812144921314        8.8698634725556012E-004
   519.00000000000000       0.36125632039315242        8.8006384780807878E-004
   520.00000000000000       0.36160418404658984        8.7003210774722745E-004
   521.00000000000000       0.36195171337624577        8.5687112197738744E-004
   522.00000000000000       0.36229890934420433        8.4056768000602086E-004
   523.00000000000000       0.36264577290794386        8.2111508213019845E-004
   524.00000000000000       0.36299230502036817        7.9851286108571025E-004
   525.00000000000000       0.36333850662983685        7.7276650919021542E-004
   526.00000000000000       0.36368437868019571        7.4388721100605740E-004
   527.00000000000000       0.36402992211080670        7.1189158154409433E-004
   528.00000000000000       0.36437513785657771        6.7680141002082706E-004
   529.00000000000000       0.36472002684799198        6.3864340917854667E-004
   530.00000000000000       0.36506459001113761        5.9744897017005919E-004
   531.00000000000000       0.36540882826773630        5.5325392300680756E-004
   532.00000000000000       0.36575274253517220        5.0609830256193847E-004
   533.00000000000000       0.36609633372652067        4.5602612011694216E-004
   534.00000000000000       0.36643960275057608        4.0308514043494229E-004
   535.00000000000000       0.36678255051188025        3.4732666433914095E-004
   536.00000000000000       0.36712517791075022        2.8880531677203514E-004
   537.00000000000000       0.36746748584330557        2.2757884030557798E-004
   538.00000000000000       0.36780947520149615        1.6370789406973635E-004
   539.00000000000000       0.36815114687312872        9.7255858062957970E-005
   540.00000000000000       0.36849250174189430        2.8288642804561875E-005
   541.00000000000000       0.36883354068739466        0.0000000000000000     
   542.00000000000000       0.36917426458516850        0.0000000000000000     
   543.00000000000000       0.36951467430671814        0.0000000000000000     
   544.00000000000000       0.36985477071953526        0.0000000000000000     
   545.00000000000000       0.37019455468712664        0.0000000000000000     
   546.00000000000000       0.37053402706903993        0.0000000000000000     
   547.00000000000000       0.37087318872088876        0.0000000000000000     
   548.00000000000000       0.37121204049437834        0.0000000000000000     
   549.00000000000000       0.37155058323732987        0.0000000000000000     
   550.00000000000000       0.37188881779370564        0.0000000000000000     
   551.00000000000000       0.37222674500363351        0.0000000000000000     
   552.00000000000000       0.37256436570343116        0.0000000000000000     
   553.00000000000000       0.37290168072563040        0.0000000000000000     
   554.00000000000000       0.37323869089900097        0.0000000000000000     
   555.00000000000000       0.37357539704857434        0.0000000000000000     
   556.00000000000000       0.37391179999566743        0.0000000000000000     
   557.00000000000000       0.37424790055790558        0.0000000000000000     
   558.00000000000000       0.37458369954924625        0.0000000000000000     
   559.00000000000000       0.37491919778000166        0.0000000000000000     
   560.00000000000000       0.37525439605686167        0.0000000000000000     
   561.00000000000000       0.37558929518291650        0.0000000000000000     
   562.00000000000000       0.37592389595767917        0.0000000000000000     
   563.00000000000000       0.37625819917710762        0.0000000000000000     
   564.00000000000000       0.37659220563362700        0.0000000000000000     
   565.00000000000000       0.37692591611615139        0.0000000000000000     
   566.00000000000000       0.37725933141010570        0.0000000000000000     
   567.00000000000000       0.37759245229744726        0.0000000000000000     
   568.00000000000000       0.37792527955668698        0.0000000000000000     
   569.00000000000000       0.37825781396291075        0.0000000000000000     
   570.00000000000000       0.37859005628780057        0.0000000000000000     
   571.00000000000000       0.37892200729965525        0.0000000000000000     
   572.00000000000000       0.37925366776341135        0.0000000000000000     
   573.00000000000000       0.37958503844066349        0.0000000000000000     
   574.00000000000000       0.37991612008968506        0.0000000000000000     
   575.00000000000000       0.38024691346544814        0.0000000000000000     
   576.00000000000000       0.38057741931964384        0.0000000000000000     
   577.00000000000000       0.38090763840070208        0.0000000000000000     
   578.00000000000000       0.38123757145381143        0.0000000000000000     
   579.00000000000000       0.38156721922093884        0.0000000000000000     
   580.00000000000000       0.38189658244084879        0.0000000000000000     
   581.00000000000000       0.38222566184912282        0.0000000000000000     
   582.00000000000000       0.38255445817817890        0.0000000000000000     
   583.00000000000000       0.38288297215728984        0.0000000000000000     
   584.00000000000000       0.38321120451260293        0.0000000000000000     
   585.00000000000000       0.38353915596715810        0.0000000000000000     
   586.00000000000000       0.38386682724090654        0.0000000000000000     
   587.00000000000000       0.38419421905072959        0.0000000000000000     
   588.00000000000000       0.38452133211045653        0.0000000000000000     
   589.00000000000000       0.38484816713088293        0.0000000000000000     
   590.00000000000000       0.38517472481978876        0.0000000000000000     
   591.00000000000000       0.38550100588195618        0.0000000000000000     
   592.00000000000000       0.38582701101918715        0.0000000000000000     
   593.00000000000000       0.38615274093032148        0.0000000000000000     
   594.00000000000000       0.38647819631125374        0.0000000000000000     
   595.00000000000000       0.38680337785495100        0.0000000000000000     
   596.00000000000000       0.38712828625146983        0.0000000000000000     
   597.00000000000000       0.38745292218797367        0.0000000000000000     
   598.00000000000000       0.38777728634874942        0.0000000000000000     
   599.00000000000000       0.38810137941522443        0.0000000000000000     
   600.00000000000000       0.38842520206598335        0.0000000000000000     
   601.00000000000000       0.38874875497678446        0.0000000000000000     
   602.00000000000000       0.38907203882057628        0.0000000000000000     
   603.00000000000000       0.38939505426751381        0.0000000000000000     
   604.00000000000000       0.38971780198497474        0.0000000000000000     
   605.00000000000000       0.39004028263757579        0.0000000000000000     
   606.00000000000000       0.39036249688718816        0.0000000000000000     
   607.00000000000000       0.39068444539295388        0.0000000000000000     
   608.00000000000000       0.39100612881130137        0.0000000000000000     
   609.00000000000000       0.39132754779596080        0.0000000000000000     
   610.00000000000000       0.39164870299798005        0.0000000000000000     
   611.00000000000000       0.39196959506573975        0.0000000000000000     
   612.00000000000000       0.39229022464496865        0.0000000000000000     
   613.00000000000000       0.39261059237875889        0.0000000000000000     
   614.00000000000000       0.39293069890758092        0.0000000000000000     
   615.00000000000000       0.39325054486929828        0.0000000000000000     
   616.00000000000000       0.39357013089918291        0.0000000000000000     
   617.00000000000000       0.39388945762992944        0.0000000000000000     
   618.00000000000000       0.39420852569166992        0.0000000000000000     
   619.00000000000000       0.39452733571198839        0.0000000000000000     
   620.00000000000000       0.39484588831593520        0.0000000000000000     
   621.00000000000000       0.39516418412604148        0.0000000000000000     
   622.00000000000000       0.39548222376233294        0.0000000000000000     
   623.00000000000000       0.39580000784234454        0.0000000000000000     
   624.00000000000000       0.39611753698113394        0.0000000000000000     
   625.00000000000000       0.39643481179129564        0.0000000000000000     
   626.00000000000000       0.39675183288297483        0.0000000000000000     
   627.00000000000000       0.39706860086388096        0.0000000000000000     
   628.00000000000000       0.39738511633930124        0.0000000000000000     
   629.00000000000000       0.39770137991211446        0.0000000000000000     
   630.00000000000000       0.39801739218280396        0.0000000000000000     
   631.00000000000000       0.39833315374947137        0.0000000000000000     
   632.00000000000000       0.39864866520784942        0.0000000000000000     
   633.00000000000000       0.39896392715131523        0.0000000000000000     
   634.00000000000000       0.39927894017090360        0.0000000000000000     
   635.00000000000000       0.39959370485531925        0.0000000000000000     
   636.00000000000000       0.39990822179095042        0.0000000000000000     
   637.00000000000000       0.40022249156188111        0.0000000000000000     
   638.00000000000000       0.40053651474990393        0.0000000000000000     
   639.00000000000000       0.40085029193453253        0.0000000000000000     
   640.00000000000000       0.40116382369301445        0.0000000000000000     
   641.00000000000000       0.40147711060034291        0.0000000000000000     
   642.00000000000000       0.40179015322926964        0.0000000000000000     
   643.00000000000000       0.40210295215031683        0.0000000000000000     
   644.00000000000000       0.40241550793178932        0.0000000000000000     
   645.00000000000000       0.40272782113978667        0.0000000000000000     
   646.00000000000000       0.40303989233821508        0.0000000000000000     
   647.00000000000000       0.40335172208879932        0.0000000000000000     
   648.00000000000000       0.40366331095109448        0.0000000000000000     
   649.00000000000000       0.40397465948249772        0.0000000000000000     
   650.00000000000000       0.40428576823825990        0.0000000000000000     
   651.00000000000000       0.40459663777149701        0.0000000000000000     
   652.00000000000000       0.40490726863320198        0.0000000000000000     
   653.00000000000000       0.40521766137225557        0.0000000000000000     
   654.00000000000000       0.40552781653543818        0.0000000000000000     
   655.00000000000000       0.40583773466744072        0.0000000000000000     
   656.00000000000000       0.40614741631087597        0.0000000000000000     
   657.00000000000000       0.40645686200628967        0.0000000000000000     
   658.00000000000000       0.40676607229217138        0.0000000000000000     
   659.00000000000000       0.40707504770496555        0.0000000000000000     
   660.00000000000000       0.40738378877908238        0.0000000000000000     
   661.00000000000000       0.40769229604690838        0.0000000000000000     
   662.00000000000000       0.40800057003881746        0.0000000000000000     
   663.00000000000000       0.40830861128318124        0.0000000000000000     
   664.00000000000000       0.40861642030637974        0.0000000000000000     
   665.00000000000000       0.40892399763281195        0.0000000000000000     
   666.00000000000000       0.40923134378490611        0.0000000000000000     
   667.00000000000000       0.40953845928313004        0.0000000000000000     
   668.00000000000000       0.40984534464600181        0.0000000000000000     
   669.00000000000000       0.41015200039009930        0.0000000000000000     
   670.00000000000000       0.41045842703007085        0.0000000000000000     
   671.00000000000000       0.41076462507864525        0.0000000000000000     
   672.00000000000000       0.41107059504664156        0.0000000000000000     
   673.00000000000000       0.41137633744297936        0.0000000000000000     
   674.00000000000000       0.41168185277468811        0.0000000000000000     
   675.00000000000000       0.41198714154691768        0.0000000000000000     
   676.00000000000000       0.41229220426294744        0.0000000000000000     
   677.00000000000000       0.41259704142419634        0.0000000000000000     
   678.00000000000000       0.41290165353023234        0.0000000000000000     
   679.00000000000000       0.41320604107878189        0.0000000000000000     
   680.00000000000000       0.41351020456573984        0.0000000000000000     
   681.00000000000000       0.41381414448517828        0.0000000000000000     
   682.00000000000000       0.41411786132935630        0.0000000000000000     
   683.00000000000000       0.41442135558872928        0.0000000000000000     
   684.00000000000000       0.41472462775195784        0.0000000000000000     
   685.00000000000000       0.41502767830591730        0.0000000000000000     
   686.00000000000000       0.41533050773570679        0.0000000000000000     
   687.00000000000000       0.41563311652465806        0.0000000000000000     
   688.00000000000000       0.41593550515434480        0.0000000000000000     
   689.00000000000000       0.41623767410459134        0.0000000000000000     
   690.00000000000000       0.41653962385348164        0.0000000000000000     
   691.00000000000000       0.41684135487736818        0.0000000000000000     
   692.00000000000000       0.41714286765088049        0.0000000000000000     
   693.00000000000000       0.41744416264693412        0.0000000000000000     
   694.00000000000000       0.41774524033673921        0.0000000000000000     
   695.00000000000000       0.41804610118980895        0.0000000000000000     
   696.00000000000000       0.41834674567396840        0.0000000000000000     
   697.00000000000000       0.41864717425536263        0.0000000000000000     
   698.00000000000000       0.41894738739846560        0.0000000000000000     
   699.00000000000000       0.41924738556608793        0.0000000000000000     
   700.00000000000000       0.41954716921938584        0.0000000000000000     
   701.00000000000000       0.41984673881786910        0.0000000000000000     
   702.00000000000000       0.42014609481940923        0.0000000000000000     
   703.00000000000000       0.42044523768024772        0.0000000000000000     
   704.00000000000000       0.42074416785500429        0.0000000000000000     
   705.00000000000000       0.42104288579668459        0.0000000000000000     
   706.00000000000000       0.42134139195668874        0.0000000000000000     
   707.00000000000000       0.42163968678481867        0.0000000000000000     
   708.00000000000000       0.42193777072928657        0.0000000000000000     
   709.00000000000000       0.42223564423672238        0.0000000000000000     
   710.00000000000000       0.42253330775218184        0.0000000000000000     
   711.00000000000000       0.42283076171915401        0.0000000000000000     
   712.00000000000000       0.42312800657956928        0.0000000000000000     
   713.00000000000000       0.42342504277380666        0.0000000000000000     
   714.00000000000000       0.42372187074070178        0.0000000000000000     
   715.00000000000000       0.42401849091755422        0.0000000000000000     
   716.00000000000000       0.42431490374013497        0.0000000000000000     
   717.00000000000000       0.42461110964269411        0.0000000000000000     
   718.00000000000000       0.42490710905796808        0.0000000000000000     
   719.00000000000000       0.42520290241718717        0.0000000000000000     
   720.00000000000000       0.42549849015008268        0.0000000000000000     
   721.00000000000000       0.42579387268489433        0.0000000000000000     
   722.00000000000000       0.42608905044837753        0.0000000000000000     
   723.00000000000000       0.42638402386581042        0.0000000000000000     
   724.00000000000000       0.42667879336100123        0.0000000000000000     
   725.00000000000000       0.42697335935629521        0.0000000000000000     
   726.00000000000000       0.42726772227258164        0.0000000000000000     
   727.00000000000000       0.42756188252930122        0.0000000000000000     
   728.00000000000000       0.42785584054445253        0.0000000000000000     
   729.00000000000000       0.42814959673459929        0.0000000000000000     
   730.00000000000000       0.42844315151487716        0.0000000000000000     
   731.00000000000000       0.42873650529900065        0.0000000000000000     
   732.00000000000000       0.42902965849926972        0.0000000000000000     
   733.00000000000000       0.42932261152657686        0.0000000000000000     
   734.00000000000000       0.42961536479041340        0.0000000000000000     
   735.00000000000000       0.42990791869887673        0.0000000000000000     
   736.00000000000000       0.43020027365867630        0.0000000000000000     
   737.00000000000000       0.43049243007514076        0.0000000000000000     
   738.00000000000000       0.43078438835222432        0.0000000000000000     
   739.00000000000000       0.43107614889251294        0.0000000000000000     
   740.00000000000000       0.43136771209723146        0.0000000000000000     
   741.00000000000000       0.43165907836624962        0.0000000000000000     
   742.00000000000000       0.43195024809808824        0.0000000000000000     
   743.00000000000000       0.43224122168992629        0.0000000000000000     
   744.00000000000000       0.43253199953760646        0.0000000000000000     
   745.00000000000000       0.43282258203564195        0.0000000000000000     
   746.00000000000000       0.43311296957722240        0.0000000000000000     
   747.00000000000000       0.43340316255422040        0.0000000000000000     
   748.00000000000000       0.43369316135719732        0.0000000000000000     
   749.00000000000000       0.43398296637540967        0.0000000000000000     
   750.00000000000000       0.43427257799681523        0.0000000000000000     
   751.00000000000000       0.43456199660807893        0.0000000000000000     
   752.00000000000000       0.43485122259457887        0.0000000000000000     
   753.00000000000000       0.43514025634041259        0.0000000000000000     
   754.00000000000000       0.43542909822840270        0.0000000000000000     
   755.00000000000000       0.43571774864010304        0.0000000000000000     
   756.00000000000000       0.43600620795580425        0.0000000000000000     
   757.00000000000000       0.43629447655453990        0.0000000000000000     
   758.00000000000000       0.43658255481409242        0.0000000000000000     
   759.00000000000000       0.43687044311099832        0.0000000000000000     
   760.00000000000000       0.43715814182055440        0.0000000000000000     
   761.00000000000000       0.43744565131682361        0.0000000000000000     
   762.00000000000000       0.43773297197263994        0.0000000000000000     
   763.00000000000000       0.43802010415961501        0.0000000000000000     
   764.00000000000000       0.43830704824814304        0.0000000000000000     
   765.00000000000000       0.43859380460740666        0.0000000000000000     
   766.00000000000000       0.43888037360538235        0.0000000000000000     
   767.00000000000000       0.43916675560884616        0.0000000000000000     
   768.00000000000000       0.43945295098337889        0.0000000000000000     
   769.00000000000000       0.43973896009337177        0.0000000000000000     
   770.00000000000000       0.44002478330203176        0.0000000000000000     
   771.00000000000000       0.44031042097138695        0.0000000000000000     
   772.00000000000000       0.44059587346229195        0.0000000000000000     
   773.00000000000000       0.44088114113443316        0.0000000000000000     
   774.00000000000000       0.44116622434633412        0.0000000000000000     
   775.00000000000000       0.44145112345536053        0.0000000000000000     
   776.00000000000000       0.44173583881772599        0.0000000000000000     
   777.00000000000000       0.44202037078849660        0.0000000000000000     
   778.00000000000000       0.44230471972159641        0.0000000000000000     
   779.00000000000000       0.44258888596981283        0.0000000000000000     
   780.00000000000000       0.44287286988480112        0.0000000000000000     
   781.00000000000000       0.44315667181709001        0.0000000000000000     
   782.00000000000000       0.44344029211608638        0.0000000000000000     
   783.00000000000000       0.44372373113008051        0.0000000000000000     
   784.00000000000000       0.44400698920625109        0.0000000000000000     
   785.00000000000000       0.44429006669067000        0.0000000000000000     
   786.00000000000000       0.44457296392830725        0.0000000000000000     
   787.00000000000000       0.44485568126303615        0.0000000000000000     
   788.00000000000000       0.44513821903763778        0.0000000000000000     
   789.00000000000000       0.44542057759380627        0.0000000000000000     
   790.00000000000000       0.44570275727215330        0.0000000000000000     
   791.00000000000000       0.44598475841221297        0.0000000000000000     
   792.00000000000000       0.44626658135244679        0.0000000000000000     
   793.00000000000000       0.44654822643024794        0.0000000000000000     
   794.00000000000000       0.44682969398194655        0.0000000000000000     
   795.00000000000000       0.44711098434281393        0.0000000000000000     
   796.00000000000000       0.44739209784706746        0.0000000000000000     
   797.00000000000000       0.44767303482787524        0.0000000000000000     
   798.00000000000000       0.44795379561736048        0.0000000000000000     
   799.00000000000000       0.44823438054660641        0.0000000000000000     
   800.00000000000000       0.44851478994566052        0.0000000000000000     
   801.00000000000000       0.44879502414353928        0.0000000000000000     
   802.00000000000000       0.44907508346823249        0.0000000000000000     
   803.00000000000000       0.44935496824670806        0.0000000000000000     
   804.00000000000000       0.44963467880491598        0.0000000000000000     
   805.00000000000000       0.44991421546779337        0.0000000000000000     
   806.00000000000000       0.45019357855926823        0.0000000000000000     
   807.00000000000000       0.45047276840226425        0.0000000000000000     
   808.00000000000000       0.45075178531870508        0.0000000000000000     
   809.00000000000000       0.45103062962951862        0.0000000000000000     
   810.00000000000000       0.45130930165464128        0.0000000000000000     
   811.00000000000000       0.45158780171302237        0.0000000000000000     
   812.00000000000000       0.45186613012262822        0.0000000000000000     
   813.00000000000000       0.45214428720044669        0.0000000000000000     
   814.00000000000000       0.45242227326249090        0.0000000000000000     
   815.00000000000000       0.45270008862380395        0.0000000000000000     
   816.00000000000000       0.45297773359846288        0.0000000000000000     
   817.00000000000000       0.45325520849958251        0.0000000000000000     
   818.00000000000000       0.45353251363932001        0.0000000000000000     
   819.00000000000000       0.45380964932887885        0.0000000000000000     
   820.00000000000000       0.45408661587851273        0.0000000000000000     
   821.00000000000000       0.45436341359752985        0.0000000000000000     
   822.00000000000000       0.45464004279429676        0.0000000000000000     
   823.00000000000000       0.45491650377624243        0.0000000000000000     
   824.00000000000000       0.45519279684986225        0.0000000000000000     
   825.00000000000000       0.45546892232072211        0.0000000000000000     
   826.00000000000000       0.45574488049346207        0.0000000000000000     
   827.00000000000000       0.45602067167180038        0.0000000000000000     
   828.00000000000000       0.45629629615853773        0.0000000000000000     
   829.00000000000000       0.45657175425556057        0.0000000000000000     
   830.00000000000000       0.45684704626384526        0.0000000000000000     
   831.00000000000000       0.45712217248346204        0.0000000000000000     
   832.00000000000000       0.45739713321357839        0.0000000000000000     
   833.00000000000000       0.45767192875246349        0.0000000000000000     
   834.00000000000000       0.45794655939749129        0.0000000000000000     
   835.00000000000000       0.45822102544514476        0.0000000000000000     
   836.00000000000000       0.45849532719101949        0.0000000000000000     
   837.00000000000000       0.45876946492982723        0.0000000000000000     
   838.00000000000000       0.45904343895539990        0.0000000000000000     
   839.00000000000000       0.45931724956069309        0.0000000000000000     
   840.00000000000000       0.45959089703778944        0.0000000000000000     
   841.00000000000000       0.45986438167790289        0.0000000000000000     
   842.00000000000000       0.46013770377138191        0.0000000000000000     
   843.00000000000000       0.46041086360771288        0.0000000000000000     
   844.00000000000000       0.46068386147552420        0.0000000000000000     
   845.00000000000000       0.46095669766258957        0.0000000000000000     
   846.00000000000000       0.46122937245583134        0.0000000000000000     
   847.00000000000000       0.46150188614132442        0.0000000000000000     
   848.00000000000000       0.46177423900429959        0.0000000000000000     
   849.00000000000000       0.46204643132914680        0.0000000000000000     
   850.00000000000000       0.46231846339941907        0.0000000000000000     
   851.00000000000000       0.46259033549783546        0.0000000000000000     
   852.00000000000000       0.46286204790628493        0.0000000000000000     
   853.00000000000000       0.46313360090582928        0.0000000000000000     
   854.00000000000000       0.46340499477670716        0.0000000000000000     
   855.00000000000000       0.46367622979833673        0.0000000000000000     
   856.00000000000000       0.46394730624931968        0.0000000000000000     
   857.00000000000000       0.46421822440744398        0.0000000000000000     
   858.00000000000000       0.46448898454968768        0.0000000000000000     
   859.00000000000000       0.46475958695222197        0.0000000000000000     
   860.00000000000000       0.46503003189041459        0.0000000000000000     
   861.00000000000000       0.46530031963883278        0.0000000000000000     
   862.00000000000000       0.46557045047124718        0.0000000000000000     
   863.00000000000000       0.46584042466063419        0.0000000000000000     
   864.00000000000000       0.46611024247917998        0.0000000000000000     
   865.00000000000000       0.46637990419828340        0.0000000000000000     
   866.00000000000000       0.46664941008855887        0.0000000000000000     
   867.00000000000000       0.46691876041984004        0.0000000000000000     
   868.00000000000000       0.46718795546118269        0.0000000000000000     
   869.00000000000000       0.46745699548086772        0.0000000000000000     
   870.00000000000000       0.46772588074640470        0.0000000000000000     
   871.00000000000000       0.46799461152453453        0.0000000000000000     
   872.00000000000000       0.46826318808123280        0.0000000000000000     
   873.00000000000000       0.46853161068171267        0.0000000000000000     
   874.00000000000000       0.46879987959042824        0.0000000000000000     
   875.00000000000000       0.46906799507107710        0.0000000000000000     
   876.00000000000000       0.46933595738660383        0.0000000000000000     
   877.00000000000000       0.46960376679920274        0.0000000000000000     
   878.00000000000000       0.46987142357032097        0.0000000000000000     
   879.00000000000000       0.47013892796066142        0.0000000000000000     
   880.00000000000000       0.47040628023018566        0.0000000000000000     
   881.00000000000000       0.47067348063811709        0.0000000000000000     
   882.00000000000000       0.47094052944294357        0.0000000000000000     
   883.00000000000000       0.47120742690242057        0.0000000000000000     
   884.00000000000000       0.47147417327357388        0.0000000000000000     
   885.00000000000000       0.47174076881270288        0.0000000000000000     
   886.00000000000000       0.47200721377538291        0.0000000000000000     
   887.00000000000000       0.47227350841646831        0.0000000000000000     
   888.00000000000000       0.47253965299009565        0.0000000000000000     
   889.00000000000000       0.47280564774968581        0.0000000000000000     
   890.00000000000000       0.47307149294794754        0.0000000000000000     
   891.00000000000000       0.47333718883687981        0.0000000000000000     
   892.00000000000000       0.47360273566777461        0.0000000000000000     
   893.00000000000000       0.47386813369121999        0.0000000000000000     
   894.00000000000000       0.47413338315710274        0.0000000000000000     
   895.00000000000000       0.47439848431461074        0.0000000000000000     
   896.00000000000000       0.47466343741223632        0.0000000000000000     
   897.00000000000000       0.47492824269777850        0.0000000000000000     
   898.00000000000000       0.47519290041834589        0.0000000000000000     
   899.00000000000000       0.47545741082035936        0.0000000000000000     
   900.00000000000000       0.47572177414955474        0.0000000000000000     
   901.00000000000000       0.47598599065098546        0.0000000000000000     
   902.00000000000000       0.47625006056902502        0.0000000000000000     
   903.00000000000000       0.47651398414737001        0.0000000000000000     
   904.00000000000000       0.47677776162904240        0.0000000000000000     
   905.00000000000000       0.47704139325639233        0.0000000000000000     
   906.00000000000000       0.47730487927110066        0.0000000000000000     
   907.00000000000000       0.47756821991418147        0.0000000000000000     
   908.00000000000000       0.47783141542598473        0.0000000000000000     
   909.00000000000000       0.47809446604619887        0.0000000000000000     
   910.00000000000000       0.47835737201385325        0.0000000000000000     
   911.00000000000000       0.47862013356732080        0.0000000000000000     
   912.00000000000000       0.47888275094432042        0.0000000000000000     
   913.00000000000000       0.47914522438191948        0.0000000000000000     
   914.00000000000000       0.47940755411653663        0.0000000000000000     
   915.00000000000000       0.47966974038394372        0.0000000000000000     
   916.00000000000000       0.47993178341926884        0.0000000000000000     
   917.00000000000000       0.48019368345699842        0.0000000000000000     
   918.00000000000000       0.48045544073097973        0.0000000000000000     
   919.00000000000000       0.48071705547442350        0.0000000000000000     
   920.00000000000000       0.48097852791990620        0.0000000000000000     
   921.00000000000000       0.48123985829937238        0.0000000000000000     
   922.00000000000000       0.48150104684413719        0.0000000000000000     
   923.00000000000000       0.48176209378488882        0.0000000000000000     
   924.00000000000000       0.48202299935169068        0.0000000000000000     
   925.00000000000000       0.48228376377398396        0.0000000000000000     
   926.00000000000000       0.48254438728058996        0.0000000000000000     
   927.00000000000000       0.48280487009971224        0.0000000000000000     
   928.00000000000000       0.48306521245893913        0.0000000000000000     
   929.00000000000000       0.48332541458524608        0.0000000000000000     
   930.00000000000000       0.48358547670499780        0.0000000000000000     
   931.00000000000000       0.48384539904395080        0.0000000000000000     
   932.00000000000000       0.48410518182725537        0.0000000000000000     
   933.00000000000000       0.48436482527945812        0.0000000000000000     
   934.00000000000000       0.48462432962450408        0.0000000000000000     
   935.00000000000000       0.48488369508573909        0.0000000000000000     
   936.00000000000000       0.48514292188591185        0.0000000000000000     
   937.00000000000000       0.48540201024717644        0.0000000000000000     
   938.00000000000000       0.48566096039109424        0.0000000000000000     
   939.00000000000000       0.48591977253863622        0.0000000000000000     
   940.00000000000000       0.48617844691018547        0.0000000000000000     
   941.00000000000000       0.48643698372553867        0.0000000000000000     
   942.00000000000000       0.48669538320390915        0.0000000000000000     
   943.00000000000000       0.48695364556392839        0.0000000000000000     
   944.00000000000000       0.48721177102364838        0.0000000000000000     
   945.00000000000000       0.48746975980054391        0.0000000000000000     
   946.00000000000000       0.48772761211151455        0.0000000000000000     
   947.00000000000000       0.48798532817288676        0.0000000000000000     
   948.00000000000000       0.48824290820041616        0.0000000000000000     
   949.00000000000000       0.48850035240928946        0.0000000000000000     
   950.00000000000000       0.48875766101412671        0.0000000000000000     
   951.00000000000000       0.48901483422898329        0.0000000000000000     
   952.00000000000000       0.48927187226735197        0.0000000000000000     
   953.00000000000000       0.48952877534216516        0.0000000000000000     
   954.00000000000000       0.48978554366579663        0.0000000000000000     
   955.00000000000000       0.49004217745006395        0.0000000000000000     
   956.00000000000000       0.49029867690623030        0.0000000000000000     
   957.00000000000000       0.49055504224500635        0.0000000000000000     
   958.00000000000000       0.49081127367655281        0.0000000000000000     
   959.00000000000000       0.49106737141048168        0.0000000000000000     
   960.00000000000000       0.49132333565585912        0.0000000000000000     
   961.00000000000000       0.49157916662120660        0.0000000000000000     
   962.00000000000000       0.49183486451450348        0.0000000000000000     
   963.00000000000000       0.49209042954318871        0.0000000000000000     
   964.00000000000000       0.49234586191416291        0.0000000000000000     
   965.00000000000000       0.49260116183379021        0.0000000000000000     
   966.00000000000000       0.49285632950790031        0.0000000000000000     
   967.00000000000000       0.49311136514179027        0.0000000000000000     
   968.00000000000000       0.49336626894022656        0.0000000000000000     
   969.00000000000000       0.49362104110744714        0.0000000000000000     
   970.00000000000000       0.49387568184716280        0.0000000000000000     
   971.00000000000000       0.49413019136255981        0.0000000000000000     
   972.00000000000000       0.49438456985630125        0.0000000000000000     
   973.00000000000000       0.49463881753052902        0.0000000000000000     
   974.00000000000000       0.49489293458686595        0.0000000000000000     
   975.00000000000000       0.49514692122641740        0.0000000000000000     
   976.00000000000000       0.49540077764977314        0.0000000000000000     
   977.00000000000000       0.49565450405700945        0.0000000000000000     
   978.00000000000000       0.49590810064769053        0.0000000000000000     
   979.00000000000000       0.49616156762087082        0.0000000000000000     
   980.00000000000000       0.49641490517509640        0.0000000000000000     
   981.00000000000000       0.49666811350840712        0.0000000000000000     
   982.00000000000000       0.49692119281833813        0.0000000000000000     
   983.00000000000000       0.49717414330192189        0.0000000000000000     
   984.00000000000000       0.49742696515568996        0.0000000000000000     
   985.00000000000000       0.49767965857567453        0.0000000000000000     
   986.00000000000000       0.49793222375741059        0.0000000000000000     
   987.00000000000000       0.49818466089593727        0.0000000000000000     
   988.00000000000000       0.49843697018579991        0.0000000000000000     
   989.00000000000000       0.49868915182105172        0.0000000000000000     
   990.00000000000000       0.49894120599525549        0.0000000000000000     
   991.00000000000000       0.49919313290148531        0.0000000000000000     
   992.00000000000000       0.49944493273232837        0.0000000000000000     
   993.00000000000000       0.49969660567988650        0.0000000000000000     
   994.00000000000000       0.49994815193577818        0.0000000000000000     
   995.00000000000000       0.50019957169114004        0.0000000000000000     
   996.00000000000000       0.50045086513662851        0.0000000000000000     
   997.00000000000000       0.50070203246242173        0.0000000000000000     
   998.00000000000000       0.50095307385822074        0.0000000000000000     
   999.00000000000000       0.50120398951325196        0.0000000000000000     
   1000.0000000000000       0.50145477961626805        0.0000000000000000     
 Total integrated eventrate (events)  0.84747620303597915      pm  -2.8628110307224441E-006
 Event rate spectra written to eventrate_spectra.dat
 Compute time (s)   2.49074888    
