 %%%%%%%%%%%%%%%%%%%%%%%%%%%%%%%%%%%%%%%%%%%%%%%%%%%%%%%%%%%%%%%%%%%%%%%%%%%%%%%
 Welcome to our FORTAN 90 implementation of the WIMP-nucleon scattering code.
 Based on the Mathematica script described in arXiv:1308.6288 (2003).
   VERSION 1.4 UPDATED: 2021.01.15 @ SDSU
   Dev. contact: cjohnson@sdsu.edu
                  ogorton@sdsu.edu
 %%%%%%%%%%%%%%%%%%%%%%%%%%%%%%%%%%%%%%%%%%%%%%%%%%%%%%%%%%%%%%%%%%%%%%%%%%%%%%%
 
 Select an option:
 [1] Event rate per unit recoil energy (spectra)
 [2] (*) Scattering probability
 [3] (*) Differential cross section per recoil energy
 [4] (*) Total cross section
 [5] Total scattering events per detector (does not produce spectra data)
  
 (*) Not available in this release.
  
 Enter the target proton number 
  
 Enter the target neutron number 
 Setting default parameter values.
  
 Enter name of control file (.control):
 %%%%%%%%%%%%%%%%%%%%%%%%%%%%%%%%%%%%%%%%%%%%%%%%%%%%%%%%%%%%%%%%%%%%%%%%%%%%%%%
 Reading control file.
 Possible keywords:
 coefnonrel
 vearth
 dmdens
 quadtype
 intpoints
 gev
 femtometer
 wimpmass
 vescape
 ntarget
 weakmscale
 vscale
 mnucleon
 dmspin
 
 # Coefficient matrix (non-relativistic)
 # Ommitted values are assumed to be 0.0.
 # c_i^t
 # i = 1,...,16
 # t: p=proton n=neutron s=scaler v=vector
 #control name	 i	coupling	c_i^t
 n           1   4.8000000000000001E-004
 wimpmass: Set dark matter particle mass to   500.00000000000000     
 vearth: Set velocity of earth in galactic frame set to   232.00000000000000     
 maxwellv0: Set velocity distribution scaling to   220.00000000000000     
 vescape: Set escape velocity to   550.00000000000000     
 dmdens: Set local dark matter density to  0.29999999999999999     
 intpoints: Set number of integral lattice points to        1000
 ntscale: Set target nuclei mass density scaling to   2500.0000000000000     
 End of control file.
 
 Converting EFT coefficients isospin <=> proton-neutron formalism.
 s           1   4.8000000000000001E-004
 v           1  -4.8000000000000001E-004
 p           1   0.0000000000000000     
 n           1   4.8000000000000001E-004
 Normalizing EFT coefficients.
  Enter shell-model space file name (.sps)
 Shell-Model space file name GCN5082        
           1           0           7           4
           2           1           5           2
           3           1           3           2
           4           2           1           0
           5           0          11           5
           6           0           9           4
           7           1           1           1
           8           0           5           3
           9           1           3           1
          10           0           7           3
          11           0           3           2
          12           0           5           2
          13           1           1           0
          14           0           1           1
          15           0           3           1
          16           0           1           0
  
  Enter name of one-body density file (.dres) 
 Density matrix allocated, size:        5632
 Density matrix is in explicit proton-neutron format.
 Filling core orbitals.
 %%%%%%%%%%%%%%%%%%%%%%%%%%%%%%%%%%%%%%%%%%%%%%%%%%%%%%%%%%%%%%%%%%%%%%%%%%%%%%%
 Parameters used in this calculation:
 femtometer =   5.0677000000000003     
 GeV =    1.0000000000000000     
 kev =    9.9999999999999995E-007
 b (dimless)   2.2897756832598466     
 b (fm)   11.603896230055925     
 Nucleon mass (GeV)  0.93827199999999999     
 WIMP spin  0.50000000000000000     
 WIMP mass (GeV)   500.00000000000000     
 Target J           0
 Target T          22
 Target Mt          22
 Target Z,N          54          76
 Target atomic mass   130.00000000000000     
 System reduced mass   98.054816833901583     
 Target mass density (1/GeV)   8.1983771148533609E-003
 Local WIMP density (GeV/cm^3)  0.29999999999999999     
 v0 (km/s)   220.00000000000000     
 ve (km/s)   232.00000000000000     
 v escape (km/s)   550.00000000000000     
 Integral lattice size =         1000
 EFT coupling coefficients:
 i    p    n    s    v
i          p           n           s           v
 1  0.0000E+00 0.1486E-04 0.1486E-04-0.1486E-04
 %%%%%%%%%%%%%%%%%%%%%%%%%%%%%%%%%%%%%%%%%%%%%%%%%%%%%%%%%%%%%%%%%%%%%%%%%%%%%%%
 Computing differential event rate spectra
 What is the range of recoil energies in kev?
 Enter starting energy, stoping energy, step size:
 E min  (kev)   1.0000000000000000     
 E max  (kev)   1000.0000000000000     
 E step (kev)   1.0000000000000000     
 Number of event rates to compute:        1000
 E-recoil (kev)              q-transfer (gev/c)        Eventrate (events/gev)
   1.0000000000000000        1.5618921857797995E-002   50369.109388606266     
   2.0000000000000000        2.2088491120943504E-002   47564.275059181629     
   3.0000000000000000        2.7052766217154207E-002   44903.110697199270     
   4.0000000000000000        3.1237843715595990E-002   42378.825347084545     
   5.0000000000000000        3.4924971009293621E-002   39984.913975445081     
   6.0000000000000000        3.8258388884008170E-002   37715.155222535737     
   7.0000000000000000        4.1323782982684437E-002   35563.602138428709     
   8.0000000000000000        4.4176982241887007E-002   33524.571718094659     
   9.0000000000000000        4.6856765573393987E-002   31592.634338770880     
   10.000000000000000        4.9391367666830201E-002   29762.603406288501     
   11.000000000000000        5.1802103432196649E-002   28029.525311838912     
   12.000000000000000        5.4105532434308413E-002   26388.669733614784     
   13.000000000000000        5.6314823625755940E-002   24835.520292174690     
   14.000000000000000        5.8440654342674841E-002   23365.765557523355     
   15.000000000000000        6.0491824240966649E-002   21975.290400974114     
   16.000000000000000        6.2475687431191980E-002   20660.167682549822     
   17.000000000000000        6.4398464577969550E-002   19416.650263623731     
   18.000000000000000        6.6265473362830507E-002   18241.163334073888     
   19.000000000000000        6.8081301985200016E-002   17130.297043131068     
   20.000000000000000        6.9849942018587241E-002   16080.799423191022     
   21.000000000000000        7.1574891686959602E-002   15089.569596052113     
   22.000000000000000        7.3259237233266356E-002   14153.651251287421     
   23.000000000000000        7.4905717805785685E-002   13270.226386741861     
   24.000000000000000        7.6516777768016339E-002   12436.609301437413     
   25.000000000000000        7.8094609288989980E-002   11650.240831474795     
   26.000000000000000        7.9641187334192856E-002   10908.682819822425     
   27.000000000000000        8.1158298651462624E-002   10209.612811184545     
   28.000000000000000        8.2647565965368874E-002   9550.8189634376595     
   29.000000000000000        8.4110468313997627E-002   8930.1951674148731     
   30.000000000000000        8.5548358254264587E-002   8345.7363671021012     
   31.000000000000000        8.6962476505674555E-002   7795.5340725850037     
   32.000000000000000        8.8353964483774014E-002   7277.7720583562041     
   33.000000000000000        8.9723875083502713E-002   6790.7222398519834     
   34.000000000000000        9.1073182002167893E-002   6332.7407213409560     
   35.000000000000000        9.2402787836731420E-002   5902.2640085329076     
   36.000000000000000        9.3713531146787973E-002   5497.8053795129299     
   37.000000000000000        9.5006192640269507E-002   5117.9514078366528     
   38.000000000000000        9.6281500611488186E-002   4761.3586318444459     
   39.000000000000000        9.7540135739089470E-002   4426.7503644680010     
   40.000000000000000        9.8782735333660401E-002   4112.9136380110704     
   41.000000000000000       0.10000989711023604        3818.6962785871669     
   42.000000000000000       0.10122218254908358        3543.0041050920395     
   43.000000000000000       0.10242011989838715        3284.7982477766318     
   44.000000000000000       0.10360420686439330        3043.0925816680542     
   45.000000000000000       0.10477491302788088        2816.9512702617308     
   46.000000000000000       0.10593268202023395        2605.4864150776466     
   47.000000000000000       0.10707793348771726        2407.8558068371844     
   48.000000000000000       0.10821106486861683        2223.2607741756078     
   49.000000000000000       0.10933245300458597        2050.9441259578834     
   50.000000000000000       0.11044245560471752        1890.1881834128023     
   51.000000000000000       0.11154141257846791        1740.3128984433472     
   52.000000000000000       0.11262964725151188        1600.6740546079791     
   53.000000000000000       0.11370746747685483        1470.6615474006437     
   54.000000000000000       0.11477516665202450        1349.6977405850898     
   55.000000000000000       0.11583302465186687        1237.2358954625709     
   56.000000000000000       0.11688130868534968        1132.7586700711438     
   57.000000000000000       0.11792027408380630        1035.7766854297254     
   58.000000000000000       0.11895016502720791        945.82715605085173     
   59.000000000000000       0.11997121521431714        862.47258205293178     
   60.000000000000000       0.12098364848193330        785.29950030602777     
   61.000000000000000       0.12198767937787815        713.91729214426380     
   62.000000000000000       0.12298351369187660        647.95704527409839     
   63.000000000000000       0.12397134894805331        587.07046759977175     
   64.000000000000000       0.12495137486238396        530.92885077644382     
   65.000000000000000       0.12592377376810146        479.22208138714774     
   66.000000000000000       0.12688872101175896        431.65769772249718     
   67.000000000000000       0.12784638532238601        387.95999022161720     
   68.000000000000000       0.12879692915593910        347.86914370955213     
   69.000000000000000       0.12974050901703754        311.14041964029036     
   70.000000000000000       0.13067727575978924        277.54337662577007     
   71.000000000000000       0.13160737486934385        246.86112759973724     
   72.000000000000000       0.13253094672566101        218.88963203142376     
   73.000000000000000       0.13344812685084792        193.43702166752917     
   74.000000000000000       0.13435904614130006        170.32295834220551     
   75.000000000000000       0.13526383108577103        149.37802245370042     
   76.000000000000000       0.13616260397040003        130.44313076297442     
   77.000000000000000       0.13705548307163781        113.36898222422028     
   78.000000000000000       0.13794258283793295        98.015530609732508     
   79.000000000000000       0.13882401406096856        84.251482742103448     
   80.000000000000000       0.13969988403717448        71.953821195360717     
   81.000000000000000       0.14057029672018198        61.007350373420529     
   82.000000000000000       0.14143535286483361        51.304264919239174     
   83.000000000000000       0.14229515016331371        42.743739451296307     
   84.000000000000000       0.14314978337391920        35.231538665685996     
   85.000000000000000       0.14399934444295223        28.679646882066386     
   86.000000000000000       0.14484392262017762        23.005916150214524     
   87.000000000000000       0.14568360456825605        18.133732070903449     
   88.000000000000000       0.14651847446653271        13.991696520360984     
   89.000000000000000       0.14734861410953276        10.513326501733781     
   90.000000000000000       0.14817410300049061        7.6367683798090509     
   91.000000000000000       0.14899501844021498        5.3045267867866039     
   92.000000000000000       0.14981143561157137        3.4632075171997379     
   93.000000000000000       0.15062342765984313        2.0632737591934580     
   94.000000000000000       0.15143106576921395        1.0588150373292149     
   95.000000000000000       0.15223441923559861       0.40732826893754398     
   96.000000000000000       0.15303355553603268        6.9510361826182754E-002
   97.000000000000000       0.15382854039481750        9.0618059087673019E-003
   98.000000000000000       0.15461943784660451       0.19250073508638454     
   99.000000000000000       0.15540631029658994       0.58898695852930727     
   100.00000000000000       0.15618921857797996        1.1701554824022316     
   101.00000000000000       0.15696822200687627        1.9099590640901214     
   102.00000000000000       0.15774337843472225        2.7845193611433792     
   103.00000000000000       0.15851474429844056        3.7719862565050719     
   104.00000000000000       0.15928237466838571        4.8524049601390420     
   105.00000000000000       0.16004632329422627        6.0075905049748366     
   106.00000000000000       0.16080664264886571        7.2210092721534247     
   107.00000000000000       0.16156338397050241        8.4776671969241395     
   108.00000000000000       0.16231659730292525        9.7640043222353619     
   109.00000000000000       0.16306633153413369        11.067795382099995     
   110.00000000000000       0.16381263443336719        12.378056111237592     
   111.00000000000000       0.16455555268662311        13.684954991312171     
   112.00000000000000       0.16529513193073775        14.979730157316656     
   113.00000000000000       0.16603141678610106        16.254611200350972     
   114.00000000000000       0.16676445088807146        17.502745615180480     
   115.00000000000000       0.16749427691715318        18.718129652606972     
   116.00000000000000       0.16822093662799525        19.895543347823086     
   117.00000000000000       0.16894447087726783        21.030489506599952     
   118.00000000000000       0.16966491965046870        22.119136441364368     
   119.00000000000000       0.17038232208770956        23.158264259012416     
   120.00000000000000       0.17109671650852917        24.145214511655620     
   121.00000000000000       0.17180814043577794        25.077843030457171     
   122.00000000000000       0.17251663061861600        25.954475771287679     
   123.00000000000000       0.17322222305466467        26.773867509116695     
   124.00000000000000       0.17392495301134911        27.535163225907979     
   125.00000000000000       0.17462485504646810        28.237862044279634     
   126.00000000000000       0.17532196302802452        28.881783566353150     
   127.00000000000000       0.17601631015334912        29.467036484081017     
   128.00000000000000       0.17670792896754803        29.993989333879490     
   129.00000000000000       0.17739685138130271        30.463243274663462     
   130.00000000000000       0.17808310868805047        30.875606774356633     
   131.00000000000000       0.17876673158057121        31.232072095661607     
   132.00000000000000       0.17944775016700543        31.533793477339518     
   133.00000000000000       0.18012619398632726        31.782066912452606     
   134.00000000000000       0.18080209202329492        31.978311430004691     
   135.00000000000000       0.18147547272289993        32.124051791160809     
   136.00000000000000       0.18214636400433579        32.220902515763250     
   137.00000000000000       0.18281479327450501        32.270553159187585     
   138.00000000000000       0.18348078744108332        32.274754763706298     
   139.00000000000000       0.18414437292515892        32.235307412468828     
   140.00000000000000       0.18480557567346284        32.154048817957381     
   141.00000000000000       0.18546442117020720        32.032843880359742     
   142.00000000000000       0.18612093444854613        31.873575154712029     
   143.00000000000000       0.18677514010167412        31.678134168916369     
   144.00000000000000       0.18742706229357595        31.448413537834170     
   145.00000000000000       0.18807672476944082        31.186299821616430     
   146.00000000000000       0.18872415086575431        30.893667079229779     
   147.00000000000000       0.18936936352007944        30.572371070828577     
   148.00000000000000       0.19001238528053901        30.224244065161038     
   149.00000000000000       0.19065323831500999        29.851090210627856     
   150.00000000000000       0.19129194442004085        29.454681430917802     
   151.00000000000000       0.19192852502950156        29.036753808340713     
   152.00000000000000       0.19256300122297637        28.599004420065825     
   153.00000000000000       0.19319539373390868        28.143088594455619     
   154.00000000000000       0.19382572295750633        27.670617556577767     
   155.00000000000000       0.19445400895841669        27.183156433764978     
   156.00000000000000       0.19508027147817894        26.682222593797071     
   157.00000000000000       0.19570452994246199        26.169284289898425     
   158.00000000000000       0.19632680346809500        25.645759588280260     
   159.00000000000000       0.19694711086989827        25.113015555408925     
   160.00000000000000       0.19756547066732080        24.572367683573425     
   161.00000000000000       0.19818190109089173        24.025079534628574     
   162.00000000000000       0.19879642008849155        23.472362583040336     
   163.00000000000000       0.19940904533144926        22.915376240534563     
   164.00000000000000       0.20001979422047209        22.355228045772137     
   165.00000000000000       0.20062868389141167        21.792974003525991     
   166.00000000000000       0.20123573122087438        21.229619058845266     
   167.00000000000000       0.20184095283167883        20.666117692634000     
   168.00000000000000       0.20244436509816716        20.103374625972357     
   169.00000000000000       0.20304598415137393        19.542245621357505     
   170.00000000000000       0.20364582588405783        18.983538369845249     
   171.00000000000000       0.20424390595560005        18.428013453827173     
   172.00000000000000       0.20484023979677429        17.876385375901830     
   173.00000000000000       0.20543484261439196        17.329323644969264     
   174.00000000000000       0.20602772939582670        16.787453911320785     
   175.00000000000000       0.20661891491342219        16.251359143096561     
   176.00000000000000       0.20720841372878659        15.721580837051114     
   177.00000000000000       0.20779624019697757        15.198620257105269     
   178.00000000000000       0.20838240847058082        14.682939694663729     
   179.00000000000000       0.20896693250368584        14.174963745153912     
   180.00000000000000       0.20954982605576175        13.675080595690597     
   181.00000000000000       0.21013110269543631        13.183643319185050     
   182.00000000000000       0.21071077580418140        12.700971170619178     
   183.00000000000000       0.21128885857990712        12.227350881570578     
   184.00000000000000       0.21186536404046791        11.763037949423413     
   185.00000000000000       0.21244030502708283        11.308257918030618     
   186.00000000000000       0.21301369420767294        10.863207646889807     
   187.00000000000000       0.21358554408011793        10.428056566190902     
   188.00000000000000       0.21415586697543451        10.002947915355806     
   189.00000000000000       0.21472467506087883        9.5879999629428418     
   190.00000000000000       0.21529198034297514        9.1833072060209222     
   191.00000000000000       0.21585779467047281        8.7889415473394763     
   192.00000000000000       0.21642212973723365        8.4049534488218480     
   193.00000000000000       0.21698499708505192        8.0313730600984439     
   194.00000000000000       0.21754640810640841        7.6682113209753968     
   195.00000000000000       0.21810637404716074        7.3154610368944093     
   196.00000000000000       0.21866490600917193        6.9730979265941482     
   197.00000000000000       0.21922201495287830        6.6410816413247415     
   198.00000000000000       0.21977771169979907        6.3193567550940530     
   199.00000000000000       0.22033200693498889        6.0078537255484337     
   200.00000000000000       0.22088491120943504        5.7064898252000420     
   201.00000000000000       0.22143643494240056        5.4151700428149470     
   202.00000000000000       0.22198658842371535        5.1337879548708418     
   203.00000000000000       0.22253538181601593        4.8622265670791505     
   204.00000000000000       0.22308282515693581        4.6003591260456869     
   205.00000000000000       0.22362892836124756        4.3480499012144547     
   206.00000000000000       0.22417370122295791        4.1051549373069527     
   207.00000000000000       0.22471715341735707        3.8715227775269137     
   208.00000000000000       0.22525929450302376        3.6469951578551614     
   209.00000000000000       0.22580013392378667        3.4314076728068161     
   210.00000000000000       0.22633968101064381        3.2245904130682406     
   211.00000000000000       0.22687794498364092        3.0263685754672967     
   212.00000000000000       0.22741493495370965        2.8365630457667650     
   213.00000000000000       0.22795065992446698        2.6549909548010073     
   214.00000000000000       0.22848512879397642        2.4814662085008501     
   215.00000000000000       0.22901835035647253        2.3157999923764940     
   216.00000000000000       0.22955033330404900        2.1578012510468416     
   217.00000000000000       0.23008108622831211        2.0072771434201671     
   218.00000000000000       0.23061061762199936        1.8640334741448989     
   219.00000000000000       0.23113893588056514        1.7278751019611847     
   220.00000000000000       0.23166604930373375        1.5986063255905680     
   221.00000000000000       0.23219196609702067        1.4760312478095585     
   222.00000000000000       0.23271669437322282        1.3599541183556703     
   223.00000000000000       0.23324024215387873        1.2501796563175822     
   224.00000000000000       0.23376261737069937        1.1465133526611959     
   225.00000000000000       0.23428382786696991        1.0487617535427549     
   226.00000000000000       0.23480388139892405       0.95673272505691775     
   227.00000000000000       0.23532278563709039       0.87023570006457018     
   228.00000000000000       0.23584054816761260       0.78908190773946685     
   229.00000000000000       0.23635717649354335       0.71308458646659545     
   230.00000000000000       0.23687267803611289       0.64205918071790569     
   231.00000000000000       0.23738706013597288       0.57582352252299085     
   232.00000000000000       0.23790033005441583       0.51419799814297540     
   233.00000000000000       0.23841249497457132       0.45700570054609180     
   234.00000000000000       0.23892356200257853       0.40407256827340449     
   235.00000000000000       0.23943353816873691       0.35522751127161439     
   236.00000000000000       0.23994243042863428       0.31030252425871857     
   237.00000000000000       0.24045024566425377       0.26913278817622821     
   238.00000000000000       0.24095699068505980       0.23155676026926683     
   239.00000000000000       0.24146267222906317       0.19741625332349147     
   240.00000000000000       0.24196729696386660       0.16655650457456117     
   241.00000000000000       0.24247087148769025       0.13882623479305595     
   242.00000000000000       0.24297340233037854       0.11407769803418352     
   243.00000000000000       0.24347489595438784        9.2166722528739628E-002
   244.00000000000000       0.24397535875575629        7.2952743177615145E-002
   245.00000000000000       0.24447479706505534        5.6298826099373193E-002
   246.00000000000000       0.24497321714832418        4.2071685666229423E-002
   247.00000000000000       0.24547062520798696        3.0141694450920742E-002
   248.00000000000000       0.24596702738375320        2.0382886492925717E-002
   249.00000000000000       0.24646242975350219        1.2672954279600549E-002
   250.00000000000000       0.24695683833415100        6.8932398241814486E-003
   251.00000000000000       0.24745025908250731        2.9287202097531360E-003
   252.00000000000000       0.24794269789610662        6.6798795507497591E-004
   253.00000000000000       0.24843416061403470        3.2265454551249731E-006
   254.00000000000000       0.24892465301773545        8.3018145914149440E-004
   255.00000000000000       0.24941418083180433        3.0481270072717122E-003
   256.00000000000000       0.24990274972476792        6.5598292931542072E-003
   257.00000000000000       0.25039036530984971        1.1271505584583374E-002
   258.00000000000000       0.25087703314572257        1.7092780381163797E-002
   259.00000000000000       0.25136275873724812        2.3936638446886736E-002
   260.00000000000000       0.25184754753620292        3.1719375067071655E-002
   261.00000000000000       0.25233140494199291        4.0360543777436808E-002
   262.00000000000000       0.25281433630235450        4.9782901802549649E-002
   263.00000000000000       0.25329634691404451        5.9912353429937927E-002
   264.00000000000000       0.25377744202351793        7.0677891536298595E-002
   265.00000000000000       0.25425762682759390        8.2011537471685117E-002
   266.00000000000000       0.25473690647411101        9.3848279498217696E-002
   267.00000000000000       0.25521528606257110       0.10612600997008621     
   268.00000000000000       0.25569277064477203       0.11878546143240153     
   269.00000000000000       0.25616936522543049       0.13177014180760355     
   270.00000000000000       0.25664507476279375       0.14502626882924968     
   271.00000000000000       0.25711990416924163       0.15850270387472448     
   272.00000000000000       0.25759385831187820       0.17215088534009876     
   273.00000000000000       0.25806694201311409       0.18592476169255975     
   274.00000000000000       0.25853916005123867       0.19978072432810101     
   275.00000000000000       0.25901051716098328       0.21367754035480624     
   276.00000000000000       0.25948101803407508       0.22757628541495353     
   277.00000000000000       0.25995066731978200       0.24144027665214582     
   278.00000000000000       0.26041946962544871       0.25523500592314435     
   279.00000000000000       0.26088742951702365       0.26892807334774516     
   280.00000000000000       0.26135455151957848       0.28248912128358139     
   281.00000000000000       0.26182084011781792       0.29588976880718709     
   282.00000000000000       0.26228629975658280       0.30910354677671414     
   283.00000000000000       0.26275093484134360       0.32210583354624522     
   284.00000000000000       0.26321474973868769       0.33487379139644291     
   285.00000000000000       0.26367774877679762       0.34738630374133400     
   286.00000000000000       0.26413993624592247       0.35962391316589837     
   287.00000000000000       0.26460131639884182       0.37156876034494940     
   288.00000000000000       0.26506189345132203       0.38320452388889653     
   289.00000000000000       0.26552167158256590       0.39451636115814603     
   290.00000000000000       0.26598065493565504       0.40549085008370545     
   291.00000000000000       0.26643884761798531       0.41611593202767311     
   292.00000000000000       0.26689625370169584       0.42638085571358697     
   293.00000000000000       0.26735287722409123       0.43627612225346307     
   294.00000000000000       0.26780872218805718       0.44579343129438659     
   295.00000000000000       0.26826379256247013       0.45492562830511918     
   296.00000000000000       0.26871809228260013       0.46366665301946924     
   297.00000000000000       0.26917162525050814       0.47201148905101187     
   298.00000000000000       0.26962439533543692       0.47995611469030280     
   299.00000000000000       0.27007640637419622       0.48749745489397495     
   300.00000000000000       0.27052766217154206       0.49463333447206154     
   301.00000000000000       0.27097816650055034       0.50136243247795920     
   302.00000000000000       0.27142792310298514       0.50768423780309813     
   303.00000000000000       0.27187693568966087       0.51359900597676611     
   304.00000000000000       0.27232520794080006       0.51910771716889548     
   305.00000000000000       0.27277274350638481       0.52421203539279781     
   306.00000000000000       0.27321954600650372       0.52891426890217941     
   307.00000000000000       0.27366561903169345       0.53321733177618813     
   308.00000000000000       0.27411096614327563       0.53712470668388568     
   309.00000000000000       0.27455559087368808       0.54064040881885367     
   310.00000000000000       0.27499949672681218       0.54376895099305977     
   311.00000000000000       0.27544268717829484       0.54651530987806740     
   312.00000000000000       0.27588516567586591       0.54888489338041468     
   313.00000000000000       0.27632693563965133       0.55088350913740158     
   314.00000000000000       0.27676800046248118       0.55251733411805182     
   315.00000000000000       0.27720836351019429       0.55379288531370541     
   316.00000000000000       0.27764802812193712       0.55471699150160059     
   317.00000000000000       0.27808699761046002       0.55529676606433420     
   318.00000000000000       0.27852527526240772       0.55553958084719712     
   319.00000000000000       0.27896286433860690       0.55545304103524606     
   320.00000000000000       0.27939976807434896       0.55504496103099232     
   321.00000000000000       0.27983598967966933       0.55432334131357097     
   322.00000000000000       0.28027153233962238       0.55329634625955337     
   323.00000000000000       0.28070639921455298       0.55197228290554023     
   324.00000000000000       0.28114059344036396       0.55035958063211798     
   325.00000000000000       0.28157411812877969       0.54846677174862002     
   326.00000000000000       0.28200697636760685       0.54630247295816170     
   327.00000000000000       0.28243917122099049       0.54387536768190137     
   328.00000000000000       0.28287070572966722       0.54119418922164775     
   329.00000000000000       0.28330158291121493       0.53826770473981533     
   330.00000000000000       0.28373180576029888       0.53510470003568378     
   331.00000000000000       0.28416137724891466       0.53171396509677871     
   332.00000000000000       0.28459030032662741       0.52810428040460877     
   333.00000000000000       0.28501857792080854       0.52428440397354970     
   334.00000000000000       0.28544621293686834       0.52026305910229498     
   335.00000000000000       0.28587320825848650       0.51604892281683068     
   336.00000000000000       0.28629956674783841       0.51165061498471009     
   337.00000000000000       0.28672529124581947       0.50707668807983752     
   338.00000000000000       0.28715038457226555       0.50233561757784362     
   339.00000000000000       0.28757484952617118       0.49743579296180890     
   340.00000000000000       0.28799868888590446       0.49238550931867020     
   341.00000000000000       0.28842190540941925       0.48719295950660263     
   342.00000000000000       0.28884450183446458       0.48186622687429970     
   343.00000000000000       0.28926648087879103       0.47641327851277959     
   344.00000000000000       0.28968784524035524       0.47084195902134063     
   345.00000000000000       0.29010859759752033       0.46515998476889014     
   346.00000000000000       0.29052874060925538       0.45937493863269813     
   347.00000000000000       0.29094827691533076       0.45349426519657249     
   348.00000000000000       0.29136720913651210       0.44752526639112600     
   349.00000000000000       0.29178553987475114       0.44147509755865283     
   350.00000000000000       0.29220327171337418       0.43535076392612326     
   351.00000000000000       0.29262040721726845       0.42915911746943403     
   352.00000000000000       0.29303694893306542       0.42290685415301033     
   353.00000000000000       0.29345289938932279       0.41660051152867905     
   354.00000000000000       0.29386826109670300       0.41024646667863002     
   355.00000000000000       0.29428303654815036       0.40385093448706877     
   356.00000000000000       0.29469722821906552       0.39741996622600256     
   357.00000000000000       0.29511083856747788       0.39095944844068203     
   358.00000000000000       0.29552387003421565       0.38447510212060398     
   359.00000000000000       0.29593632504307410       0.37797248214249413     
   360.00000000000000       0.29634820600098122       0.37145697697185387     
   361.00000000000000       0.29675951529816191       0.36493380861012620     
   362.00000000000000       0.29717025530829966       0.35840803277489419     
   363.00000000000000       0.29758042838869625       0.35188453930079694     
   364.00000000000000       0.29799003688042996       0.34536805274928301     
   365.00000000000000       0.29839908310851088       0.33886313321560085     
   366.00000000000000       0.29880756938203556       0.33237417732189811     
   367.00000000000000       0.29921549799433850       0.32590541938537693     
   368.00000000000000       0.29962287122314274       0.31946093275117160     
   369.00000000000000       0.30002969133070811       0.31304463127958859     
   370.00000000000000       0.30043596056397776       0.30666027097791199     
   371.00000000000000       0.30084168115472298       0.30031145176716101     
   372.00000000000000       0.30124685531968626       0.29400161937465835     
   373.00000000000000       0.30165148526072272       0.28773406734339763     
   374.00000000000000       0.30205557316493931       0.28151193914969264     
   375.00000000000000       0.30245912120483320       0.27533823042074873     
   376.00000000000000       0.30286213153842789       0.26921579124419848     
   377.00000000000000       0.30326460630940760       0.26314732856187811     
   378.00000000000000       0.30366654764725076       0.25713540864047141     
   379.00000000000000       0.30406795766736089       0.25118245961182645     
   380.00000000000000       0.30446883847119721       0.24529077407619268     
   381.00000000000000       0.30486919214640235       0.23946251176170080     
   382.00000000000000       0.30526902076692947       0.23369970223385941     
   383.00000000000000       0.30566832639316749       0.22800424764896779     
   384.00000000000000       0.30606711107206536       0.22237792554570768     
   385.00000000000000       0.30646537683725383       0.21682239166929287     
   386.00000000000000       0.30686312570916696       0.21133918282296621     
   387.00000000000000       0.30726035969516147       0.20592971974167978     
   388.00000000000000       0.30765708078963500       0.20059530998327516     
   389.00000000000000       0.30805329097414297       0.19533715083237549     
   390.00000000000000       0.30844899221751398       0.19015633221275297     
   391.00000000000000       0.30884418647596396       0.18505383960393346     
   392.00000000000000       0.30923887569320901       0.18003055695807080     
   393.00000000000000       0.30963306180057709       0.17508726961337351     
   394.00000000000000       0.31002674671711794       0.17022466720044546     
   395.00000000000000       0.31041993234971232       0.16544334653824336     
   396.00000000000000       0.31081262059317988       0.16074381451641548     
   397.00000000000000       0.31120481333038535       0.15612649096101341     
   398.00000000000000       0.31159651243234415       0.15159171148074646     
   399.00000000000000       0.31198771975832634       0.14713973029114061     
   400.00000000000000       0.31237843715595992       0.14277072301401778     
   401.00000000000000       0.31276866646133206       0.13848478945004386     
   402.00000000000000       0.31315840949909041       0.13428195632208298     
   403.00000000000000       0.31354766808254209       0.13016217998732221     
   404.00000000000000       0.31393644401375254       0.12612534911629517     
   405.00000000000000       0.31432473908364261       0.12217128733699735     
   406.00000000000000       0.31471255507208473       0.11829975584246313     
   407.00000000000000       0.31509989374799857       0.11451045596033403     
   408.00000000000000       0.31548675686944450       0.11080303168296950     
   409.00000000000000       0.31587314618371726       0.10717707215689419     
   410.00000000000000       0.31625906342743759       0.10363211413039268     
   411.00000000000000       0.31664451032664376       0.10016764435822587     
   412.00000000000000       0.31702948859688113        9.6783101962513635E-002
   413.00000000000000       0.31741399994329172        9.3477880748965625E-002
   414.00000000000000       0.31779804606070189        9.0251331477703270E-002
   415.00000000000000       0.31818162863370975        8.7102764088045834E-002
   416.00000000000000       0.31856474933677142        8.4031449876666678E-002
   417.00000000000000       0.31894740983428599        8.1036623628683246E-002
   418.00000000000000       0.31932961178068031        7.8117485701265435E-002
   419.00000000000000       0.31971135682049207        7.5273204059443974E-002
   420.00000000000000       0.32009264658845255        7.2502916263903247E-002
   421.00000000000000       0.32047348270956832        6.9805731410540556E-002
   422.00000000000000       0.32085386679920191        6.7180732021750886E-002
   423.00000000000000       0.32123380046315175        6.4626975889323549E-002
   424.00000000000000       0.32161328529773142        6.2143497869043371E-002
   425.00000000000000       0.32199232288984780        5.9729311627007523E-002
   426.00000000000000       0.32237091481707836        5.7383411337852755E-002
   427.00000000000000       0.32274906264774805        5.5104773335018856E-002
   428.00000000000000       0.32312676794100481        5.2892357713329098E-002
   429.00000000000000       0.32350403224689489        5.0745109884127615E-002
   430.00000000000000       0.32388085710643660        4.8661962083330443E-002
   431.00000000000000       0.32425724405169426        4.6641834832720622E-002
   432.00000000000000       0.32463319460585049        4.4683638354914720E-002
   433.00000000000000       0.32500871028327838        4.2786273942416173E-002
   434.00000000000000       0.32538379258961253        4.0948635281253379E-002
   435.00000000000000       0.32575844302181944        3.9169609729660784E-002
   436.00000000000000       0.32613266306826738        3.7448079552392599E-002
   437.00000000000000       0.32650645420879504        3.5782923111172253E-002
   438.00000000000000       0.32687981791478038        3.4173016011888456E-002
   439.00000000000000       0.32725275564920764        3.2617232209151123E-002
   440.00000000000000       0.32762526886673438        3.1114445068812922E-002
   441.00000000000000       0.32799735901375787        2.9663528389112893E-002
   442.00000000000000       0.32836902752848052        2.8263357381119281E-002
   443.00000000000000       0.32874027584097448        2.6912809609129954E-002
   444.00000000000000       0.32911110537324623        2.5610765891746753E-002
   445.00000000000000       0.32948151753929994        2.4356111164312074E-002
   446.00000000000000       0.32985151374520016        2.3147735303449921E-002
   447.00000000000000       0.33022109538913469        2.1984533914418656E-002
   448.00000000000000       0.33059026386147550        2.0865409082030821E-002
   449.00000000000000       0.33095902054484028        1.9789270085877154E-002
   450.00000000000000       0.33132736681415254        1.8755034080609252E-002
   451.00000000000000       0.33169530403670172        1.7761626742036289E-002
   452.00000000000000       0.33206283357220212        1.6807982879804555E-002
   453.00000000000000       0.33242995677285159        1.5893047017405879E-002
   454.00000000000000       0.33279667498338983        1.5015773940304069E-002
   455.00000000000000       0.33316298954115536        1.4175129212922270E-002
   456.00000000000000       0.33352890177614292        1.3370089665279316E-002
   457.00000000000000       0.33389441301105949        1.2599643850016390E-002
   458.00000000000000       0.33425952456138031        1.1862792470603000E-002
   459.00000000000000       0.33462423773540373        1.1158548781460949E-002
   460.00000000000000       0.33498855383430637        1.0485938960778009E-002
   461.00000000000000       0.33535247415219704        9.8440024567551590E-003
   462.00000000000000       0.33571599997617035        9.2317923080433330E-003
   463.00000000000000       0.33607913258635980        8.6483754391105221E-003
   464.00000000000000       0.33644187325599051        8.0928329312709452E-003
   465.00000000000000       0.33680422325143133        7.5642602701153968E-003
   466.00000000000000       0.33716618383224611        7.0617675700620341E-003
   467.00000000000000       0.33752775625124520        6.5844797767444629E-003
   468.00000000000000       0.33788894175453565        6.1315368479439676E-003
   469.00000000000000       0.33824974158157162        5.7020939137701777E-003
   470.00000000000000       0.33861015696520386        5.2953214167755676E-003
   471.00000000000000       0.33897018913172883        4.9104052326908332E-003
   472.00000000000000       0.33932983930093741        4.5465467724510478E-003
   473.00000000000000       0.33968910868616320        4.2029630661752039E-003
   474.00000000000000       0.34004799849433021        3.8788868297549160E-003
   475.00000000000000       0.34040650992600008        3.5735665146906163E-003
   476.00000000000000       0.34076464417541913        3.2862663418109566E-003
   477.00000000000000       0.34112240243056446        3.0162663194956991E-003
   478.00000000000000       0.34147978587319044        2.7628622470104755E-003
   479.00000000000000       0.34183679567887360        2.5253657035569786E-003
   480.00000000000000       0.34219343301705835        2.3031040236229667E-003
   481.00000000000000       0.34254969905110116        2.0954202592104779E-003
   482.00000000000000       0.34290559493831535        1.9016731295089105E-003
   483.00000000000000       0.34326112183001439        1.7212369585649647E-003
   484.00000000000000       0.34361628087155588        1.5535016014928649E-003
   485.00000000000000       0.34397107320238429        1.3978723597561158E-003
   486.00000000000000       0.34432549995607353        1.2537698860393268E-003
   487.00000000000000       0.34467956226036955        1.1206300792165798E-003
   488.00000000000000       0.34503326123723199        9.9790396991473801E-004
   489.00000000000000       0.34538659800287563        8.8505759715318180E-004
   490.00000000000000       0.34573957366781144        7.8157187653391533E-004
   491.00000000000000       0.34609218933688751        6.8694246044193605E-004
   492.00000000000000       0.34644444610932934        6.0067959070626506E-004
   493.00000000000000       0.34679634507877960        5.2230794415720778E-004
   494.00000000000000       0.34714788733333807        4.5136647150810191E-004
   495.00000000000000       0.34749907395560059        3.8740822997581915E-004
   496.00000000000000       0.34784990602269822        3.3000021004205243E-004
   497.00000000000000       0.34820038460633551        2.7872315674929132E-004
   498.00000000000000       0.34855051077282900        2.3317138591174796E-004
   499.00000000000000       0.34890028558314479        1.9295259561101724E-004
   500.00000000000000       0.34924971009293621        1.5768767333613682E-004
   501.00000000000000       0.34959878535258099        1.2701049911585660E-004
   502.00000000000000       0.34994751240721800        1.0056774498091301E-004
   503.00000000000000       0.35029589229678387        7.8018671082997885E-005
   504.00000000000000       0.35064392605604905        5.9034918787680077E-005
   505.00000000000000       0.35099161471465384        4.3300301046918875E-005
   506.00000000000000       0.35133895929714370        3.0510590347670770E-005
   507.00000000000000       0.35168596082300468        2.0373304522796583E-005
   508.00000000000000       0.35203262030669824        1.2607490700569245E-005
   509.00000000000000       0.35237893875769588        6.9435076594411462E-006
   510.00000000000000       0.35272491718051335        3.1228068452962453E-006
   511.00000000000000       0.35307055657474468        8.9771229890013581E-007
   512.00000000000000       0.35341585793509606        3.1199732178616513E-008
   513.00000000000000       0.35376082225141892        2.9667498291424844E-007
   514.00000000000000       0.35410545050874320        1.4777520684805513E-006
   515.00000000000000       0.35444974368731030        3.3680310506520307E-006
   516.00000000000000       0.35479370276260541        5.7708759149439240E-006
   517.00000000000000       0.35513732870538967        8.4991926595650282E-006
   518.00000000000000       0.35548062248173246        1.1375207780903139E-005
   519.00000000000000       0.35582358505304285        1.4230247334449091E-005
   520.00000000000000       0.35616621737610094        1.6904516742223267E-005
   521.00000000000000       0.35650852040308939        1.9246881510025177E-005
   522.00000000000000       0.35685049508162375        2.1114649010469053E-005
   523.00000000000000       0.35719214235478358        2.2373351480321414E-005
   524.00000000000000       0.35753346316114243        2.2896530373544588E-005
   525.00000000000000       0.35787445843479804        2.2565522204459577E-005
   526.00000000000000       0.35821512910540221        2.1269246008654995E-005
   527.00000000000000       0.35855547609819044        1.8903992542582925E-005
   528.00000000000000       0.35889550033401085        1.5373215336356687E-005
   529.00000000000000       0.35923520272935389        1.0587323707894806E-005
   530.00000000000000       0.35957458419638061        4.4634778404787276E-006
   531.00000000000000       0.35991364564295142        0.0000000000000000     
   532.00000000000000       0.36025238797265452        0.0000000000000000     
   533.00000000000000       0.36059081208483390        0.0000000000000000     
   534.00000000000000       0.36092891887461714        0.0000000000000000     
   535.00000000000000       0.36126670923294329        0.0000000000000000     
   536.00000000000000       0.36160418404658984        0.0000000000000000     
   537.00000000000000       0.36194134419820012        0.0000000000000000     
   538.00000000000000       0.36227819056631050        0.0000000000000000     
   539.00000000000000       0.36261472402537653        0.0000000000000000     
   540.00000000000000       0.36295094544579987        0.0000000000000000     
   541.00000000000000       0.36328685569395436        0.0000000000000000     
   542.00000000000000       0.36362245563221202        0.0000000000000000     
   543.00000000000000       0.36395774611896914        0.0000000000000000     
   544.00000000000000       0.36429272800867157        0.0000000000000000     
   545.00000000000000       0.36462740215184042        0.0000000000000000     
   546.00000000000000       0.36496176939509706        0.0000000000000000     
   547.00000000000000       0.36529583058118797        0.0000000000000000     
   548.00000000000000       0.36562958654901001        0.0000000000000000     
   549.00000000000000       0.36596303813363446        0.0000000000000000     
   550.00000000000000       0.36629618616633181        0.0000000000000000     
   551.00000000000000       0.36662903147459558        0.0000000000000000     
   552.00000000000000       0.36696157488216663        0.0000000000000000     
   553.00000000000000       0.36729381720905674        0.0000000000000000     
   554.00000000000000       0.36762575927157221        0.0000000000000000     
   555.00000000000000       0.36795740188233744        0.0000000000000000     
   556.00000000000000       0.36828874585031784        0.0000000000000000     
   557.00000000000000       0.36861979198084305        0.0000000000000000     
   558.00000000000000       0.36895054107562980        0.0000000000000000     
   559.00000000000000       0.36928099393280450        0.0000000000000000     
   560.00000000000000       0.36961115134692568        0.0000000000000000     
   561.00000000000000       0.36994101410900626        0.0000000000000000     
   562.00000000000000       0.37027058300653587        0.0000000000000000     
   563.00000000000000       0.37059985882350249        0.0000000000000000     
   564.00000000000000       0.37092884234041440        0.0000000000000000     
   565.00000000000000       0.37125753433432163        0.0000000000000000     
   566.00000000000000       0.37158593557883751        0.0000000000000000     
   567.00000000000000       0.37191404684415991        0.0000000000000000     
   568.00000000000000       0.37224186889709227        0.0000000000000000     
   569.00000000000000       0.37256940250106418        0.0000000000000000     
   570.00000000000000       0.37289664841615294        0.0000000000000000     
   571.00000000000000       0.37322360739910326        0.0000000000000000     
   572.00000000000000       0.37355028020334824        0.0000000000000000     
   573.00000000000000       0.37387666757902932        0.0000000000000000     
   574.00000000000000       0.37420277027301652        0.0000000000000000     
   575.00000000000000       0.37452858902892844        0.0000000000000000     
   576.00000000000000       0.37485412458715189        0.0000000000000000     
   577.00000000000000       0.37517937768486159        0.0000000000000000     
   578.00000000000000       0.37550434905603952        0.0000000000000000     
   579.00000000000000       0.37582903943149465        0.0000000000000000     
   580.00000000000000       0.37615344953888163        0.0000000000000000     
   581.00000000000000       0.37647758010272003        0.0000000000000000     
   582.00000000000000       0.37680143184441323        0.0000000000000000     
   583.00000000000000       0.37712500548226713        0.0000000000000000     
   584.00000000000000       0.37744830173150862        0.0000000000000000     
   585.00000000000000       0.37777132130430441        0.0000000000000000     
   586.00000000000000       0.37809406490977876        0.0000000000000000     
   587.00000000000000       0.37841653325403207        0.0000000000000000     
   588.00000000000000       0.37873872704015887        0.0000000000000000     
   589.00000000000000       0.37906064696826547        0.0000000000000000     
   590.00000000000000       0.37938229373548787        0.0000000000000000     
   591.00000000000000       0.37970366803600936        0.0000000000000000     
   592.00000000000000       0.38002477056107803        0.0000000000000000     
   593.00000000000000       0.38034560199902401        0.0000000000000000     
   594.00000000000000       0.38066616303527684        0.0000000000000000     
   595.00000000000000       0.38098645435238249        0.0000000000000000     
   596.00000000000000       0.38130647663001999        0.0000000000000000     
   597.00000000000000       0.38162623054501899        0.0000000000000000     
   598.00000000000000       0.38194571677137573        0.0000000000000000     
   599.00000000000000       0.38226493598027012        0.0000000000000000     
   600.00000000000000       0.38258388884008171        0.0000000000000000     
   601.00000000000000       0.38290257601640654        0.0000000000000000     
   602.00000000000000       0.38322099817207300        0.0000000000000000     
   603.00000000000000       0.38353915596715804        0.0000000000000000     
   604.00000000000000       0.38385705005900311        0.0000000000000000     
   605.00000000000000       0.38417468110222980        0.0000000000000000     
   606.00000000000000       0.38449204974875617        0.0000000000000000     
   607.00000000000000       0.38480915664781157        0.0000000000000000     
   608.00000000000000       0.38512600244595274        0.0000000000000000     
   609.00000000000000       0.38544258778707885        0.0000000000000000     
   610.00000000000000       0.38575891331244699        0.0000000000000000     
   611.00000000000000       0.38607497966068716        0.0000000000000000     
   612.00000000000000       0.38639078746781735        0.0000000000000000     
   613.00000000000000       0.38670633736725857        0.0000000000000000     
   614.00000000000000       0.38702162998984951        0.0000000000000000     
   615.00000000000000       0.38733666596386146        0.0000000000000000     
   616.00000000000000       0.38765144591501266        0.0000000000000000     
   617.00000000000000       0.38796597046648307        0.0000000000000000     
   618.00000000000000       0.38828024023892843        0.0000000000000000     
   619.00000000000000       0.38859425585049501        0.0000000000000000     
   620.00000000000000       0.38890801791683338        0.0000000000000000     
   621.00000000000000       0.38922152705111263        0.0000000000000000     
   622.00000000000000       0.38953478386403440        0.0000000000000000     
   623.00000000000000       0.38984778896384675        0.0000000000000000     
   624.00000000000000       0.39016054295635788        0.0000000000000000     
   625.00000000000000       0.39047304644494985        0.0000000000000000     
   626.00000000000000       0.39078530003059225        0.0000000000000000     
   627.00000000000000       0.39109730431185535        0.0000000000000000     
   628.00000000000000       0.39140905988492397        0.0000000000000000     
   629.00000000000000       0.39172056734361038        0.0000000000000000     
   630.00000000000000       0.39203182727936775        0.0000000000000000     
   631.00000000000000       0.39234284028130295        0.0000000000000000     
   632.00000000000000       0.39265360693619000        0.0000000000000000     
   633.00000000000000       0.39296412782848256        0.0000000000000000     
   634.00000000000000       0.39327440354032700        0.0000000000000000     
   635.00000000000000       0.39358443465157511        0.0000000000000000     
   636.00000000000000       0.39389422173979655        0.0000000000000000     
   637.00000000000000       0.39420376538029162        0.0000000000000000     
   638.00000000000000       0.39451306614610371        0.0000000000000000     
   639.00000000000000       0.39482212460803157        0.0000000000000000     
   640.00000000000000       0.39513094133464161        0.0000000000000000     
   641.00000000000000       0.39543951689228024        0.0000000000000000     
   642.00000000000000       0.39574785184508582        0.0000000000000000     
   643.00000000000000       0.39605594675500072        0.0000000000000000     
   644.00000000000000       0.39636380218178346        0.0000000000000000     
   645.00000000000000       0.39667141868302030        0.0000000000000000     
   646.00000000000000       0.39697879681413717        0.0000000000000000     
   647.00000000000000       0.39728593712841132        0.0000000000000000     
   648.00000000000000       0.39759284017698310        0.0000000000000000     
   649.00000000000000       0.39789950650886713        0.0000000000000000     
   650.00000000000000       0.39820593667096421        0.0000000000000000     
   651.00000000000000       0.39851213120807250        0.0000000000000000     
   652.00000000000000       0.39881809066289853        0.0000000000000000     
   653.00000000000000       0.39912381557606907        0.0000000000000000     
   654.00000000000000       0.39942930648614156        0.0000000000000000     
   655.00000000000000       0.39973456392961565        0.0000000000000000     
   656.00000000000000       0.40003958844094417        0.0000000000000000     
   657.00000000000000       0.40034438055254379        0.0000000000000000     
   658.00000000000000       0.40064894079480601        0.0000000000000000     
   659.00000000000000       0.40095326969610806        0.0000000000000000     
   660.00000000000000       0.40125736778282334        0.0000000000000000     
   661.00000000000000       0.40156123557933227        0.0000000000000000     
   662.00000000000000       0.40186487360803258        0.0000000000000000     
   663.00000000000000       0.40216828238935004        0.0000000000000000     
   664.00000000000000       0.40247146244174875        0.0000000000000000     
   665.00000000000000       0.40277441428174154        0.0000000000000000     
   666.00000000000000       0.40307713842390019        0.0000000000000000     
   667.00000000000000       0.40337963538086546        0.0000000000000000     
   668.00000000000000       0.40368190566335765        0.0000000000000000     
   669.00000000000000       0.40398394978018615        0.0000000000000000     
   670.00000000000000       0.40428576823825985        0.0000000000000000     
   671.00000000000000       0.40458736154259689        0.0000000000000000     
   672.00000000000000       0.40488873019633431        0.0000000000000000     
   673.00000000000000       0.40518987470073831        0.0000000000000000     
   674.00000000000000       0.40549079555521356        0.0000000000000000     
   675.00000000000000       0.40579149325731312        0.0000000000000000     
   676.00000000000000       0.40609196830274785        0.0000000000000000     
   677.00000000000000       0.40639222118539620        0.0000000000000000     
   678.00000000000000       0.40669225239731327        0.0000000000000000     
   679.00000000000000       0.40699206242874075        0.0000000000000000     
   680.00000000000000       0.40729165176811566        0.0000000000000000     
   681.00000000000000       0.40759102090208021        0.0000000000000000     
   682.00000000000000       0.40789017031549069        0.0000000000000000     
   683.00000000000000       0.40818910049142665        0.0000000000000000     
   684.00000000000000       0.40848781191120009        0.0000000000000000     
   685.00000000000000       0.40878630505436453        0.0000000000000000     
   686.00000000000000       0.40908458039872386        0.0000000000000000     
   687.00000000000000       0.40938263842034139        0.0000000000000000     
   688.00000000000000       0.40968047959354859        0.0000000000000000     
   689.00000000000000       0.40997810439095400        0.0000000000000000     
   690.00000000000000       0.41027551328345196        0.0000000000000000     
   691.00000000000000       0.41057270674023133        0.0000000000000000     
   692.00000000000000       0.41086968522878392        0.0000000000000000     
   693.00000000000000       0.41116644921491347        0.0000000000000000     
   694.00000000000000       0.41146299916274365        0.0000000000000000     
   695.00000000000000       0.41175933553472710        0.0000000000000000     
   696.00000000000000       0.41205545879165340        0.0000000000000000     
   697.00000000000000       0.41235136939265765        0.0000000000000000     
   698.00000000000000       0.41264706779522858        0.0000000000000000     
   699.00000000000000       0.41294255445521716        0.0000000000000000     
   700.00000000000000       0.41323782982684437        0.0000000000000000     
   701.00000000000000       0.41353289436270968        0.0000000000000000     
   702.00000000000000       0.41382774851379894        0.0000000000000000     
   703.00000000000000       0.41412239272949242        0.0000000000000000     
   704.00000000000000       0.41441682745757319        0.0000000000000000     
   705.00000000000000       0.41471105314423434        0.0000000000000000     
   706.00000000000000       0.41500507023408761        0.0000000000000000     
   707.00000000000000       0.41529887917017061        0.0000000000000000     
   708.00000000000000       0.41559248039395513        0.0000000000000000     
   709.00000000000000       0.41588587434535451        0.0000000000000000     
   710.00000000000000       0.41617906146273143        0.0000000000000000     
   711.00000000000000       0.41647204218290573        0.0000000000000000     
   712.00000000000000       0.41676481694116163        0.0000000000000000     
   713.00000000000000       0.41705738617125576        0.0000000000000000     
   714.00000000000000       0.41734975030542426        0.0000000000000000     
   715.00000000000000       0.41764190977439031        0.0000000000000000     
   716.00000000000000       0.41793386500737167        0.0000000000000000     
   717.00000000000000       0.41822561643208800        0.0000000000000000     
   718.00000000000000       0.41851716447476794        0.0000000000000000     
   719.00000000000000       0.41880850956015686        0.0000000000000000     
   720.00000000000000       0.41909965211152350        0.0000000000000000     
   721.00000000000000       0.41939059255066746        0.0000000000000000     
   722.00000000000000       0.41968133129792651        0.0000000000000000     
   723.00000000000000       0.41997186877218334        0.0000000000000000     
   724.00000000000000       0.42026220539087261        0.0000000000000000     
   725.00000000000000       0.42055234156998816        0.0000000000000000     
   726.00000000000000       0.42084227772408989        0.0000000000000000     
   727.00000000000000       0.42113201426631053        0.0000000000000000     
   728.00000000000000       0.42142155160836281        0.0000000000000000     
   729.00000000000000       0.42171089016054591        0.0000000000000000     
   730.00000000000000       0.42200003033175243        0.0000000000000000     
   731.00000000000000       0.42228897252947534        0.0000000000000000     
   732.00000000000000       0.42257771715981424        0.0000000000000000     
   733.00000000000000       0.42286626462748245        0.0000000000000000     
   734.00000000000000       0.42315461533581317        0.0000000000000000     
   735.00000000000000       0.42344276968676653        0.0000000000000000     
   736.00000000000000       0.42373072808093581        0.0000000000000000     
   737.00000000000000       0.42401849091755422        0.0000000000000000     
   738.00000000000000       0.42430605859450088        0.0000000000000000     
   739.00000000000000       0.42459343150830769        0.0000000000000000     
   740.00000000000000       0.42488061005416566        0.0000000000000000     
   741.00000000000000       0.42516759462593096        0.0000000000000000     
   742.00000000000000       0.42545438561613158        0.0000000000000000     
   743.00000000000000       0.42574098341597322        0.0000000000000000     
   744.00000000000000       0.42602738841534588        0.0000000000000000     
   745.00000000000000       0.42631360100282983        0.0000000000000000     
   746.00000000000000       0.42659962156570180        0.0000000000000000     
   747.00000000000000       0.42688545048994114        0.0000000000000000     
   748.00000000000000       0.42717108816023586        0.0000000000000000     
   749.00000000000000       0.42745653495998859        0.0000000000000000     
   750.00000000000000       0.42774179127132289        0.0000000000000000     
   751.00000000000000       0.42802685747508878        0.0000000000000000     
   752.00000000000000       0.42831173395086902        0.0000000000000000     
   753.00000000000000       0.42859642107698470        0.0000000000000000     
   754.00000000000000       0.42888091923050153        0.0000000000000000     
   755.00000000000000       0.42916522878723529        0.0000000000000000     
   756.00000000000000       0.42944935012175767        0.0000000000000000     
   757.00000000000000       0.42973328360740221        0.0000000000000000     
   758.00000000000000       0.43001702961626992        0.0000000000000000     
   759.00000000000000       0.43030058851923497        0.0000000000000000     
   760.00000000000000       0.43058396068595028        0.0000000000000000     
   761.00000000000000       0.43086714648485325        0.0000000000000000     
   762.00000000000000       0.43115014628317128        0.0000000000000000     
   763.00000000000000       0.43143296044692736        0.0000000000000000     
   764.00000000000000       0.43171558934094562        0.0000000000000000     
   765.00000000000000       0.43199803332885672        0.0000000000000000     
   766.00000000000000       0.43228029277310337        0.0000000000000000     
   767.00000000000000       0.43256236803494585        0.0000000000000000     
   768.00000000000000       0.43284425947446731        0.0000000000000000     
   769.00000000000000       0.43312596745057896        0.0000000000000000     
   770.00000000000000       0.43340749232102577        0.0000000000000000     
   771.00000000000000       0.43368883444239142        0.0000000000000000     
   772.00000000000000       0.43396999417010385        0.0000000000000000     
   773.00000000000000       0.43425097185844042        0.0000000000000000     
   774.00000000000000       0.43453176786053282        0.0000000000000000     
   775.00000000000000       0.43481238252837279        0.0000000000000000     
   776.00000000000000       0.43509281621281681        0.0000000000000000     
   777.00000000000000       0.43537306926359143        0.0000000000000000     
   778.00000000000000       0.43565314202929833        0.0000000000000000     
   779.00000000000000       0.43593303485741935        0.0000000000000000     
   780.00000000000000       0.43621274809432148        0.0000000000000000     
   781.00000000000000       0.43649228208526203        0.0000000000000000     
   782.00000000000000       0.43677163717439343        0.0000000000000000     
   783.00000000000000       0.43705081370476823        0.0000000000000000     
   784.00000000000000       0.43732981201834387        0.0000000000000000     
   785.00000000000000       0.43760863245598797        0.0000000000000000     
   786.00000000000000       0.43788727535748284        0.0000000000000000     
   787.00000000000000       0.43816574106153028        0.0000000000000000     
   788.00000000000000       0.43844402990575659        0.0000000000000000     
   789.00000000000000       0.43872214222671735        0.0000000000000000     
   790.00000000000000       0.43900007835990185        0.0000000000000000     
   791.00000000000000       0.43927783863973835        0.0000000000000000     
   792.00000000000000       0.43955542339959813        0.0000000000000000     
   793.00000000000000       0.43983283297180076        0.0000000000000000     
   794.00000000000000       0.44011006768761829        0.0000000000000000     
   795.00000000000000       0.44038712787728024        0.0000000000000000     
   796.00000000000000       0.44066401386997778        0.0000000000000000     
   797.00000000000000       0.44094072599386869        0.0000000000000000     
   798.00000000000000       0.44121726457608157        0.0000000000000000     
   799.00000000000000       0.44149362994272068        0.0000000000000000     
   800.00000000000000       0.44176982241887008        0.0000000000000000     
   801.00000000000000       0.44204584232859834        0.0000000000000000     
   802.00000000000000       0.44232168999496280        0.0000000000000000     
   803.00000000000000       0.44259736574001429        0.0000000000000000     
   804.00000000000000       0.44287286988480112        0.0000000000000000     
   805.00000000000000       0.44314820274937367        0.0000000000000000     
   806.00000000000000       0.44342336465278864        0.0000000000000000     
   807.00000000000000       0.44369835591311352        0.0000000000000000     
   808.00000000000000       0.44397317684743071        0.0000000000000000     
   809.00000000000000       0.44424782777184180        0.0000000000000000     
   810.00000000000000       0.44452230900147183        0.0000000000000000     
   811.00000000000000       0.44479662085047361        0.0000000000000000     
   812.00000000000000       0.44507076363203185        0.0000000000000000     
   813.00000000000000       0.44534473765836730        0.0000000000000000     
   814.00000000000000       0.44561854324074079        0.0000000000000000     
   815.00000000000000       0.44589218068945768        0.0000000000000000     
   816.00000000000000       0.44616565031387162        0.0000000000000000     
   817.00000000000000       0.44643895242238890        0.0000000000000000     
   818.00000000000000       0.44671208732247220        0.0000000000000000     
   819.00000000000000       0.44698505532064486        0.0000000000000000     
   820.00000000000000       0.44725785672249513        0.0000000000000000     
   821.00000000000000       0.44753049183267946        0.0000000000000000     
   822.00000000000000       0.44780296095492711        0.0000000000000000     
   823.00000000000000       0.44807526439204381        0.0000000000000000     
   824.00000000000000       0.44834740244591581        0.0000000000000000     
   825.00000000000000       0.44861937541751357        0.0000000000000000     
   826.00000000000000       0.44889118360689600        0.0000000000000000     
   827.00000000000000       0.44916282731321389        0.0000000000000000     
   828.00000000000000       0.44943430683471414        0.0000000000000000     
   829.00000000000000       0.44970562246874340        0.0000000000000000     
   830.00000000000000       0.44997677451175183        0.0000000000000000     
   831.00000000000000       0.45024776325929705        0.0000000000000000     
   832.00000000000000       0.45051858900604752        0.0000000000000000     
   833.00000000000000       0.45078925204578690        0.0000000000000000     
   834.00000000000000       0.45105975267141712        0.0000000000000000     
   835.00000000000000       0.45133009117496253        0.0000000000000000     
   836.00000000000000       0.45160026784757334        0.0000000000000000     
   837.00000000000000       0.45187028297952941        0.0000000000000000     
   838.00000000000000       0.45214013686024379        0.0000000000000000     
   839.00000000000000       0.45240982977826638        0.0000000000000000     
   840.00000000000000       0.45267936202128761        0.0000000000000000     
   841.00000000000000       0.45294873387614187        0.0000000000000000     
   842.00000000000000       0.45321794562881113        0.0000000000000000     
   843.00000000000000       0.45348699756442851        0.0000000000000000     
   844.00000000000000       0.45375588996728183        0.0000000000000000     
   845.00000000000000       0.45402462312081709        0.0000000000000000     
   846.00000000000000       0.45429319730764178        0.0000000000000000     
   847.00000000000000       0.45456161280952878        0.0000000000000000     
   848.00000000000000       0.45482986990741930        0.0000000000000000     
   849.00000000000000       0.45509796888142667        0.0000000000000000     
   850.00000000000000       0.45536591001083948        0.0000000000000000     
   851.00000000000000       0.45563369357412536        0.0000000000000000     
   852.00000000000000       0.45590131984893395        0.0000000000000000     
   853.00000000000000       0.45616878911210046        0.0000000000000000     
   854.00000000000000       0.45643610163964898        0.0000000000000000     
   855.00000000000000       0.45670325770679582        0.0000000000000000     
   856.00000000000000       0.45697025758795284        0.0000000000000000     
   857.00000000000000       0.45723710155673059        0.0000000000000000     
   858.00000000000000       0.45750378988594181        0.0000000000000000     
   859.00000000000000       0.45777032284760444        0.0000000000000000     
   860.00000000000000       0.45803670071294506        0.0000000000000000     
   861.00000000000000       0.45830292375240195        0.0000000000000000     
   862.00000000000000       0.45856899223562858        0.0000000000000000     
   863.00000000000000       0.45883490643149633        0.0000000000000000     
   864.00000000000000       0.45910066660809801        0.0000000000000000     
   865.00000000000000       0.45936627303275102        0.0000000000000000     
   866.00000000000000       0.45963172597200030        0.0000000000000000     
   867.00000000000000       0.45989702569162150        0.0000000000000000     
   868.00000000000000       0.46016217245662422        0.0000000000000000     
   869.00000000000000       0.46042716653125493        0.0000000000000000     
   870.00000000000000       0.46069200817900019        0.0000000000000000     
   871.00000000000000       0.46095669766258957        0.0000000000000000     
   872.00000000000000       0.46122123524399872        0.0000000000000000     
   873.00000000000000       0.46148562118445247        0.0000000000000000     
   874.00000000000000       0.46174985574442790        0.0000000000000000     
   875.00000000000000       0.46201393918365707        0.0000000000000000     
   876.00000000000000       0.46227787176113028        0.0000000000000000     
   877.00000000000000       0.46254165373509876        0.0000000000000000     
   878.00000000000000       0.46280528536307791        0.0000000000000000     
   879.00000000000000       0.46306876690185012        0.0000000000000000     
   880.00000000000000       0.46333209860746749        0.0000000000000000     
   881.00000000000000       0.46359528073525513        0.0000000000000000     
   882.00000000000000       0.46385831353981355        0.0000000000000000     
   883.00000000000000       0.46412119727502210        0.0000000000000000     
   884.00000000000000       0.46438393219404134        0.0000000000000000     
   885.00000000000000       0.46464651854931616        0.0000000000000000     
   886.00000000000000       0.46490895659257842        0.0000000000000000     
   887.00000000000000       0.46517124657485009        0.0000000000000000     
   888.00000000000000       0.46543338874644563        0.0000000000000000     
   889.00000000000000       0.46569538335697508        0.0000000000000000     
   890.00000000000000       0.46595723065534672        0.0000000000000000     
   891.00000000000000       0.46621893088976984        0.0000000000000000     
   892.00000000000000       0.46648048430775746        0.0000000000000000     
   893.00000000000000       0.46674189115612924        0.0000000000000000     
   894.00000000000000       0.46700315168101381        0.0000000000000000     
   895.00000000000000       0.46726426612785188        0.0000000000000000     
   896.00000000000000       0.46752523474139873        0.0000000000000000     
   897.00000000000000       0.46778605776572690        0.0000000000000000     
   898.00000000000000       0.46804673544422892        0.0000000000000000     
   899.00000000000000       0.46830726801961980        0.0000000000000000     
   900.00000000000000       0.46856765573393983        0.0000000000000000     
   901.00000000000000       0.46882789882855730        0.0000000000000000     
   902.00000000000000       0.46908799754417080        0.0000000000000000     
   903.00000000000000       0.46934795212081193        0.0000000000000000     
   904.00000000000000       0.46960776279784811        0.0000000000000000     
   905.00000000000000       0.46986742981398483        0.0000000000000000     
   906.00000000000000       0.47012695340726846        0.0000000000000000     
   907.00000000000000       0.47038633381508865        0.0000000000000000     
   908.00000000000000       0.47064557127418077        0.0000000000000000     
   909.00000000000000       0.47090466602062880        0.0000000000000000     
   910.00000000000000       0.47116361828986747        0.0000000000000000     
   911.00000000000000       0.47142242831668496        0.0000000000000000     
   912.00000000000000       0.47168109633522520        0.0000000000000000     
   913.00000000000000       0.47193962257899047        0.0000000000000000     
   914.00000000000000       0.47219800728084399        0.0000000000000000     
   915.00000000000000       0.47245625067301206        0.0000000000000000     
   916.00000000000000       0.47271435298708669        0.0000000000000000     
   917.00000000000000       0.47297231445402804        0.0000000000000000     
   918.00000000000000       0.47323013530416674        0.0000000000000000     
   919.00000000000000       0.47348781576720639        0.0000000000000000     
   920.00000000000000       0.47374535607222579        0.0000000000000000     
   921.00000000000000       0.47400275644768142        0.0000000000000000     
   922.00000000000000       0.47426001712140986        0.0000000000000000     
   923.00000000000000       0.47451713832063008        0.0000000000000000     
   924.00000000000000       0.47477412027194577        0.0000000000000000     
   925.00000000000000       0.47503096320134752        0.0000000000000000     
   926.00000000000000       0.47528766733421562        0.0000000000000000     
   927.00000000000000       0.47554423289532172        0.0000000000000000     
   928.00000000000000       0.47580066010883165        0.0000000000000000     
   929.00000000000000       0.47605694919830754        0.0000000000000000     
   930.00000000000000       0.47631310038670988        0.0000000000000000     
   931.00000000000000       0.47656911389640011        0.0000000000000000     
   932.00000000000000       0.47682498994914263        0.0000000000000000     
   933.00000000000000       0.47708072876610724        0.0000000000000000     
   934.00000000000000       0.47733633056787117        0.0000000000000000     
   935.00000000000000       0.47759179557442150        0.0000000000000000     
   936.00000000000000       0.47784712400515705        0.0000000000000000     
   937.00000000000000       0.47810231607889114        0.0000000000000000     
   938.00000000000000       0.47835737201385325        0.0000000000000000     
   939.00000000000000       0.47861229202769123        0.0000000000000000     
   940.00000000000000       0.47886707633747383        0.0000000000000000     
   941.00000000000000       0.47912172515969254        0.0000000000000000     
   942.00000000000000       0.47937623871026397        0.0000000000000000     
   943.00000000000000       0.47963061720453165        0.0000000000000000     
   944.00000000000000       0.47988486085726856        0.0000000000000000     
   945.00000000000000       0.48013896988267885        0.0000000000000000     
   946.00000000000000       0.48039294449440029        0.0000000000000000     
   947.00000000000000       0.48064678490550622        0.0000000000000000     
   948.00000000000000       0.48090049132850754        0.0000000000000000     
   949.00000000000000       0.48115406397535498        0.0000000000000000     
   950.00000000000000       0.48140750305744090        0.0000000000000000     
   951.00000000000000       0.48166080878560175        0.0000000000000000     
   952.00000000000000       0.48191398137011959        0.0000000000000000     
   953.00000000000000       0.48216702102072473        0.0000000000000000     
   954.00000000000000       0.48241992794659710        0.0000000000000000     
   955.00000000000000       0.48267270235636900        0.0000000000000000     
   956.00000000000000       0.48292534445812635        0.0000000000000000     
   957.00000000000000       0.48317785445941125        0.0000000000000000     
   958.00000000000000       0.48343023256722367        0.0000000000000000     
   959.00000000000000       0.48368247898802369        0.0000000000000000     
   960.00000000000000       0.48393459392773319        0.0000000000000000     
   961.00000000000000       0.48418657759173789        0.0000000000000000     
   962.00000000000000       0.48443843018488941        0.0000000000000000     
   963.00000000000000       0.48469015191150722        0.0000000000000000     
   964.00000000000000       0.48494174297538051        0.0000000000000000     
   965.00000000000000       0.48519320357976986        0.0000000000000000     
   966.00000000000000       0.48544453392740966        0.0000000000000000     
   967.00000000000000       0.48569573422050966        0.0000000000000000     
   968.00000000000000       0.48594680466075707        0.0000000000000000     
   969.00000000000000       0.48619774544931815        0.0000000000000000     
   970.00000000000000       0.48644855678684051        0.0000000000000000     
   971.00000000000000       0.48669923887345456        0.0000000000000000     
   972.00000000000000       0.48694979190877569        0.0000000000000000     
   973.00000000000000       0.48720021609190606        0.0000000000000000     
   974.00000000000000       0.48745051162143627        0.0000000000000000     
   975.00000000000000       0.48770067869544736        0.0000000000000000     
   976.00000000000000       0.48795071751151259        0.0000000000000000     
   977.00000000000000       0.48820062826669935        0.0000000000000000     
   978.00000000000000       0.48845041115757082        0.0000000000000000     
   979.00000000000000       0.48870006638018781        0.0000000000000000     
   980.00000000000000       0.48894959413011069        0.0000000000000000     
   981.00000000000000       0.48919899460240102        0.0000000000000000     
   982.00000000000000       0.48944826799162339        0.0000000000000000     
   983.00000000000000       0.48969741449184717        0.0000000000000000     
   984.00000000000000       0.48994643429664836        0.0000000000000000     
   985.00000000000000       0.49019532759911122        0.0000000000000000     
   986.00000000000000       0.49044409459183008        0.0000000000000000     
   987.00000000000000       0.49069273546691111        0.0000000000000000     
   988.00000000000000       0.49094125041597392        0.0000000000000000     
   989.00000000000000       0.49118963963015339        0.0000000000000000     
   990.00000000000000       0.49143790330010156        0.0000000000000000     
   991.00000000000000       0.49168604161598889        0.0000000000000000     
   992.00000000000000       0.49193405476750640        0.0000000000000000     
   993.00000000000000       0.49218194294386702        0.0000000000000000     
   994.00000000000000       0.49242970633380756        0.0000000000000000     
   995.00000000000000       0.49267734512559025        0.0000000000000000     
   996.00000000000000       0.49292485950700438        0.0000000000000000     
   997.00000000000000       0.49317224966536793        0.0000000000000000     
   998.00000000000000       0.49341951578752941        0.0000000000000000     
   999.00000000000000       0.49366665805986931        0.0000000000000000     
   1000.0000000000000       0.49391367666830199        0.0000000000000000     
 Total integrated eventrate (events)  0.80509873424006095      pm  -2.3704694450318332E-006
 Event rate spectra written to eventrate_spectra.dat
 Compute time (s)   6.30214787    
