  = = = = = = BIGSTICK run log file = = = = = = 
  Code and run information 
  BIGSTICK Version 7.9.9 Oct  2020
  Run date: 2021-04-11
  Menu choice: d  

 Running on NERSC_HOST: none
 scratch_dir (*.wfn,...): .
 Number of MPI processors =           1 , with # OpenMP threads =            8
  Flag wantUseVec2Thread =  F  (set in module localvectors )
  Flag useHZSomp =  F  (set in module localvectors )
  
  Information on defaults/flags (found in module flagger in file bmodules_flags.f90):
  Limits on storage (found in module flagger in file bmodules_flags.f90):
  maxjumpmemory_default =    64.0000000      Gb 
  maxlanczosstorage1 =    16.0000000      Gb 
  flag iffulluseph (if full, use particle-hole transformation ) =  T
  
  
  Many-body system information 
  Single particle space found in sd                                      
  Isospin formalism for single-particle space
  Proton-neutron formalism is not yet fully implemented...is it?
 Valence Z =            6 , valence N =            6
  M =            0 , parity = +
  
  Total basis dimension:                 93710
  # Slater determinants: proton                   924 , neutron                   924
  # sectors: protons           15 , neutrons           15
  Time to compute jumps :    6.9999999832361937E-003
  avg storage per operation available    1507.5401505052710       bytes
 opfragstat(           1 ,            1 )%nnodes =            1
  frags            1 ->           1  on procs            0           0
 RAM for 2 lanczos vectors in storage         :        0.750 Mb 
 RAM for jumps in storage    (total)          :           2.938 Mb 
 RAM for uncoupled two-body matrix elements   :        0.014 Mb 
  total # operations              42453264  ~ ops/jump =    338.964447    
  Effective storage per operation =    6.9195244916857274E-002  bytes 
 Total nonzero matrix (including indices, assuming hermitian) would require   0.1698     Gb storage 
  
  Interactions read in: 
  opening OXBASH/NuSHELL-style isospin formatted file usdb.int
 ! depmas=  0.30 lincom=  56 icntrl= 1 fgserr=  1.00                   
 ! 1=d3/2 2=d5/2 3=s1/2                                                
 ! the first line has the three single-particle energies               
 ! the - sign tells oxbash that the tbme have a mass dependence of the 
 ! [18/(16+n)]^0.3 where n is the number of valence particles          
  Scaling: spe    1.00000000      TBMEs by (   18.0000000     /   28.0000000     )^  0.300000012      =   0.875859261    
          63  two-body matrix elements in this file 
  As a check, first two-body matrix element in list is   -1.37960005    
  No one-body potential beyond single-particle energies 
  Time to compute jumps :    1.0999999940395355E-002

         180  iterations 
  Average time per processor is    6.1379999992204830       max    6.1379999992204830     
  Time to run after lanczos:    31.682999999960884     
  Time to run after lanczos:    31.785999999963678     
  Total time to run :    31.788000000058673     
  Time to compute basis :    1.9999999785795808E-003
  Time to count up jumps :    5.0000000046566129E-003
  Time to create descendents :    0.0000000000000000     
  Time to setup for matrix elements :    0.0000000000000000     
  Time to decouple matrix elements :    0.0000000000000000     
  Time to compute jumps :    1.0999999940395355E-002
  Time to sort 1b-jumps :    6.0999999986961484E-002
  Time to set up pivot :    0.0000000000000000     
  Time to compute lanczos :    7.3440000000409782     
  Time total in H mat-vec multiply  :    6.1379999992204830     
  Time to apply sp energies :    0.0000000000000000     
  Time in pn :    2.4009999994887039     
  Time in pn(back) :    1.2739999996265396     
  Time in 2-body (pp) :   0.70699999888893217     
  Time in 2-body (nn) :    1.1190000005299225     
  Time in reorthogonalization :    1.1900000008754432     
  Time in reduce (in applyh only) :    0.0000000000000000     
  Time spent diagonalizing. :    1.0999999823980033E-002
  Time to build eigenvectors. :   0.15899999998509884     
  Time to compute J^2, T^2 :    2.0999999949708581E-002
  Time to compute 1b densities:   0.10300000000279397     
  Time to write 1b densities :    0.0000000000000000     
  
  *** END OF LOG *** END OF LOG *** END OF LOG *** 
